2018-04-01 22:59:57,154 INFO  DownloadService - Downloading "https://github.com/mattlogan/Pancakes/archive/master.zip", attempt 3
2018-04-01 23:00:57,645 INFO  GithubDownloadService - Could not find ZIP archive for master branch
2018-04-01 23:00:58,316 INFO  GithubDownloadService - Default branch of this repository: master
2018-04-01 23:00:58,316 INFO  DownloadService - Downloading "https://github.com/mattlogan/Pancakes/archive/master.zip", attempt 3
2018-04-01 23:01:59,522 DEBUG FullProcessService - Repository https://github.com/mattlogan/Pancakes available: true
2018-04-01 23:01:59,522 INFO  FullProcessService - Could not download ZIP file from Github, lets clone it
2018-04-01 23:01:59,522 INFO  SysUtils - Execute command: [git, clone, -q, --single-branch, --depth, 1, https://github.com/mattlogan/Pancakes, /tmp/rdisk/2577/src]
2018-04-01 23:02:01,368 INFO  SysUtils - 
2018-04-01 23:02:01,382 INFO  GitService - Deleted "/tmp/rdisk/2577/src/.git": true
2018-04-01 23:02:01,384 INFO  FullProcessService - Size of directory with sources: 126 KB
2018-04-01 23:02:01,384 INFO  SysUtils - Execute command: [git, init, /tmp/rdisk/2577/src]
2018-04-01 23:02:01,389 INFO  SysUtils - Initialized empty Git repository in /tmp/rdisk/2577/src/.git/

2018-04-01 23:02:01,391 INFO  ProjectBuildService - Gradle wrapper(s): /tmp/rdisk/2577/src/gradlew
2018-04-01 23:02:01,394 INFO  ProjectBuildService - Build script(s): /tmp/rdisk/2577/src/app/build.gradle /tmp/rdisk/2577/src/library/build.gradle /tmp/rdisk/2577/src/build.gradle
2018-04-01 23:02:01,396 INFO  ProjectBuildService - All script(s): /tmp/rdisk/2577/src/settings.gradle /tmp/rdisk/2577/src/library/build.gradle /tmp/rdisk/2577/src/build.gradle /tmp/rdisk/2577/src/app/build.gradle
2018-04-01 23:02:01,396 INFO  DownloadService - Downloading "https://raw.githubusercontent.com/mattlogan/release-android-library/master/android-release-aar.gradle", attempt 3
2018-04-01 23:02:01,792 INFO  DownloadService - Downloaded https://raw.githubusercontent.com/mattlogan/release-android-library/master/android-release-aar.gradle, attempt 3
2018-04-01 23:02:01,792 INFO  ProjectBuildService - Remote scripts: https://raw.githubusercontent.com/mattlogan/release-android-library/master/android-release-aar.gradle
2018-04-01 23:02:01,792 INFO  ProjectFixService - Fixing project...
2018-04-01 23:02:01,798 INFO  LocalPropertiesFixService - Created fake /tmp/rdisk/2577/src/app/local.properties
2018-04-01 23:02:01,798 INFO  ProjectFixService - Build info for "/tmp/rdisk/2577/src/app/build.gradle": [buildToolsVersion=23.0.3,compileSdkVersion=23,minSdkVersion=21,targetSdkVersion=23]
2018-04-01 23:02:01,798 INFO  LocalPropertiesFixService - Created fake /tmp/rdisk/2577/src/library/local.properties
2018-04-01 23:02:01,798 INFO  ProjectFixService - Build info for "/tmp/rdisk/2577/src/library/build.gradle": [buildToolsVersion=23.0.3,compileSdkVersion=23,minSdkVersion=11,targetSdkVersion=23]
2018-04-01 23:02:01,799 INFO  LocalPropertiesFixService - Created fake /tmp/rdisk/2577/src/local.properties
2018-04-01 23:02:01,799 INFO  WrapperPropertiesFixService - Gradle wrapper: https://services.gradle.org/distributions/gradle-2.13-all.zip
2018-04-01 23:02:01,799 INFO  WrapperPropertiesFixService - Gradle wrapper was changed from "-all.zip" to "-bin.zip" (https://services.gradle.org/distributions/gradle-2.13-bin.zip)
2018-04-01 23:02:01,800 INFO  ProjectFixService - Build info for "/tmp/rdisk/2577/src/build.gradle": [buildToolsVersion=23.0.3,compileSdkVersion=23,minSdkVersion=11,targetSdkVersion=23]
2018-04-01 23:02:01,800 INFO  ProjectFixService - Project was maybe fixed
2018-04-01 23:02:01,800 INFO  ProjectTaskService - Detecting possible tasks...
2018-04-01 23:02:01,800 INFO  SysUtils - Execute command: [/tmp/rdisk/2577/src/gradlew, -b, /tmp/rdisk/2577/src/app/build.gradle, -Dorg.gradle.daemon=false, -Dorg.gradle.daemon.performance.enable-monitoring=false, -Dorg.gradle.configureondemand=true, tasks]
2018-04-01 23:02:12,479 INFO  ProjectTaskService - Detected possible tasks: 73
2018-04-01 23:02:12,479 INFO  ProjectTaskService - Excluded tasks (22): lintDebug mockableAndroidJar androidJavadocs deviceCheck lint androidSourcesJar testReleaseUnitTest uninstallRelease deviceAndroidTest uninstallDebugAndroidTest installDebugAndroidTest connectedCheck connectedDebugAndroidTest uninstallAll androidJavadocsJar test check testDebugUnitTest connectedAndroidTest installDebug lintRelease uninstallDebug
2018-04-01 23:02:12,479 INFO  SysUtils - Execute command: [/tmp/rdisk/2577/src/gradlew, -b, /tmp/rdisk/2577/src/app/build.gradle, -Dorg.gradle.daemon=false, -Dorg.gradle.daemon.performance.enable-monitoring=false, -Dorg.gradle.configureondemand=true, --stacktrace, -x, lintDebug, -x, mockableAndroidJar, -x, androidJavadocs, -x, deviceCheck, -x, lint, -x, androidSourcesJar, -x, testReleaseUnitTest, -x, uninstallRelease, -x, deviceAndroidTest, -x, uninstallDebugAndroidTest, -x, installDebugAndroidTest, -x, connectedCheck, -x, connectedDebugAndroidTest, -x, uninstallAll, -x, androidJavadocsJar, -x, test, -x, check, -x, testDebugUnitTest, -x, connectedAndroidTest, -x, installDebug, -x, lintRelease, -x, uninstallDebug, build]
2018-04-01 23:02:20,642 ERROR SysUtils - Could not process external command
org.apache.commons.exec.ExecuteException: Process exited with an error: 1 (Exit value: 1)
	at org.apache.commons.exec.DefaultExecutor.executeInternal(DefaultExecutor.java:404)
	at org.apache.commons.exec.DefaultExecutor.execute(DefaultExecutor.java:166)
	at com.github.vbauer.apkmaster.util.SysUtils.execute(SysUtils.java:67)
	at com.github.vbauer.apkmaster.util.SysUtils.executeSimple(SysUtils.java:43)
	at com.github.vbauer.apkmaster.service.assembly.ProjectBuildService.buildProject(ProjectBuildService.java:78)
	at com.github.vbauer.apkmaster.service.assembly.ProjectBuildService.buildProject(ProjectBuildService.java:64)
	at com.github.vbauer.apkmaster.service.assembly.ProjectBuildService.buildProject(ProjectBuildService.java:43)
	at com.github.vbauer.apkmaster.service.FullProcessService.build(FullProcessService.java:84)
	at com.github.vbauer.apkmaster.service.FullProcessService.process(FullProcessService.java:34)
	at com.github.vbauer.apkmaster.app.MainApplication.process(MainApplication.java:38)
	at com.github.vbauer.apkmaster.app.MainApplication.main(MainApplication.java:20)
	at sun.reflect.GeneratedMethodAccessor9.invoke(Unknown Source)
	at sun.reflect.DelegatingMethodAccessorImpl.invoke(DelegatingMethodAccessorImpl.java:43)
	at java.lang.reflect.Method.invoke(Method.java:498)
	at com.android.arsenal.util.ReflectionUtils.invoke(ReflectionUtils.java:42)
	at com.android.arsenal.util.ApkMasterUtils.main(ApkMasterUtils.java:30)
	at com.android.arsenal.service.processor.impl.BuildProcessorServiceImpl.buildProject(BuildProcessorServiceImpl.java:197)
	at com.android.arsenal.service.processor.impl.BuildProcessorServiceImpl.build(BuildProcessorServiceImpl.java:131)
	at com.android.arsenal.service.processor.impl.BuildProcessorServiceImpl.lambda$null$1(BuildProcessorServiceImpl.java:114)
	at java.util.concurrent.FutureTask.run(FutureTask.java:266)
	at java.util.concurrent.Executors$RunnableAdapter.call(Executors.java:511)
	at java.util.concurrent.FutureTask.run(FutureTask.java:266)
	at java.util.concurrent.ThreadPoolExecutor.runWorker(ThreadPoolExecutor.java:1149)
	at java.util.concurrent.ThreadPoolExecutor$Worker.run(ThreadPoolExecutor.java:624)
	at java.lang.Thread.run(Thread.java:748)
2018-04-01 23:02:20,642 INFO  SysUtils - Configuration on demand is an incubating feature.
Incremental java compilation is an incubating feature.

FAILURE: Build failed with an exception.

* What went wrong:
Task 'androidJavadocs' not found in project ':app'.

* Try:
Run gradlew tasks to get a list of available tasks. Run with --info or --debug option to get more log output.

* Exception is:
org.gradle.execution.TaskSelectionException: Task 'androidJavadocs' not found in project ':app'.
	at org.gradle.execution.TaskSelector.getSelection(TaskSelector.java:100)
	at org.gradle.execution.TaskSelector.getFilter(TaskSelector.java:63)
	at org.gradle.execution.ExcludedTaskFilteringBuildConfigurationAction.configure(ExcludedTaskFilteringBuildConfigurationAction.java:42)
	at org.gradle.execution.DefaultBuildConfigurationActionExecuter.configure(DefaultBuildConfigurationActionExecuter.java:48)
	at org.gradle.execution.DefaultBuildConfigurationActionExecuter.select(DefaultBuildConfigurationActionExecuter.java:36)
	at org.gradle.initialization.DefaultGradleLauncher$3.run(DefaultGradleLauncher.java:143)
	at org.gradle.internal.Factories$1.create(Factories.java:22)
	at org.gradle.internal.progress.DefaultBuildOperationExecutor.run(DefaultBuildOperationExecutor.java:90)
	at org.gradle.internal.progress.DefaultBuildOperationExecutor.run(DefaultBuildOperationExecutor.java:52)
	at org.gradle.initialization.DefaultGradleLauncher.doBuildStages(DefaultGradleLauncher.java:140)
	at org.gradle.initialization.DefaultGradleLauncher.access$200(DefaultGradleLauncher.java:32)
	at org.gradle.initialization.DefaultGradleLauncher$1.create(DefaultGradleLauncher.java:99)
	at org.gradle.initialization.DefaultGradleLauncher$1.create(DefaultGradleLauncher.java:93)
	at org.gradle.internal.progress.DefaultBuildOperationExecutor.run(DefaultBuildOperationExecutor.java:90)
	at org.gradle.internal.progress.DefaultBuildOperationExecutor.run(DefaultBuildOperationExecutor.java:62)
	at org.gradle.initialization.DefaultGradleLauncher.doBuild(DefaultGradleLauncher.java:93)
	at org.gradle.initialization.DefaultGradleLauncher.run(DefaultGradleLauncher.java:82)
	at org.gradle.launcher.exec.InProcessBuildActionExecuter$DefaultBuildController.run(InProcessBuildActionExecuter.java:94)
	at org.gradle.tooling.internal.provider.ExecuteBuildActionRunner.run(ExecuteBuildActionRunner.java:28)
	at org.gradle.launcher.exec.ChainingBuildActionRunner.run(ChainingBuildActionRunner.java:35)
	at org.gradle.launcher.exec.InProcessBuildActionExecuter.execute(InProcessBuildActionExecuter.java:43)
	at org.gradle.launcher.exec.InProcessBuildActionExecuter.execute(InProcessBuildActionExecuter.java:28)
	at org.gradle.launcher.exec.ContinuousBuildActionExecuter.execute(ContinuousBuildActionExecuter.java:81)
	at org.gradle.launcher.exec.ContinuousBuildActionExecuter.execute(ContinuousBuildActionExecuter.java:46)
	at org.gradle.launcher.exec.DaemonUsageSuggestingBuildActionExecuter.execute(DaemonUsageSuggestingBuildActionExecuter.java:51)
	at org.gradle.launcher.exec.DaemonUsageSuggestingBuildActionExecuter.execute(DaemonUsageSuggestingBuildActionExecuter.java:28)
	at org.gradle.launcher.cli.RunBuildAction.run(RunBuildAction.java:43)
	at org.gradle.internal.Actions$RunnableActionAdapter.execute(Actions.java:173)
	at org.gradle.launcher.cli.CommandLineActionFactory$ParseAndBuildAction.execute(CommandLineActionFactory.java:241)
	at org.gradle.launcher.cli.CommandLineActionFactory$ParseAndBuildAction.execute(CommandLineActionFactory.java:214)
	at org.gradle.launcher.cli.JavaRuntimeValidationAction.execute(JavaRuntimeValidationAction.java:35)
	at org.gradle.launcher.cli.JavaRuntimeValidationAction.execute(JavaRuntimeValidationAction.java:24)
	at org.gradle.launcher.cli.CommandLineActionFactory$WithLogging.execute(CommandLineActionFactory.java:207)
	at org.gradle.launcher.cli.CommandLineActionFactory$WithLogging.execute(CommandLineActionFactory.java:169)
	at org.gradle.launcher.cli.ExceptionReportingAction.execute(ExceptionReportingAction.java:33)
	at org.gradle.launcher.cli.ExceptionReportingAction.execute(ExceptionReportingAction.java:22)
	at org.gradle.launcher.Main.doAction(Main.java:33)
	at org.gradle.launcher.bootstrap.EntryPoint.run(EntryPoint.java:45)
	at org.gradle.launcher.bootstrap.ProcessBootstrap.runNoExit(ProcessBootstrap.java:55)
	at org.gradle.launcher.bootstrap.ProcessBootstrap.run(ProcessBootstrap.java:36)
	at org.gradle.launcher.GradleMain.main(GradleMain.java:23)
	at org.gradle.wrapper.BootstrapMainStarter.start(BootstrapMainStarter.java:33)
	at org.gradle.wrapper.WrapperExecutor.execute(WrapperExecutor.java:130)
	at org.gradle.wrapper.GradleWrapperMain.main(GradleWrapperMain.java:48)


BUILD FAILED

Total time: 7.72 secs

2018-04-01 23:02:20,642 ERROR ProjectBuildService - Excluded tasks were detected wrong
2018-04-01 23:02:20,642 INFO  SysUtils - Execute command: [/tmp/rdisk/2577/src/gradlew, -b, /tmp/rdisk/2577/src/app/build.gradle, -Dorg.gradle.daemon=false, -Dorg.gradle.daemon.performance.enable-monitoring=false, -Dorg.gradle.configureondemand=true, --stacktrace, build]
2018-04-01 23:02:58,831 INFO  SysUtils - Configuration on demand is an incubating feature.
Incremental java compilation is an incubating feature.
:app:preBuild UP-TO-DATE
:app:preDebugBuild UP-TO-DATE
:app:checkDebugManifest
:app:preReleaseBuild UP-TO-DATE
:library:preBuild UP-TO-DATE
:library:preReleaseBuild UP-TO-DATE
:library:compileReleaseNdk UP-TO-DATE
:library:compileLint
:library:copyReleaseLint UP-TO-DATE
:library:checkReleaseManifest
:library:prepareReleaseDependencies
:library:compileReleaseAidl
:library:compileReleaseRenderscript
:library:generateReleaseBuildConfig
:library:mergeReleaseShaders
:library:compileReleaseShaders
:library:generateReleaseAssets
:library:mergeReleaseAssets
:library:generateReleaseResValues
:library:generateReleaseResources
:library:packageReleaseResources
:library:processReleaseManifest
:library:processReleaseResources
:library:generateReleaseSources
:library:incrementalReleaseJavaCompilationSafeguard
:library:compileReleaseJavaWithJavac
:library:compileReleaseJavaWithJavac - is not incremental (e.g. outputs have changed, no previous execution, etc.).
:library:extractReleaseAnnotations
:library:mergeReleaseProguardFiles
:library:packageReleaseRenderscript UP-TO-DATE
:library:processReleaseJavaRes UP-TO-DATE
:library:transformResourcesWithMergeJavaResForRelease
:library:transformClassesAndResourcesWithSyncLibJarsForRelease
:library:mergeReleaseJniLibFolders
:library:transformNative_libsWithMergeJniLibsForRelease
:library:transformNative_libsWithSyncJniLibsForRelease
:library:bundleRelease
:app:prepareComAndroidSupportAnimatedVectorDrawable2340Library
:app:prepareComAndroidSupportAppcompatV72340Library
:app:prepareComAndroidSupportSupportV42340Library
:app:prepareComAndroidSupportSupportVectorDrawable2340Library
:app:prepareComSquareupLeakcanaryLeakcanaryAndroid131Library
:app:prepareSrcLibraryUnspecifiedLibrary
:app:prepareDebugDependencies
:app:compileDebugAidl
:app:compileDebugRenderscript
:app:generateDebugBuildConfig
:app:mergeDebugShaders
:app:compileDebugShaders
:app:generateDebugAssets
:app:mergeDebugAssets
:app:generateDebugResValues
:app:generateDebugResources
:app:mergeDebugResources
:app:processDebugManifest
:app:processDebugResources
:app:generateDebugSources
:app:incrementalDebugJavaCompilationSafeguard
:app:compileDebugJavaWithJavac
:app:compileDebugJavaWithJavac - is not incremental (e.g. outputs have changed, no previous execution, etc.).
:app:compileDebugNdk UP-TO-DATE
:app:compileDebugSources
:app:prePackageMarkerForDebug
:app:transformClassesWithDexForDebug
To run dex in process, the Gradle daemon needs a larger heap.
It currently has approximately 1623 MB.
For faster builds, increase the maximum heap size for the Gradle daemon to more than 2048 MB.
To do this set org.gradle.jvmargs=-Xmx2048M in the project gradle.properties.
For more information see https://docs.gradle.org/current/userguide/build_environment.html
:app:mergeDebugJniLibFolders
:app:transformNative_libsWithMergeJniLibsForDebug
:app:processDebugJavaRes UP-TO-DATE
:app:transformResourcesWithMergeJavaResForDebug
:app:validateDebugSigning
:app:packageDebug
:app:zipalignDebug
:app:assembleDebug
:app:checkReleaseManifest
:app:prepareReleaseDependencies
:app:compileReleaseAidl
:app:compileReleaseRenderscript
:app:generateReleaseBuildConfig
:app:mergeReleaseShaders
:app:compileReleaseShaders
:app:generateReleaseAssets
:app:mergeReleaseAssets
:app:generateReleaseResValues
:app:generateReleaseResources
:app:mergeReleaseResources
:app:processReleaseManifest
:app:processReleaseResources
:app:generateReleaseSources
:app:incrementalReleaseJavaCompilationSafeguard
:app:compileReleaseJavaWithJavac
:app:compileReleaseJavaWithJavac - is not incremental (e.g. outputs have changed, no previous execution, etc.).
:app:compileReleaseNdk UP-TO-DATE
:app:compileReleaseSources
:app:lintVitalRelease
:app:prePackageMarkerForRelease
:app:transformClassesWithDexForRelease
:app:mergeReleaseJniLibFolders
:app:transformNative_libsWithMergeJniLibsForRelease
:app:processReleaseJavaRes UP-TO-DATE
:app:transformResourcesWithMergeJavaResForRelease
:app:packageRelease
:app:assembleRelease
:app:assemble
:app:compileLint
:app:lint
Ran lint on variant debug: 23 issues found
Ran lint on variant release: 23 issues found
Wrote HTML report to file:///tmp/rdisk/2577/src/app/build/outputs/lint-results-debug.html
Wrote XML report to file:///tmp/rdisk/2577/src/app/build/outputs/lint-results-debug.xml
:app:incrementalDebugUnitTestJavaCompilationSafeguard UP-TO-DATE
:app:preDebugUnitTestBuild UP-TO-DATE
:app:prepareDebugUnitTestDependencies
:app:compileDebugUnitTestJavaWithJavac UP-TO-DATE
:app:processDebugUnitTestJavaRes UP-TO-DATE
:app:compileDebugUnitTestSources UP-TO-DATE
:app:mockableAndroidJar
:app:assembleDebugUnitTest
:app:testDebugUnitTest
:app:incrementalReleaseUnitTestJavaCompilationSafeguard UP-TO-DATE
:app:preReleaseUnitTestBuild UP-TO-DATE
:app:prepareReleaseUnitTestDependencies
:app:compileReleaseUnitTestJavaWithJavac UP-TO-DATE
:app:processReleaseUnitTestJavaRes UP-TO-DATE
:app:compileReleaseUnitTestSources UP-TO-DATE
:app:assembleReleaseUnitTest
:app:testReleaseUnitTest
:app:test
:app:check
:app:build

BUILD SUCCESSFUL

Total time: 37.744 secs

2018-04-01 23:02:58,881 INFO  FullProcessService - Found APK file: /tmp/rdisk/2577/src/app/build/outputs/apk/app-debug.apk
