2018-04-01 22:10:44,996 INFO  DownloadService - Downloading "https://github.com/DeveloperPaul123/MaterialLibrary/archive/master.zip", attempt 3
2018-04-01 22:11:45,472 INFO  GithubDownloadService - Could not find ZIP archive for master branch
2018-04-01 22:11:46,155 INFO  GithubDownloadService - Default branch of this repository: master
2018-04-01 22:11:46,156 INFO  DownloadService - Downloading "https://github.com/DeveloperPaul123/MaterialLibrary/archive/master.zip", attempt 3
2018-04-01 22:12:47,321 DEBUG FullProcessService - Repository https://github.com/DeveloperPaul123/MaterialLibrary available: true
2018-04-01 22:12:47,321 INFO  FullProcessService - Could not download ZIP file from Github, lets clone it
2018-04-01 22:12:47,321 INFO  SysUtils - Execute command: [git, clone, -q, --single-branch, --depth, 1, https://github.com/DeveloperPaul123/MaterialLibrary, /tmp/rdisk/2594/src]
2018-04-01 22:12:50,575 INFO  SysUtils - 
2018-04-01 22:12:50,582 INFO  GitService - Deleted "/tmp/rdisk/2594/src/.git": true
2018-04-01 22:12:50,587 INFO  FullProcessService - Size of directory with sources: 24 MB
2018-04-01 22:12:50,587 INFO  SysUtils - Execute command: [git, init, /tmp/rdisk/2594/src]
2018-04-01 22:12:50,597 INFO  SysUtils - Initialized empty Git repository in /tmp/rdisk/2594/src/.git/

2018-04-01 22:12:50,600 INFO  ProjectBuildService - Gradle wrapper(s): /tmp/rdisk/2594/src/gradlew
2018-04-01 22:12:50,604 INFO  ProjectBuildService - Build script(s): /tmp/rdisk/2594/src/app/build.gradle /tmp/rdisk/2594/src/materiallib/build.gradle /tmp/rdisk/2594/src/build.gradle
2018-04-01 22:12:50,607 INFO  ProjectBuildService - All script(s): /tmp/rdisk/2594/src/settings.gradle /tmp/rdisk/2594/src/materiallib/build.gradle /tmp/rdisk/2594/src/build.gradle /tmp/rdisk/2594/src/app/build.gradle
2018-04-01 22:12:50,608 INFO  ProjectBuildService - Remote scripts: none
2018-04-01 22:12:50,608 INFO  ProjectFixService - Fixing project...
2018-04-01 22:12:50,616 INFO  LocalPropertiesFixService - Created fake /tmp/rdisk/2594/src/app/local.properties
2018-04-01 22:12:50,616 INFO  ProjectFixService - Build info for "/tmp/rdisk/2594/src/app/build.gradle": [buildToolsVersion=22.0.1,compileSdkVersion=22,minSdkVersion=16,targetSdkVersion=22]
2018-04-01 22:12:50,617 INFO  LocalPropertiesFixService - Created fake /tmp/rdisk/2594/src/materiallib/local.properties
2018-04-01 22:12:50,617 INFO  ProjectFixService - Build info for "/tmp/rdisk/2594/src/materiallib/build.gradle": [buildToolsVersion=22.0.1,compileSdkVersion=22,minSdkVersion=16,targetSdkVersion=22]
2018-04-01 22:12:50,617 INFO  LocalPropertiesFixService - Created fake /tmp/rdisk/2594/src/local.properties
2018-04-01 22:12:50,617 INFO  WrapperPropertiesFixService - Gradle wrapper: https://services.gradle.org/distributions/gradle-2.4-bin.zip
2018-04-01 22:12:50,618 INFO  ProjectFixService - Build info for "/tmp/rdisk/2594/src/build.gradle": [buildToolsVersion=22.0.1,compileSdkVersion=22,minSdkVersion=16,targetSdkVersion=22]
2018-04-01 22:12:50,618 INFO  ProjectFixService - Project was maybe fixed
2018-04-01 22:12:50,619 INFO  ProjectTaskService - Detecting possible tasks...
2018-04-01 22:12:50,619 INFO  SysUtils - Execute command: [/tmp/rdisk/2594/src/gradlew, -b, /tmp/rdisk/2594/src/app/build.gradle, -Dorg.gradle.daemon=false, -Dorg.gradle.daemon.performance.enable-monitoring=false, -Dorg.gradle.configureondemand=true, tasks]
2018-04-01 22:12:59,179 INFO  ProjectTaskService - Detected possible tasks: 66
2018-04-01 22:12:59,180 INFO  ProjectTaskService - Excluded tasks (20): lintDebug mockableAndroidJar deviceCheck lint uninstallRelease deviceAndroidTest uninstallDebugAndroidTest installRelease installDebugAndroidTest connectedCheck uninstallAll testRelease test check connectedAndroidTest installDebug lintRelease testDebug connectedAndroidTestDebug uninstallDebug
2018-04-01 22:12:59,180 INFO  SysUtils - Execute command: [/tmp/rdisk/2594/src/gradlew, -b, /tmp/rdisk/2594/src/app/build.gradle, -Dorg.gradle.daemon=false, -Dorg.gradle.daemon.performance.enable-monitoring=false, -Dorg.gradle.configureondemand=true, --stacktrace, -x, lintDebug, -x, mockableAndroidJar, -x, deviceCheck, -x, lint, -x, uninstallRelease, -x, deviceAndroidTest, -x, uninstallDebugAndroidTest, -x, installRelease, -x, installDebugAndroidTest, -x, connectedCheck, -x, uninstallAll, -x, testRelease, -x, test, -x, check, -x, connectedAndroidTest, -x, installDebug, -x, lintRelease, -x, testDebug, -x, connectedAndroidTestDebug, -x, uninstallDebug, build]
2018-04-01 22:13:24,237 ERROR SysUtils - Could not process external command
org.apache.commons.exec.ExecuteException: Process exited with an error: 1 (Exit value: 1)
	at org.apache.commons.exec.DefaultExecutor.executeInternal(DefaultExecutor.java:404)
	at org.apache.commons.exec.DefaultExecutor.execute(DefaultExecutor.java:166)
	at com.github.vbauer.apkmaster.util.SysUtils.execute(SysUtils.java:67)
	at com.github.vbauer.apkmaster.util.SysUtils.executeSimple(SysUtils.java:43)
	at com.github.vbauer.apkmaster.service.assembly.ProjectBuildService.buildProject(ProjectBuildService.java:78)
	at com.github.vbauer.apkmaster.service.assembly.ProjectBuildService.buildProject(ProjectBuildService.java:64)
	at com.github.vbauer.apkmaster.service.assembly.ProjectBuildService.buildProject(ProjectBuildService.java:43)
	at com.github.vbauer.apkmaster.service.FullProcessService.build(FullProcessService.java:84)
	at com.github.vbauer.apkmaster.service.FullProcessService.process(FullProcessService.java:34)
	at com.github.vbauer.apkmaster.app.MainApplication.process(MainApplication.java:38)
	at com.github.vbauer.apkmaster.app.MainApplication.main(MainApplication.java:20)
	at sun.reflect.GeneratedMethodAccessor9.invoke(Unknown Source)
	at sun.reflect.DelegatingMethodAccessorImpl.invoke(DelegatingMethodAccessorImpl.java:43)
	at java.lang.reflect.Method.invoke(Method.java:498)
	at com.android.arsenal.util.ReflectionUtils.invoke(ReflectionUtils.java:42)
	at com.android.arsenal.util.ApkMasterUtils.main(ApkMasterUtils.java:30)
	at com.android.arsenal.service.processor.impl.BuildProcessorServiceImpl.buildProject(BuildProcessorServiceImpl.java:197)
	at com.android.arsenal.service.processor.impl.BuildProcessorServiceImpl.build(BuildProcessorServiceImpl.java:131)
	at com.android.arsenal.service.processor.impl.BuildProcessorServiceImpl.lambda$null$1(BuildProcessorServiceImpl.java:114)
	at java.util.concurrent.FutureTask.run(FutureTask.java:266)
	at java.util.concurrent.Executors$RunnableAdapter.call(Executors.java:511)
	at java.util.concurrent.FutureTask.run(FutureTask.java:266)
	at java.util.concurrent.ThreadPoolExecutor.runWorker(ThreadPoolExecutor.java:1149)
	at java.util.concurrent.ThreadPoolExecutor$Worker.run(ThreadPoolExecutor.java:624)
	at java.lang.Thread.run(Thread.java:748)
2018-04-01 22:13:24,238 INFO  SysUtils - Configuration on demand is an incubating feature.
:app:preBuild UP-TO-DATE
:app:preDebugBuild UP-TO-DATE
:app:checkDebugManifest
:app:preReleaseBuild UP-TO-DATE
:materiallib:compileLint
:materiallib:copyReleaseLint UP-TO-DATE
:materiallib:preBuild UP-TO-DATE
:materiallib:preReleaseBuild UP-TO-DATE
:materiallib:checkReleaseManifest
:materiallib:preDebugAndroidTestBuild UP-TO-DATE
:materiallib:preDebugBuild UP-TO-DATE
:materiallib:preDebugUnitTestBuild UP-TO-DATE
:materiallib:preReleaseUnitTestBuild UP-TO-DATE
:materiallib:prepareComAndroidSupportAppcompatV72220Library
:materiallib:prepareComAndroidSupportDesign2220Library
:materiallib:prepareComAndroidSupportRecyclerviewV72220Library
:materiallib:prepareComAndroidSupportSupportV42220Library
:materiallib:prepareReleaseDependencies
:materiallib:compileReleaseAidl
:materiallib:compileReleaseRenderscript
:materiallib:generateReleaseBuildConfig
:materiallib:generateReleaseAssets UP-TO-DATE
:materiallib:mergeReleaseAssets
:materiallib:generateReleaseResValues
:materiallib:generateReleaseResources
:materiallib:mergeReleaseResources
:materiallib:processReleaseManifest
:materiallib:processReleaseResources
:materiallib:generateReleaseSources
:materiallib:processReleaseJavaRes UP-TO-DATE
:materiallib:compileReleaseJavaNote: Some input files use or override a deprecated API.
Note: Recompile with -Xlint:deprecation for details.

:materiallib:extractReleaseAnnotations
:materiallib:mergeReleaseProguardFiles
:materiallib:packageReleaseJar
:materiallib:compileReleaseNdk UP-TO-DATE
:materiallib:packageReleaseJniLibs UP-TO-DATE
:materiallib:packageReleaseLocalJar UP-TO-DATE
:materiallib:packageReleaseRenderscript UP-TO-DATE
:materiallib:packageReleaseResources
:materiallib:bundleRelease
:app:prepareComAndroidSupportAppcompatV72220Library
:app:prepareComAndroidSupportDesign2220Library
:app:prepareComAndroidSupportRecyclerviewV72220Library
:app:prepareComAndroidSupportSupportV42220Library
:app:prepareComGithubDeveloperpaul123MateriallibUnspecifiedLibrary
:app:prepareDebugDependencies
:app:compileDebugAidl
:app:compileDebugRenderscript
:app:generateDebugBuildConfig
:app:generateDebugAssets UP-TO-DATE
:app:mergeDebugAssets
:app:generateDebugResValues
:app:generateDebugResources
:app:mergeDebugResources
:app:processDebugManifest
:app:processDebugResources
:app:generateDebugSources
:app:processDebugJavaRes UP-TO-DATE
:app:compileDebugJava
:app:compileDebugNdk UP-TO-DATE
:app:compileDebugSources
:app:preDexDebug
:app:dexDebug
:app:validateProductionSigning
:app:packageDebug FAILED

FAILURE: Build failed with an exception.

* What went wrong:
A problem was found with the configuration of task ':app:packageDebug'.
> File '/tmp/rdisk/2594/src/app/keystore.jks' specified for property 'signingConfig.storeFile' does not exist.

* Try:
Run with --info or --debug option to get more log output.

* Exception is:
org.gradle.api.tasks.TaskValidationException: A problem was found with the configuration of task ':app:packageDebug'.
	at org.gradle.api.internal.tasks.execution.ValidatingTaskExecuter.execute(ValidatingTaskExecuter.java:55)
	at org.gradle.api.internal.tasks.execution.SkipEmptySourceFilesTaskExecuter.execute(SkipEmptySourceFilesTaskExecuter.java:42)
	at org.gradle.api.internal.tasks.execution.SkipTaskWithNoActionsExecuter.execute(SkipTaskWithNoActionsExecuter.java:52)
	at org.gradle.api.internal.tasks.execution.SkipOnlyIfTaskExecuter.execute(SkipOnlyIfTaskExecuter.java:53)
	at org.gradle.api.internal.tasks.execution.ExecuteAtMostOnceTaskExecuter.execute(ExecuteAtMostOnceTaskExecuter.java:43)
	at org.gradle.api.internal.AbstractTask.executeWithoutThrowingTaskFailure(AbstractTask.java:310)
	at org.gradle.execution.taskgraph.AbstractTaskPlanExecutor$TaskExecutorWorker.executeTask(AbstractTaskPlanExecutor.java:79)
	at org.gradle.execution.taskgraph.AbstractTaskPlanExecutor$TaskExecutorWorker.processTask(AbstractTaskPlanExecutor.java:63)
	at org.gradle.execution.taskgraph.AbstractTaskPlanExecutor$TaskExecutorWorker.run(AbstractTaskPlanExecutor.java:51)
	at org.gradle.execution.taskgraph.DefaultTaskPlanExecutor.process(DefaultTaskPlanExecutor.java:23)
	at org.gradle.execution.taskgraph.DefaultTaskGraphExecuter.execute(DefaultTaskGraphExecuter.java:88)
	at org.gradle.execution.SelectedTaskExecutionAction.execute(SelectedTaskExecutionAction.java:37)
	at org.gradle.execution.DefaultBuildExecuter.execute(DefaultBuildExecuter.java:62)
	at org.gradle.execution.DefaultBuildExecuter.access$200(DefaultBuildExecuter.java:23)
	at org.gradle.execution.DefaultBuildExecuter$2.proceed(DefaultBuildExecuter.java:68)
	at org.gradle.execution.DryRunBuildExecutionAction.execute(DryRunBuildExecutionAction.java:32)
	at org.gradle.execution.DefaultBuildExecuter.execute(DefaultBuildExecuter.java:62)
	at org.gradle.execution.DefaultBuildExecuter.execute(DefaultBuildExecuter.java:55)
	at org.gradle.initialization.DefaultGradleLauncher.doBuildStages(DefaultGradleLauncher.java:149)
	at org.gradle.initialization.DefaultGradleLauncher.doBuild(DefaultGradleLauncher.java:106)
	at org.gradle.initialization.DefaultGradleLauncher.run(DefaultGradleLauncher.java:86)
	at org.gradle.launcher.exec.InProcessBuildActionExecuter$DefaultBuildController.run(InProcessBuildActionExecuter.java:90)
	at org.gradle.tooling.internal.provider.ExecuteBuildActionRunner.run(ExecuteBuildActionRunner.java:28)
	at org.gradle.launcher.exec.ChainingBuildActionRunner.run(ChainingBuildActionRunner.java:35)
	at org.gradle.launcher.exec.InProcessBuildActionExecuter.execute(InProcessBuildActionExecuter.java:41)
	at org.gradle.launcher.exec.InProcessBuildActionExecuter.execute(InProcessBuildActionExecuter.java:28)
	at org.gradle.launcher.exec.DaemonUsageSuggestingBuildActionExecuter.execute(DaemonUsageSuggestingBuildActionExecuter.java:50)
	at org.gradle.launcher.exec.DaemonUsageSuggestingBuildActionExecuter.execute(DaemonUsageSuggestingBuildActionExecuter.java:27)
	at org.gradle.launcher.cli.RunBuildAction.run(RunBuildAction.java:40)
	at org.gradle.internal.Actions$RunnableActionAdapter.execute(Actions.java:169)
	at org.gradle.launcher.cli.CommandLineActionFactory$ParseAndBuildAction.execute(CommandLineActionFactory.java:237)
	at org.gradle.launcher.cli.CommandLineActionFactory$ParseAndBuildAction.execute(CommandLineActionFactory.java:210)
	at org.gradle.launcher.cli.JavaRuntimeValidationAction.execute(JavaRuntimeValidationAction.java:35)
	at org.gradle.launcher.cli.JavaRuntimeValidationAction.execute(JavaRuntimeValidationAction.java:24)
	at org.gradle.launcher.cli.CommandLineActionFactory$WithLogging.execute(CommandLineActionFactory.java:206)
	at org.gradle.launcher.cli.CommandLineActionFactory$WithLogging.execute(CommandLineActionFactory.java:169)
	at org.gradle.launcher.cli.ExceptionReportingAction.execute(ExceptionReportingAction.java:33)
	at org.gradle.launcher.cli.ExceptionReportingAction.execute(ExceptionReportingAction.java:22)
	at org.gradle.launcher.Main.doAction(Main.java:33)
	at org.gradle.launcher.bootstrap.EntryPoint.run(EntryPoint.java:45)
	at org.gradle.launcher.bootstrap.ProcessBootstrap.runNoExit(ProcessBootstrap.java:54)
	at org.gradle.launcher.bootstrap.ProcessBootstrap.run(ProcessBootstrap.java:35)
	at org.gradle.launcher.GradleMain.main(GradleMain.java:23)
	at org.gradle.wrapper.BootstrapMainStarter.start(BootstrapMainStarter.java:33)
	at org.gradle.wrapper.WrapperExecutor.execute(WrapperExecutor.java:130)
	at org.gradle.wrapper.GradleWrapperMain.main(GradleWrapperMain.java:48)
Caused by: org.gradle.api.InvalidUserDataException: File '/tmp/rdisk/2594/src/app/keystore.jks' specified for property 'signingConfig.storeFile' does not exist.
	at org.gradle.api.internal.tasks.execution.ValidatingTaskExecuter.execute(ValidatingTaskExecuter.java:47)
	... 45 more


BUILD FAILED

Total time: 24.601 secs

2018-04-01 22:13:24,285 INFO  FullProcessService - Found APK file: /tmp/rdisk/2594/src/app/app-release.apk
