2018-05-20 22:23:48,338 INFO  DownloadService - Downloading "https://github.com/ckurtm/simple-sql-provider/archive/master.zip", attempt 3
2018-05-20 22:24:49,030 INFO  GithubDownloadService - Could not find ZIP archive for master branch
2018-05-20 22:24:49,876 INFO  GithubDownloadService - Default branch of this repository: master
2018-05-20 22:24:49,876 INFO  DownloadService - Downloading "https://github.com/ckurtm/simple-sql-provider/archive/master.zip", attempt 3
2018-05-20 22:25:51,354 DEBUG FullProcessService - Repository https://github.com/ckurtm/simple-sql-provider available: true
2018-05-20 22:25:51,354 INFO  FullProcessService - Could not download ZIP file from Github, lets clone it
2018-05-20 22:25:51,354 INFO  SysUtils - Execute command: [git, clone, -q, --single-branch, --depth, 1, https://github.com/ckurtm/simple-sql-provider, /tmp/rdisk/2512/src]
2018-05-20 22:25:53,095 INFO  SysUtils - 
2018-05-20 22:25:53,101 INFO  GitService - Deleted "/tmp/rdisk/2512/src/.git": true
2018-05-20 22:25:53,106 INFO  FullProcessService - Size of directory with sources: 339 KB
2018-05-20 22:25:53,106 INFO  SysUtils - Execute command: [git, init, /tmp/rdisk/2512/src]
2018-05-20 22:25:53,110 INFO  SysUtils - Initialized empty Git repository in /tmp/rdisk/2512/src/.git/

2018-05-20 22:25:53,114 INFO  ProjectBuildService - Gradle wrapper(s): /tmp/rdisk/2512/src/gradlew
2018-05-20 22:25:53,118 INFO  ProjectBuildService - Build script(s): /tmp/rdisk/2512/src/demo/build.gradle /tmp/rdisk/2512/src/build.gradle /tmp/rdisk/2512/src/simple_sql_provider_annotation/build.gradle /tmp/rdisk/2512/src/simple_sql_provider_processor/build.gradle
2018-05-20 22:25:53,122 INFO  ProjectBuildService - All script(s): /tmp/rdisk/2512/src/simple_sql_provider_processor/build.gradle /tmp/rdisk/2512/src/simple_sql_provider_annotation/build.gradle /tmp/rdisk/2512/src/settings.gradle /tmp/rdisk/2512/src/demo/build.gradle /tmp/rdisk/2512/src/build.gradle
2018-05-20 22:25:53,122 INFO  ProjectBuildService - Remote scripts: none
2018-05-20 22:25:53,122 INFO  ProjectFixService - Fixing project...
2018-05-20 22:25:53,131 INFO  LocalPropertiesFixService - Created fake /tmp/rdisk/2512/src/demo/local.properties
2018-05-20 22:25:53,131 INFO  ProjectFixService - Build info for "/tmp/rdisk/2512/src/demo/build.gradle": [buildToolsVersion=23.0.0,compileSdkVersion=23,minSdkVersion=15,targetSdkVersion=23]
2018-05-20 22:25:53,131 INFO  ProjectFixService - Fixed build info for "/tmp/rdisk/2512/src/demo/build.gradle": [buildToolsVersion=23.0.1,compileSdkVersion=23,minSdkVersion=15,targetSdkVersion=23]
2018-05-20 22:25:53,132 INFO  LocalPropertiesFixService - Created fake /tmp/rdisk/2512/src/local.properties
2018-05-20 22:25:53,132 INFO  WrapperPropertiesFixService - Gradle wrapper: https://services.gradle.org/distributions/gradle-2.4-all.zip
2018-05-20 22:25:53,132 INFO  WrapperPropertiesFixService - Gradle wrapper was changed from "-all.zip" to "-bin.zip" (https://services.gradle.org/distributions/gradle-2.4-bin.zip)
2018-05-20 22:25:53,134 INFO  ProjectFixService - Build info for "/tmp/rdisk/2512/src/build.gradle": [buildToolsVersion=23.0.1,compileSdkVersion=23,minSdkVersion=15,targetSdkVersion=23]
2018-05-20 22:25:53,135 INFO  LocalPropertiesFixService - Created fake /tmp/rdisk/2512/src/simple_sql_provider_annotation/local.properties
2018-05-20 22:25:53,136 INFO  ProjectFixService - Build info for "/tmp/rdisk/2512/src/simple_sql_provider_annotation/build.gradle": [buildToolsVersion=23.0.1,compileSdkVersion=23,minSdkVersion=15,targetSdkVersion=23]
2018-05-20 22:25:53,136 INFO  LocalPropertiesFixService - Created fake /tmp/rdisk/2512/src/simple_sql_provider_processor/local.properties
2018-05-20 22:25:53,138 INFO  ProjectFixService - Build info for "/tmp/rdisk/2512/src/simple_sql_provider_processor/build.gradle": [buildToolsVersion=23.0.1,compileSdkVersion=23,minSdkVersion=15,targetSdkVersion=23]
2018-05-20 22:25:53,138 INFO  ProjectFixService - Project was maybe fixed
2018-05-20 22:25:53,138 INFO  ProjectTaskService - Detecting possible tasks...
2018-05-20 22:25:53,138 INFO  SysUtils - Execute command: [/tmp/rdisk/2512/src/gradlew, -b, /tmp/rdisk/2512/src/demo/build.gradle, -Dorg.gradle.daemon=false, -Dorg.gradle.daemon.performance.enable-monitoring=false, -Dorg.gradle.configureondemand=true, tasks]
2018-05-20 22:25:55,909 ERROR ProjectTaskService - Could not detect possible Gradle tasks: Process exited with an error: 1 (Exit value: 1)
2018-05-20 22:25:55,910 INFO  ProjectTaskService - Detected possible tasks: 0
2018-05-20 22:25:55,910 INFO  ProjectTaskService - Excluded tasks (0): none
2018-05-20 22:25:55,910 INFO  SysUtils - Execute command: [/tmp/rdisk/2512/src/gradlew, -b, /tmp/rdisk/2512/src/demo/build.gradle, -Dorg.gradle.daemon=false, -Dorg.gradle.daemon.performance.enable-monitoring=false, -Dorg.gradle.configureondemand=true, --stacktrace, build]
2018-05-20 22:25:58,165 ERROR SysUtils - Could not process external command
org.apache.commons.exec.ExecuteException: Process exited with an error: 1 (Exit value: 1)
	at org.apache.commons.exec.DefaultExecutor.executeInternal(DefaultExecutor.java:404)
	at org.apache.commons.exec.DefaultExecutor.execute(DefaultExecutor.java:166)
	at com.github.vbauer.apkmaster.util.SysUtils.execute(SysUtils.java:67)
	at com.github.vbauer.apkmaster.util.SysUtils.executeSimple(SysUtils.java:43)
	at com.github.vbauer.apkmaster.service.assembly.ProjectBuildService.buildProject(ProjectBuildService.java:78)
	at com.github.vbauer.apkmaster.service.assembly.ProjectBuildService.buildProject(ProjectBuildService.java:64)
	at com.github.vbauer.apkmaster.service.assembly.ProjectBuildService.buildProject(ProjectBuildService.java:43)
	at com.github.vbauer.apkmaster.service.FullProcessService.build(FullProcessService.java:84)
	at com.github.vbauer.apkmaster.service.FullProcessService.process(FullProcessService.java:34)
	at com.github.vbauer.apkmaster.app.MainApplication.process(MainApplication.java:38)
	at com.github.vbauer.apkmaster.app.MainApplication.main(MainApplication.java:20)
	at sun.reflect.GeneratedMethodAccessor8.invoke(Unknown Source)
	at sun.reflect.DelegatingMethodAccessorImpl.invoke(DelegatingMethodAccessorImpl.java:43)
	at java.lang.reflect.Method.invoke(Method.java:498)
	at com.android.arsenal.util.ReflectionUtils.invoke(ReflectionUtils.java:42)
	at com.android.arsenal.util.ApkMasterUtils.main(ApkMasterUtils.java:30)
	at com.android.arsenal.service.processor.impl.BuildProcessorServiceImpl.buildProject(BuildProcessorServiceImpl.java:197)
	at com.android.arsenal.service.processor.impl.BuildProcessorServiceImpl.build(BuildProcessorServiceImpl.java:131)
	at com.android.arsenal.service.processor.impl.BuildProcessorServiceImpl.lambda$null$1(BuildProcessorServiceImpl.java:114)
	at java.util.concurrent.FutureTask.run(FutureTask.java:266)
	at java.util.concurrent.Executors$RunnableAdapter.call(Executors.java:511)
	at java.util.concurrent.FutureTask.run(FutureTask.java:266)
	at java.util.concurrent.ThreadPoolExecutor.runWorker(ThreadPoolExecutor.java:1149)
	at java.util.concurrent.ThreadPoolExecutor$Worker.run(ThreadPoolExecutor.java:624)
	at java.lang.Thread.run(Thread.java:748)
2018-05-20 22:25:58,165 INFO  SysUtils - Configuration on demand is an incubating feature.

FAILURE: Build failed with an exception.

* Where:
Build file '/tmp/rdisk/2512/src/demo/build.gradle' line: 1

* What went wrong:
A problem occurred evaluating root project 'demo'.
> Plugin with id 'com.android.application' not found.

* Try:
Run with --info or --debug option to get more log output.

* Exception is:
org.gradle.api.GradleScriptException: A problem occurred evaluating root project 'demo'.
	at org.gradle.groovy.scripts.internal.DefaultScriptRunnerFactory$ScriptRunnerImpl.run(DefaultScriptRunnerFactory.java:76)
	at org.gradle.configuration.DefaultScriptPluginFactory$ScriptPluginImpl$1.run(DefaultScriptPluginFactory.java:148)
	at org.gradle.configuration.DefaultScriptPluginFactory$ScriptPluginImpl.apply(DefaultScriptPluginFactory.java:156)
	at org.gradle.configuration.project.BuildScriptProcessor.execute(BuildScriptProcessor.java:39)
	at org.gradle.configuration.project.BuildScriptProcessor.execute(BuildScriptProcessor.java:26)
	at org.gradle.configuration.project.ConfigureActionsProjectEvaluator.evaluate(ConfigureActionsProjectEvaluator.java:34)
	at org.gradle.configuration.project.LifecycleProjectEvaluator.evaluate(LifecycleProjectEvaluator.java:55)
	at org.gradle.api.internal.project.AbstractProject.evaluate(AbstractProject.java:487)
	at org.gradle.api.internal.project.AbstractProject.evaluate(AbstractProject.java:85)
	at org.gradle.execution.TaskPathProjectEvaluator.configure(TaskPathProjectEvaluator.java:35)
	at org.gradle.configuration.DefaultBuildConfigurer.configure(DefaultBuildConfigurer.java:33)
	at org.gradle.initialization.DefaultGradleLauncher.doBuildStages(DefaultGradleLauncher.java:129)
	at org.gradle.initialization.DefaultGradleLauncher.doBuild(DefaultGradleLauncher.java:106)
	at org.gradle.initialization.DefaultGradleLauncher.run(DefaultGradleLauncher.java:86)
	at org.gradle.launcher.exec.InProcessBuildActionExecuter$DefaultBuildController.run(InProcessBuildActionExecuter.java:90)
	at org.gradle.tooling.internal.provider.ExecuteBuildActionRunner.run(ExecuteBuildActionRunner.java:28)
	at org.gradle.launcher.exec.ChainingBuildActionRunner.run(ChainingBuildActionRunner.java:35)
	at org.gradle.launcher.exec.InProcessBuildActionExecuter.execute(InProcessBuildActionExecuter.java:41)
	at org.gradle.launcher.exec.InProcessBuildActionExecuter.execute(InProcessBuildActionExecuter.java:28)
	at org.gradle.launcher.exec.DaemonUsageSuggestingBuildActionExecuter.execute(DaemonUsageSuggestingBuildActionExecuter.java:50)
	at org.gradle.launcher.exec.DaemonUsageSuggestingBuildActionExecuter.execute(DaemonUsageSuggestingBuildActionExecuter.java:27)
	at org.gradle.launcher.cli.RunBuildAction.run(RunBuildAction.java:40)
	at org.gradle.internal.Actions$RunnableActionAdapter.execute(Actions.java:169)
	at org.gradle.launcher.cli.CommandLineActionFactory$ParseAndBuildAction.execute(CommandLineActionFactory.java:237)
	at org.gradle.launcher.cli.CommandLineActionFactory$ParseAndBuildAction.execute(CommandLineActionFactory.java:210)
	at org.gradle.launcher.cli.JavaRuntimeValidationAction.execute(JavaRuntimeValidationAction.java:35)
	at org.gradle.launcher.cli.JavaRuntimeValidationAction.execute(JavaRuntimeValidationAction.java:24)
	at org.gradle.launcher.cli.CommandLineActionFactory$WithLogging.execute(CommandLineActionFactory.java:206)
	at org.gradle.launcher.cli.CommandLineActionFactory$WithLogging.execute(CommandLineActionFactory.java:169)
	at org.gradle.launcher.cli.ExceptionReportingAction.execute(ExceptionReportingAction.java:33)
	at org.gradle.launcher.cli.ExceptionReportingAction.execute(ExceptionReportingAction.java:22)
	at org.gradle.launcher.Main.doAction(Main.java:33)
	at org.gradle.launcher.bootstrap.EntryPoint.run(EntryPoint.java:45)
	at org.gradle.launcher.bootstrap.ProcessBootstrap.runNoExit(ProcessBootstrap.java:54)
	at org.gradle.launcher.bootstrap.ProcessBootstrap.run(ProcessBootstrap.java:35)
	at org.gradle.launcher.GradleMain.main(GradleMain.java:23)
	at org.gradle.wrapper.BootstrapMainStarter.start(BootstrapMainStarter.java:33)
	at org.gradle.wrapper.WrapperExecutor.execute(WrapperExecutor.java:130)
	at org.gradle.wrapper.GradleWrapperMain.main(GradleWrapperMain.java:48)
Caused by: org.gradle.api.plugins.UnknownPluginException: Plugin with id 'com.android.application' not found.
	at org.gradle.api.internal.plugins.DefaultPluginManager.apply(DefaultPluginManager.java:110)
	at org.gradle.api.internal.plugins.DefaultObjectConfigurationAction.applyType(DefaultObjectConfigurationAction.java:113)
	at org.gradle.api.internal.plugins.DefaultObjectConfigurationAction.access$200(DefaultObjectConfigurationAction.java:36)
	at org.gradle.api.internal.plugins.DefaultObjectConfigurationAction$3.run(DefaultObjectConfigurationAction.java:80)
	at org.gradle.api.internal.plugins.DefaultObjectConfigurationAction.execute(DefaultObjectConfigurationAction.java:136)
	at org.gradle.api.internal.project.AbstractPluginAware.apply(AbstractPluginAware.java:46)
	at org.gradle.api.plugins.PluginAware$apply.call(Unknown Source)
	at org.gradle.api.internal.project.ProjectScript.apply(ProjectScript.groovy:34)
	at org.gradle.api.Script$apply.callCurrent(Unknown Source)
	at build_6xu2utag36v9jmmhzdohizjvo.run(/tmp/rdisk/2512/src/demo/build.gradle:1)
	at org.gradle.groovy.scripts.internal.DefaultScriptRunnerFactory$ScriptRunnerImpl.run(DefaultScriptRunnerFactory.java:74)
	... 38 more


BUILD FAILED

Total time: 2.159 secs

2018-05-20 22:25:58,170 INFO  ProjectTaskService - Detecting possible tasks...
2018-05-20 22:25:58,170 INFO  SysUtils - Execute command: [/tmp/rdisk/2512/src/gradlew, -b, /tmp/rdisk/2512/src/build.gradle, -Dorg.gradle.daemon=false, -Dorg.gradle.daemon.performance.enable-monitoring=false, -Dorg.gradle.configureondemand=true, tasks]
2018-05-20 22:26:03,989 INFO  ProjectTaskService - Detected possible tasks: 45
2018-05-20 22:26:03,989 INFO  ProjectTaskService - Excluded tasks (3): javadoc test check
2018-05-20 22:26:03,989 INFO  SysUtils - Execute command: [/tmp/rdisk/2512/src/gradlew, -b, /tmp/rdisk/2512/src/build.gradle, -Dorg.gradle.daemon=false, -Dorg.gradle.daemon.performance.enable-monitoring=false, -Dorg.gradle.configureondemand=true, --stacktrace, -x, javadoc, -x, test, -x, check, build]
2018-05-20 22:26:09,391 INFO  SysUtils - Configuration on demand is an incubating feature.
:compileJava UP-TO-DATE
:processResources UP-TO-DATE
:classes UP-TO-DATE
:jar
:assemble
:build
:simple_sql_provider_annotation:compileJavawarning: [options] bootstrap class path not set in conjunction with -source 1.7
1 warning

:simple_sql_provider_annotation:processResources UP-TO-DATE
:simple_sql_provider_annotation:classes
:simple_sql_provider_annotation:jar
:simple_sql_provider_annotation:javadocJar
:simple_sql_provider_annotation:sourcesJar
:simple_sql_provider_annotation:assemble
:simple_sql_provider_annotation:build
:simple_sql_provider_processor:compileJava
:simple_sql_provider_processor:processResources
:simple_sql_provider_processor:classes
:simple_sql_provider_processor:jar
:simple_sql_provider_processor:javadocJar
:simple_sql_provider_processor:sourcesJar
:simple_sql_provider_processor:assemble
:simple_sql_provider_processor:build

BUILD SUCCESSFUL

Total time: 4.942 secs

2018-05-20 22:26:09,398 INFO  ProjectTaskService - Detecting possible tasks...
2018-05-20 22:26:09,398 INFO  SysUtils - Execute command: [/tmp/rdisk/2512/src/gradlew, -b, /tmp/rdisk/2512/src/simple_sql_provider_annotation/build.gradle, -Dorg.gradle.daemon=false, -Dorg.gradle.daemon.performance.enable-monitoring=false, -Dorg.gradle.configureondemand=true, tasks]
2018-05-20 22:26:13,473 INFO  ProjectTaskService - Detected possible tasks: 40
2018-05-20 22:26:13,473 INFO  ProjectTaskService - Excluded tasks (3): javadoc test check
2018-05-20 22:26:13,473 INFO  SysUtils - Execute command: [/tmp/rdisk/2512/src/gradlew, -b, /tmp/rdisk/2512/src/simple_sql_provider_annotation/build.gradle, -Dorg.gradle.daemon=false, -Dorg.gradle.daemon.performance.enable-monitoring=false, -Dorg.gradle.configureondemand=true, --stacktrace, -x, javadoc, -x, test, -x, check, build]
2018-05-20 22:26:17,541 INFO  SysUtils - Configuration on demand is an incubating feature.
:simple_sql_provider_annotation:compileJava UP-TO-DATE
:simple_sql_provider_annotation:processResources UP-TO-DATE
:simple_sql_provider_annotation:classes UP-TO-DATE
:simple_sql_provider_annotation:jar UP-TO-DATE
:simple_sql_provider_annotation:javadocJar UP-TO-DATE
:simple_sql_provider_annotation:sourcesJar UP-TO-DATE
:simple_sql_provider_annotation:assemble UP-TO-DATE
:simple_sql_provider_annotation:build

BUILD SUCCESSFUL

Total time: 3.66 secs

2018-05-20 22:26:17,547 INFO  ProjectTaskService - Detecting possible tasks...
2018-05-20 22:26:17,547 INFO  SysUtils - Execute command: [/tmp/rdisk/2512/src/gradlew, -b, /tmp/rdisk/2512/src/simple_sql_provider_processor/build.gradle, -Dorg.gradle.daemon=false, -Dorg.gradle.daemon.performance.enable-monitoring=false, -Dorg.gradle.configureondemand=true, tasks]
2018-05-20 22:26:21,724 INFO  ProjectTaskService - Detected possible tasks: 40
2018-05-20 22:26:21,724 INFO  ProjectTaskService - Excluded tasks (3): javadoc test check
2018-05-20 22:26:21,724 INFO  SysUtils - Execute command: [/tmp/rdisk/2512/src/gradlew, -b, /tmp/rdisk/2512/src/simple_sql_provider_processor/build.gradle, -Dorg.gradle.daemon=false, -Dorg.gradle.daemon.performance.enable-monitoring=false, -Dorg.gradle.configureondemand=true, --stacktrace, -x, javadoc, -x, test, -x, check, build]
2018-05-20 22:26:25,990 INFO  SysUtils - Configuration on demand is an incubating feature.
:simple_sql_provider_annotation:compileJava UP-TO-DATE
:simple_sql_provider_annotation:processResources UP-TO-DATE
:simple_sql_provider_annotation:classes UP-TO-DATE
:simple_sql_provider_annotation:jar UP-TO-DATE
:simple_sql_provider_processor:compileJava UP-TO-DATE
:simple_sql_provider_processor:processResources UP-TO-DATE
:simple_sql_provider_processor:classes UP-TO-DATE
:simple_sql_provider_processor:jar UP-TO-DATE
:simple_sql_provider_processor:javadocJar UP-TO-DATE
:simple_sql_provider_processor:sourcesJar UP-TO-DATE
:simple_sql_provider_processor:assemble UP-TO-DATE
:simple_sql_provider_processor:build

BUILD SUCCESSFUL

Total time: 3.857 secs

2018-05-20 22:26:25,996 ERROR FullProcessService - Project build has not produced APK file
2018-05-20 22:26:26,005 ERROR FullProcessService - Could not find generated or existed APK file
