2018-04-01 18:52:02,898 INFO  DownloadService - Downloading "https://github.com/SerhatSurguvec/SwipableLayout/archive/master.zip", attempt 3
2018-04-01 18:53:03,380 INFO  GithubDownloadService - Could not find ZIP archive for master branch
2018-04-01 18:53:04,074 INFO  GithubDownloadService - Default branch of this repository: master
2018-04-01 18:53:04,085 INFO  DownloadService - Downloading "https://github.com/SerhatSurguvec/SwipableLayout/archive/master.zip", attempt 3
2018-04-01 18:54:05,396 DEBUG FullProcessService - Repository https://github.com/SerhatSurguvec/SwipableLayout available: true
2018-04-01 18:54:05,396 INFO  FullProcessService - Could not download ZIP file from Github, lets clone it
2018-04-01 18:54:05,396 INFO  SysUtils - Execute command: [git, clone, -q, --single-branch, --depth, 1, https://github.com/SerhatSurguvec/SwipableLayout, /tmp/rdisk/2666/src]
2018-04-01 18:54:09,002 INFO  SysUtils - 
2018-04-01 18:54:09,008 INFO  GitService - Deleted "/tmp/rdisk/2666/src/.git": true
2018-04-01 18:54:09,013 INFO  FullProcessService - Size of directory with sources: 3 MB
2018-04-01 18:54:09,013 INFO  SysUtils - Execute command: [git, init, /tmp/rdisk/2666/src]
2018-04-01 18:54:09,019 INFO  SysUtils - Initialized empty Git repository in /tmp/rdisk/2666/src/.git/

2018-04-01 18:54:09,022 INFO  ProjectBuildService - Gradle wrapper(s): /tmp/rdisk/2666/src/swipablelayout/gradlew /tmp/rdisk/2666/src/gradlew
2018-04-01 18:54:09,026 INFO  ProjectBuildService - Build script(s): /tmp/rdisk/2666/src/swipablelayout/build.gradle /tmp/rdisk/2666/src/app/build.gradle /tmp/rdisk/2666/src/build.gradle
2018-04-01 18:54:09,029 INFO  ProjectBuildService - All script(s): /tmp/rdisk/2666/src/swipablelayout/build.gradle /tmp/rdisk/2666/src/settings.gradle /tmp/rdisk/2666/src/build.gradle /tmp/rdisk/2666/src/app/build.gradle
2018-04-01 18:54:09,030 INFO  DownloadService - Downloading "https://raw.githubusercontent.com/nuuneoi/JCenter/master/bintrayv1.gradle", attempt 3
2018-04-01 18:54:09,405 INFO  DownloadService - Downloaded https://raw.githubusercontent.com/nuuneoi/JCenter/master/bintrayv1.gradle, attempt 3
2018-04-01 18:54:09,405 INFO  DownloadService - Downloading "https://raw.githubusercontent.com/nuuneoi/JCenter/master/installv1.gradle", attempt 3
2018-04-01 18:54:09,576 INFO  DownloadService - Downloaded https://raw.githubusercontent.com/nuuneoi/JCenter/master/installv1.gradle, attempt 3
2018-04-01 18:54:09,576 INFO  ProjectBuildService - Remote scripts: https://raw.githubusercontent.com/nuuneoi/JCenter/master/bintrayv1.gradle https://raw.githubusercontent.com/nuuneoi/JCenter/master/installv1.gradle
2018-04-01 18:54:09,577 INFO  ProjectFixService - Fixing project...
2018-04-01 18:54:09,586 INFO  LocalPropertiesFixService - Created fake /tmp/rdisk/2666/src/swipablelayout/local.properties
2018-04-01 18:54:09,587 INFO  WrapperPropertiesFixService - Gradle wrapper: https://services.gradle.org/distributions/gradle-2.4-all.zip
2018-04-01 18:54:09,587 INFO  WrapperPropertiesFixService - Gradle wrapper was changed from "-all.zip" to "-bin.zip" (https://services.gradle.org/distributions/gradle-2.4-bin.zip)
2018-04-01 18:54:09,588 INFO  ProjectFixService - Build info for "/tmp/rdisk/2666/src/swipablelayout/build.gradle": [buildToolsVersion=23.0.1,compileSdkVersion=23,minSdkVersion=8,targetSdkVersion=23]
2018-04-01 18:54:09,588 INFO  LocalPropertiesFixService - Created fake /tmp/rdisk/2666/src/app/local.properties
2018-04-01 18:54:09,589 INFO  ProjectFixService - Build info for "/tmp/rdisk/2666/src/app/build.gradle": [buildToolsVersion=23.0.1,compileSdkVersion=23,minSdkVersion=11,targetSdkVersion=23]
2018-04-01 18:54:09,589 INFO  LocalPropertiesFixService - Created fake /tmp/rdisk/2666/src/local.properties
2018-04-01 18:54:09,590 INFO  WrapperPropertiesFixService - Gradle wrapper: https://services.gradle.org/distributions/gradle-2.4-all.zip
2018-04-01 18:54:09,590 INFO  WrapperPropertiesFixService - Gradle wrapper was changed from "-all.zip" to "-bin.zip" (https://services.gradle.org/distributions/gradle-2.4-bin.zip)
2018-04-01 18:54:09,591 INFO  ProjectFixService - Build info for "/tmp/rdisk/2666/src/build.gradle": [buildToolsVersion=23.0.1,compileSdkVersion=23,minSdkVersion=8,targetSdkVersion=23]
2018-04-01 18:54:09,593 INFO  ProjectFixService - Project was maybe fixed
2018-04-01 18:54:09,593 INFO  ProjectTaskService - Detecting possible tasks...
2018-04-01 18:54:09,593 INFO  SysUtils - Execute command: [/tmp/rdisk/2666/src/swipablelayout/gradlew, -b, /tmp/rdisk/2666/src/swipablelayout/build.gradle, -Dorg.gradle.daemon=false, -Dorg.gradle.daemon.performance.enable-monitoring=false, -Dorg.gradle.configureondemand=true, tasks]
2018-04-01 18:54:19,281 ERROR ProjectTaskService - Could not detect possible Gradle tasks: Process exited with an error: 1 (Exit value: 1)
2018-04-01 18:54:19,281 INFO  ProjectTaskService - Detected possible tasks: 3
2018-04-01 18:54:19,282 INFO  ProjectTaskService - Excluded tasks (3): sourcesJar javadocJar javadoc
2018-04-01 18:54:19,282 INFO  SysUtils - Execute command: [/tmp/rdisk/2666/src/swipablelayout/gradlew, -b, /tmp/rdisk/2666/src/swipablelayout/build.gradle, -Dorg.gradle.daemon=false, -Dorg.gradle.daemon.performance.enable-monitoring=false, -Dorg.gradle.configureondemand=true, --stacktrace, -x, sourcesJar, -x, javadocJar, -x, javadoc, build]
2018-04-01 18:54:35,775 ERROR SysUtils - Could not process external command
org.apache.commons.exec.ExecuteException: Process exited with an error: 1 (Exit value: 1)
	at org.apache.commons.exec.DefaultExecutor.executeInternal(DefaultExecutor.java:404)
	at org.apache.commons.exec.DefaultExecutor.execute(DefaultExecutor.java:166)
	at com.github.vbauer.apkmaster.util.SysUtils.execute(SysUtils.java:67)
	at com.github.vbauer.apkmaster.util.SysUtils.executeSimple(SysUtils.java:43)
	at com.github.vbauer.apkmaster.service.assembly.ProjectBuildService.buildProject(ProjectBuildService.java:78)
	at com.github.vbauer.apkmaster.service.assembly.ProjectBuildService.buildProject(ProjectBuildService.java:64)
	at com.github.vbauer.apkmaster.service.assembly.ProjectBuildService.buildProject(ProjectBuildService.java:43)
	at com.github.vbauer.apkmaster.service.FullProcessService.build(FullProcessService.java:84)
	at com.github.vbauer.apkmaster.service.FullProcessService.process(FullProcessService.java:34)
	at com.github.vbauer.apkmaster.app.MainApplication.process(MainApplication.java:38)
	at com.github.vbauer.apkmaster.app.MainApplication.main(MainApplication.java:20)
	at sun.reflect.GeneratedMethodAccessor9.invoke(Unknown Source)
	at sun.reflect.DelegatingMethodAccessorImpl.invoke(DelegatingMethodAccessorImpl.java:43)
	at java.lang.reflect.Method.invoke(Method.java:498)
	at com.android.arsenal.util.ReflectionUtils.invoke(ReflectionUtils.java:42)
	at com.android.arsenal.util.ApkMasterUtils.main(ApkMasterUtils.java:30)
	at com.android.arsenal.service.processor.impl.BuildProcessorServiceImpl.buildProject(BuildProcessorServiceImpl.java:197)
	at com.android.arsenal.service.processor.impl.BuildProcessorServiceImpl.build(BuildProcessorServiceImpl.java:131)
	at com.android.arsenal.service.processor.impl.BuildProcessorServiceImpl.lambda$null$1(BuildProcessorServiceImpl.java:114)
	at java.util.concurrent.FutureTask.run(FutureTask.java:266)
	at java.util.concurrent.Executors$RunnableAdapter.call(Executors.java:511)
	at java.util.concurrent.FutureTask.run(FutureTask.java:266)
	at java.util.concurrent.ThreadPoolExecutor.runWorker(ThreadPoolExecutor.java:1149)
	at java.util.concurrent.ThreadPoolExecutor$Worker.run(ThreadPoolExecutor.java:624)
	at java.lang.Thread.run(Thread.java:748)
2018-04-01 18:54:35,776 INFO  SysUtils - Configuration on demand is an incubating feature.
:swipablelayout:compileLint
:swipablelayout:copyDebugLint UP-TO-DATE
:swipablelayout:preBuild UP-TO-DATE
:swipablelayout:preDebugBuild UP-TO-DATE
:swipablelayout:checkDebugManifest
:swipablelayout:preDebugAndroidTestBuild UP-TO-DATE
:swipablelayout:preDebugUnitTestBuild UP-TO-DATE
:swipablelayout:preReleaseBuild UP-TO-DATE
:swipablelayout:preReleaseUnitTestBuild UP-TO-DATE
:swipablelayout:prepareComAndroidSupportAppcompatV72301Library
:swipablelayout:prepareComAndroidSupportSupportV42301Library
:swipablelayout:prepareDebugDependencies
:swipablelayout:compileDebugAidl
:swipablelayout:compileDebugRenderscript
:swipablelayout:generateDebugBuildConfig
:swipablelayout:generateDebugAssets UP-TO-DATE
:swipablelayout:mergeDebugAssets
:swipablelayout:generateDebugResValues
:swipablelayout:generateDebugResources
:swipablelayout:mergeDebugResources
:swipablelayout:processDebugManifest
:swipablelayout:processDebugResources
:swipablelayout:generateDebugSources
:swipablelayout:processDebugJavaRes UP-TO-DATE
:swipablelayout:compileDebugJavaWithJavac
:swipablelayout:extractDebugAnnotations
:swipablelayout:mergeDebugProguardFiles
:swipablelayout:packageDebugJar
:swipablelayout:compileDebugNdk UP-TO-DATE
:swipablelayout:packageDebugJniLibs UP-TO-DATE
:swipablelayout:packageDebugLocalJar UP-TO-DATE
:swipablelayout:packageDebugRenderscript UP-TO-DATE
:swipablelayout:packageDebugResources
:swipablelayout:bundleDebug
:swipablelayout:compileDebugSources
:swipablelayout:assembleDebug
:swipablelayout:copyReleaseLint UP-TO-DATE
:swipablelayout:checkReleaseManifest
:swipablelayout:prepareReleaseDependencies
:swipablelayout:compileReleaseAidl
:swipablelayout:compileReleaseRenderscript
:swipablelayout:generateReleaseBuildConfig
:swipablelayout:generateReleaseAssets UP-TO-DATE
:swipablelayout:mergeReleaseAssets
:swipablelayout:generateReleaseResValues
:swipablelayout:generateReleaseResources
:swipablelayout:mergeReleaseResources
:swipablelayout:processReleaseManifest
:swipablelayout:processReleaseResources
:swipablelayout:generateReleaseSources
:swipablelayout:processReleaseJavaRes UP-TO-DATE
:swipablelayout:compileReleaseJavaWithJavac
:swipablelayout:extractReleaseAnnotations
:swipablelayout:mergeReleaseProguardFiles
:swipablelayout:packageReleaseJar
:swipablelayout:compileReleaseNdk UP-TO-DATE
:swipablelayout:packageReleaseJniLibs UP-TO-DATE
:swipablelayout:packageReleaseLocalJar UP-TO-DATE
:swipablelayout:packageReleaseRenderscript UP-TO-DATE
:swipablelayout:packageReleaseResources
:swipablelayout:bundleRelease
:swipablelayout:compileReleaseSources
:swipablelayout:assembleRelease
:swipablelayout:assemble
:swipablelayout:lint
Ran lint on variant debug: 13 issues found
Ran lint on variant release: 13 issues found
Wrote HTML report to file:/tmp/rdisk/2666/src/swipablelayout/build/outputs/lint-results.html
Wrote XML report to /tmp/rdisk/2666/src/swipablelayout/build/outputs/lint-results.xml
:swipablelayout:lint FAILED

FAILURE: Build failed with an exception.

* What went wrong:
Execution failed for task ':swipablelayout:lint'.
> Lint found errors in the project; aborting build.
  
  Fix the issues identified by lint, or add the following to your build script to proceed with errors:
  ...
  android {
      lintOptions {
          abortOnError false
      }
  }
  ...

* Try:
Run with --info or --debug option to get more log output.

* Exception is:
org.gradle.api.tasks.TaskExecutionException: Execution failed for task ':swipablelayout:lint'.
	at org.gradle.api.internal.tasks.execution.ExecuteActionsTaskExecuter.executeActions(ExecuteActionsTaskExecuter.java:69)
	at org.gradle.api.internal.tasks.execution.ExecuteActionsTaskExecuter.execute(ExecuteActionsTaskExecuter.java:46)
	at org.gradle.api.internal.tasks.execution.PostExecutionAnalysisTaskExecuter.execute(PostExecutionAnalysisTaskExecuter.java:35)
	at org.gradle.api.internal.tasks.execution.SkipUpToDateTaskExecuter.execute(SkipUpToDateTaskExecuter.java:64)
	at org.gradle.api.internal.tasks.execution.ValidatingTaskExecuter.execute(ValidatingTaskExecuter.java:58)
	at org.gradle.api.internal.tasks.execution.SkipEmptySourceFilesTaskExecuter.execute(SkipEmptySourceFilesTaskExecuter.java:42)
	at org.gradle.api.internal.tasks.execution.SkipTaskWithNoActionsExecuter.execute(SkipTaskWithNoActionsExecuter.java:52)
	at org.gradle.api.internal.tasks.execution.SkipOnlyIfTaskExecuter.execute(SkipOnlyIfTaskExecuter.java:53)
	at org.gradle.api.internal.tasks.execution.ExecuteAtMostOnceTaskExecuter.execute(ExecuteAtMostOnceTaskExecuter.java:43)
	at org.gradle.api.internal.AbstractTask.executeWithoutThrowingTaskFailure(AbstractTask.java:310)
	at org.gradle.execution.taskgraph.AbstractTaskPlanExecutor$TaskExecutorWorker.executeTask(AbstractTaskPlanExecutor.java:79)
	at org.gradle.execution.taskgraph.AbstractTaskPlanExecutor$TaskExecutorWorker.processTask(AbstractTaskPlanExecutor.java:63)
	at org.gradle.execution.taskgraph.AbstractTaskPlanExecutor$TaskExecutorWorker.run(AbstractTaskPlanExecutor.java:51)
	at org.gradle.execution.taskgraph.DefaultTaskPlanExecutor.process(DefaultTaskPlanExecutor.java:23)
	at org.gradle.execution.taskgraph.DefaultTaskGraphExecuter.execute(DefaultTaskGraphExecuter.java:88)
	at org.gradle.execution.SelectedTaskExecutionAction.execute(SelectedTaskExecutionAction.java:37)
	at org.gradle.execution.DefaultBuildExecuter.execute(DefaultBuildExecuter.java:62)
	at org.gradle.execution.DefaultBuildExecuter.access$200(DefaultBuildExecuter.java:23)
	at org.gradle.execution.DefaultBuildExecuter$2.proceed(DefaultBuildExecuter.java:68)
	at org.gradle.execution.DryRunBuildExecutionAction.execute(DryRunBuildExecutionAction.java:32)
	at org.gradle.execution.DefaultBuildExecuter.execute(DefaultBuildExecuter.java:62)
	at org.gradle.execution.DefaultBuildExecuter.execute(DefaultBuildExecuter.java:55)
	at org.gradle.initialization.DefaultGradleLauncher.doBuildStages(DefaultGradleLauncher.java:149)
	at org.gradle.initialization.DefaultGradleLauncher.doBuild(DefaultGradleLauncher.java:106)
	at org.gradle.initialization.DefaultGradleLauncher.run(DefaultGradleLauncher.java:86)
	at org.gradle.launcher.exec.InProcessBuildActionExecuter$DefaultBuildController.run(InProcessBuildActionExecuter.java:90)
	at org.gradle.tooling.internal.provider.ExecuteBuildActionRunner.run(ExecuteBuildActionRunner.java:28)
	at org.gradle.launcher.exec.ChainingBuildActionRunner.run(ChainingBuildActionRunner.java:35)
	at org.gradle.launcher.exec.InProcessBuildActionExecuter.execute(InProcessBuildActionExecuter.java:41)
	at org.gradle.launcher.exec.InProcessBuildActionExecuter.execute(InProcessBuildActionExecuter.java:28)
	at org.gradle.launcher.exec.DaemonUsageSuggestingBuildActionExecuter.execute(DaemonUsageSuggestingBuildActionExecuter.java:50)
	at org.gradle.launcher.exec.DaemonUsageSuggestingBuildActionExecuter.execute(DaemonUsageSuggestingBuildActionExecuter.java:27)
	at org.gradle.launcher.cli.RunBuildAction.run(RunBuildAction.java:40)
	at org.gradle.internal.Actions$RunnableActionAdapter.execute(Actions.java:169)
	at org.gradle.launcher.cli.CommandLineActionFactory$ParseAndBuildAction.execute(CommandLineActionFactory.java:237)
	at org.gradle.launcher.cli.CommandLineActionFactory$ParseAndBuildAction.execute(CommandLineActionFactory.java:210)
	at org.gradle.launcher.cli.JavaRuntimeValidationAction.execute(JavaRuntimeValidationAction.java:35)
	at org.gradle.launcher.cli.JavaRuntimeValidationAction.execute(JavaRuntimeValidationAction.java:24)
	at org.gradle.launcher.cli.CommandLineActionFactory$WithLogging.execute(CommandLineActionFactory.java:206)
	at org.gradle.launcher.cli.CommandLineActionFactory$WithLogging.execute(CommandLineActionFactory.java:169)
	at org.gradle.launcher.cli.ExceptionReportingAction.execute(ExceptionReportingAction.java:33)
	at org.gradle.launcher.cli.ExceptionReportingAction.execute(ExceptionReportingAction.java:22)
	at org.gradle.launcher.Main.doAction(Main.java:33)
	at org.gradle.launcher.bootstrap.EntryPoint.run(EntryPoint.java:45)
	at org.gradle.launcher.bootstrap.ProcessBootstrap.runNoExit(ProcessBootstrap.java:54)
	at org.gradle.launcher.bootstrap.ProcessBootstrap.run(ProcessBootstrap.java:35)
	at org.gradle.launcher.GradleMain.main(GradleMain.java:23)
	at org.gradle.wrapper.BootstrapMainStarter.start(BootstrapMainStarter.java:33)
	at org.gradle.wrapper.WrapperExecutor.execute(WrapperExecutor.java:130)
	at org.gradle.wrapper.GradleWrapperMain.main(GradleWrapperMain.java:48)
Caused by: org.gradle.api.GradleException: Lint found errors in the project; aborting build.

Fix the issues identified by lint, or add the following to your build script to proceed with errors:
...
android {
    lintOptions {
        abortOnError false
    }
}
...
	at com.android.build.gradle.tasks.Lint.abort(Lint.groovy:171)
	at com.android.build.gradle.tasks.Lint.lintAllVariants(Lint.groovy:136)
	at com.android.build.gradle.tasks.Lint$lintAllVariants$4.callCurrent(Unknown Source)
	at com.android.build.gradle.tasks.Lint.lint(Lint.groovy:82)
	at org.gradle.internal.reflect.JavaMethod.invoke(JavaMethod.java:75)
	at org.gradle.api.internal.project.taskfactory.AnnotationProcessingTaskFactory$StandardTaskAction.doExecute(AnnotationProcessingTaskFactory.java:226)
	at org.gradle.api.internal.project.taskfactory.AnnotationProcessingTaskFactory$StandardTaskAction.execute(AnnotationProcessingTaskFactory.java:219)
	at org.gradle.api.internal.project.taskfactory.AnnotationProcessingTaskFactory$StandardTaskAction.execute(AnnotationProcessingTaskFactory.java:208)
	at org.gradle.api.internal.AbstractTask$TaskActionWrapper.execute(AbstractTask.java:589)
	at org.gradle.api.internal.AbstractTask$TaskActionWrapper.execute(AbstractTask.java:572)
	at org.gradle.api.internal.tasks.execution.ExecuteActionsTaskExecuter.executeAction(ExecuteActionsTaskExecuter.java:80)
	at org.gradle.api.internal.tasks.execution.ExecuteActionsTaskExecuter.executeActions(ExecuteActionsTaskExecuter.java:61)
	... 49 more


BUILD FAILED

Total time: 15.972 secs

2018-04-01 18:54:35,814 INFO  ProjectTaskService - Detecting possible tasks...
2018-04-01 18:54:35,814 INFO  SysUtils - Execute command: [/tmp/rdisk/2666/src/gradlew, -b, /tmp/rdisk/2666/src/app/build.gradle, -Dorg.gradle.daemon=false, -Dorg.gradle.daemon.performance.enable-monitoring=false, -Dorg.gradle.configureondemand=true, tasks]
2018-04-01 18:54:43,345 INFO  ProjectTaskService - Detected possible tasks: 69
2018-04-01 18:54:43,345 INFO  ProjectTaskService - Excluded tasks (22): lintDebug mockableAndroidJar javadocJar deviceCheck lint testReleaseUnitTest javadoc uninstallRelease deviceAndroidTest uninstallDebugAndroidTest installDebugAndroidTest connectedCheck connectedDebugAndroidTest uninstallAll sourcesJar test check testDebugUnitTest connectedAndroidTest installDebug lintRelease uninstallDebug
2018-04-01 18:54:43,345 INFO  SysUtils - Execute command: [/tmp/rdisk/2666/src/gradlew, -b, /tmp/rdisk/2666/src/app/build.gradle, -Dorg.gradle.daemon=false, -Dorg.gradle.daemon.performance.enable-monitoring=false, -Dorg.gradle.configureondemand=true, --stacktrace, -x, lintDebug, -x, mockableAndroidJar, -x, javadocJar, -x, deviceCheck, -x, lint, -x, testReleaseUnitTest, -x, javadoc, -x, uninstallRelease, -x, deviceAndroidTest, -x, uninstallDebugAndroidTest, -x, installDebugAndroidTest, -x, connectedCheck, -x, connectedDebugAndroidTest, -x, uninstallAll, -x, sourcesJar, -x, test, -x, check, -x, testDebugUnitTest, -x, connectedAndroidTest, -x, installDebug, -x, lintRelease, -x, uninstallDebug, build]
2018-04-01 18:54:50,542 ERROR SysUtils - Could not process external command
org.apache.commons.exec.ExecuteException: Process exited with an error: 1 (Exit value: 1)
	at org.apache.commons.exec.DefaultExecutor.executeInternal(DefaultExecutor.java:404)
	at org.apache.commons.exec.DefaultExecutor.execute(DefaultExecutor.java:166)
	at com.github.vbauer.apkmaster.util.SysUtils.execute(SysUtils.java:67)
	at com.github.vbauer.apkmaster.util.SysUtils.executeSimple(SysUtils.java:43)
	at com.github.vbauer.apkmaster.service.assembly.ProjectBuildService.buildProject(ProjectBuildService.java:78)
	at com.github.vbauer.apkmaster.service.assembly.ProjectBuildService.buildProject(ProjectBuildService.java:64)
	at com.github.vbauer.apkmaster.service.assembly.ProjectBuildService.buildProject(ProjectBuildService.java:43)
	at com.github.vbauer.apkmaster.service.FullProcessService.build(FullProcessService.java:84)
	at com.github.vbauer.apkmaster.service.FullProcessService.process(FullProcessService.java:34)
	at com.github.vbauer.apkmaster.app.MainApplication.process(MainApplication.java:38)
	at com.github.vbauer.apkmaster.app.MainApplication.main(MainApplication.java:20)
	at sun.reflect.GeneratedMethodAccessor9.invoke(Unknown Source)
	at sun.reflect.DelegatingMethodAccessorImpl.invoke(DelegatingMethodAccessorImpl.java:43)
	at java.lang.reflect.Method.invoke(Method.java:498)
	at com.android.arsenal.util.ReflectionUtils.invoke(ReflectionUtils.java:42)
	at com.android.arsenal.util.ApkMasterUtils.main(ApkMasterUtils.java:30)
	at com.android.arsenal.service.processor.impl.BuildProcessorServiceImpl.buildProject(BuildProcessorServiceImpl.java:197)
	at com.android.arsenal.service.processor.impl.BuildProcessorServiceImpl.build(BuildProcessorServiceImpl.java:131)
	at com.android.arsenal.service.processor.impl.BuildProcessorServiceImpl.lambda$null$1(BuildProcessorServiceImpl.java:114)
	at java.util.concurrent.FutureTask.run(FutureTask.java:266)
	at java.util.concurrent.Executors$RunnableAdapter.call(Executors.java:511)
	at java.util.concurrent.FutureTask.run(FutureTask.java:266)
	at java.util.concurrent.ThreadPoolExecutor.runWorker(ThreadPoolExecutor.java:1149)
	at java.util.concurrent.ThreadPoolExecutor$Worker.run(ThreadPoolExecutor.java:624)
	at java.lang.Thread.run(Thread.java:748)
2018-04-01 18:54:50,543 INFO  SysUtils - Configuration on demand is an incubating feature.

FAILURE: Build failed with an exception.

* What went wrong:
Task 'javadocJar' not found in project ':app'.

* Try:
Run gradlew tasks to get a list of available tasks. Run with --info or --debug option to get more log output.

* Exception is:
org.gradle.execution.TaskSelectionException: Task 'javadocJar' not found in project ':app'.
	at org.gradle.execution.TaskSelector.getSelection(TaskSelector.java:100)
	at org.gradle.execution.TaskSelector.getFilter(TaskSelector.java:63)
	at org.gradle.execution.ExcludedTaskFilteringBuildConfigurationAction.configure(ExcludedTaskFilteringBuildConfigurationAction.java:42)
	at org.gradle.execution.DefaultBuildExecuter.configure(DefaultBuildExecuter.java:42)
	at org.gradle.execution.DefaultBuildExecuter.access$100(DefaultBuildExecuter.java:23)
	at org.gradle.execution.DefaultBuildExecuter$1.proceed(DefaultBuildExecuter.java:48)
	at org.gradle.execution.DefaultTasksBuildExecutionAction.configure(DefaultTasksBuildExecutionAction.java:44)
	at org.gradle.execution.DefaultBuildExecuter.configure(DefaultBuildExecuter.java:42)
	at org.gradle.execution.DefaultBuildExecuter.select(DefaultBuildExecuter.java:35)
	at org.gradle.initialization.DefaultGradleLauncher.doBuildStages(DefaultGradleLauncher.java:142)
	at org.gradle.initialization.DefaultGradleLauncher.doBuild(DefaultGradleLauncher.java:106)
	at org.gradle.initialization.DefaultGradleLauncher.run(DefaultGradleLauncher.java:86)
	at org.gradle.launcher.exec.InProcessBuildActionExecuter$DefaultBuildController.run(InProcessBuildActionExecuter.java:90)
	at org.gradle.tooling.internal.provider.ExecuteBuildActionRunner.run(ExecuteBuildActionRunner.java:28)
	at org.gradle.launcher.exec.ChainingBuildActionRunner.run(ChainingBuildActionRunner.java:35)
	at org.gradle.launcher.exec.InProcessBuildActionExecuter.execute(InProcessBuildActionExecuter.java:41)
	at org.gradle.launcher.exec.InProcessBuildActionExecuter.execute(InProcessBuildActionExecuter.java:28)
	at org.gradle.launcher.exec.DaemonUsageSuggestingBuildActionExecuter.execute(DaemonUsageSuggestingBuildActionExecuter.java:50)
	at org.gradle.launcher.exec.DaemonUsageSuggestingBuildActionExecuter.execute(DaemonUsageSuggestingBuildActionExecuter.java:27)
	at org.gradle.launcher.cli.RunBuildAction.run(RunBuildAction.java:40)
	at org.gradle.internal.Actions$RunnableActionAdapter.execute(Actions.java:169)
	at org.gradle.launcher.cli.CommandLineActionFactory$ParseAndBuildAction.execute(CommandLineActionFactory.java:237)
	at org.gradle.launcher.cli.CommandLineActionFactory$ParseAndBuildAction.execute(CommandLineActionFactory.java:210)
	at org.gradle.launcher.cli.JavaRuntimeValidationAction.execute(JavaRuntimeValidationAction.java:35)
	at org.gradle.launcher.cli.JavaRuntimeValidationAction.execute(JavaRuntimeValidationAction.java:24)
	at org.gradle.launcher.cli.CommandLineActionFactory$WithLogging.execute(CommandLineActionFactory.java:206)
	at org.gradle.launcher.cli.CommandLineActionFactory$WithLogging.execute(CommandLineActionFactory.java:169)
	at org.gradle.launcher.cli.ExceptionReportingAction.execute(ExceptionReportingAction.java:33)
	at org.gradle.launcher.cli.ExceptionReportingAction.execute(ExceptionReportingAction.java:22)
	at org.gradle.launcher.Main.doAction(Main.java:33)
	at org.gradle.launcher.bootstrap.EntryPoint.run(EntryPoint.java:45)
	at org.gradle.launcher.bootstrap.ProcessBootstrap.runNoExit(ProcessBootstrap.java:54)
	at org.gradle.launcher.bootstrap.ProcessBootstrap.run(ProcessBootstrap.java:35)
	at org.gradle.launcher.GradleMain.main(GradleMain.java:23)
	at org.gradle.wrapper.BootstrapMainStarter.start(BootstrapMainStarter.java:33)
	at org.gradle.wrapper.WrapperExecutor.execute(WrapperExecutor.java:130)
	at org.gradle.wrapper.GradleWrapperMain.main(GradleWrapperMain.java:48)


BUILD FAILED

Total time: 6.724 secs

2018-04-01 18:54:50,543 ERROR ProjectBuildService - Excluded tasks were detected wrong
2018-04-01 18:54:50,543 INFO  SysUtils - Execute command: [/tmp/rdisk/2666/src/gradlew, -b, /tmp/rdisk/2666/src/app/build.gradle, -Dorg.gradle.daemon=false, -Dorg.gradle.daemon.performance.enable-monitoring=false, -Dorg.gradle.configureondemand=true, --stacktrace, build]
2018-04-01 18:55:27,760 INFO  SysUtils - Configuration on demand is an incubating feature.
:app:preBuild UP-TO-DATE
:app:preDebugBuild UP-TO-DATE
:app:checkDebugManifest
:app:preReleaseBuild UP-TO-DATE
:swipablelayout:compileLint
:swipablelayout:copyReleaseLint UP-TO-DATE
:swipablelayout:preBuild UP-TO-DATE
:swipablelayout:preReleaseBuild UP-TO-DATE
:swipablelayout:checkReleaseManifest
:swipablelayout:preDebugAndroidTestBuild UP-TO-DATE
:swipablelayout:preDebugBuild UP-TO-DATE
:swipablelayout:preDebugUnitTestBuild UP-TO-DATE
:swipablelayout:preReleaseUnitTestBuild UP-TO-DATE
:swipablelayout:prepareComAndroidSupportAppcompatV72301Library UP-TO-DATE
:swipablelayout:prepareComAndroidSupportSupportV42301Library UP-TO-DATE
:swipablelayout:prepareReleaseDependencies
:swipablelayout:compileReleaseAidl UP-TO-DATE
:swipablelayout:compileReleaseRenderscript UP-TO-DATE
:swipablelayout:generateReleaseBuildConfig UP-TO-DATE
:swipablelayout:generateReleaseAssets UP-TO-DATE
:swipablelayout:mergeReleaseAssets UP-TO-DATE
:swipablelayout:generateReleaseResValues UP-TO-DATE
:swipablelayout:generateReleaseResources UP-TO-DATE
:swipablelayout:mergeReleaseResources UP-TO-DATE
:swipablelayout:processReleaseManifest UP-TO-DATE
:swipablelayout:processReleaseResources UP-TO-DATE
:swipablelayout:generateReleaseSources UP-TO-DATE
:swipablelayout:processReleaseJavaRes UP-TO-DATE
:swipablelayout:compileReleaseJavaWithJavac UP-TO-DATE
:swipablelayout:extractReleaseAnnotations UP-TO-DATE
:swipablelayout:mergeReleaseProguardFiles UP-TO-DATE
:swipablelayout:packageReleaseJar UP-TO-DATE
:swipablelayout:compileReleaseNdk UP-TO-DATE
:swipablelayout:packageReleaseJniLibs UP-TO-DATE
:swipablelayout:packageReleaseLocalJar UP-TO-DATE
:swipablelayout:packageReleaseRenderscript UP-TO-DATE
:swipablelayout:packageReleaseResources UP-TO-DATE
:swipablelayout:bundleRelease UP-TO-DATE
:app:prepareComAndroidSupportAppcompatV72301Library
:app:prepareComAndroidSupportDesign2301Library
:app:prepareComAndroidSupportSupportV42301Library
:app:prepareComSerhatsurguvecLibrariesSwipablelayout001Library
:app:prepareDebugDependencies
:app:compileDebugAidl
:app:compileDebugRenderscript
:app:generateDebugBuildConfig
:app:generateDebugAssets UP-TO-DATE
:app:mergeDebugAssets
:app:generateDebugResValues
:app:generateDebugResources
:app:mergeDebugResources
:app:processDebugManifest
:app:processDebugResources
:app:generateDebugSources
:app:processDebugJavaRes UP-TO-DATE
:app:compileDebugJavaWithJavacNote: /tmp/rdisk/2666/src/app/src/main/java/com/serhatsurguvec/swipablelayoutdemo/Activity/MainActivity.java uses unchecked or unsafe operations.
Note: Recompile with -Xlint:unchecked for details.

:app:compileDebugNdk UP-TO-DATE
:app:compileDebugSources
:app:preDexDebug
:app:dexDebug
:app:validateDebugSigning
:app:packageDebug
:app:zipalignDebug
:app:assembleDebug
:app:checkReleaseManifest
:app:prepareReleaseDependencies
:app:compileReleaseAidl
:app:compileReleaseRenderscript
:app:generateReleaseBuildConfig
:app:generateReleaseAssets UP-TO-DATE
:app:mergeReleaseAssets
:app:generateReleaseResValues
:app:generateReleaseResources
:app:mergeReleaseResources
:app:processReleaseManifest
:app:processReleaseResources
:app:generateReleaseSources
:app:processReleaseJavaRes UP-TO-DATE
:app:compileReleaseJavaWithJavacNote: /tmp/rdisk/2666/src/app/src/main/java/com/serhatsurguvec/swipablelayoutdemo/Activity/MainActivity.java uses unchecked or unsafe operations.
Note: Recompile with -Xlint:unchecked for details.

:app:compileReleaseNdk UP-TO-DATE
:app:compileReleaseSources
:app:preDexRelease
:app:dexRelease
:app:packageRelease
:app:assembleRelease
:app:assemble
:app:compileLint
:app:lint
Ran lint on variant release: 9 issues found
Ran lint on variant debug: 9 issues found
Wrote HTML report to file:/tmp/rdisk/2666/src/app/build/outputs/lint-results.html
Wrote XML report to /tmp/rdisk/2666/src/app/build/outputs/lint-results.xml
:app:preDebugUnitTestBuild UP-TO-DATE
:app:prepareDebugUnitTestDependencies
:app:processDebugUnitTestJavaRes UP-TO-DATE
:app:compileDebugUnitTestJavaWithJavac
:app:compileDebugUnitTestSources
:app:mockableAndroidJar
:app:assembleDebugUnitTest
:app:testDebugUnitTest
:app:preReleaseUnitTestBuild UP-TO-DATE
:app:prepareReleaseUnitTestDependencies
:app:processReleaseUnitTestJavaRes UP-TO-DATE
:app:compileReleaseUnitTestJavaWithJavac
:app:compileReleaseUnitTestSources
:app:assembleReleaseUnitTest
:app:testReleaseUnitTest
:app:test
:app:check
:app:build

BUILD SUCCESSFUL

Total time: 36.782 secs

2018-04-01 18:55:27,852 INFO  FullProcessService - Found APK file: /tmp/rdisk/2666/src/app/build/outputs/apk/app-debug.apk
