2018-04-01 21:18:14,818 INFO  DownloadService - Downloading "https://github.com/IvBaranov/MaterialFavoriteButton/archive/master.zip", attempt 3
2018-04-01 21:19:15,343 INFO  GithubDownloadService - Could not find ZIP archive for master branch
2018-04-01 21:19:16,040 INFO  GithubDownloadService - Default branch of this repository: master
2018-04-01 21:19:16,040 INFO  DownloadService - Downloading "https://github.com/IvBaranov/MaterialFavoriteButton/archive/master.zip", attempt 3
2018-04-01 21:20:17,332 DEBUG FullProcessService - Repository https://github.com/IvBaranov/MaterialFavoriteButton available: true
2018-04-01 21:20:17,332 INFO  FullProcessService - Could not download ZIP file from Github, lets clone it
2018-04-01 21:20:17,332 INFO  SysUtils - Execute command: [git, clone, -q, --single-branch, --depth, 1, https://github.com/IvBaranov/MaterialFavoriteButton, /tmp/rdisk/2612/src]
2018-04-01 21:20:18,872 INFO  SysUtils - 
2018-04-01 21:20:18,877 INFO  GitService - Deleted "/tmp/rdisk/2612/src/.git": true
2018-04-01 21:20:18,881 INFO  FullProcessService - Size of directory with sources: 162 KB
2018-04-01 21:20:18,881 INFO  SysUtils - Execute command: [git, init, /tmp/rdisk/2612/src]
2018-04-01 21:20:18,885 INFO  SysUtils - Initialized empty Git repository in /tmp/rdisk/2612/src/.git/

2018-04-01 21:20:18,888 INFO  ProjectBuildService - Gradle wrapper(s): /tmp/rdisk/2612/src/gradlew
2018-04-01 21:20:18,892 INFO  ProjectBuildService - Build script(s): /tmp/rdisk/2612/src/example/build.gradle /tmp/rdisk/2612/src/materialfavoritebutton/build.gradle /tmp/rdisk/2612/src/build.gradle
2018-04-01 21:20:18,895 INFO  ProjectBuildService - All script(s): /tmp/rdisk/2612/src/settings.gradle /tmp/rdisk/2612/src/materialfavoritebutton/build.gradle /tmp/rdisk/2612/src/example/build.gradle /tmp/rdisk/2612/src/build.gradle
2018-04-01 21:20:18,895 INFO  DownloadService - Downloading "https://raw.github.com/chrisbanes/gradle-mvn-push/master/gradle-mvn-push.gradle", attempt 3
2018-04-01 21:20:19,644 INFO  DownloadService - Downloaded https://raw.github.com/chrisbanes/gradle-mvn-push/master/gradle-mvn-push.gradle, attempt 3
2018-04-01 21:20:19,644 INFO  ProjectBuildService - Remote scripts: https://raw.github.com/chrisbanes/gradle-mvn-push/master/gradle-mvn-push.gradle
2018-04-01 21:20:19,644 INFO  ProjectFixService - Fixing project...
2018-04-01 21:20:19,652 INFO  LocalPropertiesFixService - Created fake /tmp/rdisk/2612/src/example/local.properties
2018-04-01 21:20:19,654 INFO  ProjectFixService - Build info for "/tmp/rdisk/2612/src/example/build.gradle": [buildToolsVersion=<null>,compileSdkVersion=<null>,minSdkVersion=<null>,targetSdkVersion=<null>]
2018-04-01 21:20:19,654 INFO  ProjectFixService - Fixed build info for "/tmp/rdisk/2612/src/example/build.gradle": [buildToolsVersion=28.0.0-rc1,compileSdkVersion=27,minSdkVersion=27,targetSdkVersion=27]
2018-04-01 21:20:19,654 INFO  LocalPropertiesFixService - Created fake /tmp/rdisk/2612/src/materialfavoritebutton/local.properties
2018-04-01 21:20:19,656 INFO  ProjectFixService - Build info for "/tmp/rdisk/2612/src/materialfavoritebutton/build.gradle": [buildToolsVersion=<null>,compileSdkVersion=<null>,minSdkVersion=<null>,targetSdkVersion=<null>]
2018-04-01 21:20:19,656 INFO  ProjectFixService - Fixed build info for "/tmp/rdisk/2612/src/materialfavoritebutton/build.gradle": [buildToolsVersion=28.0.0-rc1,compileSdkVersion=27,minSdkVersion=27,targetSdkVersion=27]
2018-04-01 21:20:19,657 INFO  LocalPropertiesFixService - Created fake /tmp/rdisk/2612/src/local.properties
2018-04-01 21:20:19,657 INFO  WrapperPropertiesFixService - Gradle wrapper: https://services.gradle.org/distributions/gradle-2.4-all.zip
2018-04-01 21:20:19,657 INFO  WrapperPropertiesFixService - Gradle wrapper was changed from "-all.zip" to "-bin.zip" (https://services.gradle.org/distributions/gradle-2.4-bin.zip)
2018-04-01 21:20:19,659 INFO  ProjectFixService - Build info for "/tmp/rdisk/2612/src/build.gradle": [buildToolsVersion=<null>,compileSdkVersion=<null>,minSdkVersion=<null>,targetSdkVersion=<null>]
2018-04-01 21:20:19,659 INFO  ProjectFixService - Fixed build info for "/tmp/rdisk/2612/src/build.gradle": [buildToolsVersion=28.0.0-rc1,compileSdkVersion=27,minSdkVersion=27,targetSdkVersion=27]
2018-04-01 21:20:19,659 INFO  ProjectFixService - Project was maybe fixed
2018-04-01 21:20:19,659 INFO  ProjectTaskService - Detecting possible tasks...
2018-04-01 21:20:19,659 INFO  SysUtils - Execute command: [/tmp/rdisk/2612/src/gradlew, -b, /tmp/rdisk/2612/src/example/build.gradle, -Dorg.gradle.daemon=false, -Dorg.gradle.daemon.performance.enable-monitoring=false, -Dorg.gradle.configureondemand=true, tasks]
2018-04-01 21:20:32,295 INFO  ProjectTaskService - Detected possible tasks: 71
2018-04-01 21:20:32,295 INFO  ProjectTaskService - Excluded tasks (22): lintDebug mockableAndroidJar androidJavadocs deviceCheck lint androidSourcesJar testReleaseUnitTest uninstallRelease deviceAndroidTest uninstallDebugAndroidTest installDebugAndroidTest connectedCheck connectedDebugAndroidTest uninstallAll androidJavadocsJar test check testDebugUnitTest connectedAndroidTest installDebug lintRelease uninstallDebug
2018-04-01 21:20:32,295 INFO  SysUtils - Execute command: [/tmp/rdisk/2612/src/gradlew, -b, /tmp/rdisk/2612/src/example/build.gradle, -Dorg.gradle.daemon=false, -Dorg.gradle.daemon.performance.enable-monitoring=false, -Dorg.gradle.configureondemand=true, --stacktrace, -x, lintDebug, -x, mockableAndroidJar, -x, androidJavadocs, -x, deviceCheck, -x, lint, -x, androidSourcesJar, -x, testReleaseUnitTest, -x, uninstallRelease, -x, deviceAndroidTest, -x, uninstallDebugAndroidTest, -x, installDebugAndroidTest, -x, connectedCheck, -x, connectedDebugAndroidTest, -x, uninstallAll, -x, androidJavadocsJar, -x, test, -x, check, -x, testDebugUnitTest, -x, connectedAndroidTest, -x, installDebug, -x, lintRelease, -x, uninstallDebug, build]
2018-04-01 21:20:39,712 ERROR SysUtils - Could not process external command
org.apache.commons.exec.ExecuteException: Process exited with an error: 1 (Exit value: 1)
	at org.apache.commons.exec.DefaultExecutor.executeInternal(DefaultExecutor.java:404)
	at org.apache.commons.exec.DefaultExecutor.execute(DefaultExecutor.java:166)
	at com.github.vbauer.apkmaster.util.SysUtils.execute(SysUtils.java:67)
	at com.github.vbauer.apkmaster.util.SysUtils.executeSimple(SysUtils.java:43)
	at com.github.vbauer.apkmaster.service.assembly.ProjectBuildService.buildProject(ProjectBuildService.java:78)
	at com.github.vbauer.apkmaster.service.assembly.ProjectBuildService.buildProject(ProjectBuildService.java:64)
	at com.github.vbauer.apkmaster.service.assembly.ProjectBuildService.buildProject(ProjectBuildService.java:43)
	at com.github.vbauer.apkmaster.service.FullProcessService.build(FullProcessService.java:84)
	at com.github.vbauer.apkmaster.service.FullProcessService.process(FullProcessService.java:34)
	at com.github.vbauer.apkmaster.app.MainApplication.process(MainApplication.java:38)
	at com.github.vbauer.apkmaster.app.MainApplication.main(MainApplication.java:20)
	at sun.reflect.GeneratedMethodAccessor9.invoke(Unknown Source)
	at sun.reflect.DelegatingMethodAccessorImpl.invoke(DelegatingMethodAccessorImpl.java:43)
	at java.lang.reflect.Method.invoke(Method.java:498)
	at com.android.arsenal.util.ReflectionUtils.invoke(ReflectionUtils.java:42)
	at com.android.arsenal.util.ApkMasterUtils.main(ApkMasterUtils.java:30)
	at com.android.arsenal.service.processor.impl.BuildProcessorServiceImpl.buildProject(BuildProcessorServiceImpl.java:197)
	at com.android.arsenal.service.processor.impl.BuildProcessorServiceImpl.build(BuildProcessorServiceImpl.java:131)
	at com.android.arsenal.service.processor.impl.BuildProcessorServiceImpl.lambda$null$1(BuildProcessorServiceImpl.java:114)
	at java.util.concurrent.FutureTask.run(FutureTask.java:266)
	at java.util.concurrent.Executors$RunnableAdapter.call(Executors.java:511)
	at java.util.concurrent.FutureTask.run(FutureTask.java:266)
	at java.util.concurrent.ThreadPoolExecutor.runWorker(ThreadPoolExecutor.java:1149)
	at java.util.concurrent.ThreadPoolExecutor$Worker.run(ThreadPoolExecutor.java:624)
	at java.lang.Thread.run(Thread.java:748)
2018-04-01 21:20:39,712 INFO  SysUtils - Configuration on demand is an incubating feature.

FAILURE: Build failed with an exception.

* What went wrong:
Task 'androidJavadocs' not found in project ':example'.

* Try:
Run gradlew tasks to get a list of available tasks. Run with --info or --debug option to get more log output.

* Exception is:
org.gradle.execution.TaskSelectionException: Task 'androidJavadocs' not found in project ':example'.
	at org.gradle.execution.TaskSelector.getSelection(TaskSelector.java:100)
	at org.gradle.execution.TaskSelector.getFilter(TaskSelector.java:63)
	at org.gradle.execution.ExcludedTaskFilteringBuildConfigurationAction.configure(ExcludedTaskFilteringBuildConfigurationAction.java:42)
	at org.gradle.execution.DefaultBuildExecuter.configure(DefaultBuildExecuter.java:42)
	at org.gradle.execution.DefaultBuildExecuter.access$100(DefaultBuildExecuter.java:23)
	at org.gradle.execution.DefaultBuildExecuter$1.proceed(DefaultBuildExecuter.java:48)
	at org.gradle.execution.DefaultTasksBuildExecutionAction.configure(DefaultTasksBuildExecutionAction.java:44)
	at org.gradle.execution.DefaultBuildExecuter.configure(DefaultBuildExecuter.java:42)
	at org.gradle.execution.DefaultBuildExecuter.select(DefaultBuildExecuter.java:35)
	at org.gradle.initialization.DefaultGradleLauncher.doBuildStages(DefaultGradleLauncher.java:142)
	at org.gradle.initialization.DefaultGradleLauncher.doBuild(DefaultGradleLauncher.java:106)
	at org.gradle.initialization.DefaultGradleLauncher.run(DefaultGradleLauncher.java:86)
	at org.gradle.launcher.exec.InProcessBuildActionExecuter$DefaultBuildController.run(InProcessBuildActionExecuter.java:90)
	at org.gradle.tooling.internal.provider.ExecuteBuildActionRunner.run(ExecuteBuildActionRunner.java:28)
	at org.gradle.launcher.exec.ChainingBuildActionRunner.run(ChainingBuildActionRunner.java:35)
	at org.gradle.launcher.exec.InProcessBuildActionExecuter.execute(InProcessBuildActionExecuter.java:41)
	at org.gradle.launcher.exec.InProcessBuildActionExecuter.execute(InProcessBuildActionExecuter.java:28)
	at org.gradle.launcher.exec.DaemonUsageSuggestingBuildActionExecuter.execute(DaemonUsageSuggestingBuildActionExecuter.java:50)
	at org.gradle.launcher.exec.DaemonUsageSuggestingBuildActionExecuter.execute(DaemonUsageSuggestingBuildActionExecuter.java:27)
	at org.gradle.launcher.cli.RunBuildAction.run(RunBuildAction.java:40)
	at org.gradle.internal.Actions$RunnableActionAdapter.execute(Actions.java:169)
	at org.gradle.launcher.cli.CommandLineActionFactory$ParseAndBuildAction.execute(CommandLineActionFactory.java:237)
	at org.gradle.launcher.cli.CommandLineActionFactory$ParseAndBuildAction.execute(CommandLineActionFactory.java:210)
	at org.gradle.launcher.cli.JavaRuntimeValidationAction.execute(JavaRuntimeValidationAction.java:35)
	at org.gradle.launcher.cli.JavaRuntimeValidationAction.execute(JavaRuntimeValidationAction.java:24)
	at org.gradle.launcher.cli.CommandLineActionFactory$WithLogging.execute(CommandLineActionFactory.java:206)
	at org.gradle.launcher.cli.CommandLineActionFactory$WithLogging.execute(CommandLineActionFactory.java:169)
	at org.gradle.launcher.cli.ExceptionReportingAction.execute(ExceptionReportingAction.java:33)
	at org.gradle.launcher.cli.ExceptionReportingAction.execute(ExceptionReportingAction.java:22)
	at org.gradle.launcher.Main.doAction(Main.java:33)
	at org.gradle.launcher.bootstrap.EntryPoint.run(EntryPoint.java:45)
	at org.gradle.launcher.bootstrap.ProcessBootstrap.runNoExit(ProcessBootstrap.java:54)
	at org.gradle.launcher.bootstrap.ProcessBootstrap.run(ProcessBootstrap.java:35)
	at org.gradle.launcher.GradleMain.main(GradleMain.java:23)
	at org.gradle.wrapper.BootstrapMainStarter.start(BootstrapMainStarter.java:33)
	at org.gradle.wrapper.WrapperExecutor.execute(WrapperExecutor.java:130)
	at org.gradle.wrapper.GradleWrapperMain.main(GradleWrapperMain.java:48)


BUILD FAILED

Total time: 6.995 secs

2018-04-01 21:20:39,712 ERROR ProjectBuildService - Excluded tasks were detected wrong
2018-04-01 21:20:39,712 INFO  SysUtils - Execute command: [/tmp/rdisk/2612/src/gradlew, -b, /tmp/rdisk/2612/src/example/build.gradle, -Dorg.gradle.daemon=false, -Dorg.gradle.daemon.performance.enable-monitoring=false, -Dorg.gradle.configureondemand=true, --stacktrace, build]
2018-04-01 21:21:16,343 INFO  SysUtils - Configuration on demand is an incubating feature.
:example:preBuild UP-TO-DATE
:example:preDebugBuild UP-TO-DATE
:example:checkDebugManifest
:example:preReleaseBuild UP-TO-DATE
:materialfavoritebutton:preBuild UP-TO-DATE
:materialfavoritebutton:preReleaseBuild UP-TO-DATE
:materialfavoritebutton:compileReleaseNdk UP-TO-DATE
:materialfavoritebutton:compileLint
:materialfavoritebutton:copyReleaseLint UP-TO-DATE
:materialfavoritebutton:mergeReleaseProguardFiles
:materialfavoritebutton:packageReleaseRenderscript UP-TO-DATE
:materialfavoritebutton:checkReleaseManifest
:materialfavoritebutton:prepareReleaseDependencies
:materialfavoritebutton:compileReleaseRenderscript
:materialfavoritebutton:generateReleaseResValues
:materialfavoritebutton:generateReleaseResources
:materialfavoritebutton:packageReleaseResources
:materialfavoritebutton:compileReleaseAidl
:materialfavoritebutton:generateReleaseBuildConfig
:materialfavoritebutton:generateReleaseAssets UP-TO-DATE
:materialfavoritebutton:mergeReleaseAssets
:materialfavoritebutton:processReleaseManifest
:materialfavoritebutton:processReleaseResources
:materialfavoritebutton:generateReleaseSources
:materialfavoritebutton:compileReleaseJavaWithJavac
:materialfavoritebutton:processReleaseJavaRes UP-TO-DATE
:materialfavoritebutton:transformResourcesWithMergeJavaResForRelease
:materialfavoritebutton:transformClassesAndResourcesWithSyncLibJarsForRelease
:materialfavoritebutton:mergeReleaseJniLibFolders
:materialfavoritebutton:transformNative_libsWithMergeJniLibsForRelease
:materialfavoritebutton:transformNative_libsWithSyncJniLibsForRelease
:materialfavoritebutton:bundleRelease
:example:prepareComAndroidSupportAppcompatV72311Library
:example:prepareComAndroidSupportCardviewV72311Library
:example:prepareComAndroidSupportDesign2311Library
:example:prepareComAndroidSupportRecyclerviewV72311Library
:example:prepareComAndroidSupportSupportV42311Library
:example:prepareSrcMaterialfavoritebuttonUnspecifiedLibrary
:example:prepareDebugDependencies
:example:compileDebugAidl
:example:compileDebugRenderscript
:example:generateDebugBuildConfig
:example:generateDebugAssets UP-TO-DATE
:example:mergeDebugAssets
:example:generateDebugResValues
:example:generateDebugResources
:example:mergeDebugResources
:example:processDebugManifest
:example:processDebugResources
:example:generateDebugSources
:example:compileDebugJavaWithJavac
:example:compileDebugNdk UP-TO-DATE
:example:compileDebugSources
:example:transformClassesWithDexForDebug
:example:mergeDebugJniLibFolders
:example:transformNative_libsWithMergeJniLibsForDebug
:example:processDebugJavaRes UP-TO-DATE
:example:transformResourcesWithMergeJavaResForDebug
:example:validateDebugSigning
:example:packageDebug
:example:zipalignDebug
:example:assembleDebug
:example:checkReleaseManifest
:example:prepareReleaseDependencies
:example:compileReleaseAidl
:example:compileReleaseRenderscript
:example:generateReleaseBuildConfig
:example:generateReleaseAssets UP-TO-DATE
:example:mergeReleaseAssets
:example:generateReleaseResValues
:example:generateReleaseResources
:example:mergeReleaseResources
:example:processReleaseManifest
:example:processReleaseResources
:example:generateReleaseSources
:example:compileReleaseJavaWithJavac
:example:compileReleaseNdk UP-TO-DATE
:example:compileReleaseSources
:example:lintVitalRelease
:example:transformClassesWithDexForRelease
:example:mergeReleaseJniLibFolders
:example:transformNative_libsWithMergeJniLibsForRelease
:example:processReleaseJavaRes UP-TO-DATE
:example:transformResourcesWithMergeJavaResForRelease
:example:packageRelease
:example:assembleRelease
:example:assemble
:example:compileLint
:example:lint
Wrote HTML report to file:///tmp/rdisk/2612/src/example/build/outputs/lint-results.html
Wrote XML report to file:///tmp/rdisk/2612/src/example/build/outputs/lint-results.xml
Lint found 0 errors and 25 warnings
:example:preDebugUnitTestBuild UP-TO-DATE
:example:prepareDebugUnitTestDependencies
:example:compileDebugUnitTestJavaWithJavac UP-TO-DATE
:example:processDebugUnitTestJavaRes UP-TO-DATE
:example:compileDebugUnitTestSources UP-TO-DATE
:example:mockableAndroidJar
:example:assembleDebugUnitTest
:example:testDebugUnitTest
:example:preReleaseUnitTestBuild UP-TO-DATE
:example:prepareReleaseUnitTestDependencies
:example:compileReleaseUnitTestJavaWithJavac UP-TO-DATE
:example:processReleaseUnitTestJavaRes UP-TO-DATE
:example:compileReleaseUnitTestSources UP-TO-DATE
:example:assembleReleaseUnitTest
:example:testReleaseUnitTest
:example:test
:example:check
:example:build

BUILD SUCCESSFUL

Total time: 36.187 secs

2018-04-01 21:21:16,393 INFO  FullProcessService - Found APK file: /tmp/rdisk/2612/src/example/build/outputs/apk/example-release-unsigned.apk
