2018-04-01 10:05:44,049 INFO  DownloadService - Downloading "https://github.com/stanfy/enroscar/archive/master.zip", attempt 3
2018-04-01 10:06:44,613 INFO  GithubDownloadService - Could not find ZIP archive for master branch
2018-04-01 10:06:45,285 INFO  GithubDownloadService - Default branch of this repository: master
2018-04-01 10:06:45,285 INFO  DownloadService - Downloading "https://github.com/stanfy/enroscar/archive/master.zip", attempt 3
2018-04-01 10:07:46,497 DEBUG FullProcessService - Repository https://github.com/stanfy/enroscar available: true
2018-04-01 10:07:46,497 INFO  FullProcessService - Could not download ZIP file from Github, lets clone it
2018-04-01 10:07:46,497 INFO  SysUtils - Execute command: [git, clone, -q, --single-branch, --depth, 1, https://github.com/stanfy/enroscar, /tmp/rdisk/2719/src]
2018-04-01 10:07:48,560 INFO  SysUtils - 
2018-04-01 10:07:48,570 INFO  GitService - Deleted "/tmp/rdisk/2719/src/.git": true
2018-04-01 10:07:48,583 INFO  FullProcessService - Size of directory with sources: 1 MB
2018-04-01 10:07:48,583 INFO  SysUtils - Execute command: [git, init, /tmp/rdisk/2719/src]
2018-04-01 10:07:48,594 INFO  SysUtils - Initialized empty Git repository in /tmp/rdisk/2719/src/.git/

2018-04-01 10:07:48,604 INFO  ProjectBuildService - Gradle wrapper(s): /tmp/rdisk/2719/src/gradlew
2018-04-01 10:07:48,615 INFO  ProjectBuildService - Build script(s): /tmp/rdisk/2719/src/build.gradle /tmp/rdisk/2719/src/net/build.gradle /tmp/rdisk/2719/src/sample-project/build.gradle /tmp/rdisk/2719/src/content/build.gradle /tmp/rdisk/2719/src/images/build.gradle /tmp/rdisk/2719/src/io/build.gradle /tmp/rdisk/2719/src/io/java-sample/build.gradle /tmp/rdisk/2719/src/ui/build.gradle
2018-04-01 10:07:48,624 INFO  ProjectBuildService - All script(s): /tmp/rdisk/2719/src/ui/build.gradle /tmp/rdisk/2719/src/settings.gradle /tmp/rdisk/2719/src/sample-project/build.gradle /tmp/rdisk/2719/src/net/build.gradle /tmp/rdisk/2719/src/io/java-sample/build.gradle /tmp/rdisk/2719/src/io/build.gradle /tmp/rdisk/2719/src/images/build.gradle /tmp/rdisk/2719/src/gradle/tests.gradle /tmp/rdisk/2719/src/gradle/publish.gradle /tmp/rdisk/2719/src/gradle/jar.gradle /tmp/rdisk/2719/src/content/build.gradle /tmp/rdisk/2719/src/build.gradle
2018-04-01 10:07:48,625 INFO  ProjectBuildService - Remote scripts: none
2018-04-01 10:07:48,625 INFO  ProjectFixService - Fixing project...
2018-04-01 10:07:48,646 INFO  LocalPropertiesFixService - Created fake /tmp/rdisk/2719/src/local.properties
2018-04-01 10:07:48,647 INFO  WrapperPropertiesFixService - Gradle wrapper: https://services.gradle.org/distributions/gradle-2.14-all.zip
2018-04-01 10:07:48,647 INFO  WrapperPropertiesFixService - Gradle wrapper was changed from "-all.zip" to "-bin.zip" (https://services.gradle.org/distributions/gradle-2.14-bin.zip)
2018-04-01 10:07:48,648 INFO  ProjectFixService - Build info for "/tmp/rdisk/2719/src/build.gradle": [buildToolsVersion=19.0.3,compileSdkVersion=21,minSdkVersion=9,targetSdkVersion=19]
2018-04-01 10:07:48,648 INFO  ProjectFixService - Fixed build info for "/tmp/rdisk/2719/src/build.gradle": [buildToolsVersion=19.1.0,compileSdkVersion=21,minSdkVersion=9,targetSdkVersion=19]
2018-04-01 10:07:48,649 INFO  LocalPropertiesFixService - Created fake /tmp/rdisk/2719/src/net/local.properties
2018-04-01 10:07:48,650 INFO  ProjectFixService - Build info for "/tmp/rdisk/2719/src/net/build.gradle": [buildToolsVersion=19.0.3,compileSdkVersion=19,minSdkVersion=8,targetSdkVersion=19]
2018-04-01 10:07:48,650 INFO  ProjectFixService - Fixed build info for "/tmp/rdisk/2719/src/net/build.gradle": [buildToolsVersion=19.1.0,compileSdkVersion=19,minSdkVersion=8,targetSdkVersion=19]
2018-04-01 10:07:48,650 INFO  LocalPropertiesFixService - Created fake /tmp/rdisk/2719/src/sample-project/local.properties
2018-04-01 10:07:48,651 INFO  ProjectFixService - Build info for "/tmp/rdisk/2719/src/sample-project/build.gradle": [buildToolsVersion=19.0.3,compileSdkVersion=19,minSdkVersion=8,targetSdkVersion=19]
2018-04-01 10:07:48,651 INFO  ProjectFixService - Fixed build info for "/tmp/rdisk/2719/src/sample-project/build.gradle": [buildToolsVersion=19.1.0,compileSdkVersion=19,minSdkVersion=8,targetSdkVersion=19]
2018-04-01 10:07:48,651 INFO  LocalPropertiesFixService - Created fake /tmp/rdisk/2719/src/content/local.properties
2018-04-01 10:07:48,652 INFO  ProjectFixService - Build info for "/tmp/rdisk/2719/src/content/build.gradle": [buildToolsVersion=19.1.0,compileSdkVersion=19,minSdkVersion=8,targetSdkVersion=19]
2018-04-01 10:07:48,652 INFO  LocalPropertiesFixService - Created fake /tmp/rdisk/2719/src/images/local.properties
2018-04-01 10:07:48,654 INFO  ProjectFixService - Build info for "/tmp/rdisk/2719/src/images/build.gradle": [buildToolsVersion=19.1.0,compileSdkVersion=19,minSdkVersion=8,targetSdkVersion=19]
2018-04-01 10:07:48,654 INFO  LocalPropertiesFixService - Created fake /tmp/rdisk/2719/src/io/local.properties
2018-04-01 10:07:48,655 INFO  ProjectFixService - Build info for "/tmp/rdisk/2719/src/io/build.gradle": [buildToolsVersion=19.1.0,compileSdkVersion=19,minSdkVersion=8,targetSdkVersion=19]
2018-04-01 10:07:48,655 INFO  LocalPropertiesFixService - Created fake /tmp/rdisk/2719/src/io/java-sample/local.properties
2018-04-01 10:07:48,656 INFO  ProjectFixService - Build info for "/tmp/rdisk/2719/src/io/java-sample/build.gradle": [buildToolsVersion=19.1.0,compileSdkVersion=19,minSdkVersion=8,targetSdkVersion=19]
2018-04-01 10:07:48,656 INFO  LocalPropertiesFixService - Created fake /tmp/rdisk/2719/src/ui/local.properties
2018-04-01 10:07:48,657 INFO  ProjectFixService - Build info for "/tmp/rdisk/2719/src/ui/build.gradle": [buildToolsVersion=19.1.0,compileSdkVersion=19,minSdkVersion=8,targetSdkVersion=19]
2018-04-01 10:07:48,657 INFO  ProjectFixService - Project was maybe fixed
2018-04-01 10:07:48,657 INFO  ProjectTaskService - Detecting possible tasks...
2018-04-01 10:07:48,657 INFO  SysUtils - Execute command: [/tmp/rdisk/2719/src/gradlew, -b, /tmp/rdisk/2719/src/build.gradle, -Dorg.gradle.daemon=false, -Dorg.gradle.daemon.performance.enable-monitoring=false, -Dorg.gradle.configureondemand=true, tasks]
2018-04-01 10:07:59,580 INFO  ProjectTaskService - Detected possible tasks: 72
2018-04-01 10:07:59,580 INFO  ProjectTaskService - Excluded tasks (16): lintDebug mockableAndroidJar deviceCheck lint testReleaseUnitTest deviceAndroidTest uninstallDebugAndroidTest installDebugAndroidTest connectedCheck connectedDebugAndroidTest uninstallAll test check testDebugUnitTest connectedAndroidTest lintRelease
2018-04-01 10:07:59,580 INFO  SysUtils - Execute command: [/tmp/rdisk/2719/src/gradlew, -b, /tmp/rdisk/2719/src/build.gradle, -Dorg.gradle.daemon=false, -Dorg.gradle.daemon.performance.enable-monitoring=false, -Dorg.gradle.configureondemand=true, --stacktrace, -x, lintDebug, -x, mockableAndroidJar, -x, deviceCheck, -x, lint, -x, testReleaseUnitTest, -x, deviceAndroidTest, -x, uninstallDebugAndroidTest, -x, installDebugAndroidTest, -x, connectedCheck, -x, connectedDebugAndroidTest, -x, uninstallAll, -x, test, -x, check, -x, testDebugUnitTest, -x, connectedAndroidTest, -x, lintRelease, build]
2018-04-01 10:08:15,877 INFO  SysUtils - Configuration on demand is an incubating feature.
Incremental java compilation is an incubating feature.
:content:preBuild UP-TO-DATE
:content:preReleaseBuild UP-TO-DATE
:content:checkReleaseManifest
:content:preDebugAndroidTestBuild UP-TO-DATE
:content:preDebugBuild UP-TO-DATE
:content:preDebugUnitTestBuild UP-TO-DATE
:content:preReleaseUnitTestBuild UP-TO-DATE
:content:prepareComAndroidSupportSupportV42340Library
:content:prepareReleaseDependencies
:content:compileReleaseAidl
:content:compileReleaseRenderscript
:content:generateReleaseBuildConfig
:content:mergeReleaseShaders
:content:compileReleaseShaders
:content:generateReleaseAssets
:content:mergeReleaseAssets
:content:generateReleaseResValues
:content:generateReleaseResources
:content:mergeReleaseResources
:content:processReleaseManifest
:content:processReleaseResources
:content:generateReleaseSources
:content:incrementalReleaseJavaCompilationSafeguard
:content:compileReleaseJavaWithJavac
:content:compileReleaseJavaWithJavac - is not incremental (e.g. outputs have changed, no previous execution, etc.).
:content:androidJavadocs
:content:androidJavadocsJar
:content:androidSourcesJar
:content:compileDebugNdk UP-TO-DATE
:content:compileLint
:content:copyDebugLint UP-TO-DATE
:content:checkDebugManifest
:content:prepareDebugDependencies
:content:compileDebugAidl
:content:compileDebugRenderscript
:content:generateDebugBuildConfig
:content:mergeDebugShaders
:content:compileDebugShaders
:content:generateDebugAssets
:content:mergeDebugAssets
:content:generateDebugResValues
:content:generateDebugResources
:content:mergeDebugResources
:content:processDebugManifest
:content:processDebugResources
:content:generateDebugSources
:content:incrementalDebugJavaCompilationSafeguard
:content:compileDebugJavaWithJavac
:content:compileDebugJavaWithJavac - is not incremental (e.g. outputs have changed, no previous execution, etc.).
:content:extractDebugAnnotations
:content:mergeDebugProguardFiles
:content:packageDebugRenderscript UP-TO-DATE
:content:packageDebugResources
:content:processDebugJavaRes UP-TO-DATE
:content:transformResourcesWithMergeJavaResForDebug
:content:transformClassesAndResourcesWithSyncLibJarsForDebug
:content:mergeDebugJniLibFolders
:content:transformNative_libsWithMergeJniLibsForDebug
:content:transformNative_libsWithSyncJniLibsForDebug
:content:bundleDebug
:content:compileDebugSources
:content:assembleDebug
:content:compileReleaseNdk UP-TO-DATE
:content:copyReleaseLint UP-TO-DATE
:content:extractReleaseAnnotations
:content:mergeReleaseProguardFiles
:content:packageReleaseRenderscript UP-TO-DATE
:content:packageReleaseResources
:content:processReleaseJavaRes UP-TO-DATE
:content:transformResourcesWithMergeJavaResForRelease
:content:transformClassesAndResourcesWithSyncLibJarsForRelease
:content:mergeReleaseJniLibFolders
:content:transformNative_libsWithMergeJniLibsForRelease
:content:transformNative_libsWithSyncJniLibsForRelease
:content:bundleRelease
:content:compileReleaseSources
:content:assembleRelease
:content:signArchives SKIPPED
:content:assemble
:content:build
:ui:preBuild UP-TO-DATE
:ui:preReleaseBuild UP-TO-DATE
:ui:checkReleaseManifest
:ui:preDebugAndroidTestBuild UP-TO-DATE
:ui:preDebugBuild UP-TO-DATE
:ui:preDebugUnitTestBuild UP-TO-DATE
:ui:preReleaseUnitTestBuild UP-TO-DATE
:ui:prepareComAndroidSupportSupportV42340Library
:ui:prepareReleaseDependencies
:ui:compileReleaseAidl
:ui:compileReleaseRenderscript
:ui:generateReleaseBuildConfig
:ui:mergeReleaseShaders
:ui:compileReleaseShaders
:ui:generateReleaseAssets
:ui:mergeReleaseAssets
:ui:generateReleaseResValues
:ui:generateReleaseResources
:ui:mergeReleaseResources
:ui:processReleaseManifest
:ui:processReleaseResources
:ui:generateReleaseSources
:ui:incrementalReleaseJavaCompilationSafeguard
:ui:compileReleaseJavaWithJavac
:ui:compileReleaseJavaWithJavac - is not incremental (e.g. outputs have changed, no previous execution, etc.).
:ui:androidJavadocs/tmp/rdisk/2719/src/ui/build/generated/source/r/release/com/stanfy/enroscar/ui/R.java:64: warning - @attr is an unknown tag.
/tmp/rdisk/2719/src/ui/build/generated/source/r/release/com/stanfy/enroscar/ui/R.java:91: warning - @attr is an unknown tag.
/tmp/rdisk/2719/src/ui/build/generated/source/r/release/com/stanfy/enroscar/ui/R.java:118: warning - @attr is an unknown tag.
/tmp/rdisk/2719/src/ui/build/generated/source/r/release/com/stanfy/enroscar/ui/R.java:145: warning - @attr is an unknown tag.

4 warnings
:ui:androidJavadocsJar
:ui:androidSourcesJar
:ui:compileDebugNdk UP-TO-DATE
:ui:compileLint
:ui:copyDebugLint UP-TO-DATE
:ui:checkDebugManifest
:ui:prepareDebugDependencies
:ui:compileDebugAidl
:ui:compileDebugRenderscript
:ui:generateDebugBuildConfig
:ui:mergeDebugShaders
:ui:compileDebugShaders
:ui:generateDebugAssets
:ui:mergeDebugAssets
:ui:generateDebugResValues
:ui:generateDebugResources
:ui:mergeDebugResources
:ui:processDebugManifest
:ui:processDebugResources
:ui:generateDebugSources
:ui:incrementalDebugJavaCompilationSafeguard
:ui:compileDebugJavaWithJavac
:ui:compileDebugJavaWithJavac - is not incremental (e.g. outputs have changed, no previous execution, etc.).
:ui:extractDebugAnnotations
:ui:mergeDebugProguardFiles
:ui:packageDebugRenderscript UP-TO-DATE
:ui:packageDebugResources
:ui:processDebugJavaRes UP-TO-DATE
:ui:transformResourcesWithMergeJavaResForDebug
:ui:transformClassesAndResourcesWithSyncLibJarsForDebug
:ui:mergeDebugJniLibFolders
:ui:transformNative_libsWithMergeJniLibsForDebug
:ui:transformNative_libsWithSyncJniLibsForDebug
:ui:bundleDebug
:ui:compileDebugSources
:ui:assembleDebug
:ui:compileReleaseNdk UP-TO-DATE
:ui:copyReleaseLint UP-TO-DATE
:ui:extractReleaseAnnotations
:ui:mergeReleaseProguardFiles
:ui:packageReleaseRenderscript UP-TO-DATE
:ui:packageReleaseResources
:ui:processReleaseJavaRes UP-TO-DATE
:ui:transformResourcesWithMergeJavaResForRelease
:ui:transformClassesAndResourcesWithSyncLibJarsForRelease
:ui:mergeReleaseJniLibFolders
:ui:transformNative_libsWithMergeJniLibsForRelease
:ui:transformNative_libsWithSyncJniLibsForRelease
:ui:bundleRelease
:ui:compileReleaseSources
:ui:assembleRelease
:ui:signArchives SKIPPED
:ui:assemble
:ui:build

BUILD SUCCESSFUL

Total time: 15.856 secs

2018-04-01 10:08:15,902 INFO  ProjectTaskService - Detecting possible tasks...
2018-04-01 10:08:15,902 INFO  SysUtils - Execute command: [/tmp/rdisk/2719/src/gradlew, -b, /tmp/rdisk/2719/src/net/build.gradle, -Dorg.gradle.daemon=false, -Dorg.gradle.daemon.performance.enable-monitoring=false, -Dorg.gradle.configureondemand=true, tasks]
2018-04-01 10:08:18,576 ERROR ProjectTaskService - Could not detect possible Gradle tasks: Process exited with an error: 1 (Exit value: 1)
2018-04-01 10:08:18,576 INFO  ProjectTaskService - Detected possible tasks: 0
2018-04-01 10:08:18,576 INFO  ProjectTaskService - Excluded tasks (0): none
2018-04-01 10:08:18,576 INFO  SysUtils - Execute command: [/tmp/rdisk/2719/src/gradlew, -b, /tmp/rdisk/2719/src/net/build.gradle, -Dorg.gradle.daemon=false, -Dorg.gradle.daemon.performance.enable-monitoring=false, -Dorg.gradle.configureondemand=true, --stacktrace, build]
2018-04-01 10:08:20,700 ERROR SysUtils - Could not process external command
org.apache.commons.exec.ExecuteException: Process exited with an error: 1 (Exit value: 1)
	at org.apache.commons.exec.DefaultExecutor.executeInternal(DefaultExecutor.java:404)
	at org.apache.commons.exec.DefaultExecutor.execute(DefaultExecutor.java:166)
	at com.github.vbauer.apkmaster.util.SysUtils.execute(SysUtils.java:67)
	at com.github.vbauer.apkmaster.util.SysUtils.executeSimple(SysUtils.java:43)
	at com.github.vbauer.apkmaster.service.assembly.ProjectBuildService.buildProject(ProjectBuildService.java:78)
	at com.github.vbauer.apkmaster.service.assembly.ProjectBuildService.buildProject(ProjectBuildService.java:64)
	at com.github.vbauer.apkmaster.service.assembly.ProjectBuildService.buildProject(ProjectBuildService.java:43)
	at com.github.vbauer.apkmaster.service.FullProcessService.build(FullProcessService.java:84)
	at com.github.vbauer.apkmaster.service.FullProcessService.process(FullProcessService.java:34)
	at com.github.vbauer.apkmaster.app.MainApplication.process(MainApplication.java:38)
	at com.github.vbauer.apkmaster.app.MainApplication.main(MainApplication.java:20)
	at sun.reflect.GeneratedMethodAccessor8.invoke(Unknown Source)
	at sun.reflect.DelegatingMethodAccessorImpl.invoke(DelegatingMethodAccessorImpl.java:43)
	at java.lang.reflect.Method.invoke(Method.java:498)
	at com.android.arsenal.util.ReflectionUtils.invoke(ReflectionUtils.java:42)
	at com.android.arsenal.util.ApkMasterUtils.main(ApkMasterUtils.java:30)
	at com.android.arsenal.service.processor.impl.BuildProcessorServiceImpl.buildProject(BuildProcessorServiceImpl.java:197)
	at com.android.arsenal.service.processor.impl.BuildProcessorServiceImpl.build(BuildProcessorServiceImpl.java:131)
	at com.android.arsenal.service.processor.impl.BuildProcessorServiceImpl.lambda$null$1(BuildProcessorServiceImpl.java:114)
	at java.util.concurrent.FutureTask.run(FutureTask.java:266)
	at java.util.concurrent.Executors$RunnableAdapter.call(Executors.java:511)
	at java.util.concurrent.FutureTask.run(FutureTask.java:266)
	at java.util.concurrent.ThreadPoolExecutor.runWorker(ThreadPoolExecutor.java:1149)
	at java.util.concurrent.ThreadPoolExecutor$Worker.run(ThreadPoolExecutor.java:624)
	at java.lang.Thread.run(Thread.java:748)
2018-04-01 10:08:20,700 INFO  SysUtils - Configuration on demand is an incubating feature.

FAILURE: Build failed with an exception.

* Where:
Build file '/tmp/rdisk/2719/src/net/build.gradle' line: 1

* What went wrong:
A problem occurred evaluating root project 'net'.
> Could not find method dependOnProjects() for arguments [[:beans, :io, :content]] on root project 'net' of type org.gradle.api.Project.

* Try:
Run with --info or --debug option to get more log output.

* Exception is:
org.gradle.api.GradleScriptException: A problem occurred evaluating root project 'net'.
	at org.gradle.groovy.scripts.internal.DefaultScriptRunnerFactory$ScriptRunnerImpl.run(DefaultScriptRunnerFactory.java:93)
	at org.gradle.configuration.DefaultScriptPluginFactory$ScriptPluginImpl$2.run(DefaultScriptPluginFactory.java:177)
	at org.gradle.configuration.ProjectScriptTarget.addConfiguration(ProjectScriptTarget.java:77)
	at org.gradle.configuration.DefaultScriptPluginFactory$ScriptPluginImpl.apply(DefaultScriptPluginFactory.java:182)
	at org.gradle.configuration.project.BuildScriptProcessor.execute(BuildScriptProcessor.java:38)
	at org.gradle.configuration.project.BuildScriptProcessor.execute(BuildScriptProcessor.java:25)
	at org.gradle.configuration.project.ConfigureActionsProjectEvaluator.evaluate(ConfigureActionsProjectEvaluator.java:34)
	at org.gradle.configuration.project.LifecycleProjectEvaluator.evaluate(LifecycleProjectEvaluator.java:55)
	at org.gradle.api.internal.project.AbstractProject.evaluate(AbstractProject.java:540)
	at org.gradle.api.internal.project.AbstractProject.evaluate(AbstractProject.java:93)
	at org.gradle.execution.TaskPathProjectEvaluator.configure(TaskPathProjectEvaluator.java:35)
	at org.gradle.configuration.DefaultBuildConfigurer.configure(DefaultBuildConfigurer.java:33)
	at org.gradle.initialization.DefaultGradleLauncher$2.run(DefaultGradleLauncher.java:124)
	at org.gradle.internal.Factories$1.create(Factories.java:22)
	at org.gradle.internal.progress.DefaultBuildOperationExecutor.run(DefaultBuildOperationExecutor.java:91)
	at org.gradle.internal.progress.DefaultBuildOperationExecutor.run(DefaultBuildOperationExecutor.java:53)
	at org.gradle.initialization.DefaultGradleLauncher.doBuildStages(DefaultGradleLauncher.java:121)
	at org.gradle.initialization.DefaultGradleLauncher.access$200(DefaultGradleLauncher.java:32)
	at org.gradle.initialization.DefaultGradleLauncher$1.create(DefaultGradleLauncher.java:98)
	at org.gradle.initialization.DefaultGradleLauncher$1.create(DefaultGradleLauncher.java:92)
	at org.gradle.internal.progress.DefaultBuildOperationExecutor.run(DefaultBuildOperationExecutor.java:91)
	at org.gradle.internal.progress.DefaultBuildOperationExecutor.run(DefaultBuildOperationExecutor.java:63)
	at org.gradle.initialization.DefaultGradleLauncher.doBuild(DefaultGradleLauncher.java:92)
	at org.gradle.initialization.DefaultGradleLauncher.run(DefaultGradleLauncher.java:83)
	at org.gradle.launcher.exec.InProcessBuildActionExecuter$DefaultBuildController.run(InProcessBuildActionExecuter.java:99)
	at org.gradle.tooling.internal.provider.ExecuteBuildActionRunner.run(ExecuteBuildActionRunner.java:28)
	at org.gradle.launcher.exec.ChainingBuildActionRunner.run(ChainingBuildActionRunner.java:35)
	at org.gradle.launcher.exec.InProcessBuildActionExecuter.execute(InProcessBuildActionExecuter.java:48)
	at org.gradle.launcher.exec.InProcessBuildActionExecuter.execute(InProcessBuildActionExecuter.java:30)
	at org.gradle.launcher.exec.ContinuousBuildActionExecuter.execute(ContinuousBuildActionExecuter.java:81)
	at org.gradle.launcher.exec.ContinuousBuildActionExecuter.execute(ContinuousBuildActionExecuter.java:46)
	at org.gradle.launcher.exec.DaemonUsageSuggestingBuildActionExecuter.execute(DaemonUsageSuggestingBuildActionExecuter.java:51)
	at org.gradle.launcher.exec.DaemonUsageSuggestingBuildActionExecuter.execute(DaemonUsageSuggestingBuildActionExecuter.java:28)
	at org.gradle.launcher.cli.RunBuildAction.run(RunBuildAction.java:43)
	at org.gradle.internal.Actions$RunnableActionAdapter.execute(Actions.java:173)
	at org.gradle.launcher.cli.CommandLineActionFactory$ParseAndBuildAction.execute(CommandLineActionFactory.java:239)
	at org.gradle.launcher.cli.CommandLineActionFactory$ParseAndBuildAction.execute(CommandLineActionFactory.java:212)
	at org.gradle.launcher.cli.JavaRuntimeValidationAction.execute(JavaRuntimeValidationAction.java:35)
	at org.gradle.launcher.cli.JavaRuntimeValidationAction.execute(JavaRuntimeValidationAction.java:24)
	at org.gradle.launcher.cli.ExceptionReportingAction.execute(ExceptionReportingAction.java:33)
	at org.gradle.launcher.cli.ExceptionReportingAction.execute(ExceptionReportingAction.java:22)
	at org.gradle.launcher.cli.CommandLineActionFactory$WithLogging.execute(CommandLineActionFactory.java:205)
	at org.gradle.launcher.cli.CommandLineActionFactory$WithLogging.execute(CommandLineActionFactory.java:169)
	at org.gradle.launcher.Main.doAction(Main.java:33)
	at org.gradle.launcher.bootstrap.EntryPoint.run(EntryPoint.java:45)
	at org.gradle.launcher.bootstrap.ProcessBootstrap.runNoExit(ProcessBootstrap.java:55)
	at org.gradle.launcher.bootstrap.ProcessBootstrap.run(ProcessBootstrap.java:36)
	at org.gradle.launcher.GradleMain.main(GradleMain.java:23)
	at org.gradle.wrapper.BootstrapMainStarter.start(BootstrapMainStarter.java:30)
	at org.gradle.wrapper.WrapperExecutor.execute(WrapperExecutor.java:127)
	at org.gradle.wrapper.GradleWrapperMain.main(GradleWrapperMain.java:61)
Caused by: org.gradle.internal.metaobject.AbstractDynamicObject$CustomMessageMissingMethodException: Could not find method dependOnProjects() for arguments [[:beans, :io, :content]] on root project 'net' of type org.gradle.api.Project.
	at org.gradle.internal.metaobject.AbstractDynamicObject.methodMissingException(AbstractDynamicObject.java:182)
	at org.gradle.internal.metaobject.AbstractDynamicObject.invokeMethod(AbstractDynamicObject.java:167)
	at org.gradle.groovy.scripts.BasicScript.methodMissing(BasicScript.java:79)
	at build_10j3f8zdrj3u2z9fyq7xydwjw.run(/tmp/rdisk/2719/src/net/build.gradle:1)
	at org.gradle.groovy.scripts.internal.DefaultScriptRunnerFactory$ScriptRunnerImpl.run(DefaultScriptRunnerFactory.java:91)
	... 50 more


BUILD FAILED

Total time: 1.92 secs

2018-04-01 10:08:20,725 INFO  ProjectTaskService - Detecting possible tasks...
2018-04-01 10:08:20,725 INFO  SysUtils - Execute command: [/tmp/rdisk/2719/src/gradlew, -b, /tmp/rdisk/2719/src/sample-project/build.gradle, -Dorg.gradle.daemon=false, -Dorg.gradle.daemon.performance.enable-monitoring=false, -Dorg.gradle.configureondemand=true, tasks]
2018-04-01 10:08:25,528 ERROR ProjectTaskService - Could not detect possible Gradle tasks: Process exited with an error: 1 (Exit value: 1)
2018-04-01 10:08:25,528 INFO  ProjectTaskService - Detected possible tasks: 0
2018-04-01 10:08:25,528 INFO  ProjectTaskService - Excluded tasks (0): none
2018-04-01 10:08:25,528 INFO  SysUtils - Execute command: [/tmp/rdisk/2719/src/gradlew, -b, /tmp/rdisk/2719/src/sample-project/build.gradle, -Dorg.gradle.daemon=false, -Dorg.gradle.daemon.performance.enable-monitoring=false, -Dorg.gradle.configureondemand=true, --stacktrace, build]
2018-04-01 10:08:29,857 ERROR SysUtils - Could not process external command
org.apache.commons.exec.ExecuteException: Process exited with an error: 1 (Exit value: 1)
	at org.apache.commons.exec.DefaultExecutor.executeInternal(DefaultExecutor.java:404)
	at org.apache.commons.exec.DefaultExecutor.execute(DefaultExecutor.java:166)
	at com.github.vbauer.apkmaster.util.SysUtils.execute(SysUtils.java:67)
	at com.github.vbauer.apkmaster.util.SysUtils.executeSimple(SysUtils.java:43)
	at com.github.vbauer.apkmaster.service.assembly.ProjectBuildService.buildProject(ProjectBuildService.java:78)
	at com.github.vbauer.apkmaster.service.assembly.ProjectBuildService.buildProject(ProjectBuildService.java:64)
	at com.github.vbauer.apkmaster.service.assembly.ProjectBuildService.buildProject(ProjectBuildService.java:43)
	at com.github.vbauer.apkmaster.service.FullProcessService.build(FullProcessService.java:84)
	at com.github.vbauer.apkmaster.service.FullProcessService.process(FullProcessService.java:34)
	at com.github.vbauer.apkmaster.app.MainApplication.process(MainApplication.java:38)
	at com.github.vbauer.apkmaster.app.MainApplication.main(MainApplication.java:20)
	at sun.reflect.GeneratedMethodAccessor8.invoke(Unknown Source)
	at sun.reflect.DelegatingMethodAccessorImpl.invoke(DelegatingMethodAccessorImpl.java:43)
	at java.lang.reflect.Method.invoke(Method.java:498)
	at com.android.arsenal.util.ReflectionUtils.invoke(ReflectionUtils.java:42)
	at com.android.arsenal.util.ApkMasterUtils.main(ApkMasterUtils.java:30)
	at com.android.arsenal.service.processor.impl.BuildProcessorServiceImpl.buildProject(BuildProcessorServiceImpl.java:197)
	at com.android.arsenal.service.processor.impl.BuildProcessorServiceImpl.build(BuildProcessorServiceImpl.java:131)
	at com.android.arsenal.service.processor.impl.BuildProcessorServiceImpl.lambda$null$1(BuildProcessorServiceImpl.java:114)
	at java.util.concurrent.FutureTask.run(FutureTask.java:266)
	at java.util.concurrent.Executors$RunnableAdapter.call(Executors.java:511)
	at java.util.concurrent.FutureTask.run(FutureTask.java:266)
	at java.util.concurrent.ThreadPoolExecutor.runWorker(ThreadPoolExecutor.java:1149)
	at java.util.concurrent.ThreadPoolExecutor$Worker.run(ThreadPoolExecutor.java:624)
	at java.lang.Thread.run(Thread.java:748)
2018-04-01 10:08:29,857 INFO  SysUtils - Configuration on demand is an incubating feature.

FAILURE: Build failed with an exception.

* Where:
Build file '/tmp/rdisk/2719/src/sample-project/build.gradle' line: 11

* What went wrong:
A problem occurred evaluating root project 'sample-project'.
> Failed to apply plugin [id 'android']
   > Gradle version 1.10 is required. Current version is 2.14. If using the gradle wrapper, try editing the distributionUrl in /root/Documents/workspace/java/bloodhound/gradle/wrapper/gradle-wrapper.properties to gradle-1.10-all.zip

* Try:
Run with --info or --debug option to get more log output.

* Exception is:
org.gradle.api.GradleScriptException: A problem occurred evaluating root project 'sample-project'.
	at org.gradle.groovy.scripts.internal.DefaultScriptRunnerFactory$ScriptRunnerImpl.run(DefaultScriptRunnerFactory.java:93)
	at org.gradle.configuration.DefaultScriptPluginFactory$ScriptPluginImpl$2.run(DefaultScriptPluginFactory.java:177)
	at org.gradle.configuration.ProjectScriptTarget.addConfiguration(ProjectScriptTarget.java:77)
	at org.gradle.configuration.DefaultScriptPluginFactory$ScriptPluginImpl.apply(DefaultScriptPluginFactory.java:182)
	at org.gradle.configuration.project.BuildScriptProcessor.execute(BuildScriptProcessor.java:38)
	at org.gradle.configuration.project.BuildScriptProcessor.execute(BuildScriptProcessor.java:25)
	at org.gradle.configuration.project.ConfigureActionsProjectEvaluator.evaluate(ConfigureActionsProjectEvaluator.java:34)
	at org.gradle.configuration.project.LifecycleProjectEvaluator.evaluate(LifecycleProjectEvaluator.java:55)
	at org.gradle.api.internal.project.AbstractProject.evaluate(AbstractProject.java:540)
	at org.gradle.api.internal.project.AbstractProject.evaluate(AbstractProject.java:93)
	at org.gradle.execution.TaskPathProjectEvaluator.configure(TaskPathProjectEvaluator.java:35)
	at org.gradle.configuration.DefaultBuildConfigurer.configure(DefaultBuildConfigurer.java:33)
	at org.gradle.initialization.DefaultGradleLauncher$2.run(DefaultGradleLauncher.java:124)
	at org.gradle.internal.Factories$1.create(Factories.java:22)
	at org.gradle.internal.progress.DefaultBuildOperationExecutor.run(DefaultBuildOperationExecutor.java:91)
	at org.gradle.internal.progress.DefaultBuildOperationExecutor.run(DefaultBuildOperationExecutor.java:53)
	at org.gradle.initialization.DefaultGradleLauncher.doBuildStages(DefaultGradleLauncher.java:121)
	at org.gradle.initialization.DefaultGradleLauncher.access$200(DefaultGradleLauncher.java:32)
	at org.gradle.initialization.DefaultGradleLauncher$1.create(DefaultGradleLauncher.java:98)
	at org.gradle.initialization.DefaultGradleLauncher$1.create(DefaultGradleLauncher.java:92)
	at org.gradle.internal.progress.DefaultBuildOperationExecutor.run(DefaultBuildOperationExecutor.java:91)
	at org.gradle.internal.progress.DefaultBuildOperationExecutor.run(DefaultBuildOperationExecutor.java:63)
	at org.gradle.initialization.DefaultGradleLauncher.doBuild(DefaultGradleLauncher.java:92)
	at org.gradle.initialization.DefaultGradleLauncher.run(DefaultGradleLauncher.java:83)
	at org.gradle.launcher.exec.InProcessBuildActionExecuter$DefaultBuildController.run(InProcessBuildActionExecuter.java:99)
	at org.gradle.tooling.internal.provider.ExecuteBuildActionRunner.run(ExecuteBuildActionRunner.java:28)
	at org.gradle.launcher.exec.ChainingBuildActionRunner.run(ChainingBuildActionRunner.java:35)
	at org.gradle.launcher.exec.InProcessBuildActionExecuter.execute(InProcessBuildActionExecuter.java:48)
	at org.gradle.launcher.exec.InProcessBuildActionExecuter.execute(InProcessBuildActionExecuter.java:30)
	at org.gradle.launcher.exec.ContinuousBuildActionExecuter.execute(ContinuousBuildActionExecuter.java:81)
	at org.gradle.launcher.exec.ContinuousBuildActionExecuter.execute(ContinuousBuildActionExecuter.java:46)
	at org.gradle.launcher.exec.DaemonUsageSuggestingBuildActionExecuter.execute(DaemonUsageSuggestingBuildActionExecuter.java:51)
	at org.gradle.launcher.exec.DaemonUsageSuggestingBuildActionExecuter.execute(DaemonUsageSuggestingBuildActionExecuter.java:28)
	at org.gradle.launcher.cli.RunBuildAction.run(RunBuildAction.java:43)
	at org.gradle.internal.Actions$RunnableActionAdapter.execute(Actions.java:173)
	at org.gradle.launcher.cli.CommandLineActionFactory$ParseAndBuildAction.execute(CommandLineActionFactory.java:239)
	at org.gradle.launcher.cli.CommandLineActionFactory$ParseAndBuildAction.execute(CommandLineActionFactory.java:212)
	at org.gradle.launcher.cli.JavaRuntimeValidationAction.execute(JavaRuntimeValidationAction.java:35)
	at org.gradle.launcher.cli.JavaRuntimeValidationAction.execute(JavaRuntimeValidationAction.java:24)
	at org.gradle.launcher.cli.ExceptionReportingAction.execute(ExceptionReportingAction.java:33)
	at org.gradle.launcher.cli.ExceptionReportingAction.execute(ExceptionReportingAction.java:22)
	at org.gradle.launcher.cli.CommandLineActionFactory$WithLogging.execute(CommandLineActionFactory.java:205)
	at org.gradle.launcher.cli.CommandLineActionFactory$WithLogging.execute(CommandLineActionFactory.java:169)
	at org.gradle.launcher.Main.doAction(Main.java:33)
	at org.gradle.launcher.bootstrap.EntryPoint.run(EntryPoint.java:45)
	at org.gradle.launcher.bootstrap.ProcessBootstrap.runNoExit(ProcessBootstrap.java:55)
	at org.gradle.launcher.bootstrap.ProcessBootstrap.run(ProcessBootstrap.java:36)
	at org.gradle.launcher.GradleMain.main(GradleMain.java:23)
	at org.gradle.wrapper.BootstrapMainStarter.start(BootstrapMainStarter.java:30)
	at org.gradle.wrapper.WrapperExecutor.execute(WrapperExecutor.java:127)
	at org.gradle.wrapper.GradleWrapperMain.main(GradleWrapperMain.java:61)
Caused by: org.gradle.api.internal.plugins.PluginApplicationException: Failed to apply plugin [id 'android']
	at org.gradle.api.internal.plugins.DefaultPluginManager.doApply(DefaultPluginManager.java:153)
	at org.gradle.api.internal.plugins.DefaultPluginManager.apply(DefaultPluginManager.java:112)
	at org.gradle.api.internal.plugins.DefaultObjectConfigurationAction.applyType(DefaultObjectConfigurationAction.java:113)
	at org.gradle.api.internal.plugins.DefaultObjectConfigurationAction.access$200(DefaultObjectConfigurationAction.java:36)
	at org.gradle.api.internal.plugins.DefaultObjectConfigurationAction$3.run(DefaultObjectConfigurationAction.java:80)
	at org.gradle.api.internal.plugins.DefaultObjectConfigurationAction.execute(DefaultObjectConfigurationAction.java:136)
	at org.gradle.api.internal.project.AbstractPluginAware.apply(AbstractPluginAware.java:46)
	at org.gradle.api.internal.project.ProjectScript.apply(ProjectScript.java:34)
	at org.gradle.api.Script$apply$0.callCurrent(Unknown Source)
	at build_am32cc7au71lj0jcm5bn0nbn1.run(/tmp/rdisk/2719/src/sample-project/build.gradle:11)
	at org.gradle.groovy.scripts.internal.DefaultScriptRunnerFactory$ScriptRunnerImpl.run(DefaultScriptRunnerFactory.java:91)
	... 50 more
Caused by: org.gradle.tooling.BuildException: Gradle version 1.10 is required. Current version is 2.14. If using the gradle wrapper, try editing the distributionUrl in /root/Documents/workspace/java/bloodhound/gradle/wrapper/gradle-wrapper.properties to gradle-1.10-all.zip
	at com.android.build.gradle.BasePlugin.checkGradleVersion(BasePlugin.groovy:344)
	at com.android.build.gradle.BasePlugin.apply(BasePlugin.groovy:237)
	at com.android.build.gradle.AppPlugin.super$2$apply(AppPlugin.groovy)
	at com.android.build.gradle.AppPlugin.apply(AppPlugin.groovy:47)
	at com.android.build.gradle.AppPlugin.apply(AppPlugin.groovy)
	at org.gradle.api.internal.plugins.ImperativeOnlyPluginApplicator.applyImperative(ImperativeOnlyPluginApplicator.java:35)
	at org.gradle.api.internal.plugins.RuleBasedPluginApplicator.applyImperative(RuleBasedPluginApplicator.java:43)
	at org.gradle.api.internal.plugins.DefaultPluginManager.doApply(DefaultPluginManager.java:137)
	... 60 more


BUILD FAILED

Total time: 3.923 secs

2018-04-01 10:08:29,881 INFO  ProjectTaskService - Detecting possible tasks...
2018-04-01 10:08:29,881 INFO  SysUtils - Execute command: [/tmp/rdisk/2719/src/gradlew, -b, /tmp/rdisk/2719/src/content/build.gradle, -Dorg.gradle.daemon=false, -Dorg.gradle.daemon.performance.enable-monitoring=false, -Dorg.gradle.configureondemand=true, tasks]
2018-04-01 10:08:37,453 INFO  ProjectTaskService - Detected possible tasks: 72
2018-04-01 10:08:37,453 INFO  ProjectTaskService - Excluded tasks (16): lintDebug mockableAndroidJar deviceCheck lint testReleaseUnitTest deviceAndroidTest uninstallDebugAndroidTest installDebugAndroidTest connectedCheck connectedDebugAndroidTest uninstallAll test check testDebugUnitTest connectedAndroidTest lintRelease
2018-04-01 10:08:37,453 INFO  SysUtils - Execute command: [/tmp/rdisk/2719/src/gradlew, -b, /tmp/rdisk/2719/src/content/build.gradle, -Dorg.gradle.daemon=false, -Dorg.gradle.daemon.performance.enable-monitoring=false, -Dorg.gradle.configureondemand=true, --stacktrace, -x, lintDebug, -x, mockableAndroidJar, -x, deviceCheck, -x, lint, -x, testReleaseUnitTest, -x, deviceAndroidTest, -x, uninstallDebugAndroidTest, -x, installDebugAndroidTest, -x, connectedCheck, -x, connectedDebugAndroidTest, -x, uninstallAll, -x, test, -x, check, -x, testDebugUnitTest, -x, connectedAndroidTest, -x, lintRelease, build]
2018-04-01 10:08:46,438 INFO  SysUtils - Configuration on demand is an incubating feature.
Incremental java compilation is an incubating feature.
:content:preBuild UP-TO-DATE
:content:preReleaseBuild UP-TO-DATE
:content:checkReleaseManifest
:content:preDebugAndroidTestBuild UP-TO-DATE
:content:preDebugBuild UP-TO-DATE
:content:preDebugUnitTestBuild UP-TO-DATE
:content:preReleaseUnitTestBuild UP-TO-DATE
:content:prepareComAndroidSupportSupportV42340Library UP-TO-DATE
:content:prepareReleaseDependencies
:content:compileReleaseAidl UP-TO-DATE
:content:compileReleaseRenderscript UP-TO-DATE
:content:generateReleaseBuildConfig UP-TO-DATE
:content:mergeReleaseShaders UP-TO-DATE
:content:compileReleaseShaders UP-TO-DATE
:content:generateReleaseAssets UP-TO-DATE
:content:mergeReleaseAssets UP-TO-DATE
:content:generateReleaseResValues UP-TO-DATE
:content:generateReleaseResources UP-TO-DATE
:content:mergeReleaseResources UP-TO-DATE
:content:processReleaseManifest UP-TO-DATE
:content:processReleaseResources UP-TO-DATE
:content:generateReleaseSources UP-TO-DATE
:content:incrementalReleaseJavaCompilationSafeguard UP-TO-DATE
:content:compileReleaseJavaWithJavac UP-TO-DATE
:content:androidJavadocs
:content:androidJavadocsJar
:content:androidSourcesJar UP-TO-DATE
:content:compileDebugNdk UP-TO-DATE
:content:compileLint
:content:copyDebugLint UP-TO-DATE
:content:checkDebugManifest
:content:prepareDebugDependencies
:content:compileDebugAidl UP-TO-DATE
:content:compileDebugRenderscript UP-TO-DATE
:content:generateDebugBuildConfig UP-TO-DATE
:content:mergeDebugShaders UP-TO-DATE
:content:compileDebugShaders UP-TO-DATE
:content:generateDebugAssets UP-TO-DATE
:content:mergeDebugAssets UP-TO-DATE
:content:generateDebugResValues UP-TO-DATE
:content:generateDebugResources UP-TO-DATE
:content:mergeDebugResources UP-TO-DATE
:content:processDebugManifest UP-TO-DATE
:content:processDebugResources UP-TO-DATE
:content:generateDebugSources UP-TO-DATE
:content:incrementalDebugJavaCompilationSafeguard UP-TO-DATE
:content:compileDebugJavaWithJavac UP-TO-DATE
:content:extractDebugAnnotations UP-TO-DATE
:content:mergeDebugProguardFiles UP-TO-DATE
:content:packageDebugRenderscript UP-TO-DATE
:content:packageDebugResources UP-TO-DATE
:content:processDebugJavaRes UP-TO-DATE
:content:transformResourcesWithMergeJavaResForDebug UP-TO-DATE
:content:transformClassesAndResourcesWithSyncLibJarsForDebug UP-TO-DATE
:content:mergeDebugJniLibFolders UP-TO-DATE
:content:transformNative_libsWithMergeJniLibsForDebug UP-TO-DATE
:content:transformNative_libsWithSyncJniLibsForDebug UP-TO-DATE
:content:bundleDebug
:content:compileDebugSources UP-TO-DATE
:content:assembleDebug
:content:compileReleaseNdk UP-TO-DATE
:content:copyReleaseLint UP-TO-DATE
:content:extractReleaseAnnotations UP-TO-DATE
:content:mergeReleaseProguardFiles UP-TO-DATE
:content:packageReleaseRenderscript UP-TO-DATE
:content:packageReleaseResources UP-TO-DATE
:content:processReleaseJavaRes UP-TO-DATE
:content:transformResourcesWithMergeJavaResForRelease UP-TO-DATE
:content:transformClassesAndResourcesWithSyncLibJarsForRelease UP-TO-DATE
:content:mergeReleaseJniLibFolders UP-TO-DATE
:content:transformNative_libsWithMergeJniLibsForRelease UP-TO-DATE
:content:transformNative_libsWithSyncJniLibsForRelease UP-TO-DATE
:content:bundleRelease
:content:compileReleaseSources UP-TO-DATE
:content:assembleRelease
:content:signArchives SKIPPED
:content:assemble
:content:build

BUILD SUCCESSFUL

Total time: 8.549 secs

2018-04-01 10:08:46,462 INFO  ProjectTaskService - Detecting possible tasks...
2018-04-01 10:08:46,462 INFO  SysUtils - Execute command: [/tmp/rdisk/2719/src/gradlew, -b, /tmp/rdisk/2719/src/images/build.gradle, -Dorg.gradle.daemon=false, -Dorg.gradle.daemon.performance.enable-monitoring=false, -Dorg.gradle.configureondemand=true, tasks]
2018-04-01 10:08:48,605 ERROR ProjectTaskService - Could not detect possible Gradle tasks: Process exited with an error: 1 (Exit value: 1)
2018-04-01 10:08:48,606 INFO  ProjectTaskService - Detected possible tasks: 0
2018-04-01 10:08:48,606 INFO  ProjectTaskService - Excluded tasks (0): none
2018-04-01 10:08:48,606 INFO  SysUtils - Execute command: [/tmp/rdisk/2719/src/gradlew, -b, /tmp/rdisk/2719/src/images/build.gradle, -Dorg.gradle.daemon=false, -Dorg.gradle.daemon.performance.enable-monitoring=false, -Dorg.gradle.configureondemand=true, --stacktrace, build]
2018-04-01 10:08:50,594 ERROR SysUtils - Could not process external command
org.apache.commons.exec.ExecuteException: Process exited with an error: 1 (Exit value: 1)
	at org.apache.commons.exec.DefaultExecutor.executeInternal(DefaultExecutor.java:404)
	at org.apache.commons.exec.DefaultExecutor.execute(DefaultExecutor.java:166)
	at com.github.vbauer.apkmaster.util.SysUtils.execute(SysUtils.java:67)
	at com.github.vbauer.apkmaster.util.SysUtils.executeSimple(SysUtils.java:43)
	at com.github.vbauer.apkmaster.service.assembly.ProjectBuildService.buildProject(ProjectBuildService.java:78)
	at com.github.vbauer.apkmaster.service.assembly.ProjectBuildService.buildProject(ProjectBuildService.java:64)
	at com.github.vbauer.apkmaster.service.assembly.ProjectBuildService.buildProject(ProjectBuildService.java:43)
	at com.github.vbauer.apkmaster.service.FullProcessService.build(FullProcessService.java:84)
	at com.github.vbauer.apkmaster.service.FullProcessService.process(FullProcessService.java:34)
	at com.github.vbauer.apkmaster.app.MainApplication.process(MainApplication.java:38)
	at com.github.vbauer.apkmaster.app.MainApplication.main(MainApplication.java:20)
	at sun.reflect.GeneratedMethodAccessor8.invoke(Unknown Source)
	at sun.reflect.DelegatingMethodAccessorImpl.invoke(DelegatingMethodAccessorImpl.java:43)
	at java.lang.reflect.Method.invoke(Method.java:498)
	at com.android.arsenal.util.ReflectionUtils.invoke(ReflectionUtils.java:42)
	at com.android.arsenal.util.ApkMasterUtils.main(ApkMasterUtils.java:30)
	at com.android.arsenal.service.processor.impl.BuildProcessorServiceImpl.buildProject(BuildProcessorServiceImpl.java:197)
	at com.android.arsenal.service.processor.impl.BuildProcessorServiceImpl.build(BuildProcessorServiceImpl.java:131)
	at com.android.arsenal.service.processor.impl.BuildProcessorServiceImpl.lambda$null$1(BuildProcessorServiceImpl.java:114)
	at java.util.concurrent.FutureTask.run(FutureTask.java:266)
	at java.util.concurrent.Executors$RunnableAdapter.call(Executors.java:511)
	at java.util.concurrent.FutureTask.run(FutureTask.java:266)
	at java.util.concurrent.ThreadPoolExecutor.runWorker(ThreadPoolExecutor.java:1149)
	at java.util.concurrent.ThreadPoolExecutor$Worker.run(ThreadPoolExecutor.java:624)
	at java.lang.Thread.run(Thread.java:748)
2018-04-01 10:08:50,595 INFO  SysUtils - Configuration on demand is an incubating feature.

FAILURE: Build failed with an exception.

* Where:
Build file '/tmp/rdisk/2719/src/images/build.gradle' line: 1

* What went wrong:
A problem occurred evaluating root project 'images'.
> Could not find method dependOnProjects() for arguments [[:io, :net]] on root project 'images' of type org.gradle.api.Project.

* Try:
Run with --info or --debug option to get more log output.

* Exception is:
org.gradle.api.GradleScriptException: A problem occurred evaluating root project 'images'.
	at org.gradle.groovy.scripts.internal.DefaultScriptRunnerFactory$ScriptRunnerImpl.run(DefaultScriptRunnerFactory.java:93)
	at org.gradle.configuration.DefaultScriptPluginFactory$ScriptPluginImpl$2.run(DefaultScriptPluginFactory.java:177)
	at org.gradle.configuration.ProjectScriptTarget.addConfiguration(ProjectScriptTarget.java:77)
	at org.gradle.configuration.DefaultScriptPluginFactory$ScriptPluginImpl.apply(DefaultScriptPluginFactory.java:182)
	at org.gradle.configuration.project.BuildScriptProcessor.execute(BuildScriptProcessor.java:38)
	at org.gradle.configuration.project.BuildScriptProcessor.execute(BuildScriptProcessor.java:25)
	at org.gradle.configuration.project.ConfigureActionsProjectEvaluator.evaluate(ConfigureActionsProjectEvaluator.java:34)
	at org.gradle.configuration.project.LifecycleProjectEvaluator.evaluate(LifecycleProjectEvaluator.java:55)
	at org.gradle.api.internal.project.AbstractProject.evaluate(AbstractProject.java:540)
	at org.gradle.api.internal.project.AbstractProject.evaluate(AbstractProject.java:93)
	at org.gradle.execution.TaskPathProjectEvaluator.configure(TaskPathProjectEvaluator.java:35)
	at org.gradle.configuration.DefaultBuildConfigurer.configure(DefaultBuildConfigurer.java:33)
	at org.gradle.initialization.DefaultGradleLauncher$2.run(DefaultGradleLauncher.java:124)
	at org.gradle.internal.Factories$1.create(Factories.java:22)
	at org.gradle.internal.progress.DefaultBuildOperationExecutor.run(DefaultBuildOperationExecutor.java:91)
	at org.gradle.internal.progress.DefaultBuildOperationExecutor.run(DefaultBuildOperationExecutor.java:53)
	at org.gradle.initialization.DefaultGradleLauncher.doBuildStages(DefaultGradleLauncher.java:121)
	at org.gradle.initialization.DefaultGradleLauncher.access$200(DefaultGradleLauncher.java:32)
	at org.gradle.initialization.DefaultGradleLauncher$1.create(DefaultGradleLauncher.java:98)
	at org.gradle.initialization.DefaultGradleLauncher$1.create(DefaultGradleLauncher.java:92)
	at org.gradle.internal.progress.DefaultBuildOperationExecutor.run(DefaultBuildOperationExecutor.java:91)
	at org.gradle.internal.progress.DefaultBuildOperationExecutor.run(DefaultBuildOperationExecutor.java:63)
	at org.gradle.initialization.DefaultGradleLauncher.doBuild(DefaultGradleLauncher.java:92)
	at org.gradle.initialization.DefaultGradleLauncher.run(DefaultGradleLauncher.java:83)
	at org.gradle.launcher.exec.InProcessBuildActionExecuter$DefaultBuildController.run(InProcessBuildActionExecuter.java:99)
	at org.gradle.tooling.internal.provider.ExecuteBuildActionRunner.run(ExecuteBuildActionRunner.java:28)
	at org.gradle.launcher.exec.ChainingBuildActionRunner.run(ChainingBuildActionRunner.java:35)
	at org.gradle.launcher.exec.InProcessBuildActionExecuter.execute(InProcessBuildActionExecuter.java:48)
	at org.gradle.launcher.exec.InProcessBuildActionExecuter.execute(InProcessBuildActionExecuter.java:30)
	at org.gradle.launcher.exec.ContinuousBuildActionExecuter.execute(ContinuousBuildActionExecuter.java:81)
	at org.gradle.launcher.exec.ContinuousBuildActionExecuter.execute(ContinuousBuildActionExecuter.java:46)
	at org.gradle.launcher.exec.DaemonUsageSuggestingBuildActionExecuter.execute(DaemonUsageSuggestingBuildActionExecuter.java:51)
	at org.gradle.launcher.exec.DaemonUsageSuggestingBuildActionExecuter.execute(DaemonUsageSuggestingBuildActionExecuter.java:28)
	at org.gradle.launcher.cli.RunBuildAction.run(RunBuildAction.java:43)
	at org.gradle.internal.Actions$RunnableActionAdapter.execute(Actions.java:173)
	at org.gradle.launcher.cli.CommandLineActionFactory$ParseAndBuildAction.execute(CommandLineActionFactory.java:239)
	at org.gradle.launcher.cli.CommandLineActionFactory$ParseAndBuildAction.execute(CommandLineActionFactory.java:212)
	at org.gradle.launcher.cli.JavaRuntimeValidationAction.execute(JavaRuntimeValidationAction.java:35)
	at org.gradle.launcher.cli.JavaRuntimeValidationAction.execute(JavaRuntimeValidationAction.java:24)
	at org.gradle.launcher.cli.ExceptionReportingAction.execute(ExceptionReportingAction.java:33)
	at org.gradle.launcher.cli.ExceptionReportingAction.execute(ExceptionReportingAction.java:22)
	at org.gradle.launcher.cli.CommandLineActionFactory$WithLogging.execute(CommandLineActionFactory.java:205)
	at org.gradle.launcher.cli.CommandLineActionFactory$WithLogging.execute(CommandLineActionFactory.java:169)
	at org.gradle.launcher.Main.doAction(Main.java:33)
	at org.gradle.launcher.bootstrap.EntryPoint.run(EntryPoint.java:45)
	at org.gradle.launcher.bootstrap.ProcessBootstrap.runNoExit(ProcessBootstrap.java:55)
	at org.gradle.launcher.bootstrap.ProcessBootstrap.run(ProcessBootstrap.java:36)
	at org.gradle.launcher.GradleMain.main(GradleMain.java:23)
	at org.gradle.wrapper.BootstrapMainStarter.start(BootstrapMainStarter.java:30)
	at org.gradle.wrapper.WrapperExecutor.execute(WrapperExecutor.java:127)
	at org.gradle.wrapper.GradleWrapperMain.main(GradleWrapperMain.java:61)
Caused by: org.gradle.internal.metaobject.AbstractDynamicObject$CustomMessageMissingMethodException: Could not find method dependOnProjects() for arguments [[:io, :net]] on root project 'images' of type org.gradle.api.Project.
	at org.gradle.internal.metaobject.AbstractDynamicObject.methodMissingException(AbstractDynamicObject.java:182)
	at org.gradle.internal.metaobject.AbstractDynamicObject.invokeMethod(AbstractDynamicObject.java:167)
	at org.gradle.groovy.scripts.BasicScript.methodMissing(BasicScript.java:79)
	at build_4gx5ryvcwk1yscxr5gpjkyul5.run(/tmp/rdisk/2719/src/images/build.gradle:1)
	at org.gradle.groovy.scripts.internal.DefaultScriptRunnerFactory$ScriptRunnerImpl.run(DefaultScriptRunnerFactory.java:91)
	... 50 more


BUILD FAILED

Total time: 1.861 secs

2018-04-01 10:08:50,620 INFO  ProjectTaskService - Detecting possible tasks...
2018-04-01 10:08:50,620 INFO  SysUtils - Execute command: [/tmp/rdisk/2719/src/gradlew, -b, /tmp/rdisk/2719/src/io/build.gradle, -Dorg.gradle.daemon=false, -Dorg.gradle.daemon.performance.enable-monitoring=false, -Dorg.gradle.configureondemand=true, tasks]
2018-04-01 10:08:52,619 ERROR ProjectTaskService - Could not detect possible Gradle tasks: Process exited with an error: 1 (Exit value: 1)
2018-04-01 10:08:52,619 INFO  ProjectTaskService - Detected possible tasks: 0
2018-04-01 10:08:52,619 INFO  ProjectTaskService - Excluded tasks (0): none
2018-04-01 10:08:52,619 INFO  SysUtils - Execute command: [/tmp/rdisk/2719/src/gradlew, -b, /tmp/rdisk/2719/src/io/build.gradle, -Dorg.gradle.daemon=false, -Dorg.gradle.daemon.performance.enable-monitoring=false, -Dorg.gradle.configureondemand=true, --stacktrace, build]
2018-04-01 10:08:54,643 ERROR SysUtils - Could not process external command
org.apache.commons.exec.ExecuteException: Process exited with an error: 1 (Exit value: 1)
	at org.apache.commons.exec.DefaultExecutor.executeInternal(DefaultExecutor.java:404)
	at org.apache.commons.exec.DefaultExecutor.execute(DefaultExecutor.java:166)
	at com.github.vbauer.apkmaster.util.SysUtils.execute(SysUtils.java:67)
	at com.github.vbauer.apkmaster.util.SysUtils.executeSimple(SysUtils.java:43)
	at com.github.vbauer.apkmaster.service.assembly.ProjectBuildService.buildProject(ProjectBuildService.java:78)
	at com.github.vbauer.apkmaster.service.assembly.ProjectBuildService.buildProject(ProjectBuildService.java:64)
	at com.github.vbauer.apkmaster.service.assembly.ProjectBuildService.buildProject(ProjectBuildService.java:43)
	at com.github.vbauer.apkmaster.service.FullProcessService.build(FullProcessService.java:84)
	at com.github.vbauer.apkmaster.service.FullProcessService.process(FullProcessService.java:34)
	at com.github.vbauer.apkmaster.app.MainApplication.process(MainApplication.java:38)
	at com.github.vbauer.apkmaster.app.MainApplication.main(MainApplication.java:20)
	at sun.reflect.GeneratedMethodAccessor8.invoke(Unknown Source)
	at sun.reflect.DelegatingMethodAccessorImpl.invoke(DelegatingMethodAccessorImpl.java:43)
	at java.lang.reflect.Method.invoke(Method.java:498)
	at com.android.arsenal.util.ReflectionUtils.invoke(ReflectionUtils.java:42)
	at com.android.arsenal.util.ApkMasterUtils.main(ApkMasterUtils.java:30)
	at com.android.arsenal.service.processor.impl.BuildProcessorServiceImpl.buildProject(BuildProcessorServiceImpl.java:197)
	at com.android.arsenal.service.processor.impl.BuildProcessorServiceImpl.build(BuildProcessorServiceImpl.java:131)
	at com.android.arsenal.service.processor.impl.BuildProcessorServiceImpl.lambda$null$1(BuildProcessorServiceImpl.java:114)
	at java.util.concurrent.FutureTask.run(FutureTask.java:266)
	at java.util.concurrent.Executors$RunnableAdapter.call(Executors.java:511)
	at java.util.concurrent.FutureTask.run(FutureTask.java:266)
	at java.util.concurrent.ThreadPoolExecutor.runWorker(ThreadPoolExecutor.java:1149)
	at java.util.concurrent.ThreadPoolExecutor$Worker.run(ThreadPoolExecutor.java:624)
	at java.lang.Thread.run(Thread.java:748)
2018-04-01 10:08:54,643 INFO  SysUtils - Configuration on demand is an incubating feature.

FAILURE: Build failed with an exception.

* Where:
Build file '/tmp/rdisk/2719/src/io/build.gradle' line: 7

* What went wrong:
A problem occurred evaluating root project 'io'.
> Could not find method uploadArchives() for arguments [build_92bk0kve0ssd1dj1lanx5lcky$_run_closure2@585c13de] on root project 'io' of type org.gradle.api.Project.

* Try:
Run with --info or --debug option to get more log output.

* Exception is:
org.gradle.api.GradleScriptException: A problem occurred evaluating root project 'io'.
	at org.gradle.groovy.scripts.internal.DefaultScriptRunnerFactory$ScriptRunnerImpl.run(DefaultScriptRunnerFactory.java:93)
	at org.gradle.configuration.DefaultScriptPluginFactory$ScriptPluginImpl$2.run(DefaultScriptPluginFactory.java:177)
	at org.gradle.configuration.ProjectScriptTarget.addConfiguration(ProjectScriptTarget.java:77)
	at org.gradle.configuration.DefaultScriptPluginFactory$ScriptPluginImpl.apply(DefaultScriptPluginFactory.java:182)
	at org.gradle.configuration.project.BuildScriptProcessor.execute(BuildScriptProcessor.java:38)
	at org.gradle.configuration.project.BuildScriptProcessor.execute(BuildScriptProcessor.java:25)
	at org.gradle.configuration.project.ConfigureActionsProjectEvaluator.evaluate(ConfigureActionsProjectEvaluator.java:34)
	at org.gradle.configuration.project.LifecycleProjectEvaluator.evaluate(LifecycleProjectEvaluator.java:55)
	at org.gradle.api.internal.project.AbstractProject.evaluate(AbstractProject.java:540)
	at org.gradle.api.internal.project.AbstractProject.evaluate(AbstractProject.java:93)
	at org.gradle.execution.TaskPathProjectEvaluator.configure(TaskPathProjectEvaluator.java:35)
	at org.gradle.configuration.DefaultBuildConfigurer.configure(DefaultBuildConfigurer.java:33)
	at org.gradle.initialization.DefaultGradleLauncher$2.run(DefaultGradleLauncher.java:124)
	at org.gradle.internal.Factories$1.create(Factories.java:22)
	at org.gradle.internal.progress.DefaultBuildOperationExecutor.run(DefaultBuildOperationExecutor.java:91)
	at org.gradle.internal.progress.DefaultBuildOperationExecutor.run(DefaultBuildOperationExecutor.java:53)
	at org.gradle.initialization.DefaultGradleLauncher.doBuildStages(DefaultGradleLauncher.java:121)
	at org.gradle.initialization.DefaultGradleLauncher.access$200(DefaultGradleLauncher.java:32)
	at org.gradle.initialization.DefaultGradleLauncher$1.create(DefaultGradleLauncher.java:98)
	at org.gradle.initialization.DefaultGradleLauncher$1.create(DefaultGradleLauncher.java:92)
	at org.gradle.internal.progress.DefaultBuildOperationExecutor.run(DefaultBuildOperationExecutor.java:91)
	at org.gradle.internal.progress.DefaultBuildOperationExecutor.run(DefaultBuildOperationExecutor.java:63)
	at org.gradle.initialization.DefaultGradleLauncher.doBuild(DefaultGradleLauncher.java:92)
	at org.gradle.initialization.DefaultGradleLauncher.run(DefaultGradleLauncher.java:83)
	at org.gradle.launcher.exec.InProcessBuildActionExecuter$DefaultBuildController.run(InProcessBuildActionExecuter.java:99)
	at org.gradle.tooling.internal.provider.ExecuteBuildActionRunner.run(ExecuteBuildActionRunner.java:28)
	at org.gradle.launcher.exec.ChainingBuildActionRunner.run(ChainingBuildActionRunner.java:35)
	at org.gradle.launcher.exec.InProcessBuildActionExecuter.execute(InProcessBuildActionExecuter.java:48)
	at org.gradle.launcher.exec.InProcessBuildActionExecuter.execute(InProcessBuildActionExecuter.java:30)
	at org.gradle.launcher.exec.ContinuousBuildActionExecuter.execute(ContinuousBuildActionExecuter.java:81)
	at org.gradle.launcher.exec.ContinuousBuildActionExecuter.execute(ContinuousBuildActionExecuter.java:46)
	at org.gradle.launcher.exec.DaemonUsageSuggestingBuildActionExecuter.execute(DaemonUsageSuggestingBuildActionExecuter.java:51)
	at org.gradle.launcher.exec.DaemonUsageSuggestingBuildActionExecuter.execute(DaemonUsageSuggestingBuildActionExecuter.java:28)
	at org.gradle.launcher.cli.RunBuildAction.run(RunBuildAction.java:43)
	at org.gradle.internal.Actions$RunnableActionAdapter.execute(Actions.java:173)
	at org.gradle.launcher.cli.CommandLineActionFactory$ParseAndBuildAction.execute(CommandLineActionFactory.java:239)
	at org.gradle.launcher.cli.CommandLineActionFactory$ParseAndBuildAction.execute(CommandLineActionFactory.java:212)
	at org.gradle.launcher.cli.JavaRuntimeValidationAction.execute(JavaRuntimeValidationAction.java:35)
	at org.gradle.launcher.cli.JavaRuntimeValidationAction.execute(JavaRuntimeValidationAction.java:24)
	at org.gradle.launcher.cli.ExceptionReportingAction.execute(ExceptionReportingAction.java:33)
	at org.gradle.launcher.cli.ExceptionReportingAction.execute(ExceptionReportingAction.java:22)
	at org.gradle.launcher.cli.CommandLineActionFactory$WithLogging.execute(CommandLineActionFactory.java:205)
	at org.gradle.launcher.cli.CommandLineActionFactory$WithLogging.execute(CommandLineActionFactory.java:169)
	at org.gradle.launcher.Main.doAction(Main.java:33)
	at org.gradle.launcher.bootstrap.EntryPoint.run(EntryPoint.java:45)
	at org.gradle.launcher.bootstrap.ProcessBootstrap.runNoExit(ProcessBootstrap.java:55)
	at org.gradle.launcher.bootstrap.ProcessBootstrap.run(ProcessBootstrap.java:36)
	at org.gradle.launcher.GradleMain.main(GradleMain.java:23)
	at org.gradle.wrapper.BootstrapMainStarter.start(BootstrapMainStarter.java:30)
	at org.gradle.wrapper.WrapperExecutor.execute(WrapperExecutor.java:127)
	at org.gradle.wrapper.GradleWrapperMain.main(GradleWrapperMain.java:61)
Caused by: org.gradle.internal.metaobject.AbstractDynamicObject$CustomMessageMissingMethodException: Could not find method uploadArchives() for arguments [build_92bk0kve0ssd1dj1lanx5lcky$_run_closure2@585c13de] on root project 'io' of type org.gradle.api.Project.
	at org.gradle.internal.metaobject.AbstractDynamicObject.methodMissingException(AbstractDynamicObject.java:182)
	at org.gradle.internal.metaobject.AbstractDynamicObject.invokeMethod(AbstractDynamicObject.java:167)
	at org.gradle.groovy.scripts.BasicScript.methodMissing(BasicScript.java:79)
	at build_92bk0kve0ssd1dj1lanx5lcky.run(/tmp/rdisk/2719/src/io/build.gradle:7)
	at org.gradle.groovy.scripts.internal.DefaultScriptRunnerFactory$ScriptRunnerImpl.run(DefaultScriptRunnerFactory.java:91)
	... 50 more


BUILD FAILED

Total time: 1.864 secs

2018-04-01 10:08:54,667 INFO  ProjectTaskService - Detecting possible tasks...
2018-04-01 10:08:54,667 INFO  SysUtils - Execute command: [/tmp/rdisk/2719/src/gradlew, -b, /tmp/rdisk/2719/src/io/java-sample/build.gradle, -Dorg.gradle.daemon=false, -Dorg.gradle.daemon.performance.enable-monitoring=false, -Dorg.gradle.configureondemand=true, tasks]
2018-04-01 10:08:58,258 INFO  ProjectTaskService - Detected possible tasks: 41
2018-04-01 10:08:58,258 INFO  ProjectTaskService - Excluded tasks (3): javadoc test check
2018-04-01 10:08:58,258 INFO  SysUtils - Execute command: [/tmp/rdisk/2719/src/gradlew, -b, /tmp/rdisk/2719/src/io/java-sample/build.gradle, -Dorg.gradle.daemon=false, -Dorg.gradle.daemon.performance.enable-monitoring=false, -Dorg.gradle.configureondemand=true, --stacktrace, -x, javadoc, -x, test, -x, check, build]
2018-04-01 10:09:01,799 INFO  SysUtils - Configuration on demand is an incubating feature.
:compileJava UP-TO-DATE
:processResources UP-TO-DATE
:classes UP-TO-DATE
:jar
:assemble
:build

BUILD SUCCESSFUL

Total time: 3.124 secs

2018-04-01 10:09:01,822 INFO  ProjectTaskService - Detecting possible tasks...
2018-04-01 10:09:01,822 INFO  SysUtils - Execute command: [/tmp/rdisk/2719/src/gradlew, -b, /tmp/rdisk/2719/src/ui/build.gradle, -Dorg.gradle.daemon=false, -Dorg.gradle.daemon.performance.enable-monitoring=false, -Dorg.gradle.configureondemand=true, tasks]
2018-04-01 10:09:09,445 INFO  ProjectTaskService - Detected possible tasks: 72
2018-04-01 10:09:09,445 INFO  ProjectTaskService - Excluded tasks (16): lintDebug mockableAndroidJar deviceCheck lint testReleaseUnitTest deviceAndroidTest uninstallDebugAndroidTest installDebugAndroidTest connectedCheck connectedDebugAndroidTest uninstallAll test check testDebugUnitTest connectedAndroidTest lintRelease
2018-04-01 10:09:09,445 INFO  SysUtils - Execute command: [/tmp/rdisk/2719/src/gradlew, -b, /tmp/rdisk/2719/src/ui/build.gradle, -Dorg.gradle.daemon=false, -Dorg.gradle.daemon.performance.enable-monitoring=false, -Dorg.gradle.configureondemand=true, --stacktrace, -x, lintDebug, -x, mockableAndroidJar, -x, deviceCheck, -x, lint, -x, testReleaseUnitTest, -x, deviceAndroidTest, -x, uninstallDebugAndroidTest, -x, installDebugAndroidTest, -x, connectedCheck, -x, connectedDebugAndroidTest, -x, uninstallAll, -x, test, -x, check, -x, testDebugUnitTest, -x, connectedAndroidTest, -x, lintRelease, build]
2018-04-01 10:09:20,364 INFO  SysUtils - Configuration on demand is an incubating feature.
Incremental java compilation is an incubating feature.
:ui:preBuild UP-TO-DATE
:ui:preReleaseBuild UP-TO-DATE
:ui:checkReleaseManifest
:ui:preDebugAndroidTestBuild UP-TO-DATE
:ui:preDebugBuild UP-TO-DATE
:ui:preDebugUnitTestBuild UP-TO-DATE
:ui:preReleaseUnitTestBuild UP-TO-DATE
:ui:prepareComAndroidSupportSupportV42340Library UP-TO-DATE
:ui:prepareReleaseDependencies
:ui:compileReleaseAidl UP-TO-DATE
:ui:compileReleaseRenderscript UP-TO-DATE
:ui:generateReleaseBuildConfig UP-TO-DATE
:ui:mergeReleaseShaders UP-TO-DATE
:ui:compileReleaseShaders UP-TO-DATE
:ui:generateReleaseAssets UP-TO-DATE
:ui:mergeReleaseAssets UP-TO-DATE
:ui:generateReleaseResValues UP-TO-DATE
:ui:generateReleaseResources UP-TO-DATE
:ui:mergeReleaseResources UP-TO-DATE
:ui:processReleaseManifest UP-TO-DATE
:ui:processReleaseResources UP-TO-DATE
:ui:generateReleaseSources UP-TO-DATE
:ui:incrementalReleaseJavaCompilationSafeguard UP-TO-DATE
:ui:compileReleaseJavaWithJavac UP-TO-DATE
:ui:androidJavadocs/tmp/rdisk/2719/src/ui/build/generated/source/r/release/com/stanfy/enroscar/ui/R.java:64: warning - @attr is an unknown tag.
/tmp/rdisk/2719/src/ui/build/generated/source/r/release/com/stanfy/enroscar/ui/R.java:91: warning - @attr is an unknown tag.
/tmp/rdisk/2719/src/ui/build/generated/source/r/release/com/stanfy/enroscar/ui/R.java:118: warning - @attr is an unknown tag.
/tmp/rdisk/2719/src/ui/build/generated/source/r/release/com/stanfy/enroscar/ui/R.java:145: warning - @attr is an unknown tag.

4 warnings
:ui:androidJavadocsJar
:ui:androidSourcesJar UP-TO-DATE
:ui:compileDebugNdk UP-TO-DATE
:ui:compileLint
:ui:copyDebugLint UP-TO-DATE
:ui:checkDebugManifest
:ui:prepareDebugDependencies
:ui:compileDebugAidl UP-TO-DATE
:ui:compileDebugRenderscript UP-TO-DATE
:ui:generateDebugBuildConfig UP-TO-DATE
:ui:mergeDebugShaders UP-TO-DATE
:ui:compileDebugShaders UP-TO-DATE
:ui:generateDebugAssets UP-TO-DATE
:ui:mergeDebugAssets UP-TO-DATE
:ui:generateDebugResValues UP-TO-DATE
:ui:generateDebugResources UP-TO-DATE
:ui:mergeDebugResources UP-TO-DATE
:ui:processDebugManifest UP-TO-DATE
:ui:processDebugResources UP-TO-DATE
:ui:generateDebugSources UP-TO-DATE
:ui:incrementalDebugJavaCompilationSafeguard UP-TO-DATE
:ui:compileDebugJavaWithJavac UP-TO-DATE
:ui:extractDebugAnnotations UP-TO-DATE
:ui:mergeDebugProguardFiles UP-TO-DATE
:ui:packageDebugRenderscript UP-TO-DATE
:ui:packageDebugResources UP-TO-DATE
:ui:processDebugJavaRes UP-TO-DATE
:ui:transformResourcesWithMergeJavaResForDebug UP-TO-DATE
:ui:transformClassesAndResourcesWithSyncLibJarsForDebug UP-TO-DATE
:ui:mergeDebugJniLibFolders UP-TO-DATE
:ui:transformNative_libsWithMergeJniLibsForDebug UP-TO-DATE
:ui:transformNative_libsWithSyncJniLibsForDebug UP-TO-DATE
:ui:bundleDebug
:ui:compileDebugSources UP-TO-DATE
:ui:assembleDebug
:ui:compileReleaseNdk UP-TO-DATE
:ui:copyReleaseLint UP-TO-DATE
:ui:extractReleaseAnnotations UP-TO-DATE
:ui:mergeReleaseProguardFiles UP-TO-DATE
:ui:packageReleaseRenderscript UP-TO-DATE
:ui:packageReleaseResources UP-TO-DATE
:ui:processReleaseJavaRes UP-TO-DATE
:ui:transformResourcesWithMergeJavaResForRelease UP-TO-DATE
:ui:transformClassesAndResourcesWithSyncLibJarsForRelease UP-TO-DATE
:ui:mergeReleaseJniLibFolders UP-TO-DATE
:ui:transformNative_libsWithMergeJniLibsForRelease UP-TO-DATE
:ui:transformNative_libsWithSyncJniLibsForRelease UP-TO-DATE
:ui:bundleRelease
:ui:compileReleaseSources UP-TO-DATE
:ui:assembleRelease
:ui:signArchives SKIPPED
:ui:assemble
:ui:build

BUILD SUCCESSFUL

Total time: 10.506 secs

2018-04-01 10:09:20,389 ERROR FullProcessService - Project build has not produced APK file
2018-04-01 10:09:20,414 ERROR FullProcessService - Could not find generated or existed APK file
