2018-04-02 01:26:15,364 INFO  DownloadService - Downloading "https://github.com/shamanland/facebook-like-button/archive/master.zip", attempt 3
2018-04-02 01:27:15,878 INFO  GithubDownloadService - Could not find ZIP archive for master branch
2018-04-02 01:27:16,553 INFO  GithubDownloadService - Default branch of this repository: master
2018-04-02 01:27:16,553 INFO  DownloadService - Downloading "https://github.com/shamanland/facebook-like-button/archive/master.zip", attempt 3
2018-04-02 01:28:17,791 DEBUG FullProcessService - Repository https://github.com/shamanland/facebook-like-button available: true
2018-04-02 01:28:17,791 INFO  FullProcessService - Could not download ZIP file from Github, lets clone it
2018-04-02 01:28:17,791 INFO  SysUtils - Execute command: [git, clone, -q, --single-branch, --depth, 1, https://github.com/shamanland/facebook-like-button, /tmp/rdisk/2525/src]
2018-04-02 01:28:19,433 INFO  SysUtils - 
2018-04-02 01:28:19,449 INFO  GitService - Deleted "/tmp/rdisk/2525/src/.git": true
2018-04-02 01:28:19,451 INFO  FullProcessService - Size of directory with sources: 213 KB
2018-04-02 01:28:19,451 INFO  SysUtils - Execute command: [git, init, /tmp/rdisk/2525/src]
2018-04-02 01:28:19,456 INFO  SysUtils - Initialized empty Git repository in /tmp/rdisk/2525/src/.git/

2018-04-02 01:28:19,459 INFO  ProjectBuildService - Gradle wrapper(s): /tmp/rdisk/2525/src/gradlew
2018-04-02 01:28:19,462 INFO  ProjectBuildService - Build script(s): /tmp/rdisk/2525/src/app/build.gradle /tmp/rdisk/2525/src/lib/build.gradle /tmp/rdisk/2525/src/build.gradle
2018-04-02 01:28:19,464 INFO  ProjectBuildService - All script(s): /tmp/rdisk/2525/src/settings.gradle /tmp/rdisk/2525/src/lib/build.gradle /tmp/rdisk/2525/src/build.gradle /tmp/rdisk/2525/src/app/build.gradle
2018-04-02 01:28:19,464 INFO  DownloadService - Downloading "https://raw.github.com/shamanland/gradle-mvn-push/master/gradle-mvn-push.gradle", attempt 3
2018-04-02 01:28:19,961 INFO  DownloadService - Downloaded https://raw.github.com/shamanland/gradle-mvn-push/master/gradle-mvn-push.gradle, attempt 3
2018-04-02 01:28:19,961 INFO  ProjectBuildService - Remote scripts: https://raw.github.com/shamanland/gradle-mvn-push/master/gradle-mvn-push.gradle
2018-04-02 01:28:19,961 INFO  ProjectFixService - Fixing project...
2018-04-02 01:28:19,968 INFO  LocalPropertiesFixService - Created fake /tmp/rdisk/2525/src/app/local.properties
2018-04-02 01:28:19,969 INFO  ProjectFixService - Build info for "/tmp/rdisk/2525/src/app/build.gradle": [buildToolsVersion=19.1.0,compileSdkVersion=19,minSdkVersion=10,targetSdkVersion=19]
2018-04-02 01:28:19,969 INFO  LocalPropertiesFixService - Created fake /tmp/rdisk/2525/src/lib/local.properties
2018-04-02 01:28:19,969 INFO  ProjectFixService - Build info for "/tmp/rdisk/2525/src/lib/build.gradle": [buildToolsVersion=19.1.0,compileSdkVersion=19,minSdkVersion=10,targetSdkVersion=19]
2018-04-02 01:28:19,969 INFO  LocalPropertiesFixService - Created fake /tmp/rdisk/2525/src/local.properties
2018-04-02 01:28:19,970 INFO  WrapperPropertiesFixService - Gradle wrapper: http://services.gradle.org/distributions/gradle-1.12-all.zip
2018-04-02 01:28:19,970 INFO  WrapperPropertiesFixService - Gradle wrapper was changed from "-all.zip" to "-bin.zip" (http://services.gradle.org/distributions/gradle-1.12-bin.zip)
2018-04-02 01:28:19,973 INFO  ProjectFixService - Build info for "/tmp/rdisk/2525/src/build.gradle": [buildToolsVersion=19.1.0,compileSdkVersion=19,minSdkVersion=10,targetSdkVersion=19]
2018-04-02 01:28:19,973 INFO  ProjectFixService - Project was maybe fixed
2018-04-02 01:28:19,973 INFO  ProjectTaskService - Detecting possible tasks...
2018-04-02 01:28:19,973 INFO  SysUtils - Execute command: [/tmp/rdisk/2525/src/gradlew, -b, /tmp/rdisk/2525/src/app/build.gradle, -Dorg.gradle.daemon=false, -Dorg.gradle.daemon.performance.enable-monitoring=false, -Dorg.gradle.configureondemand=true, tasks]
2018-04-02 01:28:33,816 INFO  ProjectTaskService - Detected possible tasks: 53
2018-04-02 01:28:33,816 INFO  ProjectTaskService - Excluded tasks (14): lintDebug androidJavadocs deviceCheck lint androidSourcesJar uninstallRelease connectedCheck uninstallAll androidJavadocsJar check connectedAndroidTest installDebug lintRelease uninstallDebug
2018-04-02 01:28:33,816 INFO  SysUtils - Execute command: [/tmp/rdisk/2525/src/gradlew, -b, /tmp/rdisk/2525/src/app/build.gradle, -Dorg.gradle.daemon=false, -Dorg.gradle.daemon.performance.enable-monitoring=false, -Dorg.gradle.configureondemand=true, --stacktrace, -x, lintDebug, -x, androidJavadocs, -x, deviceCheck, -x, lint, -x, androidSourcesJar, -x, uninstallRelease, -x, connectedCheck, -x, uninstallAll, -x, androidJavadocsJar, -x, check, -x, connectedAndroidTest, -x, installDebug, -x, lintRelease, -x, uninstallDebug, build]
2018-04-02 01:28:40,972 ERROR SysUtils - Could not process external command
org.apache.commons.exec.ExecuteException: Process exited with an error: 1 (Exit value: 1)
	at org.apache.commons.exec.DefaultExecutor.executeInternal(DefaultExecutor.java:404)
	at org.apache.commons.exec.DefaultExecutor.execute(DefaultExecutor.java:166)
	at com.github.vbauer.apkmaster.util.SysUtils.execute(SysUtils.java:67)
	at com.github.vbauer.apkmaster.util.SysUtils.executeSimple(SysUtils.java:43)
	at com.github.vbauer.apkmaster.service.assembly.ProjectBuildService.buildProject(ProjectBuildService.java:78)
	at com.github.vbauer.apkmaster.service.assembly.ProjectBuildService.buildProject(ProjectBuildService.java:64)
	at com.github.vbauer.apkmaster.service.assembly.ProjectBuildService.buildProject(ProjectBuildService.java:43)
	at com.github.vbauer.apkmaster.service.FullProcessService.build(FullProcessService.java:84)
	at com.github.vbauer.apkmaster.service.FullProcessService.process(FullProcessService.java:34)
	at com.github.vbauer.apkmaster.app.MainApplication.process(MainApplication.java:38)
	at com.github.vbauer.apkmaster.app.MainApplication.main(MainApplication.java:20)
	at sun.reflect.GeneratedMethodAccessor9.invoke(Unknown Source)
	at sun.reflect.DelegatingMethodAccessorImpl.invoke(DelegatingMethodAccessorImpl.java:43)
	at java.lang.reflect.Method.invoke(Method.java:498)
	at com.android.arsenal.util.ReflectionUtils.invoke(ReflectionUtils.java:42)
	at com.android.arsenal.util.ApkMasterUtils.main(ApkMasterUtils.java:30)
	at com.android.arsenal.service.processor.impl.BuildProcessorServiceImpl.buildProject(BuildProcessorServiceImpl.java:197)
	at com.android.arsenal.service.processor.impl.BuildProcessorServiceImpl.build(BuildProcessorServiceImpl.java:131)
	at com.android.arsenal.service.processor.impl.BuildProcessorServiceImpl.lambda$null$1(BuildProcessorServiceImpl.java:114)
	at java.util.concurrent.FutureTask.run(FutureTask.java:266)
	at java.util.concurrent.Executors$RunnableAdapter.call(Executors.java:511)
	at java.util.concurrent.FutureTask.run(FutureTask.java:266)
	at java.util.concurrent.ThreadPoolExecutor.runWorker(ThreadPoolExecutor.java:1149)
	at java.util.concurrent.ThreadPoolExecutor$Worker.run(ThreadPoolExecutor.java:624)
	at java.lang.Thread.run(Thread.java:748)
2018-04-02 01:28:40,972 INFO  SysUtils - Configuration on demand is an incubating feature.
Relying on packaging to define the extension of the main artifact has been deprecated and is scheduled to be removed in Gradle 2.0

FAILURE: Build failed with an exception.

* What went wrong:
Task 'androidJavadocs' not found in project ':app'.

* Try:
Run gradlew tasks to get a list of available tasks. Run with --info or --debug option to get more log output.

* Exception is:
org.gradle.execution.TaskSelectionException: Task 'androidJavadocs' not found in project ':app'.
	at org.gradle.execution.TaskSelector.getSelection(TaskSelector.java:69)
	at org.gradle.execution.ExcludedTaskFilteringBuildConfigurationAction.configure(ExcludedTaskFilteringBuildConfigurationAction.java:37)
	at org.gradle.execution.DefaultBuildExecuter.configure(DefaultBuildExecuter.java:42)
	at org.gradle.execution.DefaultBuildExecuter.access$100(DefaultBuildExecuter.java:23)
	at org.gradle.execution.DefaultBuildExecuter$1.proceed(DefaultBuildExecuter.java:48)
	at org.gradle.execution.DefaultTasksBuildExecutionAction.configure(DefaultTasksBuildExecutionAction.java:38)
	at org.gradle.execution.DefaultBuildExecuter.configure(DefaultBuildExecuter.java:42)
	at org.gradle.execution.DefaultBuildExecuter.access$100(DefaultBuildExecuter.java:23)
	at org.gradle.execution.DefaultBuildExecuter$1.proceed(DefaultBuildExecuter.java:48)
	at org.gradle.execution.ProjectEvaluatingAction.configure(ProjectEvaluatingAction.java:52)
	at org.gradle.execution.DefaultBuildExecuter.configure(DefaultBuildExecuter.java:42)
	at org.gradle.execution.DefaultBuildExecuter.select(DefaultBuildExecuter.java:35)
	at org.gradle.initialization.DefaultGradleLauncher.doBuildStages(DefaultGradleLauncher.java:155)
	at org.gradle.initialization.DefaultGradleLauncher.doBuild(DefaultGradleLauncher.java:113)
	at org.gradle.initialization.DefaultGradleLauncher.run(DefaultGradleLauncher.java:81)
	at org.gradle.launcher.exec.InProcessBuildActionExecuter$DefaultBuildController.run(InProcessBuildActionExecuter.java:64)
	at org.gradle.launcher.cli.ExecuteBuildAction.run(ExecuteBuildAction.java:33)
	at org.gradle.launcher.cli.ExecuteBuildAction.run(ExecuteBuildAction.java:24)
	at org.gradle.launcher.exec.InProcessBuildActionExecuter.execute(InProcessBuildActionExecuter.java:35)
	at org.gradle.launcher.exec.InProcessBuildActionExecuter.execute(InProcessBuildActionExecuter.java:26)
	at org.gradle.launcher.cli.RunBuildAction.run(RunBuildAction.java:50)
	at org.gradle.internal.Actions$RunnableActionAdapter.execute(Actions.java:171)
	at org.gradle.launcher.cli.CommandLineActionFactory$ParseAndBuildAction.execute(CommandLineActionFactory.java:201)
	at org.gradle.launcher.cli.CommandLineActionFactory$ParseAndBuildAction.execute(CommandLineActionFactory.java:174)
	at org.gradle.launcher.cli.CommandLineActionFactory$WithLogging.execute(CommandLineActionFactory.java:170)
	at org.gradle.launcher.cli.CommandLineActionFactory$WithLogging.execute(CommandLineActionFactory.java:139)
	at org.gradle.launcher.cli.ExceptionReportingAction.execute(ExceptionReportingAction.java:33)
	at org.gradle.launcher.cli.ExceptionReportingAction.execute(ExceptionReportingAction.java:22)
	at org.gradle.launcher.Main.doAction(Main.java:46)
	at org.gradle.launcher.bootstrap.EntryPoint.run(EntryPoint.java:45)
	at org.gradle.launcher.Main.main(Main.java:37)
	at org.gradle.launcher.bootstrap.ProcessBootstrap.runNoExit(ProcessBootstrap.java:50)
	at org.gradle.launcher.bootstrap.ProcessBootstrap.run(ProcessBootstrap.java:32)
	at org.gradle.launcher.GradleMain.main(GradleMain.java:23)
	at org.gradle.wrapper.BootstrapMainStarter.start(BootstrapMainStarter.java:33)
	at org.gradle.wrapper.WrapperExecutor.execute(WrapperExecutor.java:130)
	at org.gradle.wrapper.GradleWrapperMain.main(GradleWrapperMain.java:48)


BUILD FAILED

Total time: 6.713 secs

2018-04-02 01:28:40,972 ERROR ProjectBuildService - Excluded tasks were detected wrong
2018-04-02 01:28:40,973 INFO  SysUtils - Execute command: [/tmp/rdisk/2525/src/gradlew, -b, /tmp/rdisk/2525/src/app/build.gradle, -Dorg.gradle.daemon=false, -Dorg.gradle.daemon.performance.enable-monitoring=false, -Dorg.gradle.configureondemand=true, --stacktrace, build]
2018-04-02 01:29:04,530 INFO  SysUtils - Configuration on demand is an incubating feature.
Relying on packaging to define the extension of the main artifact has been deprecated and is scheduled to be removed in Gradle 2.0
:app:preBuild
:app:compileDebugNdk
:app:preDebugBuild
:app:checkDebugManifest
:app:preReleaseBuild
:lib:compileLint
:lib:copyReleaseLint UP-TO-DATE
:lib:mergeReleaseProguardFiles
:lib:preBuild
:lib:preReleaseBuild
:lib:checkReleaseManifest
:lib:prepareReleaseDependencies
:lib:compileReleaseAidl
:lib:compileReleaseRenderscript
:lib:generateReleaseBuildConfig
:lib:generateReleaseAssets UP-TO-DATE
:lib:mergeReleaseAssets
:lib:generateReleaseResValues
:lib:generateReleaseResources
:lib:packageReleaseResources
:lib:processReleaseManifest
:lib:processReleaseResources
:lib:generateReleaseSources
:lib:compileReleaseJavaNote: Some input files use or override a deprecated API.
Note: Recompile with -Xlint:deprecation for details.

:lib:processReleaseJavaRes UP-TO-DATE
:lib:packageReleaseJar
:lib:compileReleaseNdk
:lib:packageReleaseJniLibs UP-TO-DATE
:lib:packageReleaseLocalJar UP-TO-DATE
:lib:packageReleaseRenderscript UP-TO-DATE
:lib:bundleRelease
:app:prepareComAndroidSupportAppcompatV71910Library
:app:prepareSrcLibUnspecifiedLibrary
:app:prepareDebugDependencies
:app:compileDebugAidl
:app:compileDebugRenderscript
:app:generateDebugBuildConfig
:app:generateDebugAssets UP-TO-DATE
:app:mergeDebugAssets
:app:generateDebugResValues
:app:generateDebugResources
:app:mergeDebugResources
:app:processDebugManifest
:app:processDebugResources
:app:generateDebugSources
:app:compileDebugJava
:app:preDexDebug
:app:dexDebug
:app:processDebugJavaRes UP-TO-DATE
:app:validateDebugSigning
:app:packageDebug
:app:zipalignDebug
:app:assembleDebug
:app:checkReleaseManifest
:app:prepareReleaseDependencies
:app:compileReleaseAidl
:app:compileReleaseRenderscript
:app:generateReleaseBuildConfig
:app:generateReleaseAssets UP-TO-DATE
:app:mergeReleaseAssets
:app:generateReleaseResValues
:app:generateReleaseResources
:app:mergeReleaseResources
:app:processReleaseManifest
:app:processReleaseResources
:app:generateReleaseSources
:app:compileReleaseJava
:app:lintVitalRelease SKIPPED
:app:compileReleaseNdk
:app:preDexRelease
:app:dexRelease
:app:processReleaseJavaRes UP-TO-DATE
:app:packageRelease
:app:assembleRelease
:app:assemble
:app:compileLint
:app:lint
Ran lint on variant debug: 3 issues found
Ran lint on variant release: 3 issues found
Wrote HTML report to file:/tmp/rdisk/2525/src/app/build/outputs/lint-results.html
Wrote XML report to /tmp/rdisk/2525/src/app/build/outputs/lint-results.xml
:app:check
:app:build

BUILD SUCCESSFUL

Total time: 23.079 secs

2018-04-02 01:29:04,564 INFO  FullProcessService - Found APK file: /tmp/rdisk/2525/src/app/build/outputs/apk/app-debug.apk
