2018-04-01 18:38:12,860 INFO  DownloadService - Downloading "https://github.com/plusCubed/recycler-fast-scroll/archive/master.zip", attempt 3
2018-04-01 18:39:13,440 INFO  GithubDownloadService - Could not find ZIP archive for master branch
2018-04-01 18:39:14,281 INFO  GithubDownloadService - Default branch of this repository: master
2018-04-01 18:39:14,281 INFO  DownloadService - Downloading "https://github.com/plusCubed/recycler-fast-scroll/archive/master.zip", attempt 3
2018-04-01 18:40:15,486 DEBUG FullProcessService - Repository https://github.com/plusCubed/recycler-fast-scroll available: true
2018-04-01 18:40:15,486 INFO  FullProcessService - Could not download ZIP file from Github, lets clone it
2018-04-01 18:40:15,486 INFO  SysUtils - Execute command: [git, clone, -q, --single-branch, --depth, 1, https://github.com/plusCubed/recycler-fast-scroll, /tmp/rdisk/2673/src]
2018-04-01 18:40:17,587 INFO  SysUtils - 
2018-04-01 18:40:17,603 INFO  GitService - Deleted "/tmp/rdisk/2673/src/.git": true
2018-04-01 18:40:17,606 INFO  FullProcessService - Size of directory with sources: 1 MB
2018-04-01 18:40:17,606 INFO  SysUtils - Execute command: [git, init, /tmp/rdisk/2673/src]
2018-04-01 18:40:17,612 INFO  SysUtils - Initialized empty Git repository in /tmp/rdisk/2673/src/.git/

2018-04-01 18:40:17,615 INFO  ProjectBuildService - Gradle wrapper(s): /tmp/rdisk/2673/src/gradlew
2018-04-01 18:40:17,619 INFO  ProjectBuildService - Build script(s): /tmp/rdisk/2673/src/library/build.gradle /tmp/rdisk/2673/src/sample/build.gradle /tmp/rdisk/2673/src/build.gradle
2018-04-01 18:40:17,623 INFO  ProjectBuildService - All script(s): /tmp/rdisk/2673/src/settings.gradle /tmp/rdisk/2673/src/sample/build.gradle /tmp/rdisk/2673/src/library/build.gradle /tmp/rdisk/2673/src/build.gradle
2018-04-01 18:40:17,624 INFO  ProjectBuildService - Remote scripts: none
2018-04-01 18:40:17,624 INFO  ProjectFixService - Fixing project...
2018-04-01 18:40:17,631 INFO  LocalPropertiesFixService - Created fake /tmp/rdisk/2673/src/library/local.properties
2018-04-01 18:40:17,632 INFO  ProjectFixService - Build info for "/tmp/rdisk/2673/src/library/build.gradle": [buildToolsVersion=24.0.0,compileSdkVersion=24,minSdkVersion=14,targetSdkVersion=24]
2018-04-01 18:40:17,632 INFO  LocalPropertiesFixService - Created fake /tmp/rdisk/2673/src/sample/local.properties
2018-04-01 18:40:17,633 INFO  ProjectFixService - Build info for "/tmp/rdisk/2673/src/sample/build.gradle": [buildToolsVersion=24.0.0,compileSdkVersion=24,minSdkVersion=14,targetSdkVersion=24]
2018-04-01 18:40:17,634 INFO  LocalPropertiesFixService - Created fake /tmp/rdisk/2673/src/local.properties
2018-04-01 18:40:17,634 INFO  WrapperPropertiesFixService - Gradle wrapper: https://services.gradle.org/distributions/gradle-2.13-all.zip
2018-04-01 18:40:17,634 INFO  WrapperPropertiesFixService - Gradle wrapper was changed from "-all.zip" to "-bin.zip" (https://services.gradle.org/distributions/gradle-2.13-bin.zip)
2018-04-01 18:40:17,636 INFO  ProjectFixService - Build info for "/tmp/rdisk/2673/src/build.gradle": [buildToolsVersion=24.0.0,compileSdkVersion=24,minSdkVersion=14,targetSdkVersion=24]
2018-04-01 18:40:17,636 INFO  ProjectFixService - Project was maybe fixed
2018-04-01 18:40:17,636 INFO  ProjectTaskService - Detecting possible tasks...
2018-04-01 18:40:17,636 INFO  SysUtils - Execute command: [/tmp/rdisk/2673/src/gradlew, -b, /tmp/rdisk/2673/src/library/build.gradle, -Dorg.gradle.daemon=false, -Dorg.gradle.daemon.performance.enable-monitoring=false, -Dorg.gradle.configureondemand=true, tasks]
2018-04-01 18:40:27,335 ERROR ProjectTaskService - Could not detect possible Gradle tasks: Process exited with an error: 1 (Exit value: 1)
2018-04-01 18:40:27,335 INFO  ProjectTaskService - Detected possible tasks: 0
2018-04-01 18:40:27,336 INFO  ProjectTaskService - Excluded tasks (0): none
2018-04-01 18:40:27,336 INFO  SysUtils - Execute command: [/tmp/rdisk/2673/src/gradlew, -b, /tmp/rdisk/2673/src/library/build.gradle, -Dorg.gradle.daemon=false, -Dorg.gradle.daemon.performance.enable-monitoring=false, -Dorg.gradle.configureondemand=true, --stacktrace, build]
2018-04-01 18:40:55,342 INFO  SysUtils - Configuration on demand is an incubating feature.
Incremental java compilation is an incubating feature.
:library:preBuild UP-TO-DATE
:library:preDebugBuild UP-TO-DATE
:library:compileDebugNdk UP-TO-DATE
:library:compileLint
:library:copyDebugLint UP-TO-DATE
:library:checkDebugManifest
:library:preDebugAndroidTestBuild UP-TO-DATE
:library:preDebugUnitTestBuild UP-TO-DATE
:library:preReleaseBuild UP-TO-DATE
:library:preReleaseUnitTestBuild UP-TO-DATE
:library:prepareComAndroidSupportAnimatedVectorDrawable2400Library
:library:prepareComAndroidSupportAppcompatV72400Library
:library:prepareComAndroidSupportDesign2400Library
:library:prepareComAndroidSupportRecyclerviewV72400Library
:library:prepareComAndroidSupportSupportV42400Library
:library:prepareComAndroidSupportSupportVectorDrawable2400Library
:library:prepareDebugDependencies
:library:compileDebugAidl
:library:compileDebugRenderscript
:library:generateDebugBuildConfig
:library:mergeDebugShaders
:library:compileDebugShaders
:library:generateDebugAssets
:library:mergeDebugAssets
:library:generateDebugResValues
:library:generateDebugResources
:library:mergeDebugResources
:library:processDebugManifest
:library:processDebugResources
:library:generateDebugSources
:library:incrementalDebugJavaCompilationSafeguard
:library:compileDebugJavaWithJavac
:library:compileDebugJavaWithJavac - is not incremental (e.g. outputs have changed, no previous execution, etc.).
Note: /tmp/rdisk/2673/src/library/src/main/java/com/pluscubed/recyclerfastscroll/RecyclerFastScrollerUtils.java uses or overrides a deprecated API.
Note: Recompile with -Xlint:deprecation for details.
:library:extractDebugAnnotations
:library:mergeDebugProguardFiles
:library:packageDebugRenderscript UP-TO-DATE
:library:packageDebugResources
:library:processDebugJavaRes UP-TO-DATE
:library:transformResourcesWithMergeJavaResForDebug
:library:transformClassesAndResourcesWithSyncLibJarsForDebug
:library:mergeDebugJniLibFolders
:library:transformNative_libsWithMergeJniLibsForDebug
:library:transformNative_libsWithSyncJniLibsForDebug
:library:bundleDebug
:library:compileDebugSources
:library:assembleDebug
:library:compileReleaseNdk UP-TO-DATE
:library:copyReleaseLint UP-TO-DATE
:library:checkReleaseManifest
:library:prepareReleaseDependencies
:library:compileReleaseAidl
:library:compileReleaseRenderscript
:library:generateReleaseBuildConfig
:library:mergeReleaseShaders
:library:compileReleaseShaders
:library:generateReleaseAssets
:library:mergeReleaseAssets
:library:generateReleaseResValues
:library:generateReleaseResources
:library:mergeReleaseResources
:library:processReleaseManifest
:library:processReleaseResources
:library:generateReleaseSources
:library:incrementalReleaseJavaCompilationSafeguard
:library:compileReleaseJavaWithJavac
:library:compileReleaseJavaWithJavac - is not incremental (e.g. outputs have changed, no previous execution, etc.).
Note: /tmp/rdisk/2673/src/library/src/main/java/com/pluscubed/recyclerfastscroll/RecyclerFastScrollerUtils.java uses or overrides a deprecated API.
Note: Recompile with -Xlint:deprecation for details.
:library:extractReleaseAnnotations
:library:mergeReleaseProguardFiles
:library:packageReleaseRenderscript UP-TO-DATE
:library:packageReleaseResources
:library:processReleaseJavaRes UP-TO-DATE
:library:transformResourcesWithMergeJavaResForRelease
:library:transformClassesAndResourcesWithSyncLibJarsForRelease
:library:mergeReleaseJniLibFolders
:library:transformNative_libsWithMergeJniLibsForRelease
:library:transformNative_libsWithSyncJniLibsForRelease
:library:bundleRelease
:library:compileReleaseSources
:library:assembleRelease
:library:javadoc/tmp/rdisk/2673/src/library/src/main/java/com/pluscubed/recyclerfastscroll/RecyclerFastScrollerUtils.java:8: error: package android.support.annotation does not exist
import android.support.annotation.AttrRes;
                                 ^
/tmp/rdisk/2673/src/library/src/main/java/com/pluscubed/recyclerfastscroll/RecyclerFastScrollerUtils.java:9: error: package android.support.annotation does not exist
import android.support.annotation.ColorInt;
                                 ^
/tmp/rdisk/2673/src/library/src/main/java/com/pluscubed/recyclerfastscroll/RecyclerFastScroller.java:13: error: package android.support.annotation does not exist
import android.support.annotation.ColorInt;
                                 ^
/tmp/rdisk/2673/src/library/src/main/java/com/pluscubed/recyclerfastscroll/RecyclerFastScroller.java:14: error: package android.support.annotation does not exist
import android.support.annotation.Nullable;
                                 ^
/tmp/rdisk/2673/src/library/src/main/java/com/pluscubed/recyclerfastscroll/RecyclerFastScroller.java:15: error: package android.support.design.widget does not exist
import android.support.design.widget.AppBarLayout;
                                    ^
/tmp/rdisk/2673/src/library/src/main/java/com/pluscubed/recyclerfastscroll/RecyclerFastScroller.java:16: error: package android.support.design.widget does not exist
import android.support.design.widget.CoordinatorLayout;
                                    ^
/tmp/rdisk/2673/src/library/src/main/java/com/pluscubed/recyclerfastscroll/RecyclerFastScroller.java:17: error: package android.support.v4.view does not exist
import android.support.v4.view.GravityCompat;
                              ^
/tmp/rdisk/2673/src/library/src/main/java/com/pluscubed/recyclerfastscroll/RecyclerFastScroller.java:18: error: package android.support.v4.view does not exist
import android.support.v4.view.ViewCompat;
                              ^
/tmp/rdisk/2673/src/library/src/main/java/com/pluscubed/recyclerfastscroll/RecyclerFastScroller.java:19: error: package android.support.v4.view.animation does not exist
import android.support.v4.view.animation.FastOutLinearInInterpolator;
                                        ^
/tmp/rdisk/2673/src/library/src/main/java/com/pluscubed/recyclerfastscroll/RecyclerFastScroller.java:20: error: package android.support.v4.view.animation does not exist
import android.support.v4.view.animation.LinearOutSlowInInterpolator;
                                        ^
/tmp/rdisk/2673/src/library/src/main/java/com/pluscubed/recyclerfastscroll/RecyclerFastScroller.java:21: error: package android.support.v7.widget does not exist
import android.support.v7.widget.RecyclerView;
                                ^
/tmp/rdisk/2673/src/library/src/main/java/com/pluscubed/recyclerfastscroll/RecyclerFastScroller.java:41: error: cannot find symbol
    RecyclerView mRecyclerView;
    ^
  symbol:   class RecyclerView
  location: class RecyclerFastScroller
/tmp/rdisk/2673/src/library/src/main/java/com/pluscubed/recyclerfastscroll/RecyclerFastScroller.java:42: error: cannot find symbol
    CoordinatorLayout mCoordinatorLayout;
    ^
  symbol:   class CoordinatorLayout
  location: class RecyclerFastScroller
/tmp/rdisk/2673/src/library/src/main/java/com/pluscubed/recyclerfastscroll/RecyclerFastScroller.java:43: error: cannot find symbol
    AppBarLayout mAppBarLayout;
    ^
  symbol:   class AppBarLayout
  location: class RecyclerFastScroller
/tmp/rdisk/2673/src/library/src/main/java/com/pluscubed/recyclerfastscroll/RecyclerFastScroller.java:57: error: package RecyclerView does not exist
    private RecyclerView.Adapter mAdapter;
                        ^
/tmp/rdisk/2673/src/library/src/main/java/com/pluscubed/recyclerfastscroll/RecyclerFastScroller.java:58: error: package RecyclerView does not exist
    private RecyclerView.AdapterDataObserver mAdapterObserver = new RecyclerView.AdapterDataObserver() {
                        ^
/tmp/rdisk/2673/src/library/src/main/java/com/pluscubed/recyclerfastscroll/RecyclerFastScroller.java:314: error: cannot find symbol
    public void attachRecyclerView(RecyclerView recyclerView) {
                                   ^
  symbol:   class RecyclerView
  location: class RecyclerFastScroller
/tmp/rdisk/2673/src/library/src/main/java/com/pluscubed/recyclerfastscroll/RecyclerFastScroller.java:326: error: package RecyclerView does not exist
    public void attachAdapter(@Nullable RecyclerView.Adapter adapter) {
                                                    ^
/tmp/rdisk/2673/src/library/src/main/java/com/pluscubed/recyclerfastscroll/RecyclerFastScroller.java:337: error: cannot find symbol
    public void attachAppBarLayout(CoordinatorLayout coordinatorLayout, AppBarLayout appBarLayout) {
                                   ^
  symbol:   class CoordinatorLayout
  location: class RecyclerFastScroller
/tmp/rdisk/2673/src/library/src/main/java/com/pluscubed/recyclerfastscroll/RecyclerFastScroller.java:337: error: cannot find symbol
    public void attachAppBarLayout(CoordinatorLayout coordinatorLayout, AppBarLayout appBarLayout) {
                                                                        ^
  symbol:   class AppBarLayout
  location: class RecyclerFastScroller
/tmp/rdisk/2673/src/library/src/main/java/com/pluscubed/recyclerfastscroll/RecyclerFastScrollerUtils.java:32: error: cannot find symbol
    public static int resolveColor(Context context, @AttrRes int color) {
                                                     ^
  symbol:   class AttrRes
  location: class RecyclerFastScrollerUtils
/tmp/rdisk/2673/src/library/src/main/java/com/pluscubed/recyclerfastscroll/RecyclerFastScrollerUtils.java:31: error: cannot find symbol
    @ColorInt
     ^
  symbol:   class ColorInt
  location: class RecyclerFastScrollerUtils
/tmp/rdisk/2673/src/library/src/main/java/com/pluscubed/recyclerfastscroll/RecyclerFastScroller.java:202: error: cannot find symbol
    @ColorInt
     ^
  symbol:   class ColorInt
  location: class RecyclerFastScroller
/tmp/rdisk/2673/src/library/src/main/java/com/pluscubed/recyclerfastscroll/RecyclerFastScroller.java:207: error: cannot find symbol
    public void setHandlePressedColor(@ColorInt int colorPressed) {
                                       ^
  symbol:   class ColorInt
  location: class RecyclerFastScroller
/tmp/rdisk/2673/src/library/src/main/java/com/pluscubed/recyclerfastscroll/RecyclerFastScroller.java:212: error: cannot find symbol
    @ColorInt
     ^
  symbol:   class ColorInt
  location: class RecyclerFastScroller
/tmp/rdisk/2673/src/library/src/main/java/com/pluscubed/recyclerfastscroll/RecyclerFastScroller.java:217: error: cannot find symbol
    public void setHandleNormalColor(@ColorInt int colorNormal) {
                                      ^
  symbol:   class ColorInt
  location: class RecyclerFastScroller
/tmp/rdisk/2673/src/library/src/main/java/com/pluscubed/recyclerfastscroll/RecyclerFastScroller.java:222: error: cannot find symbol
    @ColorInt
     ^
  symbol:   class ColorInt
  location: class RecyclerFastScroller
/tmp/rdisk/2673/src/library/src/main/java/com/pluscubed/recyclerfastscroll/RecyclerFastScroller.java:230: error: cannot find symbol
    public void setBarColor(@ColorInt int scrollBarColor) {
                             ^
  symbol:   class ColorInt
  location: class RecyclerFastScroller
/tmp/rdisk/2673/src/library/src/main/java/com/pluscubed/recyclerfastscroll/RecyclerFastScroller.java:326: error: cannot find symbol
    public void attachAdapter(@Nullable RecyclerView.Adapter adapter) {
                               ^
  symbol:   class Nullable
  location: class RecyclerFastScroller
javadoc: warning - Class ColorInt not found.
javadoc: warning - Class ColorInt not found.
javadoc: warning - Class ColorInt not found.
javadoc: warning - Class ColorInt not found.
javadoc: warning - Class ColorInt not found.
javadoc: warning - Class ColorInt not found.
javadoc: warning - Class ColorInt not found.
javadoc: warning - Class ColorInt not found.
javadoc: warning - Class ColorInt not found.
javadoc: warning - Class ColorInt not found.
javadoc: warning - Class ColorInt not found.
javadoc: warning - Class ColorInt not found.
javadoc: warning - Class ColorInt not found.
javadoc: warning - Class ColorInt not found.
javadoc: warning - Class ColorInt not found.
javadoc: warning - Class Nullable not found.
javadoc: warning - Class ColorInt not found.
javadoc: warning - Class ColorInt not found.
javadoc: warning - Class ColorInt not found.
javadoc: warning - Class AttrRes not found.
javadoc: warning - Class ColorInt not found.
javadoc: warning - Class ColorInt not found.
javadoc: warning - Class ColorInt not found.
javadoc: warning - Class ColorInt not found.
javadoc: warning - Class ColorInt not found.
javadoc: warning - Class ColorInt not found.
javadoc: warning - Class ColorInt not found.
javadoc: warning - Class ColorInt not found.
javadoc: warning - Class ColorInt not found.

58 warnings
:library:javadocJar
:library:sourcesJar
:library:assemble
:library:lint
Ran lint on variant release: 8 issues found
Ran lint on variant debug: 8 issues found
Wrote HTML report to file:///tmp/rdisk/2673/src/library/build/outputs/lint-results-debug.html
Wrote XML report to file:///tmp/rdisk/2673/src/library/build/outputs/lint-results-debug.xml
:library:incrementalDebugUnitTestJavaCompilationSafeguard UP-TO-DATE
:library:prepareDebugUnitTestDependencies
:library:compileDebugUnitTestJavaWithJavac
:library:compileDebugUnitTestJavaWithJavac - is not incremental (e.g. outputs have changed, no previous execution, etc.).
:library:processDebugUnitTestJavaRes UP-TO-DATE
:library:compileDebugUnitTestSources
:library:mockableAndroidJar
:library:assembleDebugUnitTest
:library:testDebugUnitTest
:library:incrementalReleaseUnitTestJavaCompilationSafeguard UP-TO-DATE
:library:prepareReleaseUnitTestDependencies
:library:compileReleaseUnitTestJavaWithJavac
:library:compileReleaseUnitTestJavaWithJavac - is not incremental (e.g. outputs have changed, no previous execution, etc.).
:library:processReleaseUnitTestJavaRes UP-TO-DATE
:library:compileReleaseUnitTestSources
:library:assembleReleaseUnitTest
:library:testReleaseUnitTest
:library:test
:library:check
:library:build

BUILD SUCCESSFUL

Total time: 27.559 secs

2018-04-01 18:40:55,390 INFO  ProjectTaskService - Detecting possible tasks...
2018-04-01 18:40:55,391 INFO  SysUtils - Execute command: [/tmp/rdisk/2673/src/gradlew, -b, /tmp/rdisk/2673/src/sample/build.gradle, -Dorg.gradle.daemon=false, -Dorg.gradle.daemon.performance.enable-monitoring=false, -Dorg.gradle.configureondemand=true, tasks]
2018-04-01 18:41:00,972 ERROR ProjectTaskService - Could not detect possible Gradle tasks: Process exited with an error: 1 (Exit value: 1)
2018-04-01 18:41:00,972 INFO  ProjectTaskService - Detected possible tasks: 0
2018-04-01 18:41:00,973 INFO  ProjectTaskService - Excluded tasks (0): none
2018-04-01 18:41:00,973 INFO  SysUtils - Execute command: [/tmp/rdisk/2673/src/gradlew, -b, /tmp/rdisk/2673/src/sample/build.gradle, -Dorg.gradle.daemon=false, -Dorg.gradle.daemon.performance.enable-monitoring=false, -Dorg.gradle.configureondemand=true, --stacktrace, build]
2018-04-01 18:41:06,462 ERROR SysUtils - Could not process external command
org.apache.commons.exec.ExecuteException: Process exited with an error: 1 (Exit value: 1)
	at org.apache.commons.exec.DefaultExecutor.executeInternal(DefaultExecutor.java:404)
	at org.apache.commons.exec.DefaultExecutor.execute(DefaultExecutor.java:166)
	at com.github.vbauer.apkmaster.util.SysUtils.execute(SysUtils.java:67)
	at com.github.vbauer.apkmaster.util.SysUtils.executeSimple(SysUtils.java:43)
	at com.github.vbauer.apkmaster.service.assembly.ProjectBuildService.buildProject(ProjectBuildService.java:78)
	at com.github.vbauer.apkmaster.service.assembly.ProjectBuildService.buildProject(ProjectBuildService.java:64)
	at com.github.vbauer.apkmaster.service.assembly.ProjectBuildService.buildProject(ProjectBuildService.java:43)
	at com.github.vbauer.apkmaster.service.FullProcessService.build(FullProcessService.java:84)
	at com.github.vbauer.apkmaster.service.FullProcessService.process(FullProcessService.java:34)
	at com.github.vbauer.apkmaster.app.MainApplication.process(MainApplication.java:38)
	at com.github.vbauer.apkmaster.app.MainApplication.main(MainApplication.java:20)
	at sun.reflect.NativeMethodAccessorImpl.invoke0(Native Method)
	at sun.reflect.NativeMethodAccessorImpl.invoke(NativeMethodAccessorImpl.java:62)
	at sun.reflect.DelegatingMethodAccessorImpl.invoke(DelegatingMethodAccessorImpl.java:43)
	at java.lang.reflect.Method.invoke(Method.java:498)
	at com.android.arsenal.util.ReflectionUtils.invoke(ReflectionUtils.java:42)
	at com.android.arsenal.util.ApkMasterUtils.main(ApkMasterUtils.java:30)
	at com.android.arsenal.service.processor.impl.BuildProcessorServiceImpl.buildProject(BuildProcessorServiceImpl.java:197)
	at com.android.arsenal.service.processor.impl.BuildProcessorServiceImpl.build(BuildProcessorServiceImpl.java:131)
	at com.android.arsenal.service.processor.impl.BuildProcessorServiceImpl.lambda$null$1(BuildProcessorServiceImpl.java:114)
	at java.util.concurrent.FutureTask.run(FutureTask.java:266)
	at java.util.concurrent.Executors$RunnableAdapter.call(Executors.java:511)
	at java.util.concurrent.FutureTask.run(FutureTask.java:266)
	at java.util.concurrent.ThreadPoolExecutor.runWorker(ThreadPoolExecutor.java:1149)
	at java.util.concurrent.ThreadPoolExecutor$Worker.run(ThreadPoolExecutor.java:624)
	at java.lang.Thread.run(Thread.java:748)
2018-04-01 18:41:06,462 INFO  SysUtils - Configuration on demand is an incubating feature.

FAILURE: Build failed with an exception.

* Where:
Build file '/tmp/rdisk/2673/src/sample/build.gradle' line: 18

* What went wrong:
A problem occurred evaluating project ':sample'.
> Neither path nor baseDir may be null or empty string. path='' basedir='/tmp/rdisk/2673/src/sample'

* Try:
Run with --info or --debug option to get more log output.

* Exception is:
org.gradle.api.GradleScriptException: A problem occurred evaluating project ':sample'.
	at org.gradle.groovy.scripts.internal.DefaultScriptRunnerFactory$ScriptRunnerImpl.run(DefaultScriptRunnerFactory.java:93)
	at org.gradle.configuration.DefaultScriptPluginFactory$ScriptPluginImpl$2.run(DefaultScriptPluginFactory.java:157)
	at org.gradle.configuration.ProjectScriptTarget.addConfiguration(ProjectScriptTarget.java:72)
	at org.gradle.configuration.DefaultScriptPluginFactory$ScriptPluginImpl.apply(DefaultScriptPluginFactory.java:162)
	at org.gradle.configuration.project.BuildScriptProcessor.execute(BuildScriptProcessor.java:38)
	at org.gradle.configuration.project.BuildScriptProcessor.execute(BuildScriptProcessor.java:25)
	at org.gradle.configuration.project.ConfigureActionsProjectEvaluator.evaluate(ConfigureActionsProjectEvaluator.java:34)
	at org.gradle.configuration.project.LifecycleProjectEvaluator.evaluate(LifecycleProjectEvaluator.java:55)
	at org.gradle.api.internal.project.AbstractProject.evaluate(AbstractProject.java:529)
	at org.gradle.api.internal.project.AbstractProject.evaluate(AbstractProject.java:90)
	at org.gradle.execution.TaskPathProjectEvaluator.configureHierarchy(TaskPathProjectEvaluator.java:42)
	at org.gradle.execution.TaskSelector.getSelection(TaskSelector.java:84)
	at org.gradle.execution.TaskSelector.getSelection(TaskSelector.java:75)
	at org.gradle.execution.commandline.CommandLineTaskParser.parseTasks(CommandLineTaskParser.java:42)
	at org.gradle.execution.TaskNameResolvingBuildConfigurationAction.configure(TaskNameResolvingBuildConfigurationAction.java:44)
	at org.gradle.execution.DefaultBuildConfigurationActionExecuter.configure(DefaultBuildConfigurationActionExecuter.java:48)
	at org.gradle.execution.DefaultBuildConfigurationActionExecuter.access$000(DefaultBuildConfigurationActionExecuter.java:25)
	at org.gradle.execution.DefaultBuildConfigurationActionExecuter$1.proceed(DefaultBuildConfigurationActionExecuter.java:54)
	at org.gradle.execution.DefaultTasksBuildExecutionAction.configure(DefaultTasksBuildExecutionAction.java:44)
	at org.gradle.execution.DefaultBuildConfigurationActionExecuter.configure(DefaultBuildConfigurationActionExecuter.java:48)
	at org.gradle.execution.DefaultBuildConfigurationActionExecuter.access$000(DefaultBuildConfigurationActionExecuter.java:25)
	at org.gradle.execution.DefaultBuildConfigurationActionExecuter$1.proceed(DefaultBuildConfigurationActionExecuter.java:54)
	at org.gradle.execution.ExcludedTaskFilteringBuildConfigurationAction.configure(ExcludedTaskFilteringBuildConfigurationAction.java:47)
	at org.gradle.execution.DefaultBuildConfigurationActionExecuter.configure(DefaultBuildConfigurationActionExecuter.java:48)
	at org.gradle.execution.DefaultBuildConfigurationActionExecuter.select(DefaultBuildConfigurationActionExecuter.java:36)
	at org.gradle.initialization.DefaultGradleLauncher$3.run(DefaultGradleLauncher.java:143)
	at org.gradle.internal.Factories$1.create(Factories.java:22)
	at org.gradle.internal.progress.DefaultBuildOperationExecutor.run(DefaultBuildOperationExecutor.java:90)
	at org.gradle.internal.progress.DefaultBuildOperationExecutor.run(DefaultBuildOperationExecutor.java:52)
	at org.gradle.initialization.DefaultGradleLauncher.doBuildStages(DefaultGradleLauncher.java:140)
	at org.gradle.initialization.DefaultGradleLauncher.access$200(DefaultGradleLauncher.java:32)
	at org.gradle.initialization.DefaultGradleLauncher$1.create(DefaultGradleLauncher.java:99)
	at org.gradle.initialization.DefaultGradleLauncher$1.create(DefaultGradleLauncher.java:93)
	at org.gradle.internal.progress.DefaultBuildOperationExecutor.run(DefaultBuildOperationExecutor.java:90)
	at org.gradle.internal.progress.DefaultBuildOperationExecutor.run(DefaultBuildOperationExecutor.java:62)
	at org.gradle.initialization.DefaultGradleLauncher.doBuild(DefaultGradleLauncher.java:93)
	at org.gradle.initialization.DefaultGradleLauncher.run(DefaultGradleLauncher.java:82)
	at org.gradle.launcher.exec.InProcessBuildActionExecuter$DefaultBuildController.run(InProcessBuildActionExecuter.java:94)
	at org.gradle.tooling.internal.provider.ExecuteBuildActionRunner.run(ExecuteBuildActionRunner.java:28)
	at org.gradle.launcher.exec.ChainingBuildActionRunner.run(ChainingBuildActionRunner.java:35)
	at org.gradle.launcher.exec.InProcessBuildActionExecuter.execute(InProcessBuildActionExecuter.java:43)
	at org.gradle.launcher.exec.InProcessBuildActionExecuter.execute(InProcessBuildActionExecuter.java:28)
	at org.gradle.launcher.exec.ContinuousBuildActionExecuter.execute(ContinuousBuildActionExecuter.java:81)
	at org.gradle.launcher.exec.ContinuousBuildActionExecuter.execute(ContinuousBuildActionExecuter.java:46)
	at org.gradle.launcher.exec.DaemonUsageSuggestingBuildActionExecuter.execute(DaemonUsageSuggestingBuildActionExecuter.java:51)
	at org.gradle.launcher.exec.DaemonUsageSuggestingBuildActionExecuter.execute(DaemonUsageSuggestingBuildActionExecuter.java:28)
	at org.gradle.launcher.cli.RunBuildAction.run(RunBuildAction.java:43)
	at org.gradle.internal.Actions$RunnableActionAdapter.execute(Actions.java:173)
	at org.gradle.launcher.cli.CommandLineActionFactory$ParseAndBuildAction.execute(CommandLineActionFactory.java:241)
	at org.gradle.launcher.cli.CommandLineActionFactory$ParseAndBuildAction.execute(CommandLineActionFactory.java:214)
	at org.gradle.launcher.cli.JavaRuntimeValidationAction.execute(JavaRuntimeValidationAction.java:35)
	at org.gradle.launcher.cli.JavaRuntimeValidationAction.execute(JavaRuntimeValidationAction.java:24)
	at org.gradle.launcher.cli.CommandLineActionFactory$WithLogging.execute(CommandLineActionFactory.java:207)
	at org.gradle.launcher.cli.CommandLineActionFactory$WithLogging.execute(CommandLineActionFactory.java:169)
	at org.gradle.launcher.cli.ExceptionReportingAction.execute(ExceptionReportingAction.java:33)
	at org.gradle.launcher.cli.ExceptionReportingAction.execute(ExceptionReportingAction.java:22)
	at org.gradle.launcher.Main.doAction(Main.java:33)
	at org.gradle.launcher.bootstrap.EntryPoint.run(EntryPoint.java:45)
	at org.gradle.launcher.bootstrap.ProcessBootstrap.runNoExit(ProcessBootstrap.java:55)
	at org.gradle.launcher.bootstrap.ProcessBootstrap.run(ProcessBootstrap.java:36)
	at org.gradle.launcher.GradleMain.main(GradleMain.java:23)
	at org.gradle.wrapper.BootstrapMainStarter.start(BootstrapMainStarter.java:33)
	at org.gradle.wrapper.WrapperExecutor.execute(WrapperExecutor.java:130)
	at org.gradle.wrapper.GradleWrapperMain.main(GradleWrapperMain.java:48)
Caused by: java.lang.IllegalArgumentException: Neither path nor baseDir may be null or empty string. path='' basedir='/tmp/rdisk/2673/src/sample'
	at org.gradle.api.internal.file.BaseDirFileResolver.doResolve(BaseDirFileResolver.java:67)
	at org.gradle.api.internal.file.AbstractFileResolver.resolve(AbstractFileResolver.java:84)
	at org.gradle.api.internal.file.AbstractFileResolver.resolve(AbstractFileResolver.java:66)
	at org.gradle.api.internal.file.DefaultFileOperations.file(DefaultFileOperations.java:76)
	at org.gradle.api.internal.project.AbstractProject.file(AbstractProject.java:657)
	at org.gradle.groovy.scripts.DefaultScript.file(DefaultScript.java:126)
	at org.gradle.api.internal.BeanDynamicObject$GroovyObjectAdapter.invokeMethod(BeanDynamicObject.java:279)
	at org.gradle.api.internal.BeanDynamicObject.invokeMethod(BeanDynamicObject.java:130)
	at org.gradle.api.internal.ConfigureDelegate.invokeMethod(ConfigureDelegate.java:78)
	at build_cwj1yic2ijwfn3957cgbm2pig$_run_closure1$_closure5$_closure7.doCall(/tmp/rdisk/2673/src/sample/build.gradle:18)
	at org.gradle.api.internal.ClosureBackedAction.execute(ClosureBackedAction.java:67)
	at org.gradle.api.internal.AbstractNamedDomainObjectContainer.create(AbstractNamedDomainObjectContainer.java:59)
	at org.gradle.api.internal.AbstractNamedDomainObjectContainer.create(AbstractNamedDomainObjectContainer.java:52)
	at org.gradle.api.internal.NamedDomainObjectContainerConfigureDelegate._configure(NamedDomainObjectContainerConfigureDelegate.java:39)
	at org.gradle.api.internal.ConfigureDelegate.invokeMethod(ConfigureDelegate.java:73)
	at build_cwj1yic2ijwfn3957cgbm2pig$_run_closure1$_closure5.doCall(/tmp/rdisk/2673/src/sample/build.gradle:17)
	at org.gradle.api.internal.ClosureBackedAction.execute(ClosureBackedAction.java:67)
	at org.gradle.util.ConfigureUtil.configure(ConfigureUtil.java:130)
	at org.gradle.util.ConfigureUtil.configure(ConfigureUtil.java:91)
	at org.gradle.api.internal.AbstractNamedDomainObjectContainer.configure(AbstractNamedDomainObjectContainer.java:68)
	at org.gradle.api.internal.AbstractNamedDomainObjectContainer.configure(AbstractNamedDomainObjectContainer.java:24)
	at org.gradle.api.internal.ClosureBackedAction.execute(ClosureBackedAction.java:59)
	at com.android.build.gradle.BaseExtension.signingConfigs(BaseExtension.java:378)
	at com.android.build.gradle.AppExtension_Decorated.signingConfigs(Unknown Source)
	at build_cwj1yic2ijwfn3957cgbm2pig$_run_closure1.doCall(/tmp/rdisk/2673/src/sample/build.gradle:16)
	at org.gradle.api.internal.ClosureBackedAction.execute(ClosureBackedAction.java:67)
	at org.gradle.api.internal.plugins.ExtensionsStorage$ExtensionHolder.configure(ExtensionsStorage.java:145)
	at org.gradle.api.internal.plugins.ExtensionsStorage.configureExtension(ExtensionsStorage.java:69)
	at org.gradle.api.internal.plugins.DefaultConvention$ExtensionsDynamicObject.invokeMethod(DefaultConvention.java:207)
	at org.gradle.api.internal.CompositeDynamicObject.invokeMethod(CompositeDynamicObject.java:150)
	at org.gradle.groovy.scripts.BasicScript.methodMissing(BasicScript.java:79)
	at build_cwj1yic2ijwfn3957cgbm2pig.run(/tmp/rdisk/2673/src/sample/build.gradle:3)
	at org.gradle.groovy.scripts.internal.DefaultScriptRunnerFactory$ScriptRunnerImpl.run(DefaultScriptRunnerFactory.java:91)
	... 63 more


BUILD FAILED

Total time: 4.999 secs

2018-04-01 18:41:06,508 INFO  ProjectTaskService - Detecting possible tasks...
2018-04-01 18:41:06,508 INFO  SysUtils - Execute command: [/tmp/rdisk/2673/src/gradlew, -b, /tmp/rdisk/2673/src/build.gradle, -Dorg.gradle.daemon=false, -Dorg.gradle.daemon.performance.enable-monitoring=false, -Dorg.gradle.configureondemand=true, tasks]
2018-04-01 18:41:13,351 ERROR ProjectTaskService - Could not detect possible Gradle tasks: Process exited with an error: 1 (Exit value: 1)
2018-04-01 18:41:13,351 INFO  ProjectTaskService - Detected possible tasks: 0
2018-04-01 18:41:13,351 INFO  ProjectTaskService - Excluded tasks (0): none
2018-04-01 18:41:13,352 INFO  SysUtils - Execute command: [/tmp/rdisk/2673/src/gradlew, -b, /tmp/rdisk/2673/src/build.gradle, -Dorg.gradle.daemon=false, -Dorg.gradle.daemon.performance.enable-monitoring=false, -Dorg.gradle.configureondemand=true, --stacktrace, build]
2018-04-01 18:41:20,236 ERROR SysUtils - Could not process external command
org.apache.commons.exec.ExecuteException: Process exited with an error: 1 (Exit value: 1)
	at org.apache.commons.exec.DefaultExecutor.executeInternal(DefaultExecutor.java:404)
	at org.apache.commons.exec.DefaultExecutor.execute(DefaultExecutor.java:166)
	at com.github.vbauer.apkmaster.util.SysUtils.execute(SysUtils.java:67)
	at com.github.vbauer.apkmaster.util.SysUtils.executeSimple(SysUtils.java:43)
	at com.github.vbauer.apkmaster.service.assembly.ProjectBuildService.buildProject(ProjectBuildService.java:78)
	at com.github.vbauer.apkmaster.service.assembly.ProjectBuildService.buildProject(ProjectBuildService.java:64)
	at com.github.vbauer.apkmaster.service.assembly.ProjectBuildService.buildProject(ProjectBuildService.java:43)
	at com.github.vbauer.apkmaster.service.FullProcessService.build(FullProcessService.java:84)
	at com.github.vbauer.apkmaster.service.FullProcessService.process(FullProcessService.java:34)
	at com.github.vbauer.apkmaster.app.MainApplication.process(MainApplication.java:38)
	at com.github.vbauer.apkmaster.app.MainApplication.main(MainApplication.java:20)
	at sun.reflect.NativeMethodAccessorImpl.invoke0(Native Method)
	at sun.reflect.NativeMethodAccessorImpl.invoke(NativeMethodAccessorImpl.java:62)
	at sun.reflect.DelegatingMethodAccessorImpl.invoke(DelegatingMethodAccessorImpl.java:43)
	at java.lang.reflect.Method.invoke(Method.java:498)
	at com.android.arsenal.util.ReflectionUtils.invoke(ReflectionUtils.java:42)
	at com.android.arsenal.util.ApkMasterUtils.main(ApkMasterUtils.java:30)
	at com.android.arsenal.service.processor.impl.BuildProcessorServiceImpl.buildProject(BuildProcessorServiceImpl.java:197)
	at com.android.arsenal.service.processor.impl.BuildProcessorServiceImpl.build(BuildProcessorServiceImpl.java:131)
	at com.android.arsenal.service.processor.impl.BuildProcessorServiceImpl.lambda$null$1(BuildProcessorServiceImpl.java:114)
	at java.util.concurrent.FutureTask.run(FutureTask.java:266)
	at java.util.concurrent.Executors$RunnableAdapter.call(Executors.java:511)
	at java.util.concurrent.FutureTask.run(FutureTask.java:266)
	at java.util.concurrent.ThreadPoolExecutor.runWorker(ThreadPoolExecutor.java:1149)
	at java.util.concurrent.ThreadPoolExecutor$Worker.run(ThreadPoolExecutor.java:624)
	at java.lang.Thread.run(Thread.java:748)
2018-04-01 18:41:20,236 INFO  SysUtils - Configuration on demand is an incubating feature.
Incremental java compilation is an incubating feature.

FAILURE: Build failed with an exception.

* Where:
Build file '/tmp/rdisk/2673/src/sample/build.gradle' line: 18

* What went wrong:
A problem occurred evaluating project ':sample'.
> Neither path nor baseDir may be null or empty string. path='' basedir='/tmp/rdisk/2673/src/sample'

* Try:
Run with --info or --debug option to get more log output.

* Exception is:
org.gradle.api.GradleScriptException: A problem occurred evaluating project ':sample'.
	at org.gradle.groovy.scripts.internal.DefaultScriptRunnerFactory$ScriptRunnerImpl.run(DefaultScriptRunnerFactory.java:93)
	at org.gradle.configuration.DefaultScriptPluginFactory$ScriptPluginImpl$2.run(DefaultScriptPluginFactory.java:157)
	at org.gradle.configuration.ProjectScriptTarget.addConfiguration(ProjectScriptTarget.java:72)
	at org.gradle.configuration.DefaultScriptPluginFactory$ScriptPluginImpl.apply(DefaultScriptPluginFactory.java:162)
	at org.gradle.configuration.project.BuildScriptProcessor.execute(BuildScriptProcessor.java:38)
	at org.gradle.configuration.project.BuildScriptProcessor.execute(BuildScriptProcessor.java:25)
	at org.gradle.configuration.project.ConfigureActionsProjectEvaluator.evaluate(ConfigureActionsProjectEvaluator.java:34)
	at org.gradle.configuration.project.LifecycleProjectEvaluator.evaluate(LifecycleProjectEvaluator.java:55)
	at org.gradle.api.internal.project.AbstractProject.evaluate(AbstractProject.java:529)
	at org.gradle.api.internal.project.AbstractProject.evaluate(AbstractProject.java:90)
	at org.gradle.execution.TaskPathProjectEvaluator.configureHierarchy(TaskPathProjectEvaluator.java:47)
	at org.gradle.execution.TaskSelector.getSelection(TaskSelector.java:84)
	at org.gradle.execution.TaskSelector.getSelection(TaskSelector.java:75)
	at org.gradle.execution.commandline.CommandLineTaskParser.parseTasks(CommandLineTaskParser.java:42)
	at org.gradle.execution.TaskNameResolvingBuildConfigurationAction.configure(TaskNameResolvingBuildConfigurationAction.java:44)
	at org.gradle.execution.DefaultBuildConfigurationActionExecuter.configure(DefaultBuildConfigurationActionExecuter.java:48)
	at org.gradle.execution.DefaultBuildConfigurationActionExecuter.access$000(DefaultBuildConfigurationActionExecuter.java:25)
	at org.gradle.execution.DefaultBuildConfigurationActionExecuter$1.proceed(DefaultBuildConfigurationActionExecuter.java:54)
	at org.gradle.execution.DefaultTasksBuildExecutionAction.configure(DefaultTasksBuildExecutionAction.java:44)
	at org.gradle.execution.DefaultBuildConfigurationActionExecuter.configure(DefaultBuildConfigurationActionExecuter.java:48)
	at org.gradle.execution.DefaultBuildConfigurationActionExecuter.access$000(DefaultBuildConfigurationActionExecuter.java:25)
	at org.gradle.execution.DefaultBuildConfigurationActionExecuter$1.proceed(DefaultBuildConfigurationActionExecuter.java:54)
	at org.gradle.execution.ExcludedTaskFilteringBuildConfigurationAction.configure(ExcludedTaskFilteringBuildConfigurationAction.java:47)
	at org.gradle.execution.DefaultBuildConfigurationActionExecuter.configure(DefaultBuildConfigurationActionExecuter.java:48)
	at org.gradle.execution.DefaultBuildConfigurationActionExecuter.select(DefaultBuildConfigurationActionExecuter.java:36)
	at org.gradle.initialization.DefaultGradleLauncher$3.run(DefaultGradleLauncher.java:143)
	at org.gradle.internal.Factories$1.create(Factories.java:22)
	at org.gradle.internal.progress.DefaultBuildOperationExecutor.run(DefaultBuildOperationExecutor.java:90)
	at org.gradle.internal.progress.DefaultBuildOperationExecutor.run(DefaultBuildOperationExecutor.java:52)
	at org.gradle.initialization.DefaultGradleLauncher.doBuildStages(DefaultGradleLauncher.java:140)
	at org.gradle.initialization.DefaultGradleLauncher.access$200(DefaultGradleLauncher.java:32)
	at org.gradle.initialization.DefaultGradleLauncher$1.create(DefaultGradleLauncher.java:99)
	at org.gradle.initialization.DefaultGradleLauncher$1.create(DefaultGradleLauncher.java:93)
	at org.gradle.internal.progress.DefaultBuildOperationExecutor.run(DefaultBuildOperationExecutor.java:90)
	at org.gradle.internal.progress.DefaultBuildOperationExecutor.run(DefaultBuildOperationExecutor.java:62)
	at org.gradle.initialization.DefaultGradleLauncher.doBuild(DefaultGradleLauncher.java:93)
	at org.gradle.initialization.DefaultGradleLauncher.run(DefaultGradleLauncher.java:82)
	at org.gradle.launcher.exec.InProcessBuildActionExecuter$DefaultBuildController.run(InProcessBuildActionExecuter.java:94)
	at org.gradle.tooling.internal.provider.ExecuteBuildActionRunner.run(ExecuteBuildActionRunner.java:28)
	at org.gradle.launcher.exec.ChainingBuildActionRunner.run(ChainingBuildActionRunner.java:35)
	at org.gradle.launcher.exec.InProcessBuildActionExecuter.execute(InProcessBuildActionExecuter.java:43)
	at org.gradle.launcher.exec.InProcessBuildActionExecuter.execute(InProcessBuildActionExecuter.java:28)
	at org.gradle.launcher.exec.ContinuousBuildActionExecuter.execute(ContinuousBuildActionExecuter.java:81)
	at org.gradle.launcher.exec.ContinuousBuildActionExecuter.execute(ContinuousBuildActionExecuter.java:46)
	at org.gradle.launcher.exec.DaemonUsageSuggestingBuildActionExecuter.execute(DaemonUsageSuggestingBuildActionExecuter.java:51)
	at org.gradle.launcher.exec.DaemonUsageSuggestingBuildActionExecuter.execute(DaemonUsageSuggestingBuildActionExecuter.java:28)
	at org.gradle.launcher.cli.RunBuildAction.run(RunBuildAction.java:43)
	at org.gradle.internal.Actions$RunnableActionAdapter.execute(Actions.java:173)
	at org.gradle.launcher.cli.CommandLineActionFactory$ParseAndBuildAction.execute(CommandLineActionFactory.java:241)
	at org.gradle.launcher.cli.CommandLineActionFactory$ParseAndBuildAction.execute(CommandLineActionFactory.java:214)
	at org.gradle.launcher.cli.JavaRuntimeValidationAction.execute(JavaRuntimeValidationAction.java:35)
	at org.gradle.launcher.cli.JavaRuntimeValidationAction.execute(JavaRuntimeValidationAction.java:24)
	at org.gradle.launcher.cli.CommandLineActionFactory$WithLogging.execute(CommandLineActionFactory.java:207)
	at org.gradle.launcher.cli.CommandLineActionFactory$WithLogging.execute(CommandLineActionFactory.java:169)
	at org.gradle.launcher.cli.ExceptionReportingAction.execute(ExceptionReportingAction.java:33)
	at org.gradle.launcher.cli.ExceptionReportingAction.execute(ExceptionReportingAction.java:22)
	at org.gradle.launcher.Main.doAction(Main.java:33)
	at org.gradle.launcher.bootstrap.EntryPoint.run(EntryPoint.java:45)
	at org.gradle.launcher.bootstrap.ProcessBootstrap.runNoExit(ProcessBootstrap.java:55)
	at org.gradle.launcher.bootstrap.ProcessBootstrap.run(ProcessBootstrap.java:36)
	at org.gradle.launcher.GradleMain.main(GradleMain.java:23)
	at org.gradle.wrapper.BootstrapMainStarter.start(BootstrapMainStarter.java:33)
	at org.gradle.wrapper.WrapperExecutor.execute(WrapperExecutor.java:130)
	at org.gradle.wrapper.GradleWrapperMain.main(GradleWrapperMain.java:48)
Caused by: java.lang.IllegalArgumentException: Neither path nor baseDir may be null or empty string. path='' basedir='/tmp/rdisk/2673/src/sample'
	at org.gradle.api.internal.file.BaseDirFileResolver.doResolve(BaseDirFileResolver.java:67)
	at org.gradle.api.internal.file.AbstractFileResolver.resolve(AbstractFileResolver.java:84)
	at org.gradle.api.internal.file.AbstractFileResolver.resolve(AbstractFileResolver.java:66)
	at org.gradle.api.internal.file.DefaultFileOperations.file(DefaultFileOperations.java:76)
	at org.gradle.api.internal.project.AbstractProject.file(AbstractProject.java:657)
	at org.gradle.groovy.scripts.DefaultScript.file(DefaultScript.java:126)
	at org.gradle.api.internal.BeanDynamicObject$GroovyObjectAdapter.invokeMethod(BeanDynamicObject.java:279)
	at org.gradle.api.internal.BeanDynamicObject.invokeMethod(BeanDynamicObject.java:130)
	at org.gradle.api.internal.ConfigureDelegate.invokeMethod(ConfigureDelegate.java:78)
	at build_cwj1yic2ijwfn3957cgbm2pig$_run_closure1$_closure5$_closure7.doCall(/tmp/rdisk/2673/src/sample/build.gradle:18)
	at org.gradle.api.internal.ClosureBackedAction.execute(ClosureBackedAction.java:67)
	at org.gradle.api.internal.AbstractNamedDomainObjectContainer.create(AbstractNamedDomainObjectContainer.java:59)
	at org.gradle.api.internal.AbstractNamedDomainObjectContainer.create(AbstractNamedDomainObjectContainer.java:52)
	at org.gradle.api.internal.NamedDomainObjectContainerConfigureDelegate._configure(NamedDomainObjectContainerConfigureDelegate.java:39)
	at org.gradle.api.internal.ConfigureDelegate.invokeMethod(ConfigureDelegate.java:73)
	at build_cwj1yic2ijwfn3957cgbm2pig$_run_closure1$_closure5.doCall(/tmp/rdisk/2673/src/sample/build.gradle:17)
	at org.gradle.api.internal.ClosureBackedAction.execute(ClosureBackedAction.java:67)
	at org.gradle.util.ConfigureUtil.configure(ConfigureUtil.java:130)
	at org.gradle.util.ConfigureUtil.configure(ConfigureUtil.java:91)
	at org.gradle.api.internal.AbstractNamedDomainObjectContainer.configure(AbstractNamedDomainObjectContainer.java:68)
	at org.gradle.api.internal.AbstractNamedDomainObjectContainer.configure(AbstractNamedDomainObjectContainer.java:24)
	at org.gradle.api.internal.ClosureBackedAction.execute(ClosureBackedAction.java:59)
	at com.android.build.gradle.BaseExtension.signingConfigs(BaseExtension.java:378)
	at com.android.build.gradle.AppExtension_Decorated.signingConfigs(Unknown Source)
	at build_cwj1yic2ijwfn3957cgbm2pig$_run_closure1.doCall(/tmp/rdisk/2673/src/sample/build.gradle:16)
	at org.gradle.api.internal.ClosureBackedAction.execute(ClosureBackedAction.java:67)
	at org.gradle.api.internal.plugins.ExtensionsStorage$ExtensionHolder.configure(ExtensionsStorage.java:145)
	at org.gradle.api.internal.plugins.ExtensionsStorage.configureExtension(ExtensionsStorage.java:69)
	at org.gradle.api.internal.plugins.DefaultConvention$ExtensionsDynamicObject.invokeMethod(DefaultConvention.java:207)
	at org.gradle.api.internal.CompositeDynamicObject.invokeMethod(CompositeDynamicObject.java:150)
	at org.gradle.groovy.scripts.BasicScript.methodMissing(BasicScript.java:79)
	at build_cwj1yic2ijwfn3957cgbm2pig.run(/tmp/rdisk/2673/src/sample/build.gradle:3)
	at org.gradle.groovy.scripts.internal.DefaultScriptRunnerFactory$ScriptRunnerImpl.run(DefaultScriptRunnerFactory.java:91)
	... 63 more


BUILD FAILED

Total time: 6.43 secs

2018-04-01 18:41:20,281 ERROR FullProcessService - Project build has not produced APK file
2018-04-01 18:41:20,336 ERROR FullProcessService - Could not find generated or existed APK file
