2018-04-01 19:30:33,440 INFO  DownloadService - Downloading "https://github.com/kaelaela/VerticalViewPager/archive/master.zip", attempt 3
2018-04-01 19:31:34,021 INFO  GithubDownloadService - Could not find ZIP archive for master branch
2018-04-01 19:31:34,680 INFO  GithubDownloadService - Default branch of this repository: master
2018-04-01 19:31:34,680 INFO  DownloadService - Downloading "https://github.com/kaelaela/VerticalViewPager/archive/master.zip", attempt 3
2018-04-01 19:32:35,951 DEBUG FullProcessService - Repository https://github.com/kaelaela/VerticalViewPager available: true
2018-04-01 19:32:35,951 INFO  FullProcessService - Could not download ZIP file from Github, lets clone it
2018-04-01 19:32:35,951 INFO  SysUtils - Execute command: [git, clone, -q, --single-branch, --depth, 1, https://github.com/kaelaela/VerticalViewPager, /tmp/rdisk/2651/src]
2018-04-01 19:32:41,724 INFO  SysUtils - 
2018-04-01 19:32:41,739 INFO  GitService - Deleted "/tmp/rdisk/2651/src/.git": true
2018-04-01 19:32:41,742 INFO  FullProcessService - Size of directory with sources: 955 KB
2018-04-01 19:32:41,742 INFO  SysUtils - Execute command: [git, init, /tmp/rdisk/2651/src]
2018-04-01 19:32:41,750 INFO  SysUtils - Initialized empty Git repository in /tmp/rdisk/2651/src/.git/

2018-04-01 19:32:41,753 INFO  ProjectBuildService - Gradle wrapper(s): /tmp/rdisk/2651/src/gradlew
2018-04-01 19:32:41,756 INFO  ProjectBuildService - Build script(s): /tmp/rdisk/2651/src/library/build.gradle /tmp/rdisk/2651/src/sample/build.gradle /tmp/rdisk/2651/src/build.gradle
2018-04-01 19:32:41,759 INFO  ProjectBuildService - All script(s): /tmp/rdisk/2651/src/settings.gradle /tmp/rdisk/2651/src/sample/build.gradle /tmp/rdisk/2651/src/library/build.gradle /tmp/rdisk/2651/src/library/bintray.gradle /tmp/rdisk/2651/src/library/android-artifacts.gradle /tmp/rdisk/2651/src/build.gradle
2018-04-01 19:32:41,759 INFO  ProjectBuildService - Remote scripts: none
2018-04-01 19:32:41,759 INFO  ProjectFixService - Fixing project...
2018-04-01 19:32:41,767 INFO  LocalPropertiesFixService - Created fake /tmp/rdisk/2651/src/library/local.properties
2018-04-01 19:32:41,770 INFO  ProjectFixService - Build info for "/tmp/rdisk/2651/src/library/build.gradle": [buildToolsVersion=<null>,compileSdkVersion=<null>,minSdkVersion=<null>,targetSdkVersion=<null>]
2018-04-01 19:32:41,770 INFO  ProjectFixService - Fixed build info for "/tmp/rdisk/2651/src/library/build.gradle": [buildToolsVersion=28.0.0-rc1,compileSdkVersion=27,minSdkVersion=27,targetSdkVersion=27]
2018-04-01 19:32:41,771 INFO  LocalPropertiesFixService - Created fake /tmp/rdisk/2651/src/sample/local.properties
2018-04-01 19:32:41,774 INFO  ProjectFixService - Build info for "/tmp/rdisk/2651/src/sample/build.gradle": [buildToolsVersion=<null>,compileSdkVersion=<null>,minSdkVersion=<null>,targetSdkVersion=<null>]
2018-04-01 19:32:41,774 INFO  ProjectFixService - Fixed build info for "/tmp/rdisk/2651/src/sample/build.gradle": [buildToolsVersion=28.0.0-rc1,compileSdkVersion=27,minSdkVersion=27,targetSdkVersion=27]
2018-04-01 19:32:41,775 INFO  LocalPropertiesFixService - Created fake /tmp/rdisk/2651/src/local.properties
2018-04-01 19:32:41,775 INFO  WrapperPropertiesFixService - Gradle wrapper: https://services.gradle.org/distributions/gradle-2.4-all.zip
2018-04-01 19:32:41,775 INFO  WrapperPropertiesFixService - Gradle wrapper was changed from "-all.zip" to "-bin.zip" (https://services.gradle.org/distributions/gradle-2.4-bin.zip)
2018-04-01 19:32:41,778 INFO  ProjectFixService - Build info for "/tmp/rdisk/2651/src/build.gradle": [buildToolsVersion=<null>,compileSdkVersion=<null>,minSdkVersion=<null>,targetSdkVersion=<null>]
2018-04-01 19:32:41,779 INFO  ProjectFixService - Fixed build info for "/tmp/rdisk/2651/src/build.gradle": [buildToolsVersion=28.0.0-rc1,compileSdkVersion=27,minSdkVersion=27,targetSdkVersion=27]
2018-04-01 19:32:41,779 INFO  ProjectFixService - Project was maybe fixed
2018-04-01 19:32:41,779 INFO  ProjectTaskService - Detecting possible tasks...
2018-04-01 19:32:41,779 INFO  SysUtils - Execute command: [/tmp/rdisk/2651/src/gradlew, -b, /tmp/rdisk/2651/src/library/build.gradle, -Dorg.gradle.daemon=false, -Dorg.gradle.daemon.performance.enable-monitoring=false, -Dorg.gradle.configureondemand=true, tasks]
2018-04-01 19:32:56,465 ERROR ProjectTaskService - Could not detect possible Gradle tasks: Process exited with an error: 1 (Exit value: 1)
2018-04-01 19:32:56,465 INFO  ProjectTaskService - Detected possible tasks: 0
2018-04-01 19:32:56,465 INFO  ProjectTaskService - Excluded tasks (0): none
2018-04-01 19:32:56,466 INFO  SysUtils - Execute command: [/tmp/rdisk/2651/src/gradlew, -b, /tmp/rdisk/2651/src/library/build.gradle, -Dorg.gradle.daemon=false, -Dorg.gradle.daemon.performance.enable-monitoring=false, -Dorg.gradle.configureondemand=true, --stacktrace, build]
2018-04-01 19:33:14,895 ERROR SysUtils - Could not process external command
org.apache.commons.exec.ExecuteException: Process exited with an error: 1 (Exit value: 1)
	at org.apache.commons.exec.DefaultExecutor.executeInternal(DefaultExecutor.java:404)
	at org.apache.commons.exec.DefaultExecutor.execute(DefaultExecutor.java:166)
	at com.github.vbauer.apkmaster.util.SysUtils.execute(SysUtils.java:67)
	at com.github.vbauer.apkmaster.util.SysUtils.executeSimple(SysUtils.java:43)
	at com.github.vbauer.apkmaster.service.assembly.ProjectBuildService.buildProject(ProjectBuildService.java:78)
	at com.github.vbauer.apkmaster.service.assembly.ProjectBuildService.buildProject(ProjectBuildService.java:64)
	at com.github.vbauer.apkmaster.service.assembly.ProjectBuildService.buildProject(ProjectBuildService.java:43)
	at com.github.vbauer.apkmaster.service.FullProcessService.build(FullProcessService.java:84)
	at com.github.vbauer.apkmaster.service.FullProcessService.process(FullProcessService.java:34)
	at com.github.vbauer.apkmaster.app.MainApplication.process(MainApplication.java:38)
	at com.github.vbauer.apkmaster.app.MainApplication.main(MainApplication.java:20)
	at sun.reflect.GeneratedMethodAccessor9.invoke(Unknown Source)
	at sun.reflect.DelegatingMethodAccessorImpl.invoke(DelegatingMethodAccessorImpl.java:43)
	at java.lang.reflect.Method.invoke(Method.java:498)
	at com.android.arsenal.util.ReflectionUtils.invoke(ReflectionUtils.java:42)
	at com.android.arsenal.util.ApkMasterUtils.main(ApkMasterUtils.java:30)
	at com.android.arsenal.service.processor.impl.BuildProcessorServiceImpl.buildProject(BuildProcessorServiceImpl.java:197)
	at com.android.arsenal.service.processor.impl.BuildProcessorServiceImpl.build(BuildProcessorServiceImpl.java:131)
	at com.android.arsenal.service.processor.impl.BuildProcessorServiceImpl.lambda$null$1(BuildProcessorServiceImpl.java:114)
	at java.util.concurrent.FutureTask.run(FutureTask.java:266)
	at java.util.concurrent.Executors$RunnableAdapter.call(Executors.java:511)
	at java.util.concurrent.FutureTask.run(FutureTask.java:266)
	at java.util.concurrent.ThreadPoolExecutor.runWorker(ThreadPoolExecutor.java:1149)
	at java.util.concurrent.ThreadPoolExecutor$Worker.run(ThreadPoolExecutor.java:624)
	at java.lang.Thread.run(Thread.java:748)
2018-04-01 19:33:14,895 INFO  SysUtils - Configuration on demand is an incubating feature.
:library:androidJar
:library:androidJavadocs/tmp/rdisk/2651/src/library/src/main/java/me/kaelaela/verticalviewpager/VerticalViewPager.java:17: error: package android.content does not exist
import android.content.Context;
                      ^
/tmp/rdisk/2651/src/library/src/main/java/me/kaelaela/verticalviewpager/VerticalViewPager.java:18: error: package android.support.v4.view does not exist
import android.support.v4.view.ViewPager;
                              ^
/tmp/rdisk/2651/src/library/src/main/java/me/kaelaela/verticalviewpager/VerticalViewPager.java:19: error: package android.util does not exist
import android.util.AttributeSet;
                   ^
/tmp/rdisk/2651/src/library/src/main/java/me/kaelaela/verticalviewpager/VerticalViewPager.java:20: error: package android.view does not exist
import android.view.MotionEvent;
                   ^
/tmp/rdisk/2651/src/library/src/main/java/me/kaelaela/verticalviewpager/VerticalViewPager.java:23: error: cannot find symbol
public class VerticalViewPager extends ViewPager {
                                       ^
  symbol: class ViewPager
/tmp/rdisk/2651/src/library/src/main/java/me/kaelaela/verticalviewpager/VerticalViewPager.java:25: error: cannot find symbol
    public VerticalViewPager(Context context) {
                             ^
  symbol:   class Context
  location: class VerticalViewPager
/tmp/rdisk/2651/src/library/src/main/java/me/kaelaela/verticalviewpager/VerticalViewPager.java:29: error: cannot find symbol
    public VerticalViewPager(Context context, AttributeSet attrs) {
                             ^
  symbol:   class Context
  location: class VerticalViewPager
/tmp/rdisk/2651/src/library/src/main/java/me/kaelaela/verticalviewpager/VerticalViewPager.java:29: error: cannot find symbol
    public VerticalViewPager(Context context, AttributeSet attrs) {
                                              ^
  symbol:   class AttributeSet
  location: class VerticalViewPager
/tmp/rdisk/2651/src/library/src/main/java/me/kaelaela/verticalviewpager/VerticalViewPager.java:34: error: cannot find symbol
    private MotionEvent swapTouchEvent(MotionEvent event) {
                                       ^
  symbol:   class MotionEvent
  location: class VerticalViewPager
/tmp/rdisk/2651/src/library/src/main/java/me/kaelaela/verticalviewpager/VerticalViewPager.java:34: error: cannot find symbol
    private MotionEvent swapTouchEvent(MotionEvent event) {
            ^
  symbol:   class MotionEvent
  location: class VerticalViewPager
/tmp/rdisk/2651/src/library/src/main/java/me/kaelaela/verticalviewpager/VerticalViewPager.java:47: error: cannot find symbol
    public boolean onInterceptTouchEvent(MotionEvent event) {
                                         ^
  symbol:   class MotionEvent
  location: class VerticalViewPager
/tmp/rdisk/2651/src/library/src/main/java/me/kaelaela/verticalviewpager/VerticalViewPager.java:55: error: cannot find symbol
    public boolean onTouchEvent(MotionEvent ev) {
                                ^
  symbol:   class MotionEvent
  location: class VerticalViewPager
/tmp/rdisk/2651/src/library/src/main/java/me/kaelaela/verticalviewpager/transforms/ZoomOutTransformer.java:17: error: package android.support.v4.view does not exist
import android.support.v4.view.ViewPager;
                              ^
/tmp/rdisk/2651/src/library/src/main/java/me/kaelaela/verticalviewpager/transforms/ZoomOutTransformer.java:18: error: package android.view does not exist
import android.view.View;
                   ^
/tmp/rdisk/2651/src/library/src/main/java/me/kaelaela/verticalviewpager/transforms/ZoomOutTransformer.java:20: error: package ViewPager does not exist
public class ZoomOutTransformer implements ViewPager.PageTransformer {
                                                    ^
/tmp/rdisk/2651/src/library/src/main/java/me/kaelaela/verticalviewpager/transforms/ZoomOutTransformer.java:24: error: cannot find symbol
    public void transformPage(View view, float position) {
                              ^
  symbol:   class View
  location: class ZoomOutTransformer
/tmp/rdisk/2651/src/library/src/main/java/me/kaelaela/verticalviewpager/transforms/StackTransformer.java:17: error: package android.support.v4.view does not exist
import android.support.v4.view.ViewPager;
                              ^
/tmp/rdisk/2651/src/library/src/main/java/me/kaelaela/verticalviewpager/transforms/StackTransformer.java:18: error: package android.view does not exist
import android.view.View;
                   ^
/tmp/rdisk/2651/src/library/src/main/java/me/kaelaela/verticalviewpager/transforms/StackTransformer.java:20: error: package ViewPager does not exist
public class StackTransformer implements ViewPager.PageTransformer {
                                                  ^
/tmp/rdisk/2651/src/library/src/main/java/me/kaelaela/verticalviewpager/transforms/StackTransformer.java:22: error: cannot find symbol
    public void transformPage(View page, float position) {
                              ^
  symbol:   class View
  location: class StackTransformer
/tmp/rdisk/2651/src/library/src/main/java/me/kaelaela/verticalviewpager/transforms/DefaultTransformer.java:17: error: package android.support.v4.view does not exist
import android.support.v4.view.ViewPager;
                              ^
/tmp/rdisk/2651/src/library/src/main/java/me/kaelaela/verticalviewpager/transforms/DefaultTransformer.java:18: error: package android.view does not exist
import android.view.View;
                   ^
/tmp/rdisk/2651/src/library/src/main/java/me/kaelaela/verticalviewpager/transforms/DefaultTransformer.java:20: error: package ViewPager does not exist
public class DefaultTransformer implements ViewPager.PageTransformer {
                                                    ^
/tmp/rdisk/2651/src/library/src/main/java/me/kaelaela/verticalviewpager/transforms/DefaultTransformer.java:23: error: cannot find symbol
    public void transformPage(View view, float position) {
                              ^
  symbol:   class View
  location: class DefaultTransformer

24 warnings
:library:androidJavadocsJar
:library:androidSourcesJar
:library:compileLint
:library:copyDebugLint UP-TO-DATE
:library:preBuild UP-TO-DATE
:library:preDebugBuild UP-TO-DATE
:library:checkDebugManifest
:library:preDebugAndroidTestBuild UP-TO-DATE
:library:preDebugUnitTestBuild UP-TO-DATE
:library:preReleaseBuild UP-TO-DATE
:library:preReleaseUnitTestBuild UP-TO-DATE
:library:prepareComAndroidSupportAppcompatV72310Library
:library:prepareComAndroidSupportSupportV42310Library
:library:prepareDebugDependencies
:library:compileDebugAidl
:library:compileDebugRenderscript
:library:generateDebugBuildConfig
:library:generateDebugAssets UP-TO-DATE
:library:mergeDebugAssets
:library:generateDebugResValues
:library:generateDebugResources
:library:mergeDebugResources
:library:processDebugManifest
:library:processDebugResources
:library:generateDebugSources
:library:processDebugJavaRes UP-TO-DATE
:library:compileDebugJavaWithJavac
:library:extractDebugAnnotations
:library:mergeDebugProguardFiles
:library:packageDebugJar
:library:compileDebugNdk UP-TO-DATE
:library:packageDebugJniLibs UP-TO-DATE
:library:packageDebugLocalJar UP-TO-DATE
:library:packageDebugRenderscript UP-TO-DATE
:library:packageDebugResources
:library:bundleDebug
:library:compileDebugSources
:library:assembleDebug
:library:copyReleaseLint UP-TO-DATE
:library:checkReleaseManifest
:library:prepareReleaseDependencies
:library:compileReleaseAidl
:library:compileReleaseRenderscript
:library:generateReleaseBuildConfig
:library:generateReleaseAssets UP-TO-DATE
:library:mergeReleaseAssets
:library:generateReleaseResValues
:library:generateReleaseResources
:library:mergeReleaseResources
:library:processReleaseManifest
:library:processReleaseResources
:library:generateReleaseSources
:library:processReleaseJavaRes UP-TO-DATE
:library:compileReleaseJavaWithJavac
:library:extractReleaseAnnotations
:library:mergeReleaseProguardFiles
:library:packageReleaseJar
:library:compileReleaseNdk UP-TO-DATE
:library:packageReleaseJniLibs UP-TO-DATE
:library:packageReleaseLocalJar UP-TO-DATE
:library:packageReleaseRenderscript UP-TO-DATE
:library:packageReleaseResources
:library:bundleRelease
:library:compileReleaseSources
:library:assembleRelease
:library:assemble
:library:lint
Ran lint on variant release: 3 issues found
Ran lint on variant debug: 3 issues found
Wrote HTML report to file:/tmp/rdisk/2651/src/library/build/outputs/lint-results.html
Wrote XML report to /tmp/rdisk/2651/src/library/build/outputs/lint-results.xml
:library:prepareDebugUnitTestDependencies
:library:processDebugUnitTestJavaRes UP-TO-DATE
:library:compileDebugUnitTestJavaWithJavac/tmp/rdisk/2651/src/library/src/test/java/me/kaelaela/verticalviewpager/ExampleUnitTest.java:3: error: package org.junit does not exist
import org.junit.Test;
                ^
/tmp/rdisk/2651/src/library/src/test/java/me/kaelaela/verticalviewpager/ExampleUnitTest.java:5: error: package org.junit does not exist
import static org.junit.Assert.*;
                       ^
/tmp/rdisk/2651/src/library/src/test/java/me/kaelaela/verticalviewpager/ExampleUnitTest.java:11: error: cannot find symbol
    @Test
     ^
  symbol:   class Test
  location: class ExampleUnitTest
/tmp/rdisk/2651/src/library/src/test/java/me/kaelaela/verticalviewpager/ExampleUnitTest.java:13: error: cannot find symbol
        assertEquals(4, 2 + 2);
        ^
  symbol:   method assertEquals(int,int)
  location: class ExampleUnitTest
4 errors
 FAILED

FAILURE: Build failed with an exception.

* What went wrong:
Execution failed for task ':library:compileDebugUnitTestJavaWithJavac'.
> Compilation failed; see the compiler error output for details.

* Try:
Run with --info or --debug option to get more log output.

* Exception is:
org.gradle.api.tasks.TaskExecutionException: Execution failed for task ':library:compileDebugUnitTestJavaWithJavac'.
	at org.gradle.api.internal.tasks.execution.ExecuteActionsTaskExecuter.executeActions(ExecuteActionsTaskExecuter.java:69)
	at org.gradle.api.internal.tasks.execution.ExecuteActionsTaskExecuter.execute(ExecuteActionsTaskExecuter.java:46)
	at org.gradle.api.internal.tasks.execution.PostExecutionAnalysisTaskExecuter.execute(PostExecutionAnalysisTaskExecuter.java:35)
	at org.gradle.api.internal.tasks.execution.SkipUpToDateTaskExecuter.execute(SkipUpToDateTaskExecuter.java:64)
	at org.gradle.api.internal.tasks.execution.ValidatingTaskExecuter.execute(ValidatingTaskExecuter.java:58)
	at org.gradle.api.internal.tasks.execution.SkipEmptySourceFilesTaskExecuter.execute(SkipEmptySourceFilesTaskExecuter.java:42)
	at org.gradle.api.internal.tasks.execution.SkipTaskWithNoActionsExecuter.execute(SkipTaskWithNoActionsExecuter.java:52)
	at org.gradle.api.internal.tasks.execution.SkipOnlyIfTaskExecuter.execute(SkipOnlyIfTaskExecuter.java:53)
	at org.gradle.api.internal.tasks.execution.ExecuteAtMostOnceTaskExecuter.execute(ExecuteAtMostOnceTaskExecuter.java:43)
	at org.gradle.api.internal.AbstractTask.executeWithoutThrowingTaskFailure(AbstractTask.java:310)
	at org.gradle.execution.taskgraph.AbstractTaskPlanExecutor$TaskExecutorWorker.executeTask(AbstractTaskPlanExecutor.java:79)
	at org.gradle.execution.taskgraph.AbstractTaskPlanExecutor$TaskExecutorWorker.processTask(AbstractTaskPlanExecutor.java:63)
	at org.gradle.execution.taskgraph.AbstractTaskPlanExecutor$TaskExecutorWorker.run(AbstractTaskPlanExecutor.java:51)
	at org.gradle.execution.taskgraph.DefaultTaskPlanExecutor.process(DefaultTaskPlanExecutor.java:23)
	at org.gradle.execution.taskgraph.DefaultTaskGraphExecuter.execute(DefaultTaskGraphExecuter.java:88)
	at org.gradle.execution.SelectedTaskExecutionAction.execute(SelectedTaskExecutionAction.java:37)
	at org.gradle.execution.DefaultBuildExecuter.execute(DefaultBuildExecuter.java:62)
	at org.gradle.execution.DefaultBuildExecuter.access$200(DefaultBuildExecuter.java:23)
	at org.gradle.execution.DefaultBuildExecuter$2.proceed(DefaultBuildExecuter.java:68)
	at org.gradle.execution.DryRunBuildExecutionAction.execute(DryRunBuildExecutionAction.java:32)
	at org.gradle.execution.DefaultBuildExecuter.execute(DefaultBuildExecuter.java:62)
	at org.gradle.execution.DefaultBuildExecuter.execute(DefaultBuildExecuter.java:55)
	at org.gradle.initialization.DefaultGradleLauncher.doBuildStages(DefaultGradleLauncher.java:149)
	at org.gradle.initialization.DefaultGradleLauncher.doBuild(DefaultGradleLauncher.java:106)
	at org.gradle.initialization.DefaultGradleLauncher.run(DefaultGradleLauncher.java:86)
	at org.gradle.launcher.exec.InProcessBuildActionExecuter$DefaultBuildController.run(InProcessBuildActionExecuter.java:90)
	at org.gradle.tooling.internal.provider.ExecuteBuildActionRunner.run(ExecuteBuildActionRunner.java:28)
	at org.gradle.launcher.exec.ChainingBuildActionRunner.run(ChainingBuildActionRunner.java:35)
	at org.gradle.launcher.exec.InProcessBuildActionExecuter.execute(InProcessBuildActionExecuter.java:41)
	at org.gradle.launcher.exec.InProcessBuildActionExecuter.execute(InProcessBuildActionExecuter.java:28)
	at org.gradle.launcher.exec.DaemonUsageSuggestingBuildActionExecuter.execute(DaemonUsageSuggestingBuildActionExecuter.java:50)
	at org.gradle.launcher.exec.DaemonUsageSuggestingBuildActionExecuter.execute(DaemonUsageSuggestingBuildActionExecuter.java:27)
	at org.gradle.launcher.cli.RunBuildAction.run(RunBuildAction.java:40)
	at org.gradle.internal.Actions$RunnableActionAdapter.execute(Actions.java:169)
	at org.gradle.launcher.cli.CommandLineActionFactory$ParseAndBuildAction.execute(CommandLineActionFactory.java:237)
	at org.gradle.launcher.cli.CommandLineActionFactory$ParseAndBuildAction.execute(CommandLineActionFactory.java:210)
	at org.gradle.launcher.cli.JavaRuntimeValidationAction.execute(JavaRuntimeValidationAction.java:35)
	at org.gradle.launcher.cli.JavaRuntimeValidationAction.execute(JavaRuntimeValidationAction.java:24)
	at org.gradle.launcher.cli.CommandLineActionFactory$WithLogging.execute(CommandLineActionFactory.java:206)
	at org.gradle.launcher.cli.CommandLineActionFactory$WithLogging.execute(CommandLineActionFactory.java:169)
	at org.gradle.launcher.cli.ExceptionReportingAction.execute(ExceptionReportingAction.java:33)
	at org.gradle.launcher.cli.ExceptionReportingAction.execute(ExceptionReportingAction.java:22)
	at org.gradle.launcher.Main.doAction(Main.java:33)
	at org.gradle.launcher.bootstrap.EntryPoint.run(EntryPoint.java:45)
	at org.gradle.launcher.bootstrap.ProcessBootstrap.runNoExit(ProcessBootstrap.java:54)
	at org.gradle.launcher.bootstrap.ProcessBootstrap.run(ProcessBootstrap.java:35)
	at org.gradle.launcher.GradleMain.main(GradleMain.java:23)
	at org.gradle.wrapper.BootstrapMainStarter.start(BootstrapMainStarter.java:33)
	at org.gradle.wrapper.WrapperExecutor.execute(WrapperExecutor.java:130)
	at org.gradle.wrapper.GradleWrapperMain.main(GradleWrapperMain.java:48)
Caused by: org.gradle.api.internal.tasks.compile.CompilationFailedException: Compilation failed; see the compiler error output for details.
	at org.gradle.api.internal.tasks.compile.JdkJavaCompiler.execute(JdkJavaCompiler.java:47)
	at org.gradle.api.internal.tasks.compile.JdkJavaCompiler.execute(JdkJavaCompiler.java:33)
	at org.gradle.api.internal.tasks.compile.NormalizingJavaCompiler.delegateAndHandleErrors(NormalizingJavaCompiler.java:101)
	at org.gradle.api.internal.tasks.compile.NormalizingJavaCompiler.execute(NormalizingJavaCompiler.java:50)
	at org.gradle.api.internal.tasks.compile.NormalizingJavaCompiler.execute(NormalizingJavaCompiler.java:36)
	at org.gradle.api.internal.tasks.compile.CleaningJavaCompilerSupport.execute(CleaningJavaCompilerSupport.java:34)
	at org.gradle.api.internal.tasks.compile.CleaningJavaCompilerSupport.execute(CleaningJavaCompilerSupport.java:25)
	at org.gradle.api.tasks.compile.JavaCompile.performCompilation(JavaCompile.java:157)
	at org.gradle.api.tasks.compile.JavaCompile.compile(JavaCompile.java:137)
	at org.gradle.api.tasks.compile.JavaCompile.compile(JavaCompile.java:91)
	at org.gradle.internal.reflect.JavaMethod.invoke(JavaMethod.java:75)
	at org.gradle.api.internal.project.taskfactory.AnnotationProcessingTaskFactory$IncrementalTaskAction.doExecute(AnnotationProcessingTaskFactory.java:243)
	at org.gradle.api.internal.project.taskfactory.AnnotationProcessingTaskFactory$StandardTaskAction.execute(AnnotationProcessingTaskFactory.java:219)
	at org.gradle.api.internal.project.taskfactory.AnnotationProcessingTaskFactory$IncrementalTaskAction.execute(AnnotationProcessingTaskFactory.java:230)
	at org.gradle.api.internal.project.taskfactory.AnnotationProcessingTaskFactory$StandardTaskAction.execute(AnnotationProcessingTaskFactory.java:208)
	at org.gradle.api.internal.tasks.execution.ExecuteActionsTaskExecuter.executeAction(ExecuteActionsTaskExecuter.java:80)
	at org.gradle.api.internal.tasks.execution.ExecuteActionsTaskExecuter.executeActions(ExecuteActionsTaskExecuter.java:61)
	... 49 more


BUILD FAILED

Total time: 17.999 secs

2018-04-01 19:33:14,931 INFO  ProjectTaskService - Detecting possible tasks...
2018-04-01 19:33:14,931 INFO  SysUtils - Execute command: [/tmp/rdisk/2651/src/gradlew, -b, /tmp/rdisk/2651/src/sample/build.gradle, -Dorg.gradle.daemon=false, -Dorg.gradle.daemon.performance.enable-monitoring=false, -Dorg.gradle.configureondemand=true, tasks]
2018-04-01 19:33:21,935 INFO  ProjectTaskService - Detected possible tasks: 65
2018-04-01 19:33:21,935 INFO  ProjectTaskService - Excluded tasks (19): lintDebug mockableAndroidJar deviceCheck lint testReleaseUnitTest uninstallRelease deviceAndroidTest uninstallDebugAndroidTest installDebugAndroidTest connectedCheck connectedDebugAndroidTest uninstallAll test check testDebugUnitTest connectedAndroidTest installDebug lintRelease uninstallDebug
2018-04-01 19:33:21,935 INFO  SysUtils - Execute command: [/tmp/rdisk/2651/src/gradlew, -b, /tmp/rdisk/2651/src/sample/build.gradle, -Dorg.gradle.daemon=false, -Dorg.gradle.daemon.performance.enable-monitoring=false, -Dorg.gradle.configureondemand=true, --stacktrace, -x, lintDebug, -x, mockableAndroidJar, -x, deviceCheck, -x, lint, -x, testReleaseUnitTest, -x, uninstallRelease, -x, deviceAndroidTest, -x, uninstallDebugAndroidTest, -x, installDebugAndroidTest, -x, connectedCheck, -x, connectedDebugAndroidTest, -x, uninstallAll, -x, test, -x, check, -x, testDebugUnitTest, -x, connectedAndroidTest, -x, installDebug, -x, lintRelease, -x, uninstallDebug, build]
2018-04-01 19:33:47,672 INFO  SysUtils - Configuration on demand is an incubating feature.
:library:compileLint
:library:copyReleaseLint UP-TO-DATE
:library:preBuild UP-TO-DATE
:library:preReleaseBuild UP-TO-DATE
:library:checkReleaseManifest
:library:preDebugAndroidTestBuild UP-TO-DATE
:library:preDebugBuild UP-TO-DATE
:library:preDebugUnitTestBuild UP-TO-DATE
:library:preReleaseUnitTestBuild UP-TO-DATE
:library:prepareComAndroidSupportAppcompatV72310Library UP-TO-DATE
:library:prepareComAndroidSupportSupportV42310Library UP-TO-DATE
:library:prepareReleaseDependencies
:library:compileReleaseAidl UP-TO-DATE
:library:compileReleaseRenderscript UP-TO-DATE
:library:generateReleaseBuildConfig UP-TO-DATE
:library:generateReleaseAssets UP-TO-DATE
:library:mergeReleaseAssets UP-TO-DATE
:library:generateReleaseResValues UP-TO-DATE
:library:generateReleaseResources UP-TO-DATE
:library:mergeReleaseResources UP-TO-DATE
:library:processReleaseManifest UP-TO-DATE
:library:processReleaseResources UP-TO-DATE
:library:generateReleaseSources UP-TO-DATE
:library:processReleaseJavaRes UP-TO-DATE
:library:compileReleaseJavaWithJavac UP-TO-DATE
:library:extractReleaseAnnotations UP-TO-DATE
:library:mergeReleaseProguardFiles UP-TO-DATE
:library:packageReleaseJar UP-TO-DATE
:library:compileReleaseNdk UP-TO-DATE
:library:packageReleaseJniLibs UP-TO-DATE
:library:packageReleaseLocalJar UP-TO-DATE
:library:packageReleaseRenderscript UP-TO-DATE
:library:packageReleaseResources UP-TO-DATE
:library:bundleRelease UP-TO-DATE
:sample:preBuild UP-TO-DATE
:sample:preDebugBuild UP-TO-DATE
:sample:checkDebugManifest
:sample:preReleaseBuild UP-TO-DATE
:sample:prepareComAndroidSupportAppcompatV72310Library
:sample:prepareComAndroidSupportRecyclerviewV72310Library
:sample:prepareComAndroidSupportSupportV42310Library
:sample:prepareSrcLibraryUnspecifiedLibrary
:sample:prepareDebugDependencies
:sample:compileDebugAidl
:sample:compileDebugRenderscript
:sample:generateDebugBuildConfig
:sample:generateDebugAssets UP-TO-DATE
:sample:mergeDebugAssets
:sample:generateDebugResValues
:sample:generateDebugResources
:sample:mergeDebugResources
:sample:processDebugManifest
:sample:processDebugResources
:sample:generateDebugSources
:sample:processDebugJavaRes UP-TO-DATE
:sample:compileDebugJavaWithJavac
:sample:compileDebugNdk UP-TO-DATE
:sample:compileDebugSources
:sample:preDexDebug
:sample:dexDebug
:sample:validateDebugSigning
:sample:packageDebug
:sample:zipalignDebug
:sample:assembleDebug
:sample:checkReleaseManifest
:sample:prepareReleaseDependencies
:sample:compileReleaseAidl
:sample:compileReleaseRenderscript
:sample:generateReleaseBuildConfig
:sample:generateReleaseAssets UP-TO-DATE
:sample:mergeReleaseAssets
:sample:generateReleaseResValues
:sample:generateReleaseResources
:sample:mergeReleaseResources
:sample:processReleaseManifest
:sample:processReleaseResources
:sample:generateReleaseSources
:sample:processReleaseJavaRes UP-TO-DATE
:sample:compileReleaseJavaWithJavac
:sample:compileReleaseNdk UP-TO-DATE
:sample:compileReleaseSources
:sample:lintVitalRelease
:sample:preDexRelease
:sample:dexRelease
:sample:packageRelease
:sample:assembleRelease
:sample:assemble
:sample:build

BUILD SUCCESSFUL

Total time: 25.308 secs

2018-04-01 19:33:47,740 INFO  FullProcessService - Found APK file: /tmp/rdisk/2651/src/sample/build/outputs/apk/sample-release-unsigned.apk
