2018-05-11 09:10:48,898 INFO  DownloadService - Downloading "https://github.com/sockeqwe/AdapterDelegates/archive/master.zip", attempt 3
2018-05-11 09:10:50,821 INFO  DownloadService - Downloaded https://github.com/sockeqwe/AdapterDelegates/archive/master.zip, attempt 3
2018-05-11 09:10:50,821 INFO  DownloadService - Size of file "/tmp/rdisk/2691/master.zip": 639 KB
2018-05-11 09:10:50,821 INFO  ArchiveUtils - Checking entries [.gradle] in ZIP file...
2018-05-11 09:10:50,821 INFO  ArchiveUtils - Has entries [.gradle] in ZIP file /tmp/rdisk/2691/master.zip: true
2018-05-11 09:10:50,821 DEBUG ZipUtil - Extracting '/tmp/rdisk/2691/master.zip' into '/tmp/rdisk/2691/src'.
2018-05-11 09:10:50,837 INFO  FullProcessService - Size of directory with sources: 724 KB
2018-05-11 09:10:50,837 INFO  SysUtils - Execute command: [git, init, /tmp/rdisk/2691/src]
2018-05-11 09:10:50,843 INFO  SysUtils - Initialized empty Git repository in /tmp/rdisk/2691/src/.git/

2018-05-11 09:10:50,846 INFO  ProjectBuildService - Gradle wrapper(s): /tmp/rdisk/2691/src/AdapterDelegates-master/gradlew
2018-05-11 09:10:50,849 INFO  ProjectBuildService - Build script(s): /tmp/rdisk/2691/src/AdapterDelegates-master/app/build.gradle /tmp/rdisk/2691/src/AdapterDelegates-master/library/build.gradle /tmp/rdisk/2691/src/AdapterDelegates-master/build.gradle
2018-05-11 09:10:50,851 INFO  ProjectBuildService - All script(s): /tmp/rdisk/2691/src/AdapterDelegates-master/settings.gradle /tmp/rdisk/2691/src/AdapterDelegates-master/library/build.gradle /tmp/rdisk/2691/src/AdapterDelegates-master/build.gradle /tmp/rdisk/2691/src/AdapterDelegates-master/app/build.gradle
2018-05-11 09:10:50,852 INFO  DownloadService - Downloading "https://raw.github.com/sockeqwe/gradle-mvn-push/master/gradle-mvn-push.gradle", attempt 3
2018-05-11 09:10:52,149 INFO  DownloadService - Downloaded https://raw.github.com/sockeqwe/gradle-mvn-push/master/gradle-mvn-push.gradle, attempt 3
2018-05-11 09:10:52,149 INFO  DownloadService - Downloading "https://raw.githubusercontent.com/Tickaroo/findbugs-script/master/findbugs.gradle", attempt 3
2018-05-11 09:10:52,324 INFO  DownloadService - Downloaded https://raw.githubusercontent.com/Tickaroo/findbugs-script/master/findbugs.gradle, attempt 3
2018-05-11 09:10:52,324 INFO  ProjectBuildService - Remote scripts: https://raw.github.com/sockeqwe/gradle-mvn-push/master/gradle-mvn-push.gradle https://raw.githubusercontent.com/Tickaroo/findbugs-script/master/findbugs.gradle
2018-05-11 09:10:52,324 INFO  ProjectFixService - Fixing project...
2018-05-11 09:10:52,351 INFO  LocalPropertiesFixService - Created fake /tmp/rdisk/2691/src/AdapterDelegates-master/app/local.properties
2018-05-11 09:10:52,352 INFO  ProjectFixService - Build info for "/tmp/rdisk/2691/src/AdapterDelegates-master/app/build.gradle": [buildToolsVersion=<null>,compileSdkVersion=27,minSdkVersion=14,targetSdkVersion=27]
2018-05-11 09:10:52,353 INFO  ProjectFixService - Fixed build info for "/tmp/rdisk/2691/src/AdapterDelegates-master/app/build.gradle": [buildToolsVersion=28.0.0-rc1,compileSdkVersion=27,minSdkVersion=14,targetSdkVersion=27]
2018-05-11 09:10:52,355 INFO  LocalPropertiesFixService - Created fake /tmp/rdisk/2691/src/AdapterDelegates-master/library/local.properties
2018-05-11 09:10:52,356 INFO  ProjectFixService - Build info for "/tmp/rdisk/2691/src/AdapterDelegates-master/library/build.gradle": [buildToolsVersion=<null>,compileSdkVersion=27,minSdkVersion=14,targetSdkVersion=27]
2018-05-11 09:10:52,356 INFO  ProjectFixService - Fixed build info for "/tmp/rdisk/2691/src/AdapterDelegates-master/library/build.gradle": [buildToolsVersion=28.0.0-rc1,compileSdkVersion=27,minSdkVersion=14,targetSdkVersion=27]
2018-05-11 09:10:52,357 INFO  LocalPropertiesFixService - Created fake /tmp/rdisk/2691/src/AdapterDelegates-master/local.properties
2018-05-11 09:10:52,361 INFO  WrapperPropertiesFixService - Gradle wrapper: https://services.gradle.org/distributions/gradle-4.7-all.zip
2018-05-11 09:10:52,361 INFO  WrapperPropertiesFixService - Gradle wrapper was changed from "-all.zip" to "-bin.zip" (https://services.gradle.org/distributions/gradle-4.7-bin.zip)
2018-05-11 09:10:52,362 INFO  ProjectFixService - Build info for "/tmp/rdisk/2691/src/AdapterDelegates-master/build.gradle": [buildToolsVersion=<null>,compileSdkVersion=27,minSdkVersion=14,targetSdkVersion=27]
2018-05-11 09:10:52,362 INFO  ProjectFixService - Fixed build info for "/tmp/rdisk/2691/src/AdapterDelegates-master/build.gradle": [buildToolsVersion=28.0.0-rc1,compileSdkVersion=27,minSdkVersion=14,targetSdkVersion=27]
2018-05-11 09:10:52,363 INFO  ProjectFixService - Project was maybe fixed
2018-05-11 09:10:52,365 INFO  ProjectTaskService - Detecting possible tasks...
2018-05-11 09:10:52,365 INFO  SysUtils - Execute command: [/tmp/rdisk/2691/src/AdapterDelegates-master/gradlew, -b, /tmp/rdisk/2691/src/AdapterDelegates-master/app/build.gradle, -Dorg.gradle.daemon=false, -Dorg.gradle.daemon.performance.enable-monitoring=false, -Dorg.gradle.configureondemand=true, tasks]
2018-05-11 09:11:04,335 INFO  ProjectTaskService - Detected possible tasks: 76
2018-05-11 09:11:04,335 INFO  ProjectTaskService - Excluded tasks (22): lintDebug mockableAndroidJar androidJavadocs deviceCheck lint androidSourcesJar testReleaseUnitTest uninstallRelease deviceAndroidTest uninstallDebugAndroidTest installDebugAndroidTest connectedCheck connectedDebugAndroidTest uninstallAll androidJavadocsJar test check testDebugUnitTest connectedAndroidTest installDebug lintRelease uninstallDebug
2018-05-11 09:11:04,335 INFO  SysUtils - Execute command: [/tmp/rdisk/2691/src/AdapterDelegates-master/gradlew, -b, /tmp/rdisk/2691/src/AdapterDelegates-master/app/build.gradle, -Dorg.gradle.daemon=false, -Dorg.gradle.daemon.performance.enable-monitoring=false, -Dorg.gradle.configureondemand=true, --stacktrace, -x, lintDebug, -x, mockableAndroidJar, -x, androidJavadocs, -x, deviceCheck, -x, lint, -x, androidSourcesJar, -x, testReleaseUnitTest, -x, uninstallRelease, -x, deviceAndroidTest, -x, uninstallDebugAndroidTest, -x, installDebugAndroidTest, -x, connectedCheck, -x, connectedDebugAndroidTest, -x, uninstallAll, -x, androidJavadocsJar, -x, test, -x, check, -x, testDebugUnitTest, -x, connectedAndroidTest, -x, installDebug, -x, lintRelease, -x, uninstallDebug, build]
2018-05-11 09:11:11,404 ERROR SysUtils - Could not process external command
org.apache.commons.exec.ExecuteException: Process exited with an error: 1 (Exit value: 1)
	at org.apache.commons.exec.DefaultExecutor.executeInternal(DefaultExecutor.java:404)
	at org.apache.commons.exec.DefaultExecutor.execute(DefaultExecutor.java:166)
	at com.github.vbauer.apkmaster.util.SysUtils.execute(SysUtils.java:67)
	at com.github.vbauer.apkmaster.util.SysUtils.executeSimple(SysUtils.java:43)
	at com.github.vbauer.apkmaster.service.assembly.ProjectBuildService.buildProject(ProjectBuildService.java:78)
	at com.github.vbauer.apkmaster.service.assembly.ProjectBuildService.buildProject(ProjectBuildService.java:64)
	at com.github.vbauer.apkmaster.service.assembly.ProjectBuildService.buildProject(ProjectBuildService.java:43)
	at com.github.vbauer.apkmaster.service.FullProcessService.build(FullProcessService.java:84)
	at com.github.vbauer.apkmaster.service.FullProcessService.process(FullProcessService.java:34)
	at com.github.vbauer.apkmaster.app.MainApplication.process(MainApplication.java:38)
	at com.github.vbauer.apkmaster.app.MainApplication.main(MainApplication.java:20)
	at sun.reflect.NativeMethodAccessorImpl.invoke0(Native Method)
	at sun.reflect.NativeMethodAccessorImpl.invoke(NativeMethodAccessorImpl.java:62)
	at sun.reflect.DelegatingMethodAccessorImpl.invoke(DelegatingMethodAccessorImpl.java:43)
	at java.lang.reflect.Method.invoke(Method.java:498)
	at com.android.arsenal.util.ReflectionUtils.invoke(ReflectionUtils.java:42)
	at com.android.arsenal.util.ApkMasterUtils.main(ApkMasterUtils.java:30)
	at com.android.arsenal.service.processor.impl.BuildProcessorServiceImpl.buildProject(BuildProcessorServiceImpl.java:197)
	at com.android.arsenal.service.processor.impl.BuildProcessorServiceImpl.build(BuildProcessorServiceImpl.java:131)
	at com.android.arsenal.service.processor.impl.BuildProcessorServiceImpl.lambda$null$1(BuildProcessorServiceImpl.java:114)
	at java.util.concurrent.FutureTask.run(FutureTask.java:266)
	at java.util.concurrent.Executors$RunnableAdapter.call(Executors.java:511)
	at java.util.concurrent.FutureTask.run(FutureTask.java:266)
	at java.util.concurrent.ThreadPoolExecutor.runWorker(ThreadPoolExecutor.java:1149)
	at java.util.concurrent.ThreadPoolExecutor$Worker.run(ThreadPoolExecutor.java:624)
	at java.lang.Thread.run(Thread.java:748)
2018-05-11 09:11:11,404 INFO  SysUtils - Configuration on demand is an incubating feature.

FAILURE: Build failed with an exception.

* What went wrong:
Task 'androidJavadocs' not found in project ':app'.

* Try:
Run gradlew tasks to get a list of available tasks. Run with --info or --debug option to get more log output. Run with --scan to get full insights.

* Exception is:
org.gradle.execution.TaskSelectionException: Task 'androidJavadocs' not found in project ':app'.
	at org.gradle.execution.TaskSelector.getSelection(TaskSelector.java:116)
	at org.gradle.execution.TaskSelector.getFilter(TaskSelector.java:66)
	at org.gradle.execution.ExcludedTaskFilteringBuildConfigurationAction.configure(ExcludedTaskFilteringBuildConfigurationAction.java:42)
	at org.gradle.execution.DefaultBuildConfigurationActionExecuter.configure(DefaultBuildConfigurationActionExecuter.java:48)
	at org.gradle.execution.DefaultBuildConfigurationActionExecuter.select(DefaultBuildConfigurationActionExecuter.java:36)
	at org.gradle.initialization.DefaultGradleLauncher$CalculateTaskGraph.run(DefaultGradleLauncher.java:286)
	at org.gradle.internal.operations.DefaultBuildOperationExecutor$RunnableBuildOperationWorker.execute(DefaultBuildOperationExecutor.java:317)
	at org.gradle.internal.operations.DefaultBuildOperationExecutor$RunnableBuildOperationWorker.execute(DefaultBuildOperationExecutor.java:309)
	at org.gradle.internal.operations.DefaultBuildOperationExecutor.execute(DefaultBuildOperationExecutor.java:185)
	at org.gradle.internal.operations.DefaultBuildOperationExecutor.run(DefaultBuildOperationExecutor.java:97)
	at org.gradle.internal.operations.DelegatingBuildOperationExecutor.run(DelegatingBuildOperationExecutor.java:31)
	at org.gradle.initialization.DefaultGradleLauncher.constructTaskGraph(DefaultGradleLauncher.java:181)
	at org.gradle.initialization.DefaultGradleLauncher.doBuildStages(DefaultGradleLauncher.java:136)
	at org.gradle.initialization.DefaultGradleLauncher.executeTasks(DefaultGradleLauncher.java:115)
	at org.gradle.internal.invocation.GradleBuildController$1.call(GradleBuildController.java:78)
	at org.gradle.internal.invocation.GradleBuildController$1.call(GradleBuildController.java:75)
	at org.gradle.internal.work.DefaultWorkerLeaseService.withLocks(DefaultWorkerLeaseService.java:152)
	at org.gradle.internal.work.StopShieldingWorkerLeaseService.withLocks(StopShieldingWorkerLeaseService.java:38)
	at org.gradle.internal.invocation.GradleBuildController.doBuild(GradleBuildController.java:100)
	at org.gradle.internal.invocation.GradleBuildController.run(GradleBuildController.java:75)
	at org.gradle.tooling.internal.provider.ExecuteBuildActionRunner.run(ExecuteBuildActionRunner.java:28)
	at org.gradle.launcher.exec.ChainingBuildActionRunner.run(ChainingBuildActionRunner.java:35)
	at org.gradle.tooling.internal.provider.ValidatingBuildActionRunner.run(ValidatingBuildActionRunner.java:32)
	at org.gradle.launcher.exec.RunAsBuildOperationBuildActionRunner$3.run(RunAsBuildOperationBuildActionRunner.java:45)
	at org.gradle.internal.operations.DefaultBuildOperationExecutor$RunnableBuildOperationWorker.execute(DefaultBuildOperationExecutor.java:317)
	at org.gradle.internal.operations.DefaultBuildOperationExecutor$RunnableBuildOperationWorker.execute(DefaultBuildOperationExecutor.java:309)
	at org.gradle.internal.operations.DefaultBuildOperationExecutor.execute(DefaultBuildOperationExecutor.java:185)
	at org.gradle.internal.operations.DefaultBuildOperationExecutor.run(DefaultBuildOperationExecutor.java:97)
	at org.gradle.internal.operations.DelegatingBuildOperationExecutor.run(DelegatingBuildOperationExecutor.java:31)
	at org.gradle.launcher.exec.RunAsBuildOperationBuildActionRunner.run(RunAsBuildOperationBuildActionRunner.java:42)
	at org.gradle.tooling.internal.provider.SubscribableBuildActionRunner.run(SubscribableBuildActionRunner.java:51)
	at org.gradle.launcher.exec.InProcessBuildActionExecuter.execute(InProcessBuildActionExecuter.java:47)
	at org.gradle.launcher.exec.InProcessBuildActionExecuter.execute(InProcessBuildActionExecuter.java:31)
	at org.gradle.launcher.exec.BuildTreeScopeBuildActionExecuter.execute(BuildTreeScopeBuildActionExecuter.java:39)
	at org.gradle.launcher.exec.BuildTreeScopeBuildActionExecuter.execute(BuildTreeScopeBuildActionExecuter.java:25)
	at org.gradle.tooling.internal.provider.ContinuousBuildActionExecuter.execute(ContinuousBuildActionExecuter.java:80)
	at org.gradle.tooling.internal.provider.ContinuousBuildActionExecuter.execute(ContinuousBuildActionExecuter.java:53)
	at org.gradle.tooling.internal.provider.ServicesSetupBuildActionExecuter.execute(ServicesSetupBuildActionExecuter.java:61)
	at org.gradle.tooling.internal.provider.ServicesSetupBuildActionExecuter.execute(ServicesSetupBuildActionExecuter.java:34)
	at org.gradle.tooling.internal.provider.GradleThreadBuildActionExecuter.execute(GradleThreadBuildActionExecuter.java:36)
	at org.gradle.tooling.internal.provider.GradleThreadBuildActionExecuter.execute(GradleThreadBuildActionExecuter.java:25)
	at org.gradle.tooling.internal.provider.ParallelismConfigurationBuildActionExecuter.execute(ParallelismConfigurationBuildActionExecuter.java:43)
	at org.gradle.tooling.internal.provider.ParallelismConfigurationBuildActionExecuter.execute(ParallelismConfigurationBuildActionExecuter.java:29)
	at org.gradle.tooling.internal.provider.StartParamsValidatingActionExecuter.execute(StartParamsValidatingActionExecuter.java:64)
	at org.gradle.tooling.internal.provider.StartParamsValidatingActionExecuter.execute(StartParamsValidatingActionExecuter.java:29)
	at org.gradle.tooling.internal.provider.SessionFailureReportingActionExecuter.execute(SessionFailureReportingActionExecuter.java:59)
	at org.gradle.tooling.internal.provider.SessionFailureReportingActionExecuter.execute(SessionFailureReportingActionExecuter.java:44)
	at org.gradle.tooling.internal.provider.SetupLoggingActionExecuter.execute(SetupLoggingActionExecuter.java:46)
	at org.gradle.tooling.internal.provider.SetupLoggingActionExecuter.execute(SetupLoggingActionExecuter.java:30)
	at org.gradle.launcher.cli.RunBuildAction.run(RunBuildAction.java:52)
	at org.gradle.internal.Actions$RunnableActionAdapter.execute(Actions.java:173)
	at org.gradle.launcher.cli.CommandLineActionFactory$ParseAndBuildAction.execute(CommandLineActionFactory.java:379)
	at org.gradle.launcher.cli.CommandLineActionFactory$ParseAndBuildAction.execute(CommandLineActionFactory.java:352)
	at org.gradle.launcher.cli.ExceptionReportingAction.execute(ExceptionReportingAction.java:37)
	at org.gradle.launcher.cli.ExceptionReportingAction.execute(ExceptionReportingAction.java:23)
	at org.gradle.launcher.cli.CommandLineActionFactory$WithLogging.execute(CommandLineActionFactory.java:345)
	at org.gradle.launcher.cli.CommandLineActionFactory$WithLogging.execute(CommandLineActionFactory.java:275)
	at org.gradle.launcher.Main.doAction(Main.java:36)
	at org.gradle.launcher.bootstrap.EntryPoint.run(EntryPoint.java:45)
	at org.gradle.launcher.bootstrap.ProcessBootstrap.runNoExit(ProcessBootstrap.java:60)
	at org.gradle.launcher.bootstrap.ProcessBootstrap.run(ProcessBootstrap.java:37)
	at org.gradle.launcher.GradleMain.main(GradleMain.java:23)
	at org.gradle.wrapper.BootstrapMainStarter.start(BootstrapMainStarter.java:31)
	at org.gradle.wrapper.WrapperExecutor.execute(WrapperExecutor.java:108)
	at org.gradle.wrapper.GradleWrapperMain.main(GradleWrapperMain.java:61)


* Get more help at https://help.gradle.org

BUILD FAILED in 6s

2018-05-11 09:11:11,404 ERROR ProjectBuildService - Excluded tasks were detected wrong
2018-05-11 09:11:11,404 INFO  SysUtils - Execute command: [/tmp/rdisk/2691/src/AdapterDelegates-master/gradlew, -b, /tmp/rdisk/2691/src/AdapterDelegates-master/app/build.gradle, -Dorg.gradle.daemon=false, -Dorg.gradle.daemon.performance.enable-monitoring=false, -Dorg.gradle.configureondemand=true, --stacktrace, build]
2018-05-11 09:12:02,048 INFO  SysUtils - Configuration on demand is an incubating feature.
Download https://raw.github.com/sockeqwe/gradle-mvn-push/master/gradle-mvn-push.gradle
Download https://raw.githubusercontent.com/Tickaroo/findbugs-script/master/findbugs.gradle
> Task :app:preBuild UP-TO-DATE
> Task :library:preBuild UP-TO-DATE
> Task :library:preDebugBuild UP-TO-DATE
> Task :library:checkDebugManifest
> Task :library:processDebugManifest
> Task :app:preDebugBuild
> Task :library:compileDebugAidl
> Task :app:compileDebugAidl
> Task :library:packageDebugRenderscript NO-SOURCE
> Task :app:compileDebugRenderscript
> Task :app:checkDebugManifest
> Task :app:generateDebugBuildConfig
> Task :app:prepareLintJar
> Task :app:mainApkListPersistenceDebug
> Task :app:generateDebugResValues
> Task :app:generateDebugResources
> Task :library:compileDebugRenderscript
> Task :library:generateDebugResValues
> Task :library:generateDebugResources
> Task :library:packageDebugResources
> Task :app:mergeDebugResources
> Task :app:createDebugCompatibleScreenManifests
> Task :app:processDebugManifest
> Task :app:splitsDiscoveryTaskDebug
> Task :library:generateDebugBuildConfig
> Task :library:prepareLintJar
> Task :library:javaPreCompileDebug
> Task :library:processDebugJavaRes NO-SOURCE
> Task :app:compileDebugNdk NO-SOURCE
> Task :app:mergeDebugShaders
> Task :app:compileDebugShaders
> Task :app:generateDebugAssets
> Task :library:mergeDebugShaders
> Task :library:compileDebugShaders
> Task :library:generateDebugAssets
> Task :library:packageDebugAssets
> Task :app:mergeDebugAssets
> Task :app:mergeDebugJniLibFolders
> Task :library:compileDebugNdk NO-SOURCE
> Task :library:mergeDebugJniLibFolders
> Task :library:transformNativeLibsWithMergeJniLibsForDebug
> Task :library:transformNativeLibsWithStripDebugSymbolForDebug
> Task :library:transformNativeLibsWithIntermediateJniLibsForDebug
> Task :app:processDebugJavaRes NO-SOURCE
> Task :app:validateSigningDebug
> Task :library:preReleaseBuild UP-TO-DATE
> Task :library:checkReleaseManifest
> Task :library:processReleaseManifest
> Task :app:preReleaseBuild
> Task :library:compileReleaseAidl
> Task :app:compileReleaseAidl
> Task :library:packageReleaseRenderscript NO-SOURCE
> Task :app:compileReleaseRenderscript
> Task :app:checkReleaseManifest
> Task :app:generateReleaseBuildConfig
> Task :app:mainApkListPersistenceRelease
> Task :app:generateReleaseResValues
> Task :app:generateReleaseResources
> Task :library:compileReleaseRenderscript
> Task :library:generateReleaseResValues
> Task :library:generateReleaseResources
> Task :library:packageReleaseResources
> Task :app:mergeReleaseResources
> Task :app:createReleaseCompatibleScreenManifests
> Task :app:processReleaseManifest
> Task :app:splitsDiscoveryTaskRelease
> Task :library:generateReleaseBuildConfig
> Task :library:javaPreCompileRelease
> Task :library:processReleaseJavaRes NO-SOURCE
> Task :app:compileReleaseNdk NO-SOURCE
> Task :app:mergeReleaseShaders
> Task :app:compileReleaseShaders
> Task :app:generateReleaseAssets
> Task :library:mergeReleaseShaders
> Task :library:compileReleaseShaders
> Task :library:generateReleaseAssets
> Task :library:packageReleaseAssets
> Task :app:mergeReleaseAssets
> Task :app:mergeReleaseJniLibFolders
> Task :library:compileReleaseNdk NO-SOURCE
> Task :library:mergeReleaseJniLibFolders
> Task :library:transformNativeLibsWithMergeJniLibsForRelease
> Task :library:transformNativeLibsWithStripDebugSymbolForRelease
> Task :library:transformNativeLibsWithIntermediateJniLibsForRelease
> Task :app:processReleaseJavaRes NO-SOURCE
> Task :app:preDebugUnitTestBuild UP-TO-DATE
> Task :app:mockableAndroidJar
> Task :app:processDebugUnitTestJavaRes NO-SOURCE
> Task :app:preReleaseUnitTestBuild UP-TO-DATE
> Task :app:processReleaseUnitTestJavaRes NO-SOURCE
> Task :library:platformAttrExtractor
> Task :library:generateDebugRFile
> Task :app:processDebugResources
> Task :app:generateDebugSources
> Task :library:generateDebugSources

> Task :library:compileDebugJavaWithJavac
Note: Some input files use unchecked or unsafe operations.
Note: Recompile with -Xlint:unchecked for details.

> Task :library:transformClassesAndResourcesWithPrepareIntermediateJarsForDebug
> Task :app:javaPreCompileDebug
> Task :app:compileDebugJavaWithJavac
> Task :app:compileDebugSources
> Task :app:transformClassesWithDexBuilderForDebug
> Task :app:transformDexArchiveWithExternalLibsDexMergerForDebug
> Task :app:transformDexArchiveWithDexMergerForDebug
> Task :app:transformNativeLibsWithMergeJniLibsForDebug
> Task :app:transformNativeLibsWithStripDebugSymbolForDebug
> Task :app:transformResourcesWithMergeJavaResForDebug
> Task :app:packageDebug
> Task :app:assembleDebug
> Task :library:generateReleaseRFile
> Task :app:processReleaseResources
> Task :app:generateReleaseSources
> Task :library:generateReleaseSources

> Task :library:compileReleaseJavaWithJavac
Note: Some input files use unchecked or unsafe operations.
Note: Recompile with -Xlint:unchecked for details.

> Task :library:transformClassesAndResourcesWithPrepareIntermediateJarsForRelease
> Task :app:javaPreCompileRelease
> Task :app:compileReleaseJavaWithJavac
> Task :app:compileReleaseSources
> Task :app:lintVitalRelease SKIPPED
> Task :app:transformClassesWithDexBuilderForRelease
> Task :app:transformDexArchiveWithExternalLibsDexMergerForRelease
> Task :app:transformDexArchiveWithDexMergerForRelease
> Task :app:transformNativeLibsWithMergeJniLibsForRelease
> Task :app:transformNativeLibsWithStripDebugSymbolForRelease
> Task :app:transformResourcesWithMergeJavaResForRelease
> Task :app:packageRelease
> Task :app:assembleRelease
> Task :app:assemble

> Task :app:lint
Ran lint on variant release: 39 issues found
Ran lint on variant debug: 39 issues found
Wrote HTML report to file:///tmp/rdisk/2691/src/AdapterDelegates-master/app/build/reports/lint-results.html
Wrote XML report to file:///tmp/rdisk/2691/src/AdapterDelegates-master/app/build/reports/lint-results.xml

> Task :app:javaPreCompileDebugUnitTest
> Task :app:compileDebugUnitTestJavaWithJavac NO-SOURCE
> Task :app:testDebugUnitTest NO-SOURCE
> Task :app:javaPreCompileReleaseUnitTest
> Task :app:compileReleaseUnitTestJavaWithJavac NO-SOURCE
> Task :app:testReleaseUnitTest NO-SOURCE
> Task :app:test UP-TO-DATE
> Task :app:check
> Task :app:build

BUILD SUCCESSFUL in 50s
94 actionable tasks: 94 executed

2018-05-11 09:12:02,104 INFO  FullProcessService - Found APK file: /tmp/rdisk/2691/src/AdapterDelegates-master/app/build/outputs/apk/debug/app-debug.apk
