2018-05-11 09:09:35,320 INFO  DownloadService - Downloading "https://github.com/worldline/FoldableLayout/archive/master.zip", attempt 3
2018-05-11 09:09:38,757 INFO  DownloadService - Downloaded https://github.com/worldline/FoldableLayout/archive/master.zip, attempt 3
2018-05-11 09:09:38,758 INFO  DownloadService - Size of file "/tmp/rdisk/2699/master.zip": 3 MB
2018-05-11 09:09:38,758 INFO  ArchiveUtils - Checking entries [.gradle] in ZIP file...
2018-05-11 09:09:38,758 INFO  ArchiveUtils - Has entries [.gradle] in ZIP file /tmp/rdisk/2699/master.zip: true
2018-05-11 09:09:38,758 DEBUG ZipUtil - Extracting '/tmp/rdisk/2699/master.zip' into '/tmp/rdisk/2699/src'.
2018-05-11 09:09:38,794 INFO  FullProcessService - Size of directory with sources: 3 MB
2018-05-11 09:09:38,794 INFO  SysUtils - Execute command: [git, init, /tmp/rdisk/2699/src]
2018-05-11 09:09:38,803 INFO  SysUtils - Initialized empty Git repository in /tmp/rdisk/2699/src/.git/

2018-05-11 09:09:38,807 INFO  ProjectBuildService - Gradle wrapper(s): /tmp/rdisk/2699/src/FoldableLayout-master/gradlew
2018-05-11 09:09:38,810 INFO  ProjectBuildService - Build script(s): /tmp/rdisk/2699/src/FoldableLayout-master/app/build.gradle /tmp/rdisk/2699/src/FoldableLayout-master/foldablelayout/build.gradle /tmp/rdisk/2699/src/FoldableLayout-master/build.gradle
2018-05-11 09:09:38,813 INFO  ProjectBuildService - All script(s): /tmp/rdisk/2699/src/FoldableLayout-master/settings.gradle /tmp/rdisk/2699/src/FoldableLayout-master/foldablelayout/maven_push.gradle /tmp/rdisk/2699/src/FoldableLayout-master/foldablelayout/build.gradle /tmp/rdisk/2699/src/FoldableLayout-master/build.gradle /tmp/rdisk/2699/src/FoldableLayout-master/app/build.gradle
2018-05-11 09:09:38,813 INFO  ProjectBuildService - Remote scripts: none
2018-05-11 09:09:38,813 INFO  ProjectFixService - Fixing project...
2018-05-11 09:09:38,822 INFO  LocalPropertiesFixService - Created fake /tmp/rdisk/2699/src/FoldableLayout-master/app/local.properties
2018-05-11 09:09:38,822 INFO  ProjectFixService - Build info for "/tmp/rdisk/2699/src/FoldableLayout-master/app/build.gradle": [buildToolsVersion=22.0.0,compileSdkVersion=23,minSdkVersion=14,targetSdkVersion=23]
2018-05-11 09:09:38,823 INFO  LocalPropertiesFixService - Created fake /tmp/rdisk/2699/src/FoldableLayout-master/foldablelayout/local.properties
2018-05-11 09:09:38,823 INFO  ProjectFixService - Build info for "/tmp/rdisk/2699/src/FoldableLayout-master/foldablelayout/build.gradle": [buildToolsVersion=22.0.0,compileSdkVersion=23,minSdkVersion=14,targetSdkVersion=23]
2018-05-11 09:09:38,823 INFO  LocalPropertiesFixService - Created fake /tmp/rdisk/2699/src/FoldableLayout-master/local.properties
2018-05-11 09:09:38,824 INFO  WrapperPropertiesFixService - Gradle wrapper: https://services.gradle.org/distributions/gradle-2.8-all.zip
2018-05-11 09:09:38,824 INFO  WrapperPropertiesFixService - Gradle wrapper was changed from "-all.zip" to "-bin.zip" (https://services.gradle.org/distributions/gradle-2.8-bin.zip)
2018-05-11 09:09:38,826 INFO  ProjectFixService - Build info for "/tmp/rdisk/2699/src/FoldableLayout-master/build.gradle": [buildToolsVersion=22.0.0,compileSdkVersion=23,minSdkVersion=14,targetSdkVersion=23]
2018-05-11 09:09:38,827 INFO  ProjectFixService - Project was maybe fixed
2018-05-11 09:09:38,827 INFO  ProjectTaskService - Detecting possible tasks...
2018-05-11 09:09:38,827 INFO  SysUtils - Execute command: [/tmp/rdisk/2699/src/FoldableLayout-master/gradlew, -b, /tmp/rdisk/2699/src/FoldableLayout-master/app/build.gradle, -Dorg.gradle.daemon=false, -Dorg.gradle.daemon.performance.enable-monitoring=false, -Dorg.gradle.configureondemand=true, tasks]
2018-05-11 09:09:51,965 ERROR ProjectTaskService - Could not detect possible Gradle tasks: Process exited with an error: 1 (Exit value: 1)
2018-05-11 09:09:51,965 INFO  ProjectTaskService - Detected possible tasks: 0
2018-05-11 09:09:51,965 INFO  ProjectTaskService - Excluded tasks (0): none
2018-05-11 09:09:51,965 INFO  SysUtils - Execute command: [/tmp/rdisk/2699/src/FoldableLayout-master/gradlew, -b, /tmp/rdisk/2699/src/FoldableLayout-master/app/build.gradle, -Dorg.gradle.daemon=false, -Dorg.gradle.daemon.performance.enable-monitoring=false, -Dorg.gradle.configureondemand=true, --stacktrace, build]
2018-05-11 09:10:01,775 ERROR SysUtils - Could not process external command
org.apache.commons.exec.ExecuteException: Process exited with an error: 1 (Exit value: 1)
	at org.apache.commons.exec.DefaultExecutor.executeInternal(DefaultExecutor.java:404)
	at org.apache.commons.exec.DefaultExecutor.execute(DefaultExecutor.java:166)
	at com.github.vbauer.apkmaster.util.SysUtils.execute(SysUtils.java:67)
	at com.github.vbauer.apkmaster.util.SysUtils.executeSimple(SysUtils.java:43)
	at com.github.vbauer.apkmaster.service.assembly.ProjectBuildService.buildProject(ProjectBuildService.java:78)
	at com.github.vbauer.apkmaster.service.assembly.ProjectBuildService.buildProject(ProjectBuildService.java:64)
	at com.github.vbauer.apkmaster.service.assembly.ProjectBuildService.buildProject(ProjectBuildService.java:43)
	at com.github.vbauer.apkmaster.service.FullProcessService.build(FullProcessService.java:84)
	at com.github.vbauer.apkmaster.service.FullProcessService.process(FullProcessService.java:34)
	at com.github.vbauer.apkmaster.app.MainApplication.process(MainApplication.java:38)
	at com.github.vbauer.apkmaster.app.MainApplication.main(MainApplication.java:20)
	at sun.reflect.NativeMethodAccessorImpl.invoke0(Native Method)
	at sun.reflect.NativeMethodAccessorImpl.invoke(NativeMethodAccessorImpl.java:62)
	at sun.reflect.DelegatingMethodAccessorImpl.invoke(DelegatingMethodAccessorImpl.java:43)
	at java.lang.reflect.Method.invoke(Method.java:498)
	at com.android.arsenal.util.ReflectionUtils.invoke(ReflectionUtils.java:42)
	at com.android.arsenal.util.ApkMasterUtils.main(ApkMasterUtils.java:30)
	at com.android.arsenal.service.processor.impl.BuildProcessorServiceImpl.buildProject(BuildProcessorServiceImpl.java:197)
	at com.android.arsenal.service.processor.impl.BuildProcessorServiceImpl.build(BuildProcessorServiceImpl.java:131)
	at com.android.arsenal.service.processor.impl.BuildProcessorServiceImpl.lambda$null$1(BuildProcessorServiceImpl.java:114)
	at java.util.concurrent.FutureTask.run(FutureTask.java:266)
	at java.util.concurrent.Executors$RunnableAdapter.call(Executors.java:511)
	at java.util.concurrent.FutureTask.run(FutureTask.java:266)
	at java.util.concurrent.ThreadPoolExecutor.runWorker(ThreadPoolExecutor.java:1149)
	at java.util.concurrent.ThreadPoolExecutor$Worker.run(ThreadPoolExecutor.java:624)
	at java.lang.Thread.run(Thread.java:748)
2018-05-11 09:10:01,776 INFO  SysUtils - Configuration on demand is an incubating feature.

FAILURE: Build failed with an exception.

* What went wrong:
A problem occurred configuring project ':app'.
> Could not resolve all dependencies for configuration ':app:_debugCompile'.
   > Could not find com.vincentbrison.openlibraries.android:foldablelayout:0.0.1-SNAPSHOT.
     Searched in the following locations:
         https://jcenter.bintray.com/com/vincentbrison/openlibraries/android/foldablelayout/0.0.1-SNAPSHOT/maven-metadata.xml
         https://jcenter.bintray.com/com/vincentbrison/openlibraries/android/foldablelayout/0.0.1-SNAPSHOT/foldablelayout-0.0.1-SNAPSHOT.pom
         https://jcenter.bintray.com/com/vincentbrison/openlibraries/android/foldablelayout/0.0.1-SNAPSHOT/foldablelayout-0.0.1-SNAPSHOT.aar
         https://oss.sonatype.org/content/groups/public/com/vincentbrison/openlibraries/android/foldablelayout/0.0.1-SNAPSHOT/maven-metadata.xml
         https://oss.sonatype.org/content/groups/public/com/vincentbrison/openlibraries/android/foldablelayout/0.0.1-SNAPSHOT/foldablelayout-0.0.1-SNAPSHOT.pom
         https://oss.sonatype.org/content/groups/public/com/vincentbrison/openlibraries/android/foldablelayout/0.0.1-SNAPSHOT/foldablelayout-0.0.1-SNAPSHOT.aar
         https://oss.sonatype.org/content/repositories/snapshots/com/vincentbrison/openlibraries/android/foldablelayout/0.0.1-SNAPSHOT/maven-metadata.xml
         https://oss.sonatype.org/content/repositories/snapshots/com/vincentbrison/openlibraries/android/foldablelayout/0.0.1-SNAPSHOT/foldablelayout-0.0.1-SNAPSHOT.pom
         https://oss.sonatype.org/content/repositories/snapshots/com/vincentbrison/openlibraries/android/foldablelayout/0.0.1-SNAPSHOT/foldablelayout-0.0.1-SNAPSHOT.aar
         https://repo1.maven.org/maven2/com/vincentbrison/openlibraries/android/foldablelayout/0.0.1-SNAPSHOT/maven-metadata.xml
         https://repo1.maven.org/maven2/com/vincentbrison/openlibraries/android/foldablelayout/0.0.1-SNAPSHOT/foldablelayout-0.0.1-SNAPSHOT.pom
         https://repo1.maven.org/maven2/com/vincentbrison/openlibraries/android/foldablelayout/0.0.1-SNAPSHOT/foldablelayout-0.0.1-SNAPSHOT.aar
         file:/root/Applications/android-sdk/extras/android/m2repository/com/vincentbrison/openlibraries/android/foldablelayout/0.0.1-SNAPSHOT/maven-metadata.xml
         file:/root/Applications/android-sdk/extras/android/m2repository/com/vincentbrison/openlibraries/android/foldablelayout/0.0.1-SNAPSHOT/foldablelayout-0.0.1-SNAPSHOT.pom
         file:/root/Applications/android-sdk/extras/android/m2repository/com/vincentbrison/openlibraries/android/foldablelayout/0.0.1-SNAPSHOT/foldablelayout-0.0.1-SNAPSHOT.aar
         file:/root/Applications/android-sdk/extras/google/m2repository/com/vincentbrison/openlibraries/android/foldablelayout/0.0.1-SNAPSHOT/maven-metadata.xml
         file:/root/Applications/android-sdk/extras/google/m2repository/com/vincentbrison/openlibraries/android/foldablelayout/0.0.1-SNAPSHOT/foldablelayout-0.0.1-SNAPSHOT.pom
         file:/root/Applications/android-sdk/extras/google/m2repository/com/vincentbrison/openlibraries/android/foldablelayout/0.0.1-SNAPSHOT/foldablelayout-0.0.1-SNAPSHOT.aar
     Required by:
         com.vincentbrison.openlibraries.android:app:0.0.1-SNAPSHOT

* Try:
Run with --info or --debug option to get more log output.

* Exception is:
org.gradle.api.ProjectConfigurationException: A problem occurred configuring project ':app'.
	at org.gradle.configuration.project.LifecycleProjectEvaluator.addConfigurationFailure(LifecycleProjectEvaluator.java:79)
	at org.gradle.configuration.project.LifecycleProjectEvaluator.notifyAfterEvaluate(LifecycleProjectEvaluator.java:74)
	at org.gradle.configuration.project.LifecycleProjectEvaluator.evaluate(LifecycleProjectEvaluator.java:61)
	at org.gradle.api.internal.project.AbstractProject.evaluate(AbstractProject.java:499)
	at org.gradle.api.internal.project.AbstractProject.evaluate(AbstractProject.java:86)
	at org.gradle.execution.TaskPathProjectEvaluator.configureHierarchy(TaskPathProjectEvaluator.java:42)
	at org.gradle.execution.TaskSelector.getSelection(TaskSelector.java:84)
	at org.gradle.execution.TaskSelector.getSelection(TaskSelector.java:75)
	at org.gradle.execution.commandline.CommandLineTaskParser.parseTasks(CommandLineTaskParser.java:42)
	at org.gradle.execution.TaskNameResolvingBuildConfigurationAction.configure(TaskNameResolvingBuildConfigurationAction.java:44)
	at org.gradle.execution.DefaultBuildConfigurationActionExecuter.configure(DefaultBuildConfigurationActionExecuter.java:48)
	at org.gradle.execution.DefaultBuildConfigurationActionExecuter.access$000(DefaultBuildConfigurationActionExecuter.java:25)
	at org.gradle.execution.DefaultBuildConfigurationActionExecuter$1.proceed(DefaultBuildConfigurationActionExecuter.java:54)
	at org.gradle.execution.DefaultTasksBuildExecutionAction.configure(DefaultTasksBuildExecutionAction.java:44)
	at org.gradle.execution.DefaultBuildConfigurationActionExecuter.configure(DefaultBuildConfigurationActionExecuter.java:48)
	at org.gradle.execution.DefaultBuildConfigurationActionExecuter.access$000(DefaultBuildConfigurationActionExecuter.java:25)
	at org.gradle.execution.DefaultBuildConfigurationActionExecuter$1.proceed(DefaultBuildConfigurationActionExecuter.java:54)
	at org.gradle.execution.ExcludedTaskFilteringBuildConfigurationAction.configure(ExcludedTaskFilteringBuildConfigurationAction.java:47)
	at org.gradle.execution.DefaultBuildConfigurationActionExecuter.configure(DefaultBuildConfigurationActionExecuter.java:48)
	at org.gradle.execution.DefaultBuildConfigurationActionExecuter.select(DefaultBuildConfigurationActionExecuter.java:36)
	at org.gradle.initialization.DefaultGradleLauncher$3.run(DefaultGradleLauncher.java:143)
	at org.gradle.internal.Factories$1.create(Factories.java:22)
	at org.gradle.internal.progress.DefaultBuildOperationExecutor.run(DefaultBuildOperationExecutor.java:90)
	at org.gradle.internal.progress.DefaultBuildOperationExecutor.run(DefaultBuildOperationExecutor.java:52)
	at org.gradle.initialization.DefaultGradleLauncher.doBuildStages(DefaultGradleLauncher.java:140)
	at org.gradle.initialization.DefaultGradleLauncher.access$200(DefaultGradleLauncher.java:32)
	at org.gradle.initialization.DefaultGradleLauncher$1.create(DefaultGradleLauncher.java:99)
	at org.gradle.initialization.DefaultGradleLauncher$1.create(DefaultGradleLauncher.java:93)
	at org.gradle.internal.progress.DefaultBuildOperationExecutor.run(DefaultBuildOperationExecutor.java:90)
	at org.gradle.internal.progress.DefaultBuildOperationExecutor.run(DefaultBuildOperationExecutor.java:62)
	at org.gradle.initialization.DefaultGradleLauncher.doBuild(DefaultGradleLauncher.java:93)
	at org.gradle.initialization.DefaultGradleLauncher.run(DefaultGradleLauncher.java:82)
	at org.gradle.launcher.exec.InProcessBuildActionExecuter$DefaultBuildController.run(InProcessBuildActionExecuter.java:94)
	at org.gradle.tooling.internal.provider.ExecuteBuildActionRunner.run(ExecuteBuildActionRunner.java:28)
	at org.gradle.launcher.exec.ChainingBuildActionRunner.run(ChainingBuildActionRunner.java:35)
	at org.gradle.launcher.exec.InProcessBuildActionExecuter.execute(InProcessBuildActionExecuter.java:43)
	at org.gradle.launcher.exec.InProcessBuildActionExecuter.execute(InProcessBuildActionExecuter.java:28)
	at org.gradle.launcher.exec.ContinuousBuildActionExecuter.execute(ContinuousBuildActionExecuter.java:77)
	at org.gradle.launcher.exec.ContinuousBuildActionExecuter.execute(ContinuousBuildActionExecuter.java:47)
	at org.gradle.launcher.exec.DaemonUsageSuggestingBuildActionExecuter.execute(DaemonUsageSuggestingBuildActionExecuter.java:51)
	at org.gradle.launcher.exec.DaemonUsageSuggestingBuildActionExecuter.execute(DaemonUsageSuggestingBuildActionExecuter.java:28)
	at org.gradle.launcher.cli.RunBuildAction.run(RunBuildAction.java:43)
	at org.gradle.internal.Actions$RunnableActionAdapter.execute(Actions.java:170)
	at org.gradle.launcher.cli.CommandLineActionFactory$ParseAndBuildAction.execute(CommandLineActionFactory.java:237)
	at org.gradle.launcher.cli.CommandLineActionFactory$ParseAndBuildAction.execute(CommandLineActionFactory.java:210)
	at org.gradle.launcher.cli.JavaRuntimeValidationAction.execute(JavaRuntimeValidationAction.java:35)
	at org.gradle.launcher.cli.JavaRuntimeValidationAction.execute(JavaRuntimeValidationAction.java:24)
	at org.gradle.launcher.cli.CommandLineActionFactory$WithLogging.execute(CommandLineActionFactory.java:206)
	at org.gradle.launcher.cli.CommandLineActionFactory$WithLogging.execute(CommandLineActionFactory.java:169)
	at org.gradle.launcher.cli.ExceptionReportingAction.execute(ExceptionReportingAction.java:33)
	at org.gradle.launcher.cli.ExceptionReportingAction.execute(ExceptionReportingAction.java:22)
	at org.gradle.launcher.Main.doAction(Main.java:33)
	at org.gradle.launcher.bootstrap.EntryPoint.run(EntryPoint.java:45)
	at org.gradle.launcher.bootstrap.ProcessBootstrap.runNoExit(ProcessBootstrap.java:54)
	at org.gradle.launcher.bootstrap.ProcessBootstrap.run(ProcessBootstrap.java:35)
	at org.gradle.launcher.GradleMain.main(GradleMain.java:23)
	at org.gradle.wrapper.BootstrapMainStarter.start(BootstrapMainStarter.java:33)
	at org.gradle.wrapper.WrapperExecutor.execute(WrapperExecutor.java:130)
	at org.gradle.wrapper.GradleWrapperMain.main(GradleWrapperMain.java:48)
Caused by: org.gradle.api.artifacts.ResolveException: Could not resolve all dependencies for configuration ':app:_debugCompile'.
	at org.gradle.api.internal.artifacts.ivyservice.DefaultLenientConfiguration.rethrowFailure(DefaultLenientConfiguration.java:62)
	at org.gradle.api.internal.artifacts.ivyservice.DefaultResolvedConfiguration.rethrowFailure(DefaultResolvedConfiguration.java:36)
	at org.gradle.api.internal.artifacts.ivyservice.DefaultResolvedConfiguration.getResolvedArtifacts(DefaultResolvedConfiguration.java:59)
	at org.gradle.api.internal.artifacts.ivyservice.SelfResolvingDependencyConfigurationResolver$FilesAggregatingResolvedConfiguration.getResolvedArtifacts(SelfResolvingDependencyConfigurationResolver.java:92)
	at org.gradle.api.internal.artifacts.ivyservice.ErrorHandlingConfigurationResolver$ErrorHandlingResolvedConfiguration.getResolvedArtifacts(ErrorHandlingConfigurationResolver.java:221)
	at com.android.build.gradle.internal.DependencyManager.collectArtifacts(DependencyManager.java:685)
	at com.android.build.gradle.internal.DependencyManager.resolveDependencyForConfig(DependencyManager.java:250)
	at com.android.build.gradle.internal.DependencyManager.resolveDependencies(DependencyManager.java:135)
	at com.android.build.gradle.internal.TaskManager.resolveDependencies(TaskManager.java:318)
	at com.android.build.gradle.internal.VariantManager$8.call(VariantManager.java:573)
	at com.android.build.gradle.internal.VariantManager$8.call(VariantManager.java:570)
	at com.android.builder.profile.ThreadRecorder$1.record(ThreadRecorder.java:48)
	at com.android.builder.profile.Recorder$record.call(Unknown Source)
	at com.android.build.gradle.internal.profile.SpanRecorders.record(SpanRecorders.groovy:69)
	at com.android.build.gradle.internal.VariantManager.createVariantData(VariantManager.java:569)
	at com.android.build.gradle.internal.VariantManager.createVariantDataForProductFlavors(VariantManager.java:722)
	at com.android.build.gradle.internal.VariantManager.populateVariantDataList(VariantManager.java:442)
	at com.android.build.gradle.internal.VariantManager.createAndroidTasks(VariantManager.java:258)
	at com.android.build.gradle.BasePlugin$_createAndroidTasks_closure15.doCall(BasePlugin.groovy:483)
	at com.android.build.gradle.BasePlugin$_createAndroidTasks_closure15.doCall(BasePlugin.groovy)
	at com.android.build.gradle.internal.profile.SpanRecorders$2.call(SpanRecorders.groovy:52)
	at com.android.builder.profile.ThreadRecorder$1.record(ThreadRecorder.java:48)
	at com.android.build.gradle.internal.profile.SpanRecorders.record(SpanRecorders.groovy:54)
	at com.android.build.gradle.BasePlugin.createAndroidTasks(BasePlugin.groovy:482)
	at com.android.build.gradle.BasePlugin$_createTasks_closure13_closure17.doCall(BasePlugin.groovy:415)
	at com.android.build.gradle.BasePlugin$_createTasks_closure13_closure17.doCall(BasePlugin.groovy)
	at com.android.build.gradle.internal.profile.SpanRecorders$2.call(SpanRecorders.groovy:52)
	at com.android.builder.profile.ThreadRecorder$1.record(ThreadRecorder.java:48)
	at com.android.build.gradle.internal.profile.SpanRecorders.record(SpanRecorders.groovy:54)
	at com.android.build.gradle.BasePlugin$_createTasks_closure13.doCall(BasePlugin.groovy:414)
	at org.gradle.listener.ClosureBackedMethodInvocationDispatch.dispatch(ClosureBackedMethodInvocationDispatch.java:40)
	at org.gradle.listener.ClosureBackedMethodInvocationDispatch.dispatch(ClosureBackedMethodInvocationDispatch.java:25)
	at org.gradle.internal.event.AbstractBroadcastDispatch.dispatch(AbstractBroadcastDispatch.java:44)
	at org.gradle.internal.event.BroadcastDispatch.dispatch(BroadcastDispatch.java:79)
	at org.gradle.internal.event.BroadcastDispatch.dispatch(BroadcastDispatch.java:30)
	at org.gradle.messaging.dispatch.ProxyDispatchAdapter$DispatchingInvocationHandler.invoke(ProxyDispatchAdapter.java:93)
	at com.sun.proxy.$Proxy11.afterEvaluate(Unknown Source)
	at org.gradle.configuration.project.LifecycleProjectEvaluator.notifyAfterEvaluate(LifecycleProjectEvaluator.java:67)
	... 57 more
Caused by: org.gradle.internal.resolve.ModuleVersionNotFoundException: Could not find com.vincentbrison.openlibraries.android:foldablelayout:0.0.1-SNAPSHOT.
Searched in the following locations:
    https://jcenter.bintray.com/com/vincentbrison/openlibraries/android/foldablelayout/0.0.1-SNAPSHOT/maven-metadata.xml
    https://jcenter.bintray.com/com/vincentbrison/openlibraries/android/foldablelayout/0.0.1-SNAPSHOT/foldablelayout-0.0.1-SNAPSHOT.pom
    https://jcenter.bintray.com/com/vincentbrison/openlibraries/android/foldablelayout/0.0.1-SNAPSHOT/foldablelayout-0.0.1-SNAPSHOT.aar
    https://oss.sonatype.org/content/groups/public/com/vincentbrison/openlibraries/android/foldablelayout/0.0.1-SNAPSHOT/maven-metadata.xml
    https://oss.sonatype.org/content/groups/public/com/vincentbrison/openlibraries/android/foldablelayout/0.0.1-SNAPSHOT/foldablelayout-0.0.1-SNAPSHOT.pom
    https://oss.sonatype.org/content/groups/public/com/vincentbrison/openlibraries/android/foldablelayout/0.0.1-SNAPSHOT/foldablelayout-0.0.1-SNAPSHOT.aar
    https://oss.sonatype.org/content/repositories/snapshots/com/vincentbrison/openlibraries/android/foldablelayout/0.0.1-SNAPSHOT/maven-metadata.xml
    https://oss.sonatype.org/content/repositories/snapshots/com/vincentbrison/openlibraries/android/foldablelayout/0.0.1-SNAPSHOT/foldablelayout-0.0.1-SNAPSHOT.pom
    https://oss.sonatype.org/content/repositories/snapshots/com/vincentbrison/openlibraries/android/foldablelayout/0.0.1-SNAPSHOT/foldablelayout-0.0.1-SNAPSHOT.aar
    https://repo1.maven.org/maven2/com/vincentbrison/openlibraries/android/foldablelayout/0.0.1-SNAPSHOT/maven-metadata.xml
    https://repo1.maven.org/maven2/com/vincentbrison/openlibraries/android/foldablelayout/0.0.1-SNAPSHOT/foldablelayout-0.0.1-SNAPSHOT.pom
    https://repo1.maven.org/maven2/com/vincentbrison/openlibraries/android/foldablelayout/0.0.1-SNAPSHOT/foldablelayout-0.0.1-SNAPSHOT.aar
    file:/root/Applications/android-sdk/extras/android/m2repository/com/vincentbrison/openlibraries/android/foldablelayout/0.0.1-SNAPSHOT/maven-metadata.xml
    file:/root/Applications/android-sdk/extras/android/m2repository/com/vincentbrison/openlibraries/android/foldablelayout/0.0.1-SNAPSHOT/foldablelayout-0.0.1-SNAPSHOT.pom
    file:/root/Applications/android-sdk/extras/android/m2repository/com/vincentbrison/openlibraries/android/foldablelayout/0.0.1-SNAPSHOT/foldablelayout-0.0.1-SNAPSHOT.aar
    file:/root/Applications/android-sdk/extras/google/m2repository/com/vincentbrison/openlibraries/android/foldablelayout/0.0.1-SNAPSHOT/maven-metadata.xml
    file:/root/Applications/android-sdk/extras/google/m2repository/com/vincentbrison/openlibraries/android/foldablelayout/0.0.1-SNAPSHOT/foldablelayout-0.0.1-SNAPSHOT.pom
    file:/root/Applications/android-sdk/extras/google/m2repository/com/vincentbrison/openlibraries/android/foldablelayout/0.0.1-SNAPSHOT/foldablelayout-0.0.1-SNAPSHOT.aar
Required by:
    com.vincentbrison.openlibraries.android:app:0.0.1-SNAPSHOT
	at org.gradle.internal.resolve.result.DefaultBuildableComponentResolveResult.notFound(DefaultBuildableComponentResolveResult.java:38)
	at org.gradle.api.internal.artifacts.ivyservice.ivyresolve.RepositoryChainComponentMetaDataResolver.resolveModule(RepositoryChainComponentMetaDataResolver.java:88)
	at org.gradle.api.internal.artifacts.ivyservice.ivyresolve.RepositoryChainComponentMetaDataResolver.resolve(RepositoryChainComponentMetaDataResolver.java:59)
	at org.gradle.api.internal.artifacts.ivyservice.resolveengine.ComponentResolversChain$ComponentMetaDataResolverChain.resolve(ComponentResolversChain.java:80)
	at org.gradle.api.internal.artifacts.ivyservice.clientmodule.ClientModuleResolver.resolve(ClientModuleResolver.java:44)
	at org.gradle.api.internal.artifacts.ivyservice.resolveengine.graph.DependencyGraphBuilder$ModuleVersionResolveState.resolve(DependencyGraphBuilder.java:560)
	at org.gradle.api.internal.artifacts.ivyservice.resolveengine.graph.DependencyGraphBuilder$ModuleVersionResolveState.getMetaData(DependencyGraphBuilder.java:570)
	at org.gradle.api.internal.artifacts.ivyservice.resolveengine.graph.DependencyGraphBuilder$DependencyEdge.calculateTargetConfigurations(DependencyGraphBuilder.java:256)
	at org.gradle.api.internal.artifacts.ivyservice.resolveengine.graph.DependencyGraphBuilder$DependencyEdge.attachToTargetConfigurations(DependencyGraphBuilder.java:230)
	at org.gradle.api.internal.artifacts.ivyservice.resolveengine.graph.DependencyGraphBuilder.traverseGraph(DependencyGraphBuilder.java:137)
	at org.gradle.api.internal.artifacts.ivyservice.resolveengine.graph.DependencyGraphBuilder.resolve(DependencyGraphBuilder.java:75)
	at org.gradle.api.internal.artifacts.ivyservice.resolveengine.DefaultArtifactDependencyResolver$1.execute(DefaultArtifactDependencyResolver.java:90)
	at org.gradle.api.internal.artifacts.ivyservice.resolveengine.DefaultArtifactDependencyResolver$1.execute(DefaultArtifactDependencyResolver.java:80)
	at org.gradle.internal.Transformers$4.transform(Transformers.java:137)
	at org.gradle.api.internal.artifacts.ivyservice.DefaultIvyContextManager.withIvy(DefaultIvyContextManager.java:61)
	at org.gradle.api.internal.artifacts.ivyservice.DefaultIvyContextManager.withIvy(DefaultIvyContextManager.java:39)
	at org.gradle.api.internal.artifacts.ivyservice.resolveengine.DefaultArtifactDependencyResolver.resolve(DefaultArtifactDependencyResolver.java:80)
	at org.gradle.api.internal.artifacts.ivyservice.CacheLockingArtifactDependencyResolver$1.run(CacheLockingArtifactDependencyResolver.java:41)
	at org.gradle.internal.Factories$1.create(Factories.java:22)
	at org.gradle.cache.internal.DefaultCacheAccess.useCache(DefaultCacheAccess.java:192)
	at org.gradle.cache.internal.DefaultCacheAccess.useCache(DefaultCacheAccess.java:175)
	at org.gradle.cache.internal.DefaultPersistentDirectoryStore.useCache(DefaultPersistentDirectoryStore.java:106)
	at org.gradle.cache.internal.DefaultCacheFactory$ReferenceTrackingCache.useCache(DefaultCacheFactory.java:187)
	at org.gradle.api.internal.artifacts.ivyservice.DefaultCacheLockingManager.useCache(DefaultCacheLockingManager.java:64)
	at org.gradle.api.internal.artifacts.ivyservice.CacheLockingArtifactDependencyResolver.resolve(CacheLockingArtifactDependencyResolver.java:39)
	at org.gradle.api.internal.artifacts.ivyservice.DefaultConfigurationResolver.resolve(DefaultConfigurationResolver.java:91)
	at org.gradle.api.internal.artifacts.ivyservice.SelfResolvingDependencyConfigurationResolver.resolve(SelfResolvingDependencyConfigurationResolver.java:40)
	at org.gradle.api.internal.artifacts.ivyservice.ShortCircuitEmptyConfigurationResolver.resolve(ShortCircuitEmptyConfigurationResolver.java:52)
	at org.gradle.api.internal.artifacts.ivyservice.ErrorHandlingConfigurationResolver.resolve(ErrorHandlingConfigurationResolver.java:43)
	at org.gradle.api.internal.artifacts.configurations.DefaultConfiguration.resolveGraphIfRequired(DefaultConfiguration.java:359)
	at org.gradle.api.internal.artifacts.configurations.DefaultConfiguration.resolveNow(DefaultConfiguration.java:334)
	at org.gradle.api.internal.artifacts.configurations.DefaultConfiguration.getResolvedConfiguration(DefaultConfiguration.java:327)
	at org.gradle.api.internal.artifacts.configurations.DefaultConfiguration_Decorated.getResolvedConfiguration(Unknown Source)
	... 90 more


BUILD FAILED

Total time: 9.345 secs

2018-05-11 09:10:01,780 INFO  ProjectTaskService - Detecting possible tasks...
2018-05-11 09:10:01,780 INFO  SysUtils - Execute command: [/tmp/rdisk/2699/src/FoldableLayout-master/gradlew, -b, /tmp/rdisk/2699/src/FoldableLayout-master/foldablelayout/build.gradle, -Dorg.gradle.daemon=false, -Dorg.gradle.daemon.performance.enable-monitoring=false, -Dorg.gradle.configureondemand=true, tasks]
2018-05-11 09:10:15,455 ERROR ProjectTaskService - Could not detect possible Gradle tasks: Process exited with an error: 1 (Exit value: 1)
2018-05-11 09:10:15,456 INFO  ProjectTaskService - Detected possible tasks: 0
2018-05-11 09:10:15,456 INFO  ProjectTaskService - Excluded tasks (0): none
2018-05-11 09:10:15,456 INFO  SysUtils - Execute command: [/tmp/rdisk/2699/src/FoldableLayout-master/gradlew, -b, /tmp/rdisk/2699/src/FoldableLayout-master/foldablelayout/build.gradle, -Dorg.gradle.daemon=false, -Dorg.gradle.daemon.performance.enable-monitoring=false, -Dorg.gradle.configureondemand=true, --stacktrace, build]
2018-05-11 09:10:28,226 ERROR SysUtils - Could not process external command
org.apache.commons.exec.ExecuteException: Process exited with an error: 1 (Exit value: 1)
	at org.apache.commons.exec.DefaultExecutor.executeInternal(DefaultExecutor.java:404)
	at org.apache.commons.exec.DefaultExecutor.execute(DefaultExecutor.java:166)
	at com.github.vbauer.apkmaster.util.SysUtils.execute(SysUtils.java:67)
	at com.github.vbauer.apkmaster.util.SysUtils.executeSimple(SysUtils.java:43)
	at com.github.vbauer.apkmaster.service.assembly.ProjectBuildService.buildProject(ProjectBuildService.java:78)
	at com.github.vbauer.apkmaster.service.assembly.ProjectBuildService.buildProject(ProjectBuildService.java:64)
	at com.github.vbauer.apkmaster.service.assembly.ProjectBuildService.buildProject(ProjectBuildService.java:43)
	at com.github.vbauer.apkmaster.service.FullProcessService.build(FullProcessService.java:84)
	at com.github.vbauer.apkmaster.service.FullProcessService.process(FullProcessService.java:34)
	at com.github.vbauer.apkmaster.app.MainApplication.process(MainApplication.java:38)
	at com.github.vbauer.apkmaster.app.MainApplication.main(MainApplication.java:20)
	at sun.reflect.NativeMethodAccessorImpl.invoke0(Native Method)
	at sun.reflect.NativeMethodAccessorImpl.invoke(NativeMethodAccessorImpl.java:62)
	at sun.reflect.DelegatingMethodAccessorImpl.invoke(DelegatingMethodAccessorImpl.java:43)
	at java.lang.reflect.Method.invoke(Method.java:498)
	at com.android.arsenal.util.ReflectionUtils.invoke(ReflectionUtils.java:42)
	at com.android.arsenal.util.ApkMasterUtils.main(ApkMasterUtils.java:30)
	at com.android.arsenal.service.processor.impl.BuildProcessorServiceImpl.buildProject(BuildProcessorServiceImpl.java:197)
	at com.android.arsenal.service.processor.impl.BuildProcessorServiceImpl.build(BuildProcessorServiceImpl.java:131)
	at com.android.arsenal.service.processor.impl.BuildProcessorServiceImpl.lambda$null$1(BuildProcessorServiceImpl.java:114)
	at java.util.concurrent.FutureTask.run(FutureTask.java:266)
	at java.util.concurrent.Executors$RunnableAdapter.call(Executors.java:511)
	at java.util.concurrent.FutureTask.run(FutureTask.java:266)
	at java.util.concurrent.ThreadPoolExecutor.runWorker(ThreadPoolExecutor.java:1149)
	at java.util.concurrent.ThreadPoolExecutor$Worker.run(ThreadPoolExecutor.java:624)
	at java.lang.Thread.run(Thread.java:748)
2018-05-11 09:10:28,226 INFO  SysUtils - Configuration on demand is an incubating feature.
current VERSION_NAME : 0.0.1-SNAPSHOT
SNAPSHOT BUILD
Cannot get console. Please execute 'gradle uploadArchives' from CLI.
Cannot get console. Please execute 'gradle uploadArchives' from CLI.
:foldablelayout:androidJavadocs/tmp/rdisk/2699/src/FoldableLayout-master/foldablelayout/src/main/java/worldline/com/foldablelayout/FoldableLayout.java:29: error: package android.support.annotation does not exist
import android.support.annotation.DimenRes;
                                 ^
/tmp/rdisk/2699/src/FoldableLayout-master/foldablelayout/src/main/java/worldline/com/foldablelayout/FoldableLayout.java:30: error: package android.support.annotation does not exist
import android.support.annotation.LayoutRes;
                                 ^
/tmp/rdisk/2699/src/FoldableLayout-master/foldablelayout/src/main/java/worldline/com/foldablelayout/FoldableLayout.java:173: error: cannot find symbol
    public void setupViews(@LayoutRes int coverLayoutId, @LayoutRes int detailLayoutId, @DimenRes int coverHeight, Context context) {
                            ^
  symbol:   class LayoutRes
  location: class FoldableLayout
/tmp/rdisk/2699/src/FoldableLayout-master/foldablelayout/src/main/java/worldline/com/foldablelayout/FoldableLayout.java:173: error: cannot find symbol
    public void setupViews(@LayoutRes int coverLayoutId, @LayoutRes int detailLayoutId, @DimenRes int coverHeight, Context context) {
                                                          ^
  symbol:   class LayoutRes
  location: class FoldableLayout
/tmp/rdisk/2699/src/FoldableLayout-master/foldablelayout/src/main/java/worldline/com/foldablelayout/FoldableLayout.java:173: error: cannot find symbol
    public void setupViews(@LayoutRes int coverLayoutId, @LayoutRes int detailLayoutId, @DimenRes int coverHeight, Context context) {
                                                                                         ^
  symbol:   class DimenRes
  location: class FoldableLayout
javadoc: warning - Class LayoutRes not found.
javadoc: warning - Class LayoutRes not found.
javadoc: warning - Class DimenRes not found.

8 warnings
:foldablelayout:androidJavadocsJar
:foldablelayout:androidSourcesJar
:foldablelayout:compileLint
:foldablelayout:copyDebugLint UP-TO-DATE
:foldablelayout:preBuild UP-TO-DATE
:foldablelayout:preDebugBuild UP-TO-DATE
:foldablelayout:checkDebugManifest
:foldablelayout:preDebugAndroidTestBuild UP-TO-DATE
:foldablelayout:preDebugUnitTestBuild UP-TO-DATE
:foldablelayout:preReleaseBuild UP-TO-DATE
:foldablelayout:preReleaseUnitTestBuild UP-TO-DATE
:foldablelayout:prepareComAndroidSupportAppcompatV72310Library
:foldablelayout:prepareComAndroidSupportSupportV42310Library
:foldablelayout:prepareDebugDependencies
:foldablelayout:compileDebugAidl
:foldablelayout:compileDebugRenderscript
:foldablelayout:generateDebugBuildConfig
:foldablelayout:generateDebugAssets UP-TO-DATE
:foldablelayout:mergeDebugAssets
:foldablelayout:generateDebugResValues
:foldablelayout:generateDebugResources
:foldablelayout:mergeDebugResources
:foldablelayout:processDebugManifest
:foldablelayout:processDebugResources
:foldablelayout:generateDebugSources
:foldablelayout:processDebugJavaRes UP-TO-DATE
:foldablelayout:compileDebugJavaWithJavacNote: /tmp/rdisk/2699/src/FoldableLayout-master/foldablelayout/src/main/java/worldline/com/foldablelayout/FoldableLayout.java uses or overrides a deprecated API.
Note: Recompile with -Xlint:deprecation for details.

:foldablelayout:extractDebugAnnotations
:foldablelayout:mergeDebugProguardFiles
:foldablelayout:packageDebugJar
:foldablelayout:compileDebugNdk UP-TO-DATE
:foldablelayout:packageDebugJniLibs UP-TO-DATE
:foldablelayout:packageDebugLocalJar UP-TO-DATE
:foldablelayout:packageDebugRenderscript UP-TO-DATE
:foldablelayout:packageDebugResources
:foldablelayout:bundleDebug
:foldablelayout:compileDebugSources
:foldablelayout:assembleDebug
:foldablelayout:copyReleaseLint UP-TO-DATE
:foldablelayout:checkReleaseManifest
:foldablelayout:prepareReleaseDependencies
:foldablelayout:compileReleaseAidl
:foldablelayout:compileReleaseRenderscript
:foldablelayout:generateReleaseBuildConfig
:foldablelayout:generateReleaseAssets UP-TO-DATE
:foldablelayout:mergeReleaseAssets
:foldablelayout:generateReleaseResValues
:foldablelayout:generateReleaseResources
:foldablelayout:mergeReleaseResources
:foldablelayout:processReleaseManifest
:foldablelayout:processReleaseResources
:foldablelayout:generateReleaseSources
:foldablelayout:processReleaseJavaRes UP-TO-DATE
:foldablelayout:compileReleaseJavaWithJavacNote: /tmp/rdisk/2699/src/FoldableLayout-master/foldablelayout/src/main/java/worldline/com/foldablelayout/FoldableLayout.java uses or overrides a deprecated API.
Note: Recompile with -Xlint:deprecation for details.

:foldablelayout:extractReleaseAnnotations
:foldablelayout:mergeReleaseProguardFiles
:foldablelayout:packageReleaseJar
:foldablelayout:compileReleaseNdk UP-TO-DATE
:foldablelayout:packageReleaseJniLibs UP-TO-DATE
:foldablelayout:packageReleaseLocalJar UP-TO-DATE
:foldablelayout:packageReleaseRenderscript UP-TO-DATE
:foldablelayout:packageReleaseResources
:foldablelayout:bundleRelease
:foldablelayout:compileReleaseSources
:foldablelayout:assembleRelease
:foldablelayout:jarRelease
:foldablelayout:signArchives
current VERSION_NAME : 0.0.1-SNAPSHOT
:foldablelayout:signArchives FAILED

FAILURE: Build failed with an exception.

* What went wrong:
Could not evaluate onlyIf predicate for task ':foldablelayout:signArchives'.
> Unable to retrieve secret key from key ring file '/Users/vincentbrison/.gnupg/secring.gpg' as it does not exist

* Try:
Run with --info or --debug option to get more log output.

* Exception is:
org.gradle.api.GradleException: Could not evaluate onlyIf predicate for task ':foldablelayout:signArchives'.
	at org.gradle.api.internal.tasks.execution.SkipOnlyIfTaskExecuter.execute(SkipOnlyIfTaskExecuter.java:43)
	at org.gradle.api.internal.tasks.execution.ExecuteAtMostOnceTaskExecuter.execute(ExecuteAtMostOnceTaskExecuter.java:43)
	at org.gradle.execution.taskgraph.DefaultTaskGraphExecuter$EventFiringTaskWorker.execute(DefaultTaskGraphExecuter.java:203)
	at org.gradle.execution.taskgraph.DefaultTaskGraphExecuter$EventFiringTaskWorker.execute(DefaultTaskGraphExecuter.java:185)
	at org.gradle.execution.taskgraph.AbstractTaskPlanExecutor$TaskExecutorWorker.processTask(AbstractTaskPlanExecutor.java:62)
	at org.gradle.execution.taskgraph.AbstractTaskPlanExecutor$TaskExecutorWorker.run(AbstractTaskPlanExecutor.java:50)
	at org.gradle.execution.taskgraph.DefaultTaskPlanExecutor.process(DefaultTaskPlanExecutor.java:25)
	at org.gradle.execution.taskgraph.DefaultTaskGraphExecuter.execute(DefaultTaskGraphExecuter.java:110)
	at org.gradle.execution.SelectedTaskExecutionAction.execute(SelectedTaskExecutionAction.java:37)
	at org.gradle.execution.DefaultBuildExecuter.execute(DefaultBuildExecuter.java:37)
	at org.gradle.execution.DefaultBuildExecuter.access$000(DefaultBuildExecuter.java:23)
	at org.gradle.execution.DefaultBuildExecuter$1.proceed(DefaultBuildExecuter.java:43)
	at org.gradle.execution.DryRunBuildExecutionAction.execute(DryRunBuildExecutionAction.java:32)
	at org.gradle.execution.DefaultBuildExecuter.execute(DefaultBuildExecuter.java:37)
	at org.gradle.execution.DefaultBuildExecuter.execute(DefaultBuildExecuter.java:30)
	at org.gradle.initialization.DefaultGradleLauncher$4.run(DefaultGradleLauncher.java:154)
	at org.gradle.internal.Factories$1.create(Factories.java:22)
	at org.gradle.internal.progress.DefaultBuildOperationExecutor.run(DefaultBuildOperationExecutor.java:90)
	at org.gradle.internal.progress.DefaultBuildOperationExecutor.run(DefaultBuildOperationExecutor.java:52)
	at org.gradle.initialization.DefaultGradleLauncher.doBuildStages(DefaultGradleLauncher.java:151)
	at org.gradle.initialization.DefaultGradleLauncher.access$200(DefaultGradleLauncher.java:32)
	at org.gradle.initialization.DefaultGradleLauncher$1.create(DefaultGradleLauncher.java:99)
	at org.gradle.initialization.DefaultGradleLauncher$1.create(DefaultGradleLauncher.java:93)
	at org.gradle.internal.progress.DefaultBuildOperationExecutor.run(DefaultBuildOperationExecutor.java:90)
	at org.gradle.internal.progress.DefaultBuildOperationExecutor.run(DefaultBuildOperationExecutor.java:62)
	at org.gradle.initialization.DefaultGradleLauncher.doBuild(DefaultGradleLauncher.java:93)
	at org.gradle.initialization.DefaultGradleLauncher.run(DefaultGradleLauncher.java:82)
	at org.gradle.launcher.exec.InProcessBuildActionExecuter$DefaultBuildController.run(InProcessBuildActionExecuter.java:94)
	at org.gradle.tooling.internal.provider.ExecuteBuildActionRunner.run(ExecuteBuildActionRunner.java:28)
	at org.gradle.launcher.exec.ChainingBuildActionRunner.run(ChainingBuildActionRunner.java:35)
	at org.gradle.launcher.exec.InProcessBuildActionExecuter.execute(InProcessBuildActionExecuter.java:43)
	at org.gradle.launcher.exec.InProcessBuildActionExecuter.execute(InProcessBuildActionExecuter.java:28)
	at org.gradle.launcher.exec.ContinuousBuildActionExecuter.execute(ContinuousBuildActionExecuter.java:77)
	at org.gradle.launcher.exec.ContinuousBuildActionExecuter.execute(ContinuousBuildActionExecuter.java:47)
	at org.gradle.launcher.exec.DaemonUsageSuggestingBuildActionExecuter.execute(DaemonUsageSuggestingBuildActionExecuter.java:51)
	at org.gradle.launcher.exec.DaemonUsageSuggestingBuildActionExecuter.execute(DaemonUsageSuggestingBuildActionExecuter.java:28)
	at org.gradle.launcher.cli.RunBuildAction.run(RunBuildAction.java:43)
	at org.gradle.internal.Actions$RunnableActionAdapter.execute(Actions.java:170)
	at org.gradle.launcher.cli.CommandLineActionFactory$ParseAndBuildAction.execute(CommandLineActionFactory.java:237)
	at org.gradle.launcher.cli.CommandLineActionFactory$ParseAndBuildAction.execute(CommandLineActionFactory.java:210)
	at org.gradle.launcher.cli.JavaRuntimeValidationAction.execute(JavaRuntimeValidationAction.java:35)
	at org.gradle.launcher.cli.JavaRuntimeValidationAction.execute(JavaRuntimeValidationAction.java:24)
	at org.gradle.launcher.cli.CommandLineActionFactory$WithLogging.execute(CommandLineActionFactory.java:206)
	at org.gradle.launcher.cli.CommandLineActionFactory$WithLogging.execute(CommandLineActionFactory.java:169)
	at org.gradle.launcher.cli.ExceptionReportingAction.execute(ExceptionReportingAction.java:33)
	at org.gradle.launcher.cli.ExceptionReportingAction.execute(ExceptionReportingAction.java:22)
	at org.gradle.launcher.Main.doAction(Main.java:33)
	at org.gradle.launcher.bootstrap.EntryPoint.run(EntryPoint.java:45)
	at org.gradle.launcher.bootstrap.ProcessBootstrap.runNoExit(ProcessBootstrap.java:54)
	at org.gradle.launcher.bootstrap.ProcessBootstrap.run(ProcessBootstrap.java:35)
	at org.gradle.launcher.GradleMain.main(GradleMain.java:23)
	at org.gradle.wrapper.BootstrapMainStarter.start(BootstrapMainStarter.java:33)
	at org.gradle.wrapper.WrapperExecutor.execute(WrapperExecutor.java:130)
	at org.gradle.wrapper.GradleWrapperMain.main(GradleWrapperMain.java:48)
Caused by: org.gradle.api.InvalidUserDataException: Unable to retrieve secret key from key ring file '/Users/vincentbrison/.gnupg/secring.gpg' as it does not exist
	at org.gradle.plugins.signing.signatory.pgp.PgpSignatoryFactory.readSecretKey(PgpSignatoryFactory.groovy:76)
	at org.gradle.plugins.signing.signatory.pgp.PgpSignatoryFactory$readSecretKey$1.callCurrent(Unknown Source)
	at org.gradle.plugins.signing.signatory.pgp.PgpSignatoryFactory.createSignatory(PgpSignatoryFactory.groovy:67)
	at org.gradle.plugins.signing.signatory.pgp.PgpSignatoryFactory$createSignatory$0.callCurrent(Unknown Source)
	at org.gradle.plugins.signing.signatory.pgp.PgpSignatoryFactory.readProperties(PgpSignatoryFactory.groovy:59)
	at org.gradle.plugins.signing.signatory.pgp.PgpSignatoryFactory.createSignatory(PgpSignatoryFactory.groovy:29)
	at org.gradle.plugins.signing.signatory.pgp.PgpSignatoryFactory.createSignatory(PgpSignatoryFactory.groovy)
	at org.gradle.plugins.signing.signatory.pgp.PgpSignatoryFactory$createSignatory.call(Unknown Source)
	at org.gradle.plugins.signing.signatory.pgp.PgpSignatoryProvider.getDefaultSignatory(PgpSignatoryProvider.groovy:36)
	at org.gradle.plugins.signing.signatory.pgp.PgpSignatoryProvider.getDefaultSignatory(PgpSignatoryProvider.groovy)
	at org.gradle.plugins.signing.signatory.SignatoryProvider$getDefaultSignatory.call(Unknown Source)
	at org.gradle.plugins.signing.SigningExtension.getSignatory(SigningExtension.groovy:170)
	at org.gradle.plugins.signing.SigningExtension_Decorated.getSignatory(Unknown Source)
	at org.gradle.plugins.signing.SigningExtension$_addSignatureSpecConventions_closure2.doCall(SigningExtension.groovy:198)
	at org.gradle.plugins.signing.SigningExtension$_addSignatureSpecConventions_closure2.doCall(SigningExtension.groovy)
	at org.gradle.api.internal.ConventionAwareHelper$2.getValue(ConventionAwareHelper.java:84)
	at org.gradle.api.internal.ConventionAwareHelper$MappedPropertyImpl.getValue(ConventionAwareHelper.java:136)
	at org.gradle.api.internal.ConventionAwareHelper.getConventionValue(ConventionAwareHelper.java:114)
	at org.gradle.plugins.signing.Sign_Decorated.getSignatory(Unknown Source)
	at org.gradle.plugins.signing.Sign$_closure1.doCall(Sign.groovy:65)
	at org.gradle.api.specs.internal.ClosureSpec.isSatisfiedBy(ClosureSpec.java:32)
	at org.gradle.api.specs.AndSpec.isSatisfiedBy(AndSpec.java:42)
	at org.gradle.api.internal.tasks.execution.SkipOnlyIfTaskExecuter.execute(SkipOnlyIfTaskExecuter.java:41)
	... 53 more


BUILD FAILED

Total time: 12.353 secs

2018-05-11 09:10:28,262 INFO  ProjectTaskService - Detecting possible tasks...
2018-05-11 09:10:28,262 INFO  SysUtils - Execute command: [/tmp/rdisk/2699/src/FoldableLayout-master/gradlew, -b, /tmp/rdisk/2699/src/FoldableLayout-master/build.gradle, -Dorg.gradle.daemon=false, -Dorg.gradle.daemon.performance.enable-monitoring=false, -Dorg.gradle.configureondemand=true, tasks]
2018-05-11 09:10:37,454 ERROR ProjectTaskService - Could not detect possible Gradle tasks: Process exited with an error: 1 (Exit value: 1)
2018-05-11 09:10:37,454 INFO  ProjectTaskService - Detected possible tasks: 0
2018-05-11 09:10:37,454 INFO  ProjectTaskService - Excluded tasks (0): none
2018-05-11 09:10:37,455 INFO  SysUtils - Execute command: [/tmp/rdisk/2699/src/FoldableLayout-master/gradlew, -b, /tmp/rdisk/2699/src/FoldableLayout-master/build.gradle, -Dorg.gradle.daemon=false, -Dorg.gradle.daemon.performance.enable-monitoring=false, -Dorg.gradle.configureondemand=true, --stacktrace, build]
2018-05-11 09:10:48,731 ERROR SysUtils - Could not process external command
org.apache.commons.exec.ExecuteException: Process exited with an error: 1 (Exit value: 1)
	at org.apache.commons.exec.DefaultExecutor.executeInternal(DefaultExecutor.java:404)
	at org.apache.commons.exec.DefaultExecutor.execute(DefaultExecutor.java:166)
	at com.github.vbauer.apkmaster.util.SysUtils.execute(SysUtils.java:67)
	at com.github.vbauer.apkmaster.util.SysUtils.executeSimple(SysUtils.java:43)
	at com.github.vbauer.apkmaster.service.assembly.ProjectBuildService.buildProject(ProjectBuildService.java:78)
	at com.github.vbauer.apkmaster.service.assembly.ProjectBuildService.buildProject(ProjectBuildService.java:64)
	at com.github.vbauer.apkmaster.service.assembly.ProjectBuildService.buildProject(ProjectBuildService.java:43)
	at com.github.vbauer.apkmaster.service.FullProcessService.build(FullProcessService.java:84)
	at com.github.vbauer.apkmaster.service.FullProcessService.process(FullProcessService.java:34)
	at com.github.vbauer.apkmaster.app.MainApplication.process(MainApplication.java:38)
	at com.github.vbauer.apkmaster.app.MainApplication.main(MainApplication.java:20)
	at sun.reflect.NativeMethodAccessorImpl.invoke0(Native Method)
	at sun.reflect.NativeMethodAccessorImpl.invoke(NativeMethodAccessorImpl.java:62)
	at sun.reflect.DelegatingMethodAccessorImpl.invoke(DelegatingMethodAccessorImpl.java:43)
	at java.lang.reflect.Method.invoke(Method.java:498)
	at com.android.arsenal.util.ReflectionUtils.invoke(ReflectionUtils.java:42)
	at com.android.arsenal.util.ApkMasterUtils.main(ApkMasterUtils.java:30)
	at com.android.arsenal.service.processor.impl.BuildProcessorServiceImpl.buildProject(BuildProcessorServiceImpl.java:197)
	at com.android.arsenal.service.processor.impl.BuildProcessorServiceImpl.build(BuildProcessorServiceImpl.java:131)
	at com.android.arsenal.service.processor.impl.BuildProcessorServiceImpl.lambda$null$1(BuildProcessorServiceImpl.java:114)
	at java.util.concurrent.FutureTask.run(FutureTask.java:266)
	at java.util.concurrent.Executors$RunnableAdapter.call(Executors.java:511)
	at java.util.concurrent.FutureTask.run(FutureTask.java:266)
	at java.util.concurrent.ThreadPoolExecutor.runWorker(ThreadPoolExecutor.java:1149)
	at java.util.concurrent.ThreadPoolExecutor$Worker.run(ThreadPoolExecutor.java:624)
	at java.lang.Thread.run(Thread.java:748)
2018-05-11 09:10:48,732 INFO  SysUtils - Configuration on demand is an incubating feature.

FAILURE: Build failed with an exception.

* What went wrong:
A problem occurred configuring project ':app'.
> Could not resolve all dependencies for configuration ':app:_debugCompile'.
   > Could not find com.vincentbrison.openlibraries.android:foldablelayout:0.0.1-SNAPSHOT.
     Searched in the following locations:
         https://jcenter.bintray.com/com/vincentbrison/openlibraries/android/foldablelayout/0.0.1-SNAPSHOT/maven-metadata.xml
         https://jcenter.bintray.com/com/vincentbrison/openlibraries/android/foldablelayout/0.0.1-SNAPSHOT/foldablelayout-0.0.1-SNAPSHOT.pom
         https://jcenter.bintray.com/com/vincentbrison/openlibraries/android/foldablelayout/0.0.1-SNAPSHOT/foldablelayout-0.0.1-SNAPSHOT.aar
         https://oss.sonatype.org/content/groups/public/com/vincentbrison/openlibraries/android/foldablelayout/0.0.1-SNAPSHOT/maven-metadata.xml
         https://oss.sonatype.org/content/groups/public/com/vincentbrison/openlibraries/android/foldablelayout/0.0.1-SNAPSHOT/foldablelayout-0.0.1-SNAPSHOT.pom
         https://oss.sonatype.org/content/groups/public/com/vincentbrison/openlibraries/android/foldablelayout/0.0.1-SNAPSHOT/foldablelayout-0.0.1-SNAPSHOT.aar
         https://oss.sonatype.org/content/repositories/snapshots/com/vincentbrison/openlibraries/android/foldablelayout/0.0.1-SNAPSHOT/maven-metadata.xml
         https://oss.sonatype.org/content/repositories/snapshots/com/vincentbrison/openlibraries/android/foldablelayout/0.0.1-SNAPSHOT/foldablelayout-0.0.1-SNAPSHOT.pom
         https://oss.sonatype.org/content/repositories/snapshots/com/vincentbrison/openlibraries/android/foldablelayout/0.0.1-SNAPSHOT/foldablelayout-0.0.1-SNAPSHOT.aar
         https://repo1.maven.org/maven2/com/vincentbrison/openlibraries/android/foldablelayout/0.0.1-SNAPSHOT/maven-metadata.xml
         https://repo1.maven.org/maven2/com/vincentbrison/openlibraries/android/foldablelayout/0.0.1-SNAPSHOT/foldablelayout-0.0.1-SNAPSHOT.pom
         https://repo1.maven.org/maven2/com/vincentbrison/openlibraries/android/foldablelayout/0.0.1-SNAPSHOT/foldablelayout-0.0.1-SNAPSHOT.aar
         file:/root/Applications/android-sdk/extras/android/m2repository/com/vincentbrison/openlibraries/android/foldablelayout/0.0.1-SNAPSHOT/maven-metadata.xml
         file:/root/Applications/android-sdk/extras/android/m2repository/com/vincentbrison/openlibraries/android/foldablelayout/0.0.1-SNAPSHOT/foldablelayout-0.0.1-SNAPSHOT.pom
         file:/root/Applications/android-sdk/extras/android/m2repository/com/vincentbrison/openlibraries/android/foldablelayout/0.0.1-SNAPSHOT/foldablelayout-0.0.1-SNAPSHOT.aar
         file:/root/Applications/android-sdk/extras/google/m2repository/com/vincentbrison/openlibraries/android/foldablelayout/0.0.1-SNAPSHOT/maven-metadata.xml
         file:/root/Applications/android-sdk/extras/google/m2repository/com/vincentbrison/openlibraries/android/foldablelayout/0.0.1-SNAPSHOT/foldablelayout-0.0.1-SNAPSHOT.pom
         file:/root/Applications/android-sdk/extras/google/m2repository/com/vincentbrison/openlibraries/android/foldablelayout/0.0.1-SNAPSHOT/foldablelayout-0.0.1-SNAPSHOT.aar
     Required by:
         com.vincentbrison.openlibraries.android:app:0.0.1-SNAPSHOT

* Try:
Run with --info or --debug option to get more log output.

* Exception is:
org.gradle.api.ProjectConfigurationException: A problem occurred configuring project ':app'.
	at org.gradle.configuration.project.LifecycleProjectEvaluator.addConfigurationFailure(LifecycleProjectEvaluator.java:79)
	at org.gradle.configuration.project.LifecycleProjectEvaluator.notifyAfterEvaluate(LifecycleProjectEvaluator.java:74)
	at org.gradle.configuration.project.LifecycleProjectEvaluator.evaluate(LifecycleProjectEvaluator.java:61)
	at org.gradle.api.internal.project.AbstractProject.evaluate(AbstractProject.java:499)
	at org.gradle.api.internal.project.AbstractProject.evaluate(AbstractProject.java:86)
	at org.gradle.execution.TaskPathProjectEvaluator.configureHierarchy(TaskPathProjectEvaluator.java:47)
	at org.gradle.execution.TaskSelector.getSelection(TaskSelector.java:84)
	at org.gradle.execution.TaskSelector.getSelection(TaskSelector.java:75)
	at org.gradle.execution.commandline.CommandLineTaskParser.parseTasks(CommandLineTaskParser.java:42)
	at org.gradle.execution.TaskNameResolvingBuildConfigurationAction.configure(TaskNameResolvingBuildConfigurationAction.java:44)
	at org.gradle.execution.DefaultBuildConfigurationActionExecuter.configure(DefaultBuildConfigurationActionExecuter.java:48)
	at org.gradle.execution.DefaultBuildConfigurationActionExecuter.access$000(DefaultBuildConfigurationActionExecuter.java:25)
	at org.gradle.execution.DefaultBuildConfigurationActionExecuter$1.proceed(DefaultBuildConfigurationActionExecuter.java:54)
	at org.gradle.execution.DefaultTasksBuildExecutionAction.configure(DefaultTasksBuildExecutionAction.java:44)
	at org.gradle.execution.DefaultBuildConfigurationActionExecuter.configure(DefaultBuildConfigurationActionExecuter.java:48)
	at org.gradle.execution.DefaultBuildConfigurationActionExecuter.access$000(DefaultBuildConfigurationActionExecuter.java:25)
	at org.gradle.execution.DefaultBuildConfigurationActionExecuter$1.proceed(DefaultBuildConfigurationActionExecuter.java:54)
	at org.gradle.execution.ExcludedTaskFilteringBuildConfigurationAction.configure(ExcludedTaskFilteringBuildConfigurationAction.java:47)
	at org.gradle.execution.DefaultBuildConfigurationActionExecuter.configure(DefaultBuildConfigurationActionExecuter.java:48)
	at org.gradle.execution.DefaultBuildConfigurationActionExecuter.select(DefaultBuildConfigurationActionExecuter.java:36)
	at org.gradle.initialization.DefaultGradleLauncher$3.run(DefaultGradleLauncher.java:143)
	at org.gradle.internal.Factories$1.create(Factories.java:22)
	at org.gradle.internal.progress.DefaultBuildOperationExecutor.run(DefaultBuildOperationExecutor.java:90)
	at org.gradle.internal.progress.DefaultBuildOperationExecutor.run(DefaultBuildOperationExecutor.java:52)
	at org.gradle.initialization.DefaultGradleLauncher.doBuildStages(DefaultGradleLauncher.java:140)
	at org.gradle.initialization.DefaultGradleLauncher.access$200(DefaultGradleLauncher.java:32)
	at org.gradle.initialization.DefaultGradleLauncher$1.create(DefaultGradleLauncher.java:99)
	at org.gradle.initialization.DefaultGradleLauncher$1.create(DefaultGradleLauncher.java:93)
	at org.gradle.internal.progress.DefaultBuildOperationExecutor.run(DefaultBuildOperationExecutor.java:90)
	at org.gradle.internal.progress.DefaultBuildOperationExecutor.run(DefaultBuildOperationExecutor.java:62)
	at org.gradle.initialization.DefaultGradleLauncher.doBuild(DefaultGradleLauncher.java:93)
	at org.gradle.initialization.DefaultGradleLauncher.run(DefaultGradleLauncher.java:82)
	at org.gradle.launcher.exec.InProcessBuildActionExecuter$DefaultBuildController.run(InProcessBuildActionExecuter.java:94)
	at org.gradle.tooling.internal.provider.ExecuteBuildActionRunner.run(ExecuteBuildActionRunner.java:28)
	at org.gradle.launcher.exec.ChainingBuildActionRunner.run(ChainingBuildActionRunner.java:35)
	at org.gradle.launcher.exec.InProcessBuildActionExecuter.execute(InProcessBuildActionExecuter.java:43)
	at org.gradle.launcher.exec.InProcessBuildActionExecuter.execute(InProcessBuildActionExecuter.java:28)
	at org.gradle.launcher.exec.ContinuousBuildActionExecuter.execute(ContinuousBuildActionExecuter.java:77)
	at org.gradle.launcher.exec.ContinuousBuildActionExecuter.execute(ContinuousBuildActionExecuter.java:47)
	at org.gradle.launcher.exec.DaemonUsageSuggestingBuildActionExecuter.execute(DaemonUsageSuggestingBuildActionExecuter.java:51)
	at org.gradle.launcher.exec.DaemonUsageSuggestingBuildActionExecuter.execute(DaemonUsageSuggestingBuildActionExecuter.java:28)
	at org.gradle.launcher.cli.RunBuildAction.run(RunBuildAction.java:43)
	at org.gradle.internal.Actions$RunnableActionAdapter.execute(Actions.java:170)
	at org.gradle.launcher.cli.CommandLineActionFactory$ParseAndBuildAction.execute(CommandLineActionFactory.java:237)
	at org.gradle.launcher.cli.CommandLineActionFactory$ParseAndBuildAction.execute(CommandLineActionFactory.java:210)
	at org.gradle.launcher.cli.JavaRuntimeValidationAction.execute(JavaRuntimeValidationAction.java:35)
	at org.gradle.launcher.cli.JavaRuntimeValidationAction.execute(JavaRuntimeValidationAction.java:24)
	at org.gradle.launcher.cli.CommandLineActionFactory$WithLogging.execute(CommandLineActionFactory.java:206)
	at org.gradle.launcher.cli.CommandLineActionFactory$WithLogging.execute(CommandLineActionFactory.java:169)
	at org.gradle.launcher.cli.ExceptionReportingAction.execute(ExceptionReportingAction.java:33)
	at org.gradle.launcher.cli.ExceptionReportingAction.execute(ExceptionReportingAction.java:22)
	at org.gradle.launcher.Main.doAction(Main.java:33)
	at org.gradle.launcher.bootstrap.EntryPoint.run(EntryPoint.java:45)
	at org.gradle.launcher.bootstrap.ProcessBootstrap.runNoExit(ProcessBootstrap.java:54)
	at org.gradle.launcher.bootstrap.ProcessBootstrap.run(ProcessBootstrap.java:35)
	at org.gradle.launcher.GradleMain.main(GradleMain.java:23)
	at org.gradle.wrapper.BootstrapMainStarter.start(BootstrapMainStarter.java:33)
	at org.gradle.wrapper.WrapperExecutor.execute(WrapperExecutor.java:130)
	at org.gradle.wrapper.GradleWrapperMain.main(GradleWrapperMain.java:48)
Caused by: org.gradle.api.artifacts.ResolveException: Could not resolve all dependencies for configuration ':app:_debugCompile'.
	at org.gradle.api.internal.artifacts.ivyservice.DefaultLenientConfiguration.rethrowFailure(DefaultLenientConfiguration.java:62)
	at org.gradle.api.internal.artifacts.ivyservice.DefaultResolvedConfiguration.rethrowFailure(DefaultResolvedConfiguration.java:36)
	at org.gradle.api.internal.artifacts.ivyservice.DefaultResolvedConfiguration.getResolvedArtifacts(DefaultResolvedConfiguration.java:59)
	at org.gradle.api.internal.artifacts.ivyservice.SelfResolvingDependencyConfigurationResolver$FilesAggregatingResolvedConfiguration.getResolvedArtifacts(SelfResolvingDependencyConfigurationResolver.java:92)
	at org.gradle.api.internal.artifacts.ivyservice.ErrorHandlingConfigurationResolver$ErrorHandlingResolvedConfiguration.getResolvedArtifacts(ErrorHandlingConfigurationResolver.java:221)
	at com.android.build.gradle.internal.DependencyManager.collectArtifacts(DependencyManager.java:685)
	at com.android.build.gradle.internal.DependencyManager.resolveDependencyForConfig(DependencyManager.java:250)
	at com.android.build.gradle.internal.DependencyManager.resolveDependencies(DependencyManager.java:135)
	at com.android.build.gradle.internal.TaskManager.resolveDependencies(TaskManager.java:318)
	at com.android.build.gradle.internal.VariantManager$8.call(VariantManager.java:573)
	at com.android.build.gradle.internal.VariantManager$8.call(VariantManager.java:570)
	at com.android.builder.profile.ThreadRecorder$1.record(ThreadRecorder.java:48)
	at com.android.builder.profile.Recorder$record.call(Unknown Source)
	at com.android.build.gradle.internal.profile.SpanRecorders.record(SpanRecorders.groovy:69)
	at com.android.build.gradle.internal.VariantManager.createVariantData(VariantManager.java:569)
	at com.android.build.gradle.internal.VariantManager.createVariantDataForProductFlavors(VariantManager.java:722)
	at com.android.build.gradle.internal.VariantManager.populateVariantDataList(VariantManager.java:442)
	at com.android.build.gradle.internal.VariantManager.createAndroidTasks(VariantManager.java:258)
	at com.android.build.gradle.BasePlugin$_createAndroidTasks_closure15.doCall(BasePlugin.groovy:483)
	at com.android.build.gradle.BasePlugin$_createAndroidTasks_closure15.doCall(BasePlugin.groovy)
	at com.android.build.gradle.internal.profile.SpanRecorders$2.call(SpanRecorders.groovy:52)
	at com.android.builder.profile.ThreadRecorder$1.record(ThreadRecorder.java:48)
	at com.android.build.gradle.internal.profile.SpanRecorders.record(SpanRecorders.groovy:54)
	at com.android.build.gradle.BasePlugin.createAndroidTasks(BasePlugin.groovy:482)
	at com.android.build.gradle.BasePlugin$_createTasks_closure13_closure17.doCall(BasePlugin.groovy:415)
	at com.android.build.gradle.BasePlugin$_createTasks_closure13_closure17.doCall(BasePlugin.groovy)
	at com.android.build.gradle.internal.profile.SpanRecorders$2.call(SpanRecorders.groovy:52)
	at com.android.builder.profile.ThreadRecorder$1.record(ThreadRecorder.java:48)
	at com.android.build.gradle.internal.profile.SpanRecorders.record(SpanRecorders.groovy:54)
	at com.android.build.gradle.BasePlugin$_createTasks_closure13.doCall(BasePlugin.groovy:414)
	at org.gradle.listener.ClosureBackedMethodInvocationDispatch.dispatch(ClosureBackedMethodInvocationDispatch.java:40)
	at org.gradle.listener.ClosureBackedMethodInvocationDispatch.dispatch(ClosureBackedMethodInvocationDispatch.java:25)
	at org.gradle.internal.event.AbstractBroadcastDispatch.dispatch(AbstractBroadcastDispatch.java:44)
	at org.gradle.internal.event.BroadcastDispatch.dispatch(BroadcastDispatch.java:79)
	at org.gradle.internal.event.BroadcastDispatch.dispatch(BroadcastDispatch.java:30)
	at org.gradle.messaging.dispatch.ProxyDispatchAdapter$DispatchingInvocationHandler.invoke(ProxyDispatchAdapter.java:93)
	at com.sun.proxy.$Proxy11.afterEvaluate(Unknown Source)
	at org.gradle.configuration.project.LifecycleProjectEvaluator.notifyAfterEvaluate(LifecycleProjectEvaluator.java:67)
	... 57 more
Caused by: org.gradle.internal.resolve.ModuleVersionNotFoundException: Could not find com.vincentbrison.openlibraries.android:foldablelayout:0.0.1-SNAPSHOT.
Searched in the following locations:
    https://jcenter.bintray.com/com/vincentbrison/openlibraries/android/foldablelayout/0.0.1-SNAPSHOT/maven-metadata.xml
    https://jcenter.bintray.com/com/vincentbrison/openlibraries/android/foldablelayout/0.0.1-SNAPSHOT/foldablelayout-0.0.1-SNAPSHOT.pom
    https://jcenter.bintray.com/com/vincentbrison/openlibraries/android/foldablelayout/0.0.1-SNAPSHOT/foldablelayout-0.0.1-SNAPSHOT.aar
    https://oss.sonatype.org/content/groups/public/com/vincentbrison/openlibraries/android/foldablelayout/0.0.1-SNAPSHOT/maven-metadata.xml
    https://oss.sonatype.org/content/groups/public/com/vincentbrison/openlibraries/android/foldablelayout/0.0.1-SNAPSHOT/foldablelayout-0.0.1-SNAPSHOT.pom
    https://oss.sonatype.org/content/groups/public/com/vincentbrison/openlibraries/android/foldablelayout/0.0.1-SNAPSHOT/foldablelayout-0.0.1-SNAPSHOT.aar
    https://oss.sonatype.org/content/repositories/snapshots/com/vincentbrison/openlibraries/android/foldablelayout/0.0.1-SNAPSHOT/maven-metadata.xml
    https://oss.sonatype.org/content/repositories/snapshots/com/vincentbrison/openlibraries/android/foldablelayout/0.0.1-SNAPSHOT/foldablelayout-0.0.1-SNAPSHOT.pom
    https://oss.sonatype.org/content/repositories/snapshots/com/vincentbrison/openlibraries/android/foldablelayout/0.0.1-SNAPSHOT/foldablelayout-0.0.1-SNAPSHOT.aar
    https://repo1.maven.org/maven2/com/vincentbrison/openlibraries/android/foldablelayout/0.0.1-SNAPSHOT/maven-metadata.xml
    https://repo1.maven.org/maven2/com/vincentbrison/openlibraries/android/foldablelayout/0.0.1-SNAPSHOT/foldablelayout-0.0.1-SNAPSHOT.pom
    https://repo1.maven.org/maven2/com/vincentbrison/openlibraries/android/foldablelayout/0.0.1-SNAPSHOT/foldablelayout-0.0.1-SNAPSHOT.aar
    file:/root/Applications/android-sdk/extras/android/m2repository/com/vincentbrison/openlibraries/android/foldablelayout/0.0.1-SNAPSHOT/maven-metadata.xml
    file:/root/Applications/android-sdk/extras/android/m2repository/com/vincentbrison/openlibraries/android/foldablelayout/0.0.1-SNAPSHOT/foldablelayout-0.0.1-SNAPSHOT.pom
    file:/root/Applications/android-sdk/extras/android/m2repository/com/vincentbrison/openlibraries/android/foldablelayout/0.0.1-SNAPSHOT/foldablelayout-0.0.1-SNAPSHOT.aar
    file:/root/Applications/android-sdk/extras/google/m2repository/com/vincentbrison/openlibraries/android/foldablelayout/0.0.1-SNAPSHOT/maven-metadata.xml
    file:/root/Applications/android-sdk/extras/google/m2repository/com/vincentbrison/openlibraries/android/foldablelayout/0.0.1-SNAPSHOT/foldablelayout-0.0.1-SNAPSHOT.pom
    file:/root/Applications/android-sdk/extras/google/m2repository/com/vincentbrison/openlibraries/android/foldablelayout/0.0.1-SNAPSHOT/foldablelayout-0.0.1-SNAPSHOT.aar
Required by:
    com.vincentbrison.openlibraries.android:app:0.0.1-SNAPSHOT
	at org.gradle.internal.resolve.result.DefaultBuildableComponentResolveResult.notFound(DefaultBuildableComponentResolveResult.java:38)
	at org.gradle.api.internal.artifacts.ivyservice.ivyresolve.RepositoryChainComponentMetaDataResolver.resolveModule(RepositoryChainComponentMetaDataResolver.java:88)
	at org.gradle.api.internal.artifacts.ivyservice.ivyresolve.RepositoryChainComponentMetaDataResolver.resolve(RepositoryChainComponentMetaDataResolver.java:59)
	at org.gradle.api.internal.artifacts.ivyservice.resolveengine.ComponentResolversChain$ComponentMetaDataResolverChain.resolve(ComponentResolversChain.java:80)
	at org.gradle.api.internal.artifacts.ivyservice.clientmodule.ClientModuleResolver.resolve(ClientModuleResolver.java:44)
	at org.gradle.api.internal.artifacts.ivyservice.resolveengine.graph.DependencyGraphBuilder$ModuleVersionResolveState.resolve(DependencyGraphBuilder.java:560)
	at org.gradle.api.internal.artifacts.ivyservice.resolveengine.graph.DependencyGraphBuilder$ModuleVersionResolveState.getMetaData(DependencyGraphBuilder.java:570)
	at org.gradle.api.internal.artifacts.ivyservice.resolveengine.graph.DependencyGraphBuilder$DependencyEdge.calculateTargetConfigurations(DependencyGraphBuilder.java:256)
	at org.gradle.api.internal.artifacts.ivyservice.resolveengine.graph.DependencyGraphBuilder$DependencyEdge.attachToTargetConfigurations(DependencyGraphBuilder.java:230)
	at org.gradle.api.internal.artifacts.ivyservice.resolveengine.graph.DependencyGraphBuilder.traverseGraph(DependencyGraphBuilder.java:137)
	at org.gradle.api.internal.artifacts.ivyservice.resolveengine.graph.DependencyGraphBuilder.resolve(DependencyGraphBuilder.java:75)
	at org.gradle.api.internal.artifacts.ivyservice.resolveengine.DefaultArtifactDependencyResolver$1.execute(DefaultArtifactDependencyResolver.java:90)
	at org.gradle.api.internal.artifacts.ivyservice.resolveengine.DefaultArtifactDependencyResolver$1.execute(DefaultArtifactDependencyResolver.java:80)
	at org.gradle.internal.Transformers$4.transform(Transformers.java:137)
	at org.gradle.api.internal.artifacts.ivyservice.DefaultIvyContextManager.withIvy(DefaultIvyContextManager.java:61)
	at org.gradle.api.internal.artifacts.ivyservice.DefaultIvyContextManager.withIvy(DefaultIvyContextManager.java:39)
	at org.gradle.api.internal.artifacts.ivyservice.resolveengine.DefaultArtifactDependencyResolver.resolve(DefaultArtifactDependencyResolver.java:80)
	at org.gradle.api.internal.artifacts.ivyservice.CacheLockingArtifactDependencyResolver$1.run(CacheLockingArtifactDependencyResolver.java:41)
	at org.gradle.internal.Factories$1.create(Factories.java:22)
	at org.gradle.cache.internal.DefaultCacheAccess.useCache(DefaultCacheAccess.java:192)
	at org.gradle.cache.internal.DefaultCacheAccess.useCache(DefaultCacheAccess.java:175)
	at org.gradle.cache.internal.DefaultPersistentDirectoryStore.useCache(DefaultPersistentDirectoryStore.java:106)
	at org.gradle.cache.internal.DefaultCacheFactory$ReferenceTrackingCache.useCache(DefaultCacheFactory.java:187)
	at org.gradle.api.internal.artifacts.ivyservice.DefaultCacheLockingManager.useCache(DefaultCacheLockingManager.java:64)
	at org.gradle.api.internal.artifacts.ivyservice.CacheLockingArtifactDependencyResolver.resolve(CacheLockingArtifactDependencyResolver.java:39)
	at org.gradle.api.internal.artifacts.ivyservice.DefaultConfigurationResolver.resolve(DefaultConfigurationResolver.java:91)
	at org.gradle.api.internal.artifacts.ivyservice.SelfResolvingDependencyConfigurationResolver.resolve(SelfResolvingDependencyConfigurationResolver.java:40)
	at org.gradle.api.internal.artifacts.ivyservice.ShortCircuitEmptyConfigurationResolver.resolve(ShortCircuitEmptyConfigurationResolver.java:52)
	at org.gradle.api.internal.artifacts.ivyservice.ErrorHandlingConfigurationResolver.resolve(ErrorHandlingConfigurationResolver.java:43)
	at org.gradle.api.internal.artifacts.configurations.DefaultConfiguration.resolveGraphIfRequired(DefaultConfiguration.java:359)
	at org.gradle.api.internal.artifacts.configurations.DefaultConfiguration.resolveNow(DefaultConfiguration.java:334)
	at org.gradle.api.internal.artifacts.configurations.DefaultConfiguration.getResolvedConfiguration(DefaultConfiguration.java:327)
	at org.gradle.api.internal.artifacts.configurations.DefaultConfiguration_Decorated.getResolvedConfiguration(Unknown Source)
	... 90 more


BUILD FAILED

Total time: 10.827 secs

2018-05-11 09:10:48,768 ERROR FullProcessService - Project build has not produced APK file
2018-05-11 09:10:48,803 ERROR FullProcessService - Could not find generated or existed APK file
