2019-01-26 22:26:53,836 INFO  DownloadService - Downloading "https://github.com/tasomaniac/EmailAutoCompleteTextView/archive/master.zip", attempt 3
2019-01-26 22:26:56,185 INFO  DownloadService - Downloaded https://github.com/tasomaniac/EmailAutoCompleteTextView/archive/master.zip, attempt 3
2019-01-26 22:26:56,185 INFO  DownloadService - Size of file "/var/folders/bq/vtzpc5ns5sg2cthy61lqpg3dfzgbys/T/1548516413831-0/master.zip": 538 KB
2019-01-26 22:26:56,185 INFO  ArchiveUtils - Checking entries [.gradle] in ZIP file...
2019-01-26 22:26:56,188 INFO  ArchiveUtils - Has entries [.gradle] in ZIP file /var/folders/bq/vtzpc5ns5sg2cthy61lqpg3dfzgbys/T/1548516413831-0/master.zip: true
2019-01-26 22:26:56,188 DEBUG ZipUtil - Extracting '/var/folders/bq/vtzpc5ns5sg2cthy61lqpg3dfzgbys/T/1548516413831-0/master.zip' into '/var/folders/bq/vtzpc5ns5sg2cthy61lqpg3dfzgbys/T/1548516413831-0/src'.
2019-01-26 22:26:56,215 INFO  FullProcessService - Size of directory with sources: 572 KB
2019-01-26 22:26:56,215 INFO  SysUtils - Execute command: [git, init, /var/folders/bq/vtzpc5ns5sg2cthy61lqpg3dfzgbys/T/1548516413831-0/src]
2019-01-26 22:26:56,250 INFO  SysUtils - Initialized empty Git repository in /private/var/folders/bq/vtzpc5ns5sg2cthy61lqpg3dfzgbys/T/1548516413831-0/src/.git/

2019-01-26 22:26:56,255 INFO  ProjectBuildService - Gradle wrapper(s): /var/folders/bq/vtzpc5ns5sg2cthy61lqpg3dfzgbys/T/1548516413831-0/src/EmailAutoCompleteTextView-master/gradlew
2019-01-26 22:26:56,259 INFO  ProjectBuildService - Build script(s): /var/folders/bq/vtzpc5ns5sg2cthy61lqpg3dfzgbys/T/1548516413831-0/src/EmailAutoCompleteTextView-master/library/build.gradle /var/folders/bq/vtzpc5ns5sg2cthy61lqpg3dfzgbys/T/1548516413831-0/src/EmailAutoCompleteTextView-master/sample/build.gradle /var/folders/bq/vtzpc5ns5sg2cthy61lqpg3dfzgbys/T/1548516413831-0/src/EmailAutoCompleteTextView-master/build.gradle
2019-01-26 22:26:56,264 INFO  ProjectBuildService - All script(s): /var/folders/bq/vtzpc5ns5sg2cthy61lqpg3dfzgbys/T/1548516413831-0/src/EmailAutoCompleteTextView-master/library/build.gradle /var/folders/bq/vtzpc5ns5sg2cthy61lqpg3dfzgbys/T/1548516413831-0/src/EmailAutoCompleteTextView-master/gradle/gradle-mvn-push.gradle /var/folders/bq/vtzpc5ns5sg2cthy61lqpg3dfzgbys/T/1548516413831-0/src/EmailAutoCompleteTextView-master/build.gradle /var/folders/bq/vtzpc5ns5sg2cthy61lqpg3dfzgbys/T/1548516413831-0/src/EmailAutoCompleteTextView-master/sample/build.gradle /var/folders/bq/vtzpc5ns5sg2cthy61lqpg3dfzgbys/T/1548516413831-0/src/EmailAutoCompleteTextView-master/settings.gradle
2019-01-26 22:26:56,264 INFO  ProjectBuildService - Remote scripts: none
2019-01-26 22:26:56,264 INFO  ProjectFixService - Fixing project...
2019-01-26 22:26:56,279 INFO  LocalPropertiesFixService - Created fake /var/folders/bq/vtzpc5ns5sg2cthy61lqpg3dfzgbys/T/1548516413831-0/src/EmailAutoCompleteTextView-master/library/local.properties
2019-01-26 22:26:56,282 INFO  ProjectFixService - Build info for "/var/folders/bq/vtzpc5ns5sg2cthy61lqpg3dfzgbys/T/1548516413831-0/src/EmailAutoCompleteTextView-master/library/build.gradle": [buildToolsVersion=23.0.2,compileSdkVersion=23,minSdkVersion=8,targetSdkVersion=<null>]
2019-01-26 22:26:56,282 INFO  ProjectFixService - Fixed build info for "/var/folders/bq/vtzpc5ns5sg2cthy61lqpg3dfzgbys/T/1548516413831-0/src/EmailAutoCompleteTextView-master/library/build.gradle": [buildToolsVersion=23.0.2,compileSdkVersion=23,minSdkVersion=8,targetSdkVersion=28]
2019-01-26 22:26:56,283 INFO  LocalPropertiesFixService - Created fake /var/folders/bq/vtzpc5ns5sg2cthy61lqpg3dfzgbys/T/1548516413831-0/src/EmailAutoCompleteTextView-master/sample/local.properties
2019-01-26 22:26:56,286 INFO  ProjectFixService - Build info for "/var/folders/bq/vtzpc5ns5sg2cthy61lqpg3dfzgbys/T/1548516413831-0/src/EmailAutoCompleteTextView-master/sample/build.gradle": [buildToolsVersion=23.0.2,compileSdkVersion=23,minSdkVersion=14,targetSdkVersion=<null>]
2019-01-26 22:26:56,287 INFO  ProjectFixService - Fixed build info for "/var/folders/bq/vtzpc5ns5sg2cthy61lqpg3dfzgbys/T/1548516413831-0/src/EmailAutoCompleteTextView-master/sample/build.gradle": [buildToolsVersion=23.0.2,compileSdkVersion=23,minSdkVersion=14,targetSdkVersion=28]
2019-01-26 22:26:56,288 INFO  LocalPropertiesFixService - Created fake /var/folders/bq/vtzpc5ns5sg2cthy61lqpg3dfzgbys/T/1548516413831-0/src/EmailAutoCompleteTextView-master/local.properties
2019-01-26 22:26:56,288 INFO  WrapperPropertiesFixService - Gradle wrapper: https://services.gradle.org/distributions/gradle-2.9-all.zip
2019-01-26 22:26:56,289 INFO  WrapperPropertiesFixService - Gradle wrapper was changed from "-all.zip" to "-bin.zip" (https://services.gradle.org/distributions/gradle-2.9-bin.zip)
2019-01-26 22:26:56,291 INFO  ProjectFixService - Build info for "/var/folders/bq/vtzpc5ns5sg2cthy61lqpg3dfzgbys/T/1548516413831-0/src/EmailAutoCompleteTextView-master/build.gradle": [buildToolsVersion=23.0.2,compileSdkVersion=23,minSdkVersion=8,targetSdkVersion=<null>]
2019-01-26 22:26:56,291 INFO  ProjectFixService - Fixed build info for "/var/folders/bq/vtzpc5ns5sg2cthy61lqpg3dfzgbys/T/1548516413831-0/src/EmailAutoCompleteTextView-master/build.gradle": [buildToolsVersion=23.0.2,compileSdkVersion=23,minSdkVersion=8,targetSdkVersion=28]
2019-01-26 22:26:56,292 INFO  ProjectFixService - Project was maybe fixed
2019-01-26 22:26:56,292 INFO  ProjectTaskService - Detecting possible tasks...
2019-01-26 22:26:56,292 INFO  SysUtils - Execute command: [/var/folders/bq/vtzpc5ns5sg2cthy61lqpg3dfzgbys/T/1548516413831-0/src/EmailAutoCompleteTextView-master/gradlew, -b, /var/folders/bq/vtzpc5ns5sg2cthy61lqpg3dfzgbys/T/1548516413831-0/src/EmailAutoCompleteTextView-master/library/build.gradle, -Dorg.gradle.daemon=false, -Dorg.gradle.daemon.performance.enable-monitoring=false, -Dorg.gradle.configureondemand=true, tasks]
2019-01-26 22:27:16,287 ERROR ProjectTaskService - Could not detect possible Gradle tasks: Process exited with an error: 1 (Exit value: 1)
2019-01-26 22:27:16,287 INFO  ProjectTaskService - Detected possible tasks: 0
2019-01-26 22:27:16,287 INFO  ProjectTaskService - Excluded tasks (0): none
2019-01-26 22:27:16,287 INFO  SysUtils - Execute command: [/var/folders/bq/vtzpc5ns5sg2cthy61lqpg3dfzgbys/T/1548516413831-0/src/EmailAutoCompleteTextView-master/gradlew, -b, /var/folders/bq/vtzpc5ns5sg2cthy61lqpg3dfzgbys/T/1548516413831-0/src/EmailAutoCompleteTextView-master/library/build.gradle, -Dorg.gradle.daemon=false, -Dorg.gradle.daemon.performance.enable-monitoring=false, -Dorg.gradle.configureondemand=true, --stacktrace, build]
2019-01-26 22:27:48,546 ERROR SysUtils - Could not process external command
org.apache.commons.exec.ExecuteException: Process exited with an error: 1 (Exit value: 1)
	at org.apache.commons.exec.DefaultExecutor.executeInternal(DefaultExecutor.java:404)
	at org.apache.commons.exec.DefaultExecutor.execute(DefaultExecutor.java:166)
	at com.github.vbauer.apkmaster.util.SysUtils.execute(SysUtils.java:67)
	at com.github.vbauer.apkmaster.util.SysUtils.executeSimple(SysUtils.java:43)
	at com.github.vbauer.apkmaster.service.assembly.ProjectBuildService.buildProject(ProjectBuildService.java:78)
	at com.github.vbauer.apkmaster.service.assembly.ProjectBuildService.buildProject(ProjectBuildService.java:64)
	at com.github.vbauer.apkmaster.service.assembly.ProjectBuildService.buildProject(ProjectBuildService.java:43)
	at com.github.vbauer.apkmaster.service.FullProcessService.build(FullProcessService.java:84)
	at com.github.vbauer.apkmaster.service.FullProcessService.process(FullProcessService.java:34)
	at com.github.vbauer.apkmaster.app.MainApplication.process(MainApplication.java:38)
	at com.github.vbauer.apkmaster.app.MainApplication.main(MainApplication.java:20)
	at sun.reflect.NativeMethodAccessorImpl.invoke0(Native Method)
	at sun.reflect.NativeMethodAccessorImpl.invoke(NativeMethodAccessorImpl.java:62)
	at sun.reflect.DelegatingMethodAccessorImpl.invoke(DelegatingMethodAccessorImpl.java:43)
	at java.lang.reflect.Method.invoke(Method.java:498)
	at com.android.arsenal.util.ReflectionUtils.invoke(ReflectionUtils.java:52)
	at com.android.arsenal.util.ApkMasterUtils.main(ApkMasterUtils.java:30)
	at com.android.arsenal.service.processor.impl.BuildProcessorServiceImpl.buildProject(BuildProcessorServiceImpl.java:196)
	at com.android.arsenal.service.processor.impl.BuildProcessorServiceImpl.build(BuildProcessorServiceImpl.java:130)
	at com.android.arsenal.service.processor.impl.BuildProcessorServiceImpl.lambda$createTasks$1(BuildProcessorServiceImpl.java:113)
	at java.util.concurrent.FutureTask.run(FutureTask.java:266)
	at java.util.concurrent.Executors$RunnableAdapter.call(Executors.java:511)
	at java.util.concurrent.FutureTask.run(FutureTask.java:266)
	at java.util.concurrent.ThreadPoolExecutor.runWorker(ThreadPoolExecutor.java:1149)
	at java.util.concurrent.ThreadPoolExecutor$Worker.run(ThreadPoolExecutor.java:624)
	at java.lang.Thread.run(Thread.java:748)
2019-01-26 22:27:48,547 INFO  SysUtils - Configuration on demand is an incubating feature.
:library:androidJavadocs/private/var/folders/bq/vtzpc5ns5sg2cthy61lqpg3dfzgbys/T/1548516413831-0/src/EmailAutoCompleteTextView-master/library/src/main/java/com/tasomaniac/widget/PermissionCallbacks.java:3: error: package android.support.annotation does not exist
import android.support.annotation.NonNull;
                                 ^
/private/var/folders/bq/vtzpc5ns5sg2cthy61lqpg3dfzgbys/T/1548516413831-0/src/EmailAutoCompleteTextView-master/library/src/main/java/com/tasomaniac/widget/EmailAutoCompleteLayout.java:9: error: package android.support.annotation does not exist
import android.support.annotation.NonNull;
                                 ^
/private/var/folders/bq/vtzpc5ns5sg2cthy61lqpg3dfzgbys/T/1548516413831-0/src/EmailAutoCompleteTextView-master/library/src/main/java/com/tasomaniac/widget/EmailAutoCompleteLayout.java:10: error: package android.support.annotation does not exist
import android.support.annotation.Nullable;
                                 ^
/private/var/folders/bq/vtzpc5ns5sg2cthy61lqpg3dfzgbys/T/1548516413831-0/src/EmailAutoCompleteTextView-master/library/src/main/java/com/tasomaniac/widget/EmailAutoCompleteLayout.java:11: error: package android.support.annotation does not exist
import android.support.annotation.StringRes;
                                 ^
/private/var/folders/bq/vtzpc5ns5sg2cthy61lqpg3dfzgbys/T/1548516413831-0/src/EmailAutoCompleteTextView-master/library/src/main/java/com/tasomaniac/widget/EmailAutoCompleteLayout.java:12: error: package android.support.v4.content does not exist
import android.support.v4.content.ContextCompat;
                                 ^
/private/var/folders/bq/vtzpc5ns5sg2cthy61lqpg3dfzgbys/T/1548516413831-0/src/EmailAutoCompleteTextView-master/library/src/main/java/com/tasomaniac/widget/EmailAutoCompleteLayout.java:13: error: package android.support.v4.view does not exist
import android.support.v4.view.ViewCompat;
                              ^
/private/var/folders/bq/vtzpc5ns5sg2cthy61lqpg3dfzgbys/T/1548516413831-0/src/EmailAutoCompleteTextView-master/library/src/main/java/com/tasomaniac/widget/EmailAutoCompleteLayout.java:25: error: package com.tasomaniac.widget.emailautocompletetextview does not exist
import com.tasomaniac.widget.emailautocompletetextview.R;
                                                      ^
/private/var/folders/bq/vtzpc5ns5sg2cthy61lqpg3dfzgbys/T/1548516413831-0/src/EmailAutoCompleteTextView-master/library/src/main/java/com/tasomaniac/widget/EmailAutoCompleteLayout.java:31: error: cannot find symbol
public class EmailAutoCompleteLayout extends BaseEmailAutoCompleteLayout
                                             ^
  symbol: class BaseEmailAutoCompleteLayout
/private/var/folders/bq/vtzpc5ns5sg2cthy61lqpg3dfzgbys/T/1548516413831-0/src/EmailAutoCompleteTextView-master/library/src/main/java/com/tasomaniac/widget/BackgroundPermissionManager.java:7: error: package android.support.annotation does not exist
import android.support.annotation.NonNull;
                                 ^
/private/var/folders/bq/vtzpc5ns5sg2cthy61lqpg3dfzgbys/T/1548516413831-0/src/EmailAutoCompleteTextView-master/library/src/main/java/com/tasomaniac/widget/BackgroundPermissionManager.java:8: error: package android.support.v4.content does not exist
import android.support.v4.content.LocalBroadcastManager;
                                 ^
/private/var/folders/bq/vtzpc5ns5sg2cthy61lqpg3dfzgbys/T/1548516413831-0/src/EmailAutoCompleteTextView-master/library/src/main/java/com/tasomaniac/widget/PermissionCaptureActivity.java:9: error: package android.support.annotation does not exist
import android.support.annotation.NonNull;
                                 ^
/private/var/folders/bq/vtzpc5ns5sg2cthy61lqpg3dfzgbys/T/1548516413831-0/src/EmailAutoCompleteTextView-master/library/src/main/java/com/tasomaniac/widget/PermissionCaptureActivity.java:10: error: package android.support.v4.app does not exist
import android.support.v4.app.ActivityCompat;
                             ^
/private/var/folders/bq/vtzpc5ns5sg2cthy61lqpg3dfzgbys/T/1548516413831-0/src/EmailAutoCompleteTextView-master/library/src/main/java/com/tasomaniac/widget/PermissionCaptureActivity.java:11: error: package android.support.v4.content does not exist
import android.support.v4.content.LocalBroadcastManager;
                                 ^
/private/var/folders/bq/vtzpc5ns5sg2cthy61lqpg3dfzgbys/T/1548516413831-0/src/EmailAutoCompleteTextView-master/library/src/main/java/com/tasomaniac/widget/PermissionCallbacks.java:10: error: cannot find symbol
    void onRequestPermissionsResult(int requestCode, @NonNull String[] permissions,
                                                      ^
  symbol:   class NonNull
  location: interface PermissionCallbacks
/private/var/folders/bq/vtzpc5ns5sg2cthy61lqpg3dfzgbys/T/1548516413831-0/src/EmailAutoCompleteTextView-master/library/src/main/java/com/tasomaniac/widget/PermissionCallbacks.java:11: error: cannot find symbol
                                           @NonNull int[] grantResults);
                                            ^
  symbol:   class NonNull
  location: interface PermissionCallbacks
/private/var/folders/bq/vtzpc5ns5sg2cthy61lqpg3dfzgbys/T/1548516413831-0/src/EmailAutoCompleteTextView-master/library/src/main/java/com/tasomaniac/widget/PermissionCallbacks.java:13: error: cannot find symbol
    void onShowRequestPermissionRationale(@NonNull String permission, boolean showRationale);
                                           ^
  symbol:   class NonNull
  location: interface PermissionCallbacks
/private/var/folders/bq/vtzpc5ns5sg2cthy61lqpg3dfzgbys/T/1548516413831-0/src/EmailAutoCompleteTextView-master/library/src/main/java/com/tasomaniac/widget/EmailAutoCompleteLayout.java:82: error: cannot find symbol
    public void setPermissionText(@StringRes int permissionText) {
                                   ^
  symbol:   class StringRes
  location: class EmailAutoCompleteLayout
/private/var/folders/bq/vtzpc5ns5sg2cthy61lqpg3dfzgbys/T/1548516413831-0/src/EmailAutoCompleteTextView-master/library/src/main/java/com/tasomaniac/widget/EmailAutoCompleteLayout.java:181: error: cannot find symbol
    public void onRequestPermissionsResult(int requestCode, @NonNull String[] permissions, @NonNull int[] grantResults) {
                                                             ^
  symbol:   class NonNull
  location: class EmailAutoCompleteLayout
/private/var/folders/bq/vtzpc5ns5sg2cthy61lqpg3dfzgbys/T/1548516413831-0/src/EmailAutoCompleteTextView-master/library/src/main/java/com/tasomaniac/widget/EmailAutoCompleteLayout.java:181: error: cannot find symbol
    public void onRequestPermissionsResult(int requestCode, @NonNull String[] permissions, @NonNull int[] grantResults) {
                                                                                            ^
  symbol:   class NonNull
  location: class EmailAutoCompleteLayout
/private/var/folders/bq/vtzpc5ns5sg2cthy61lqpg3dfzgbys/T/1548516413831-0/src/EmailAutoCompleteTextView-master/library/src/main/java/com/tasomaniac/widget/EmailAutoCompleteLayout.java:194: error: cannot find symbol
    public void onShowRequestPermissionRationale(@NonNull String permission, boolean showRationale) {
                                                  ^
  symbol:   class NonNull
  location: class EmailAutoCompleteLayout
/private/var/folders/bq/vtzpc5ns5sg2cthy61lqpg3dfzgbys/T/1548516413831-0/src/EmailAutoCompleteTextView-master/library/src/main/java/com/tasomaniac/widget/EmailAutoCompleteLayout.java:202: error: cannot find symbol
    @Nullable
     ^
  symbol:   class Nullable
  location: class EmailAutoCompleteLayout
/private/var/folders/bq/vtzpc5ns5sg2cthy61lqpg3dfzgbys/T/1548516413831-0/src/EmailAutoCompleteTextView-master/library/src/main/java/com/tasomaniac/widget/BackgroundPermissionManager.java:59: error: cannot find symbol
    public static void requestPermission(final @NonNull Context context,
                                                ^
  symbol:   class NonNull
  location: class BackgroundPermissionManager
/private/var/folders/bq/vtzpc5ns5sg2cthy61lqpg3dfzgbys/T/1548516413831-0/src/EmailAutoCompleteTextView-master/library/src/main/java/com/tasomaniac/widget/BackgroundPermissionManager.java:60: error: cannot find symbol
                                         final @NonNull String permission, final int requestCode) {
                                                ^
  symbol:   class NonNull
  location: class BackgroundPermissionManager
/private/var/folders/bq/vtzpc5ns5sg2cthy61lqpg3dfzgbys/T/1548516413831-0/src/EmailAutoCompleteTextView-master/library/src/main/java/com/tasomaniac/widget/BackgroundPermissionManager.java:64: error: cannot find symbol
    public static void requestPermission(final @NonNull Context context,
                                                ^
  symbol:   class NonNull
  location: class BackgroundPermissionManager
/private/var/folders/bq/vtzpc5ns5sg2cthy61lqpg3dfzgbys/T/1548516413831-0/src/EmailAutoCompleteTextView-master/library/src/main/java/com/tasomaniac/widget/BackgroundPermissionManager.java:65: error: cannot find symbol
                                         final @NonNull String permission, final int requestCode, boolean force) {
                                                ^
  symbol:   class NonNull
  location: class BackgroundPermissionManager
/private/var/folders/bq/vtzpc5ns5sg2cthy61lqpg3dfzgbys/T/1548516413831-0/src/EmailAutoCompleteTextView-master/library/src/main/java/com/tasomaniac/widget/PermissionCaptureActivity.java:47: error: cannot find symbol
                                           @NonNull String[] permissions,
                                            ^
  symbol:   class NonNull
  location: class PermissionCaptureActivity
/private/var/folders/bq/vtzpc5ns5sg2cthy61lqpg3dfzgbys/T/1548516413831-0/src/EmailAutoCompleteTextView-master/library/src/main/java/com/tasomaniac/widget/PermissionCaptureActivity.java:48: error: cannot find symbol
                                           @NonNull int[] grantResults) {
                                            ^
  symbol:   class NonNull
  location: class PermissionCaptureActivity
javadoc: warning - Class NonNull not found.
javadoc: warning - Class NonNull not found.
javadoc: warning - Class NonNull not found.
javadoc: warning - Class NonNull not found.
javadoc: warning - Class Nullable not found.
javadoc: warning - Class Nullable not found.
javadoc: warning - Class StringRes not found.
javadoc: warning - Class NonNull not found.
javadoc: warning - Class NonNull not found.
javadoc: warning - Class NonNull not found.
javadoc: warning - Class Nullable not found.
javadoc: warning - Class Nullable not found.
javadoc: warning - Class NonNull not found.
javadoc: warning - Class NonNull not found.
javadoc: warning - Class NonNull not found.
javadoc: warning - Class NonNull not found.
javadoc: warning - Class NonNull not found.
javadoc: warning - Class Nullable not found.
javadoc: warning - Class Nullable not found.

46 warnings
:library:androidJavadocsJar
:library:androidSourcesJar
:library:preBuild UP-TO-DATE
:library:preDesignDebugBuild UP-TO-DATE
:library:compileDesignDebugNdk UP-TO-DATE
:library:compileLint
:library:copyDesignDebugLint UP-TO-DATE
:library:checkDesignDebugManifest
:library:preDesignDebugAndroidTestBuild UP-TO-DATE
:library:preDesignDebugUnitTestBuild UP-TO-DATE
:library:preDesignReleaseBuild UP-TO-DATE
:library:preDesignReleaseUnitTestBuild UP-TO-DATE
:library:prepareComAndroidSupportAppcompatV72311Library
:library:prepareComAndroidSupportDesign2311Library
:library:prepareComAndroidSupportRecyclerviewV72311Library
:library:prePlatformDebugAndroidTestBuild UP-TO-DATE
:library:prePlatformDebugBuild UP-TO-DATE
:library:prePlatformDebugUnitTestBuild UP-TO-DATE
:library:prePlatformReleaseBuild UP-TO-DATE
:library:prePlatformReleaseUnitTestBuild UP-TO-DATE
:library:prepareComAndroidSupportSupportV42311Library
:library:prepareDesignDebugDependencies
:library:compileDesignDebugAidl
:library:compileDesignDebugRenderscript
:library:generateDesignDebugBuildConfig
:library:generateDesignDebugAssets UP-TO-DATE
:library:mergeDesignDebugAssets
:library:generateDesignDebugResValues
:library:generateDesignDebugResources
:library:mergeDesignDebugResources
:library:processDesignDebugManifest
:library:processDesignDebugResources
:library:generateDesignDebugSources
:library:compileDesignDebugJavaWithJavac
:library:extractDesignDebugAnnotations
:library:mergeDesignDebugProguardFiles
:library:packageDesignDebugRenderscript UP-TO-DATE
:library:packageDesignDebugResources
:library:processDesignDebugJavaRes UP-TO-DATE
:library:transformResourcesWithMergeJavaResForDesignDebug
:library:transformClassesAndResourcesWithSyncLibJarsForDesignDebug
:library:mergeDesignDebugJniLibFolders
:library:transformNative_libsWithMergeJniLibsForDesignDebug
:library:transformNative_libsWithSyncJniLibsForDesignDebug
:library:bundleDesignDebug
:library:compileDesignDebugSources
:library:assembleDesignDebug
:library:compilePlatformDebugNdk UP-TO-DATE
:library:copyPlatformDebugLint UP-TO-DATE
:library:checkPlatformDebugManifest
:library:preparePlatformDebugDependencies
:library:compilePlatformDebugAidl
:library:compilePlatformDebugRenderscript
:library:generatePlatformDebugBuildConfig
:library:generatePlatformDebugAssets UP-TO-DATE
:library:mergePlatformDebugAssets
:library:generatePlatformDebugResValues
:library:generatePlatformDebugResources
:library:mergePlatformDebugResources
:library:processPlatformDebugManifest
:library:processPlatformDebugResources
:library:generatePlatformDebugSources
:library:compilePlatformDebugJavaWithJavac
:library:extractPlatformDebugAnnotations
:library:mergePlatformDebugProguardFiles
:library:packagePlatformDebugRenderscript UP-TO-DATE
:library:packagePlatformDebugResources
:library:processPlatformDebugJavaRes UP-TO-DATE
:library:transformResourcesWithMergeJavaResForPlatformDebug
:library:transformClassesAndResourcesWithSyncLibJarsForPlatformDebug
:library:mergePlatformDebugJniLibFolders
:library:transformNative_libsWithMergeJniLibsForPlatformDebug
:library:transformNative_libsWithSyncJniLibsForPlatformDebug
:library:bundlePlatformDebug
:library:compilePlatformDebugSources
:library:assemblePlatformDebug
:library:assembleDebug
:library:compileDesignReleaseNdk UP-TO-DATE
:library:copyDesignReleaseLint UP-TO-DATE
:library:checkDesignReleaseManifest
:library:prepareDesignReleaseDependencies
:library:compileDesignReleaseAidl
:library:compileDesignReleaseRenderscript
:library:generateDesignReleaseBuildConfig
:library:generateDesignReleaseAssets UP-TO-DATE
:library:mergeDesignReleaseAssets
:library:generateDesignReleaseResValues
:library:generateDesignReleaseResources
:library:mergeDesignReleaseResources
:library:processDesignReleaseManifest
:library:processDesignReleaseResources
:library:generateDesignReleaseSources
:library:compileDesignReleaseJavaWithJavac
:library:extractDesignReleaseAnnotations
:library:mergeDesignReleaseProguardFiles
:library:packageDesignReleaseRenderscript UP-TO-DATE
:library:packageDesignReleaseResources
:library:processDesignReleaseJavaRes UP-TO-DATE
:library:transformResourcesWithMergeJavaResForDesignRelease
:library:transformClassesAndResourcesWithSyncLibJarsForDesignRelease
:library:mergeDesignReleaseJniLibFolders
:library:transformNative_libsWithMergeJniLibsForDesignRelease
:library:transformNative_libsWithSyncJniLibsForDesignRelease
:library:bundleDesignRelease
:library:compileDesignReleaseSources
:library:assembleDesignRelease
:library:compilePlatformReleaseNdk UP-TO-DATE
:library:copyPlatformReleaseLint UP-TO-DATE
:library:checkPlatformReleaseManifest
:library:preparePlatformReleaseDependencies
:library:compilePlatformReleaseAidl
:library:compilePlatformReleaseRenderscript
:library:generatePlatformReleaseBuildConfig
:library:generatePlatformReleaseAssets UP-TO-DATE
:library:mergePlatformReleaseAssets
:library:generatePlatformReleaseResValues
:library:generatePlatformReleaseResources
:library:mergePlatformReleaseResources
:library:processPlatformReleaseManifest
:library:processPlatformReleaseResources
:library:generatePlatformReleaseSources
:library:compilePlatformReleaseJavaWithJavac
:library:extractPlatformReleaseAnnotations
:library:mergePlatformReleaseProguardFiles
:library:packagePlatformReleaseRenderscript UP-TO-DATE
:library:packagePlatformReleaseResources
:library:processPlatformReleaseJavaRes UP-TO-DATE
:library:transformResourcesWithMergeJavaResForPlatformRelease
:library:transformClassesAndResourcesWithSyncLibJarsForPlatformRelease
:library:mergePlatformReleaseJniLibFolders
:library:transformNative_libsWithMergeJniLibsForPlatformRelease
:library:transformNative_libsWithSyncJniLibsForPlatformRelease
:library:bundlePlatformRelease
:library:compilePlatformReleaseSources
:library:assemblePlatformRelease
:library:assembleRelease
:library:signArchives SKIPPED
:library:assemble
:library:lint FAILED

FAILURE: Build failed with an exception.

* What went wrong:
Execution failed for task ':library:lint'.
> No toolchains found in the NDK toolchains folder for ABI with prefix: mipsel-linux-android

* Try:
Run with --info or --debug option to get more log output.

* Exception is:
org.gradle.api.tasks.TaskExecutionException: Execution failed for task ':library:lint'.
	at org.gradle.api.internal.tasks.execution.ExecuteActionsTaskExecuter.executeActions(ExecuteActionsTaskExecuter.java:69)
	at org.gradle.api.internal.tasks.execution.ExecuteActionsTaskExecuter.execute(ExecuteActionsTaskExecuter.java:46)
	at org.gradle.api.internal.tasks.execution.PostExecutionAnalysisTaskExecuter.execute(PostExecutionAnalysisTaskExecuter.java:35)
	at org.gradle.api.internal.tasks.execution.SkipUpToDateTaskExecuter.execute(SkipUpToDateTaskExecuter.java:64)
	at org.gradle.api.internal.tasks.execution.ValidatingTaskExecuter.execute(ValidatingTaskExecuter.java:58)
	at org.gradle.api.internal.tasks.execution.SkipEmptySourceFilesTaskExecuter.execute(SkipEmptySourceFilesTaskExecuter.java:52)
	at org.gradle.api.internal.tasks.execution.SkipTaskWithNoActionsExecuter.execute(SkipTaskWithNoActionsExecuter.java:52)
	at org.gradle.api.internal.tasks.execution.SkipOnlyIfTaskExecuter.execute(SkipOnlyIfTaskExecuter.java:53)
	at org.gradle.api.internal.tasks.execution.ExecuteAtMostOnceTaskExecuter.execute(ExecuteAtMostOnceTaskExecuter.java:43)
	at org.gradle.execution.taskgraph.DefaultTaskGraphExecuter$EventFiringTaskWorker.execute(DefaultTaskGraphExecuter.java:203)
	at org.gradle.execution.taskgraph.DefaultTaskGraphExecuter$EventFiringTaskWorker.execute(DefaultTaskGraphExecuter.java:185)
	at org.gradle.execution.taskgraph.AbstractTaskPlanExecutor$TaskExecutorWorker.processTask(AbstractTaskPlanExecutor.java:66)
	at org.gradle.execution.taskgraph.AbstractTaskPlanExecutor$TaskExecutorWorker.run(AbstractTaskPlanExecutor.java:50)
	at org.gradle.execution.taskgraph.DefaultTaskPlanExecutor.process(DefaultTaskPlanExecutor.java:25)
	at org.gradle.execution.taskgraph.DefaultTaskGraphExecuter.execute(DefaultTaskGraphExecuter.java:110)
	at org.gradle.execution.SelectedTaskExecutionAction.execute(SelectedTaskExecutionAction.java:37)
	at org.gradle.execution.DefaultBuildExecuter.execute(DefaultBuildExecuter.java:37)
	at org.gradle.execution.DefaultBuildExecuter.access$000(DefaultBuildExecuter.java:23)
	at org.gradle.execution.DefaultBuildExecuter$1.proceed(DefaultBuildExecuter.java:43)
	at org.gradle.execution.DryRunBuildExecutionAction.execute(DryRunBuildExecutionAction.java:32)
	at org.gradle.execution.DefaultBuildExecuter.execute(DefaultBuildExecuter.java:37)
	at org.gradle.execution.DefaultBuildExecuter.execute(DefaultBuildExecuter.java:30)
	at org.gradle.initialization.DefaultGradleLauncher$4.run(DefaultGradleLauncher.java:154)
	at org.gradle.internal.Factories$1.create(Factories.java:22)
	at org.gradle.internal.progress.DefaultBuildOperationExecutor.run(DefaultBuildOperationExecutor.java:90)
	at org.gradle.internal.progress.DefaultBuildOperationExecutor.run(DefaultBuildOperationExecutor.java:52)
	at org.gradle.initialization.DefaultGradleLauncher.doBuildStages(DefaultGradleLauncher.java:151)
	at org.gradle.initialization.DefaultGradleLauncher.access$200(DefaultGradleLauncher.java:32)
	at org.gradle.initialization.DefaultGradleLauncher$1.create(DefaultGradleLauncher.java:99)
	at org.gradle.initialization.DefaultGradleLauncher$1.create(DefaultGradleLauncher.java:93)
	at org.gradle.internal.progress.DefaultBuildOperationExecutor.run(DefaultBuildOperationExecutor.java:90)
	at org.gradle.internal.progress.DefaultBuildOperationExecutor.run(DefaultBuildOperationExecutor.java:62)
	at org.gradle.initialization.DefaultGradleLauncher.doBuild(DefaultGradleLauncher.java:93)
	at org.gradle.initialization.DefaultGradleLauncher.run(DefaultGradleLauncher.java:82)
	at org.gradle.launcher.exec.InProcessBuildActionExecuter$DefaultBuildController.run(InProcessBuildActionExecuter.java:94)
	at org.gradle.tooling.internal.provider.ExecuteBuildActionRunner.run(ExecuteBuildActionRunner.java:28)
	at org.gradle.launcher.exec.ChainingBuildActionRunner.run(ChainingBuildActionRunner.java:35)
	at org.gradle.launcher.exec.InProcessBuildActionExecuter.execute(InProcessBuildActionExecuter.java:43)
	at org.gradle.launcher.exec.InProcessBuildActionExecuter.execute(InProcessBuildActionExecuter.java:28)
	at org.gradle.launcher.exec.ContinuousBuildActionExecuter.execute(ContinuousBuildActionExecuter.java:77)
	at org.gradle.launcher.exec.ContinuousBuildActionExecuter.execute(ContinuousBuildActionExecuter.java:47)
	at org.gradle.launcher.exec.DaemonUsageSuggestingBuildActionExecuter.execute(DaemonUsageSuggestingBuildActionExecuter.java:51)
	at org.gradle.launcher.exec.DaemonUsageSuggestingBuildActionExecuter.execute(DaemonUsageSuggestingBuildActionExecuter.java:28)
	at org.gradle.launcher.cli.RunBuildAction.run(RunBuildAction.java:43)
	at org.gradle.internal.Actions$RunnableActionAdapter.execute(Actions.java:170)
	at org.gradle.launcher.cli.CommandLineActionFactory$ParseAndBuildAction.execute(CommandLineActionFactory.java:237)
	at org.gradle.launcher.cli.CommandLineActionFactory$ParseAndBuildAction.execute(CommandLineActionFactory.java:210)
	at org.gradle.launcher.cli.JavaRuntimeValidationAction.execute(JavaRuntimeValidationAction.java:35)
	at org.gradle.launcher.cli.JavaRuntimeValidationAction.execute(JavaRuntimeValidationAction.java:24)
	at org.gradle.launcher.cli.CommandLineActionFactory$WithLogging.execute(CommandLineActionFactory.java:206)
	at org.gradle.launcher.cli.CommandLineActionFactory$WithLogging.execute(CommandLineActionFactory.java:169)
	at org.gradle.launcher.cli.ExceptionReportingAction.execute(ExceptionReportingAction.java:33)
	at org.gradle.launcher.cli.ExceptionReportingAction.execute(ExceptionReportingAction.java:22)
	at org.gradle.launcher.Main.doAction(Main.java:33)
	at org.gradle.launcher.bootstrap.EntryPoint.run(EntryPoint.java:45)
	at org.gradle.launcher.bootstrap.ProcessBootstrap.runNoExit(ProcessBootstrap.java:54)
	at org.gradle.launcher.bootstrap.ProcessBootstrap.run(ProcessBootstrap.java:35)
	at org.gradle.launcher.GradleMain.main(GradleMain.java:23)
	at org.gradle.wrapper.BootstrapMainStarter.start(BootstrapMainStarter.java:33)
	at org.gradle.wrapper.WrapperExecutor.execute(WrapperExecutor.java:130)
	at org.gradle.wrapper.GradleWrapperMain.main(GradleWrapperMain.java:48)
Caused by: java.lang.RuntimeException: No toolchains found in the NDK toolchains folder for ABI with prefix: mipsel-linux-android
	at com.android.build.gradle.internal.NdkHandler.getDefaultToolchainVersion(NdkHandler.java:340)
	at com.android.build.gradle.internal.NdkHandler.getToolchainPath(NdkHandler.java:232)
	at com.android.build.gradle.internal.NdkHandler.getCCompiler(NdkHandler.java:418)
	at com.android.build.gradle.internal.model.ModelBuilder.createNativeToolchainModelMap(ModelBuilder.java:221)
	at com.android.build.gradle.internal.model.ModelBuilder.buildAll(ModelBuilder.java:162)
	at org.gradle.tooling.provider.model.ToolingModelBuilder$buildAll.call(Unknown Source)
	at com.android.build.gradle.tasks.Lint.createAndroidProject(Lint.groovy:229)
	at com.android.build.gradle.tasks.Lint.this$6$createAndroidProject(Lint.groovy)
	at com.android.build.gradle.tasks.Lint.lint(Lint.groovy:71)
	at org.gradle.internal.reflect.JavaMethod.invoke(JavaMethod.java:75)
	at org.gradle.api.internal.project.taskfactory.AnnotationProcessingTaskFactory$StandardTaskAction.doExecute(AnnotationProcessingTaskFactory.java:227)
	at org.gradle.api.internal.project.taskfactory.AnnotationProcessingTaskFactory$StandardTaskAction.execute(AnnotationProcessingTaskFactory.java:220)
	at org.gradle.api.internal.project.taskfactory.AnnotationProcessingTaskFactory$StandardTaskAction.execute(AnnotationProcessingTaskFactory.java:209)
	at org.gradle.api.internal.AbstractTask$TaskActionWrapper.execute(AbstractTask.java:585)
	at org.gradle.api.internal.AbstractTask$TaskActionWrapper.execute(AbstractTask.java:568)
	at org.gradle.api.internal.tasks.execution.ExecuteActionsTaskExecuter.executeAction(ExecuteActionsTaskExecuter.java:80)
	at org.gradle.api.internal.tasks.execution.ExecuteActionsTaskExecuter.executeActions(ExecuteActionsTaskExecuter.java:61)
	... 60 more


BUILD FAILED

Total time: 31.254 secs

2019-01-26 22:27:48,636 INFO  ProjectTaskService - Detecting possible tasks...
2019-01-26 22:27:48,637 INFO  SysUtils - Execute command: [/var/folders/bq/vtzpc5ns5sg2cthy61lqpg3dfzgbys/T/1548516413831-0/src/EmailAutoCompleteTextView-master/gradlew, -b, /var/folders/bq/vtzpc5ns5sg2cthy61lqpg3dfzgbys/T/1548516413831-0/src/EmailAutoCompleteTextView-master/sample/build.gradle, -Dorg.gradle.daemon=false, -Dorg.gradle.daemon.performance.enable-monitoring=false, -Dorg.gradle.configureondemand=true, tasks]
2019-01-26 22:28:03,242 INFO  ProjectTaskService - Detected possible tasks: 67
2019-01-26 22:28:03,242 INFO  ProjectTaskService - Excluded tasks (19): lintDebug mockableAndroidJar deviceCheck lint testReleaseUnitTest uninstallRelease deviceAndroidTest uninstallDebugAndroidTest installDebugAndroidTest connectedCheck connectedDebugAndroidTest uninstallAll test check testDebugUnitTest connectedAndroidTest installDebug lintRelease uninstallDebug
2019-01-26 22:28:03,242 INFO  SysUtils - Execute command: [/var/folders/bq/vtzpc5ns5sg2cthy61lqpg3dfzgbys/T/1548516413831-0/src/EmailAutoCompleteTextView-master/gradlew, -b, /var/folders/bq/vtzpc5ns5sg2cthy61lqpg3dfzgbys/T/1548516413831-0/src/EmailAutoCompleteTextView-master/sample/build.gradle, -Dorg.gradle.daemon=false, -Dorg.gradle.daemon.performance.enable-monitoring=false, -Dorg.gradle.configureondemand=true, --stacktrace, -x, lintDebug, -x, mockableAndroidJar, -x, deviceCheck, -x, lint, -x, testReleaseUnitTest, -x, uninstallRelease, -x, deviceAndroidTest, -x, uninstallDebugAndroidTest, -x, installDebugAndroidTest, -x, connectedCheck, -x, connectedDebugAndroidTest, -x, uninstallAll, -x, test, -x, check, -x, testDebugUnitTest, -x, connectedAndroidTest, -x, installDebug, -x, lintRelease, -x, uninstallDebug, build]
2019-01-26 22:28:37,853 ERROR SysUtils - Could not process external command
org.apache.commons.exec.ExecuteException: Process exited with an error: 1 (Exit value: 1)
	at org.apache.commons.exec.DefaultExecutor.executeInternal(DefaultExecutor.java:404)
	at org.apache.commons.exec.DefaultExecutor.execute(DefaultExecutor.java:166)
	at com.github.vbauer.apkmaster.util.SysUtils.execute(SysUtils.java:67)
	at com.github.vbauer.apkmaster.util.SysUtils.executeSimple(SysUtils.java:43)
	at com.github.vbauer.apkmaster.service.assembly.ProjectBuildService.buildProject(ProjectBuildService.java:78)
	at com.github.vbauer.apkmaster.service.assembly.ProjectBuildService.buildProject(ProjectBuildService.java:64)
	at com.github.vbauer.apkmaster.service.assembly.ProjectBuildService.buildProject(ProjectBuildService.java:43)
	at com.github.vbauer.apkmaster.service.FullProcessService.build(FullProcessService.java:84)
	at com.github.vbauer.apkmaster.service.FullProcessService.process(FullProcessService.java:34)
	at com.github.vbauer.apkmaster.app.MainApplication.process(MainApplication.java:38)
	at com.github.vbauer.apkmaster.app.MainApplication.main(MainApplication.java:20)
	at sun.reflect.NativeMethodAccessorImpl.invoke0(Native Method)
	at sun.reflect.NativeMethodAccessorImpl.invoke(NativeMethodAccessorImpl.java:62)
	at sun.reflect.DelegatingMethodAccessorImpl.invoke(DelegatingMethodAccessorImpl.java:43)
	at java.lang.reflect.Method.invoke(Method.java:498)
	at com.android.arsenal.util.ReflectionUtils.invoke(ReflectionUtils.java:52)
	at com.android.arsenal.util.ApkMasterUtils.main(ApkMasterUtils.java:30)
	at com.android.arsenal.service.processor.impl.BuildProcessorServiceImpl.buildProject(BuildProcessorServiceImpl.java:196)
	at com.android.arsenal.service.processor.impl.BuildProcessorServiceImpl.build(BuildProcessorServiceImpl.java:130)
	at com.android.arsenal.service.processor.impl.BuildProcessorServiceImpl.lambda$createTasks$1(BuildProcessorServiceImpl.java:113)
	at java.util.concurrent.FutureTask.run(FutureTask.java:266)
	at java.util.concurrent.Executors$RunnableAdapter.call(Executors.java:511)
	at java.util.concurrent.FutureTask.run(FutureTask.java:266)
	at java.util.concurrent.ThreadPoolExecutor.runWorker(ThreadPoolExecutor.java:1149)
	at java.util.concurrent.ThreadPoolExecutor$Worker.run(ThreadPoolExecutor.java:624)
	at java.lang.Thread.run(Thread.java:748)
2019-01-26 22:28:37,855 INFO  SysUtils - Configuration on demand is an incubating feature.
:library:preBuild UP-TO-DATE
:library:preDesignReleaseBuild UP-TO-DATE
:library:compileDesignReleaseNdk UP-TO-DATE
:library:compileLint
:library:copyDesignReleaseLint UP-TO-DATE
:library:checkDesignReleaseManifest
:library:preDesignDebugAndroidTestBuild UP-TO-DATE
:library:preDesignDebugBuild UP-TO-DATE
:library:preDesignDebugUnitTestBuild UP-TO-DATE
:library:preDesignReleaseUnitTestBuild UP-TO-DATE
:library:prepareComAndroidSupportAppcompatV72311Library UP-TO-DATE
:library:prepareComAndroidSupportDesign2311Library UP-TO-DATE
:library:prepareComAndroidSupportRecyclerviewV72311Library UP-TO-DATE
:library:prePlatformDebugAndroidTestBuild UP-TO-DATE
:library:prePlatformDebugBuild UP-TO-DATE
:library:prePlatformDebugUnitTestBuild UP-TO-DATE
:library:prePlatformReleaseBuild UP-TO-DATE
:library:prePlatformReleaseUnitTestBuild UP-TO-DATE
:library:prepareComAndroidSupportSupportV42311Library UP-TO-DATE
:library:prepareDesignReleaseDependencies
:library:compileDesignReleaseAidl UP-TO-DATE
:library:compileDesignReleaseRenderscript UP-TO-DATE
:library:generateDesignReleaseBuildConfig UP-TO-DATE
:library:generateDesignReleaseAssets UP-TO-DATE
:library:mergeDesignReleaseAssets UP-TO-DATE
:library:generateDesignReleaseResValues UP-TO-DATE
:library:generateDesignReleaseResources UP-TO-DATE
:library:mergeDesignReleaseResources UP-TO-DATE
:library:processDesignReleaseManifest UP-TO-DATE
:library:processDesignReleaseResources UP-TO-DATE
:library:generateDesignReleaseSources UP-TO-DATE
:library:compileDesignReleaseJavaWithJavac UP-TO-DATE
:library:extractDesignReleaseAnnotations UP-TO-DATE
:library:mergeDesignReleaseProguardFiles UP-TO-DATE
:library:packageDesignReleaseRenderscript UP-TO-DATE
:library:packageDesignReleaseResources UP-TO-DATE
:library:processDesignReleaseJavaRes UP-TO-DATE
:library:transformResourcesWithMergeJavaResForDesignRelease UP-TO-DATE
:library:transformClassesAndResourcesWithSyncLibJarsForDesignRelease UP-TO-DATE
:library:mergeDesignReleaseJniLibFolders UP-TO-DATE
:library:transformNative_libsWithMergeJniLibsForDesignRelease UP-TO-DATE
:library:transformNative_libsWithSyncJniLibsForDesignRelease UP-TO-DATE
:library:bundleDesignRelease UP-TO-DATE
:sample:preBuild UP-TO-DATE
:sample:preDebugBuild UP-TO-DATE
:sample:checkDebugManifest
:sample:preReleaseBuild UP-TO-DATE
:sample:prepareComAndroidSupportAppcompatV72311Library
:sample:prepareComAndroidSupportDesign2311Library
:sample:prepareComAndroidSupportRecyclerviewV72311Library
:sample:prepareComAndroidSupportSupportV42311Library
:sample:prepareEmailAutoCompleteTextViewMasterLibraryUnspecifiedDesignReleaseLibrary
:sample:prepareDebugDependencies
:sample:compileDebugAidl
:sample:compileDebugRenderscript
:sample:generateDebugBuildConfig
:sample:generateDebugAssets UP-TO-DATE
:sample:mergeDebugAssets
:sample:generateDebugResValues
:sample:generateDebugResources
:sample:mergeDebugResources
:sample:processDebugManifest
:sample:processDebugResources
:sample:generateDebugSources
:sample:compileDebugJavaWithJavac
:sample:compileDebugNdk UP-TO-DATE
:sample:compileDebugSources
:sample:transformClassesWithDexForDebug
:sample:mergeDebugJniLibFolders
:sample:transformNative_libsWithMergeJniLibsForDebug
:sample:processDebugJavaRes UP-TO-DATE
:sample:transformResourcesWithMergeJavaResForDebug
:sample:validateDebugSigning
:sample:packageDebug
:sample:zipalignDebug
:sample:assembleDebug
:sample:checkReleaseManifest
:sample:prepareReleaseDependencies
:sample:compileReleaseAidl
:sample:compileReleaseRenderscript
:sample:generateReleaseBuildConfig
:sample:generateReleaseAssets UP-TO-DATE
:sample:mergeReleaseAssets
:sample:generateReleaseResValues
:sample:generateReleaseResources
:sample:mergeReleaseResources
:sample:processReleaseManifest
:sample:processReleaseResources
:sample:generateReleaseSources
:sample:compileReleaseJavaWithJavac
:sample:compileReleaseNdk UP-TO-DATE
:sample:compileReleaseSources
:sample:lintVitalRelease FAILED

FAILURE: Build failed with an exception.

* What went wrong:
Execution failed for task ':sample:lintVitalRelease'.
> No toolchains found in the NDK toolchains folder for ABI with prefix: mipsel-linux-android

* Try:
Run with --info or --debug option to get more log output.

* Exception is:
org.gradle.api.tasks.TaskExecutionException: Execution failed for task ':sample:lintVitalRelease'.
	at org.gradle.api.internal.tasks.execution.ExecuteActionsTaskExecuter.executeActions(ExecuteActionsTaskExecuter.java:69)
	at org.gradle.api.internal.tasks.execution.ExecuteActionsTaskExecuter.execute(ExecuteActionsTaskExecuter.java:46)
	at org.gradle.api.internal.tasks.execution.PostExecutionAnalysisTaskExecuter.execute(PostExecutionAnalysisTaskExecuter.java:35)
	at org.gradle.api.internal.tasks.execution.SkipUpToDateTaskExecuter.execute(SkipUpToDateTaskExecuter.java:64)
	at org.gradle.api.internal.tasks.execution.ValidatingTaskExecuter.execute(ValidatingTaskExecuter.java:58)
	at org.gradle.api.internal.tasks.execution.SkipEmptySourceFilesTaskExecuter.execute(SkipEmptySourceFilesTaskExecuter.java:52)
	at org.gradle.api.internal.tasks.execution.SkipTaskWithNoActionsExecuter.execute(SkipTaskWithNoActionsExecuter.java:52)
	at org.gradle.api.internal.tasks.execution.SkipOnlyIfTaskExecuter.execute(SkipOnlyIfTaskExecuter.java:53)
	at org.gradle.api.internal.tasks.execution.ExecuteAtMostOnceTaskExecuter.execute(ExecuteAtMostOnceTaskExecuter.java:43)
	at org.gradle.execution.taskgraph.DefaultTaskGraphExecuter$EventFiringTaskWorker.execute(DefaultTaskGraphExecuter.java:203)
	at org.gradle.execution.taskgraph.DefaultTaskGraphExecuter$EventFiringTaskWorker.execute(DefaultTaskGraphExecuter.java:185)
	at org.gradle.execution.taskgraph.AbstractTaskPlanExecutor$TaskExecutorWorker.processTask(AbstractTaskPlanExecutor.java:66)
	at org.gradle.execution.taskgraph.AbstractTaskPlanExecutor$TaskExecutorWorker.run(AbstractTaskPlanExecutor.java:50)
	at org.gradle.execution.taskgraph.DefaultTaskPlanExecutor.process(DefaultTaskPlanExecutor.java:25)
	at org.gradle.execution.taskgraph.DefaultTaskGraphExecuter.execute(DefaultTaskGraphExecuter.java:110)
	at org.gradle.execution.SelectedTaskExecutionAction.execute(SelectedTaskExecutionAction.java:37)
	at org.gradle.execution.DefaultBuildExecuter.execute(DefaultBuildExecuter.java:37)
	at org.gradle.execution.DefaultBuildExecuter.access$000(DefaultBuildExecuter.java:23)
	at org.gradle.execution.DefaultBuildExecuter$1.proceed(DefaultBuildExecuter.java:43)
	at org.gradle.execution.DryRunBuildExecutionAction.execute(DryRunBuildExecutionAction.java:32)
	at org.gradle.execution.DefaultBuildExecuter.execute(DefaultBuildExecuter.java:37)
	at org.gradle.execution.DefaultBuildExecuter.execute(DefaultBuildExecuter.java:30)
	at org.gradle.initialization.DefaultGradleLauncher$4.run(DefaultGradleLauncher.java:154)
	at org.gradle.internal.Factories$1.create(Factories.java:22)
	at org.gradle.internal.progress.DefaultBuildOperationExecutor.run(DefaultBuildOperationExecutor.java:90)
	at org.gradle.internal.progress.DefaultBuildOperationExecutor.run(DefaultBuildOperationExecutor.java:52)
	at org.gradle.initialization.DefaultGradleLauncher.doBuildStages(DefaultGradleLauncher.java:151)
	at org.gradle.initialization.DefaultGradleLauncher.access$200(DefaultGradleLauncher.java:32)
	at org.gradle.initialization.DefaultGradleLauncher$1.create(DefaultGradleLauncher.java:99)
	at org.gradle.initialization.DefaultGradleLauncher$1.create(DefaultGradleLauncher.java:93)
	at org.gradle.internal.progress.DefaultBuildOperationExecutor.run(DefaultBuildOperationExecutor.java:90)
	at org.gradle.internal.progress.DefaultBuildOperationExecutor.run(DefaultBuildOperationExecutor.java:62)
	at org.gradle.initialization.DefaultGradleLauncher.doBuild(DefaultGradleLauncher.java:93)
	at org.gradle.initialization.DefaultGradleLauncher.run(DefaultGradleLauncher.java:82)
	at org.gradle.launcher.exec.InProcessBuildActionExecuter$DefaultBuildController.run(InProcessBuildActionExecuter.java:94)
	at org.gradle.tooling.internal.provider.ExecuteBuildActionRunner.run(ExecuteBuildActionRunner.java:28)
	at org.gradle.launcher.exec.ChainingBuildActionRunner.run(ChainingBuildActionRunner.java:35)
	at org.gradle.launcher.exec.InProcessBuildActionExecuter.execute(InProcessBuildActionExecuter.java:43)
	at org.gradle.launcher.exec.InProcessBuildActionExecuter.execute(InProcessBuildActionExecuter.java:28)
	at org.gradle.launcher.exec.ContinuousBuildActionExecuter.execute(ContinuousBuildActionExecuter.java:77)
	at org.gradle.launcher.exec.ContinuousBuildActionExecuter.execute(ContinuousBuildActionExecuter.java:47)
	at org.gradle.launcher.exec.DaemonUsageSuggestingBuildActionExecuter.execute(DaemonUsageSuggestingBuildActionExecuter.java:51)
	at org.gradle.launcher.exec.DaemonUsageSuggestingBuildActionExecuter.execute(DaemonUsageSuggestingBuildActionExecuter.java:28)
	at org.gradle.launcher.cli.RunBuildAction.run(RunBuildAction.java:43)
	at org.gradle.internal.Actions$RunnableActionAdapter.execute(Actions.java:170)
	at org.gradle.launcher.cli.CommandLineActionFactory$ParseAndBuildAction.execute(CommandLineActionFactory.java:237)
	at org.gradle.launcher.cli.CommandLineActionFactory$ParseAndBuildAction.execute(CommandLineActionFactory.java:210)
	at org.gradle.launcher.cli.JavaRuntimeValidationAction.execute(JavaRuntimeValidationAction.java:35)
	at org.gradle.launcher.cli.JavaRuntimeValidationAction.execute(JavaRuntimeValidationAction.java:24)
	at org.gradle.launcher.cli.CommandLineActionFactory$WithLogging.execute(CommandLineActionFactory.java:206)
	at org.gradle.launcher.cli.CommandLineActionFactory$WithLogging.execute(CommandLineActionFactory.java:169)
	at org.gradle.launcher.cli.ExceptionReportingAction.execute(ExceptionReportingAction.java:33)
	at org.gradle.launcher.cli.ExceptionReportingAction.execute(ExceptionReportingAction.java:22)
	at org.gradle.launcher.Main.doAction(Main.java:33)
	at org.gradle.launcher.bootstrap.EntryPoint.run(EntryPoint.java:45)
	at org.gradle.launcher.bootstrap.ProcessBootstrap.runNoExit(ProcessBootstrap.java:54)
	at org.gradle.launcher.bootstrap.ProcessBootstrap.run(ProcessBootstrap.java:35)
	at org.gradle.launcher.GradleMain.main(GradleMain.java:23)
	at org.gradle.wrapper.BootstrapMainStarter.start(BootstrapMainStarter.java:33)
	at org.gradle.wrapper.WrapperExecutor.execute(WrapperExecutor.java:130)
	at org.gradle.wrapper.GradleWrapperMain.main(GradleWrapperMain.java:48)
Caused by: java.lang.RuntimeException: No toolchains found in the NDK toolchains folder for ABI with prefix: mipsel-linux-android
	at com.android.build.gradle.internal.NdkHandler.getDefaultToolchainVersion(NdkHandler.java:340)
	at com.android.build.gradle.internal.NdkHandler.getToolchainPath(NdkHandler.java:232)
	at com.android.build.gradle.internal.NdkHandler.getCCompiler(NdkHandler.java:418)
	at com.android.build.gradle.internal.model.ModelBuilder.createNativeToolchainModelMap(ModelBuilder.java:221)
	at com.android.build.gradle.internal.model.ModelBuilder.buildAll(ModelBuilder.java:162)
	at org.gradle.tooling.provider.model.ToolingModelBuilder$buildAll.call(Unknown Source)
	at com.android.build.gradle.tasks.Lint.createAndroidProject(Lint.groovy:229)
	at com.android.build.gradle.tasks.Lint.this$6$createAndroidProject(Lint.groovy)
	at com.android.build.gradle.tasks.Lint.lint(Lint.groovy:71)
	at org.gradle.internal.reflect.JavaMethod.invoke(JavaMethod.java:75)
	at org.gradle.api.internal.project.taskfactory.AnnotationProcessingTaskFactory$StandardTaskAction.doExecute(AnnotationProcessingTaskFactory.java:227)
	at org.gradle.api.internal.project.taskfactory.AnnotationProcessingTaskFactory$StandardTaskAction.execute(AnnotationProcessingTaskFactory.java:220)
	at org.gradle.api.internal.project.taskfactory.AnnotationProcessingTaskFactory$StandardTaskAction.execute(AnnotationProcessingTaskFactory.java:209)
	at org.gradle.api.internal.AbstractTask$TaskActionWrapper.execute(AbstractTask.java:585)
	at org.gradle.api.internal.AbstractTask$TaskActionWrapper.execute(AbstractTask.java:568)
	at org.gradle.api.internal.tasks.execution.ExecuteActionsTaskExecuter.executeAction(ExecuteActionsTaskExecuter.java:80)
	at org.gradle.api.internal.tasks.execution.ExecuteActionsTaskExecuter.executeActions(ExecuteActionsTaskExecuter.java:61)
	... 60 more


BUILD FAILED

Total time: 33.946 secs

2019-01-26 22:28:38,016 INFO  FullProcessService - Found APK file: /var/folders/bq/vtzpc5ns5sg2cthy61lqpg3dfzgbys/T/1548516413831-0/src/EmailAutoCompleteTextView-master/sample/build/outputs/apk/sample-debug-unaligned.apk
