2018-05-11 09:07:35,136 INFO  DownloadService - Downloading "https://github.com/alexvasilkov/GestureViews/archive/master.zip", attempt 3
2018-05-11 09:07:38,383 INFO  DownloadService - Downloaded https://github.com/alexvasilkov/GestureViews/archive/master.zip, attempt 3
2018-05-11 09:07:38,383 INFO  DownloadService - Size of file "/tmp/rdisk/2705/master.zip": 8 MB
2018-05-11 09:07:38,383 INFO  ArchiveUtils - Checking entries [.gradle] in ZIP file...
2018-05-11 09:07:38,384 INFO  ArchiveUtils - Has entries [.gradle] in ZIP file /tmp/rdisk/2705/master.zip: true
2018-05-11 09:07:38,384 DEBUG ZipUtil - Extracting '/tmp/rdisk/2705/master.zip' into '/tmp/rdisk/2705/src'.
2018-05-11 09:07:38,497 INFO  FullProcessService - Size of directory with sources: 9 MB
2018-05-11 09:07:38,497 INFO  SysUtils - Execute command: [git, init, /tmp/rdisk/2705/src]
2018-05-11 09:07:38,505 INFO  SysUtils - Initialized empty Git repository in /tmp/rdisk/2705/src/.git/

2018-05-11 09:07:38,512 INFO  ProjectBuildService - Gradle wrapper(s): /tmp/rdisk/2705/src/GestureViews-master/gradlew
2018-05-11 09:07:38,519 INFO  ProjectBuildService - Build script(s): /tmp/rdisk/2705/src/GestureViews-master/library/build.gradle /tmp/rdisk/2705/src/GestureViews-master/sample/build.gradle /tmp/rdisk/2705/src/GestureViews-master/build.gradle
2018-05-11 09:07:38,526 INFO  ProjectBuildService - All script(s): /tmp/rdisk/2705/src/GestureViews-master/settings.gradle /tmp/rdisk/2705/src/GestureViews-master/sample/release.gradle /tmp/rdisk/2705/src/GestureViews-master/sample/commons.gradle /tmp/rdisk/2705/src/GestureViews-master/sample/build.gradle /tmp/rdisk/2705/src/GestureViews-master/library/gradle-mvn-push.gradle /tmp/rdisk/2705/src/GestureViews-master/library/build.gradle /tmp/rdisk/2705/src/GestureViews-master/build.gradle
2018-05-11 09:07:38,526 INFO  ProjectBuildService - Remote scripts: none
2018-05-11 09:07:38,526 INFO  ProjectFixService - Fixing project...
2018-05-11 09:07:38,546 INFO  LocalPropertiesFixService - Created fake /tmp/rdisk/2705/src/GestureViews-master/library/local.properties
2018-05-11 09:07:38,548 INFO  ProjectFixService - Build info for "/tmp/rdisk/2705/src/GestureViews-master/library/build.gradle": [buildToolsVersion=<null>,compileSdkVersion=27,minSdkVersion=14,targetSdkVersion=27]
2018-05-11 09:07:38,548 INFO  ProjectFixService - Fixed build info for "/tmp/rdisk/2705/src/GestureViews-master/library/build.gradle": [buildToolsVersion=28.0.0-rc1,compileSdkVersion=27,minSdkVersion=14,targetSdkVersion=27]
2018-05-11 09:07:38,549 INFO  LocalPropertiesFixService - Created fake /tmp/rdisk/2705/src/GestureViews-master/sample/local.properties
2018-05-11 09:07:38,551 INFO  ProjectFixService - Build info for "/tmp/rdisk/2705/src/GestureViews-master/sample/build.gradle": [buildToolsVersion=<null>,compileSdkVersion=27,minSdkVersion=16,targetSdkVersion=27]
2018-05-11 09:07:38,551 INFO  ProjectFixService - Fixed build info for "/tmp/rdisk/2705/src/GestureViews-master/sample/build.gradle": [buildToolsVersion=28.0.0-rc1,compileSdkVersion=27,minSdkVersion=16,targetSdkVersion=27]
2018-05-11 09:07:38,552 INFO  LocalPropertiesFixService - Created fake /tmp/rdisk/2705/src/GestureViews-master/local.properties
2018-05-11 09:07:38,552 INFO  WrapperPropertiesFixService - Gradle wrapper: https://services.gradle.org/distributions/gradle-4.4-all.zip
2018-05-11 09:07:38,553 INFO  WrapperPropertiesFixService - Gradle wrapper was changed from "-all.zip" to "-bin.zip" (https://services.gradle.org/distributions/gradle-4.4-bin.zip)
2018-05-11 09:07:38,556 INFO  ProjectFixService - Build info for "/tmp/rdisk/2705/src/GestureViews-master/build.gradle": [buildToolsVersion=<null>,compileSdkVersion=27,minSdkVersion=16,targetSdkVersion=27]
2018-05-11 09:07:38,557 INFO  ProjectFixService - Fixed build info for "/tmp/rdisk/2705/src/GestureViews-master/build.gradle": [buildToolsVersion=28.0.0-rc1,compileSdkVersion=27,minSdkVersion=16,targetSdkVersion=27]
2018-05-11 09:07:38,557 INFO  ProjectFixService - Project was maybe fixed
2018-05-11 09:07:38,557 INFO  ProjectTaskService - Detecting possible tasks...
2018-05-11 09:07:38,557 INFO  SysUtils - Execute command: [/tmp/rdisk/2705/src/GestureViews-master/gradlew, -b, /tmp/rdisk/2705/src/GestureViews-master/library/build.gradle, -Dorg.gradle.daemon=false, -Dorg.gradle.daemon.performance.enable-monitoring=false, -Dorg.gradle.configureondemand=true, tasks]
2018-05-11 09:07:47,388 INFO  ProjectTaskService - Detected possible tasks: 67
2018-05-11 09:07:47,388 INFO  ProjectTaskService - Excluded tasks (16): lintDebug mockableAndroidJar deviceCheck lint testReleaseUnitTest deviceAndroidTest uninstallDebugAndroidTest installDebugAndroidTest connectedCheck connectedDebugAndroidTest uninstallAll test check testDebugUnitTest connectedAndroidTest lintRelease
2018-05-11 09:07:47,389 INFO  SysUtils - Execute command: [/tmp/rdisk/2705/src/GestureViews-master/gradlew, -b, /tmp/rdisk/2705/src/GestureViews-master/library/build.gradle, -Dorg.gradle.daemon=false, -Dorg.gradle.daemon.performance.enable-monitoring=false, -Dorg.gradle.configureondemand=true, --stacktrace, -x, lintDebug, -x, mockableAndroidJar, -x, deviceCheck, -x, lint, -x, testReleaseUnitTest, -x, deviceAndroidTest, -x, uninstallDebugAndroidTest, -x, installDebugAndroidTest, -x, connectedCheck, -x, connectedDebugAndroidTest, -x, uninstallAll, -x, test, -x, check, -x, testDebugUnitTest, -x, connectedAndroidTest, -x, lintRelease, build]
2018-05-11 09:08:07,766 INFO  SysUtils - Configuration on demand is an incubating feature.
:library:preBuild UP-TO-DATE
:library:preDebugBuild UP-TO-DATE
:library:compileDebugAidl
:library:compileDebugRenderscript
:library:checkDebugManifest
:library:generateDebugBuildConfig
:library:generateDebugResValues
:library:generateDebugResources
:library:packageDebugResources
:library:platformAttrExtractor
:library:processDebugManifest
:library:prepareLintJar
:library:javaPreCompileDebug
:library:generateDebugRFile
:library:generateDebugSources
:library:compileDebugJavaWithJavac
:library:extractDebugAnnotations
:library:mergeDebugConsumerProguardFiles
:library:mergeDebugShaders
:library:compileDebugShaders
:library:generateDebugAssets
:library:packageDebugAssets
:library:packageDebugRenderscript NO-SOURCE
:library:processDebugJavaRes NO-SOURCE
:library:transformResourcesWithMergeJavaResForDebug
:library:transformClassesAndResourcesWithSyncLibJarsForDebug
:library:compileDebugNdk NO-SOURCE
:library:mergeDebugJniLibFolders
:library:transformNativeLibsWithMergeJniLibsForDebug
:library:transformNativeLibsWithStripDebugSymbolForDebug
:library:transformNativeLibsWithSyncJniLibsForDebug
:library:bundleDebug
:library:compileDebugSources
:library:assembleDebug
:library:preReleaseBuild UP-TO-DATE
:library:compileReleaseAidl
:library:compileReleaseRenderscript
:library:checkReleaseManifest
:library:generateReleaseBuildConfig
:library:generateReleaseResValues
:library:generateReleaseResources
:library:packageReleaseResources
:library:processReleaseManifest
:library:generateReleaseRFile
:library:generateReleaseSources
:library:javaPreCompileRelease
:library:compileReleaseJavaWithJavac
:library:extractReleaseAnnotations
:library:mergeReleaseConsumerProguardFiles
:library:mergeReleaseShaders
:library:compileReleaseShaders
:library:generateReleaseAssets
:library:packageReleaseAssets
:library:packageReleaseRenderscript NO-SOURCE
:library:processReleaseJavaRes NO-SOURCE
:library:transformResourcesWithMergeJavaResForRelease
:library:transformClassesAndResourcesWithSyncLibJarsForRelease
:library:compileReleaseNdk NO-SOURCE
:library:mergeReleaseJniLibFolders
:library:transformNativeLibsWithMergeJniLibsForRelease
:library:transformNativeLibsWithStripDebugSymbolForRelease
:library:transformNativeLibsWithSyncJniLibsForRelease
:library:bundleRelease
:library:compileReleaseSources
:library:mergeReleaseResources
:library:verifyReleaseResources
:library:assembleRelease
:library:javadocs/tmp/rdisk/2705/src/GestureViews-master/library/src/main/java/com/alexvasilkov/gestures/GestureController.java:17: error: package com.alexvasilkov.gestures.internal does not exist
import com.alexvasilkov.gestures.internal.AnimationEngine;
                                         ^
/tmp/rdisk/2705/src/GestureViews-master/library/src/main/java/com/alexvasilkov/gestures/GestureController.java:18: error: package com.alexvasilkov.gestures.internal does not exist
import com.alexvasilkov.gestures.internal.ExitController;
                                         ^
/tmp/rdisk/2705/src/GestureViews-master/library/src/main/java/com/alexvasilkov/gestures/GestureController.java:19: error: package com.alexvasilkov.gestures.internal does not exist
import com.alexvasilkov.gestures.internal.MovementBounds;
                                         ^
/tmp/rdisk/2705/src/GestureViews-master/library/src/main/java/com/alexvasilkov/gestures/GestureController.java:20: error: package com.alexvasilkov.gestures.internal.detectors does not exist
import com.alexvasilkov.gestures.internal.detectors.RotationGestureDetector;
                                                   ^
/tmp/rdisk/2705/src/GestureViews-master/library/src/main/java/com/alexvasilkov/gestures/GestureController.java:21: error: package com.alexvasilkov.gestures.internal.detectors does not exist
import com.alexvasilkov.gestures.internal.detectors.ScaleGestureDetectorFixed;
                                                   ^
/tmp/rdisk/2705/src/GestureViews-master/library/src/main/java/com/alexvasilkov/gestures/GestureController.java:74: error: cannot find symbol
    private final AnimationEngine animationEngine;
                  ^
  symbol:   class AnimationEngine
  location: class GestureController
/tmp/rdisk/2705/src/GestureViews-master/library/src/main/java/com/alexvasilkov/gestures/GestureController.java:79: error: cannot find symbol
    private final RotationGestureDetector rotateDetector;
                  ^
  symbol:   class RotationGestureDetector
  location: class GestureController
/tmp/rdisk/2705/src/GestureViews-master/library/src/main/java/com/alexvasilkov/gestures/GestureController.java:102: error: cannot find symbol
    private final MovementBounds flingBounds;
                  ^
  symbol:   class MovementBounds
  location: class GestureController
/tmp/rdisk/2705/src/GestureViews-master/library/src/main/java/com/alexvasilkov/gestures/Settings.java:10: error: package com.alexvasilkov.gestures.internal does not exist
import com.alexvasilkov.gestures.internal.UnitsUtils;
                                         ^
/tmp/rdisk/2705/src/GestureViews-master/library/src/main/java/com/alexvasilkov/gestures/StateController.java:9: error: package com.alexvasilkov.gestures.internal does not exist
import com.alexvasilkov.gestures.internal.MovementBounds;
                                         ^
/tmp/rdisk/2705/src/GestureViews-master/library/src/main/java/com/alexvasilkov/gestures/StateController.java:10: error: package com.alexvasilkov.gestures.internal does not exist
import com.alexvasilkov.gestures.internal.ZoomBounds;
                                         ^
/tmp/rdisk/2705/src/GestureViews-master/library/src/main/java/com/alexvasilkov/gestures/GestureController.java:111: error: cannot find symbol
    private final ExitController exitController;
                  ^
  symbol:   class ExitController
  location: class GestureController
/tmp/rdisk/2705/src/GestureViews-master/library/src/main/java/com/alexvasilkov/gestures/GestureController.java:749: error: cannot find symbol
    protected boolean onRotationBegin(RotationGestureDetector detector) {
                                      ^
  symbol:   class RotationGestureDetector
  location: class GestureController
/tmp/rdisk/2705/src/GestureViews-master/library/src/main/java/com/alexvasilkov/gestures/GestureController.java:758: error: cannot find symbol
    protected boolean onRotate(RotationGestureDetector detector) {
                               ^
  symbol:   class RotationGestureDetector
  location: class GestureController
/tmp/rdisk/2705/src/GestureViews-master/library/src/main/java/com/alexvasilkov/gestures/GestureController.java:777: error: cannot find symbol
    protected void onRotationEnd(RotationGestureDetector detector) {
                                 ^
  symbol:   class RotationGestureDetector
  location: class GestureController
/tmp/rdisk/2705/src/GestureViews-master/library/src/main/java/com/alexvasilkov/gestures/StateController.java:31: error: cannot find symbol
    private final ZoomBounds zoomBounds;
                  ^
  symbol:   class ZoomBounds
  location: class StateController
/tmp/rdisk/2705/src/GestureViews-master/library/src/main/java/com/alexvasilkov/gestures/StateController.java:32: error: cannot find symbol
    private final MovementBounds movBounds;
                  ^
  symbol:   class MovementBounds
  location: class StateController
/tmp/rdisk/2705/src/GestureViews-master/library/src/main/java/com/alexvasilkov/gestures/animation/ViewPositionAnimator.java:17: error: package com.alexvasilkov.gestures.internal does not exist
import com.alexvasilkov.gestures.internal.AnimationEngine;
                                         ^
/tmp/rdisk/2705/src/GestureViews-master/library/src/main/java/com/alexvasilkov/gestures/animation/ViewPositionAnimator.java:18: error: package com.alexvasilkov.gestures.internal does not exist
import com.alexvasilkov.gestures.internal.GestureDebug;
                                         ^
/tmp/rdisk/2705/src/GestureViews-master/library/src/main/java/com/alexvasilkov/gestures/animation/ViewPositionAnimator.java:63: error: cannot find symbol
    private final AnimationEngine animationEngine;
                  ^
  symbol:   class AnimationEngine
  location: class ViewPositionAnimator
/tmp/rdisk/2705/src/GestureViews-master/library/src/main/java/com/alexvasilkov/gestures/views/GestureImageView.java:23: error: package com.alexvasilkov.gestures.internal does not exist
import com.alexvasilkov.gestures.internal.DebugOverlay;
                                         ^
/tmp/rdisk/2705/src/GestureViews-master/library/src/main/java/com/alexvasilkov/gestures/views/GestureImageView.java:24: error: package com.alexvasilkov.gestures.internal does not exist
import com.alexvasilkov.gestures.internal.GestureDebug;
                                         ^
/tmp/rdisk/2705/src/GestureViews-master/library/src/main/java/com/alexvasilkov/gestures/GestureControllerForPager.java:13: error: package com.alexvasilkov.gestures.internal.detectors does not exist
import com.alexvasilkov.gestures.internal.detectors.RotationGestureDetector;
                                                   ^
/tmp/rdisk/2705/src/GestureViews-master/library/src/main/java/com/alexvasilkov/gestures/GestureControllerForPager.java:205: error: cannot find symbol
    protected boolean onRotationBegin(@NonNull RotationGestureDetector detector) {
                                               ^
  symbol:   class RotationGestureDetector
  location: class GestureControllerForPager
/tmp/rdisk/2705/src/GestureViews-master/library/src/main/java/com/alexvasilkov/gestures/views/GestureFrameLayout.java:21: error: package com.alexvasilkov.gestures.internal does not exist
import com.alexvasilkov.gestures.internal.DebugOverlay;
                                         ^
/tmp/rdisk/2705/src/GestureViews-master/library/src/main/java/com/alexvasilkov/gestures/views/GestureFrameLayout.java:22: error: package com.alexvasilkov.gestures.internal does not exist
import com.alexvasilkov.gestures.internal.GestureDebug;
                                         ^
/tmp/rdisk/2705/src/GestureViews-master/library/src/main/java/com/alexvasilkov/gestures/transition/ViewsTransitionBuilder.java:9: error: package com.alexvasilkov.gestures.transition.internal does not exist
import com.alexvasilkov.gestures.transition.internal.FromListViewListener;
                                                    ^
/tmp/rdisk/2705/src/GestureViews-master/library/src/main/java/com/alexvasilkov/gestures/transition/ViewsTransitionBuilder.java:10: error: package com.alexvasilkov.gestures.transition.internal does not exist
import com.alexvasilkov.gestures.transition.internal.FromRecyclerViewListener;
                                                    ^
/tmp/rdisk/2705/src/GestureViews-master/library/src/main/java/com/alexvasilkov/gestures/transition/ViewsTransitionBuilder.java:11: error: package com.alexvasilkov.gestures.transition.internal does not exist
import com.alexvasilkov.gestures.transition.internal.IntoViewPagerListener;
                                                    ^
/tmp/rdisk/2705/src/GestureViews-master/library/src/main/java/com/alexvasilkov/gestures/transition/ViewsTransitionAnimator.java:12: error: package com.alexvasilkov.gestures.internal does not exist
import com.alexvasilkov.gestures.internal.GestureDebug;
                                         ^
/tmp/rdisk/2705/src/GestureViews-master/library/src/main/java/com/alexvasilkov/gestures/transition/ViewsCoordinator.java:11: error: package com.alexvasilkov.gestures.internal does not exist
import com.alexvasilkov.gestures.internal.GestureDebug;
                                         ^
/tmp/rdisk/2705/src/GestureViews-master/library/src/main/java/com/alexvasilkov/gestures/transition/GestureTransitions.java:10: error: package com.alexvasilkov.gestures.transition.internal does not exist
import com.alexvasilkov.gestures.transition.internal.FromListViewListener;
                                                    ^
/tmp/rdisk/2705/src/GestureViews-master/library/src/main/java/com/alexvasilkov/gestures/transition/GestureTransitions.java:11: error: package com.alexvasilkov.gestures.transition.internal does not exist
import com.alexvasilkov.gestures.transition.internal.FromRecyclerViewListener;
                                                    ^
/tmp/rdisk/2705/src/GestureViews-master/library/src/main/java/com/alexvasilkov/gestures/transition/GestureTransitions.java:12: error: package com.alexvasilkov.gestures.transition.internal does not exist
import com.alexvasilkov.gestures.transition.internal.IntoViewPagerListener;
                                                    ^
/tmp/rdisk/2705/src/GestureViews-master/library/src/main/java/com/alexvasilkov/gestures/commons/circle/CircleGestureImageView.java:18: error: package com.alexvasilkov.gestures.internal does not exist
import com.alexvasilkov.gestures.internal.DebugOverlay;
                                         ^
/tmp/rdisk/2705/src/GestureViews-master/library/src/main/java/com/alexvasilkov/gestures/commons/circle/CircleGestureImageView.java:19: error: package com.alexvasilkov.gestures.internal does not exist
import com.alexvasilkov.gestures.internal.GestureDebug;
                                         ^
/tmp/rdisk/2705/src/GestureViews-master/library/src/main/java/com/alexvasilkov/gestures/commons/FinderView.java:18: error: package com.alexvasilkov.gestures.internal does not exist
import com.alexvasilkov.gestures.internal.UnitsUtils;
                                         ^
/tmp/rdisk/2705/src/GestureViews-master/library/src/main/java/com/alexvasilkov/gestures/commons/CropAreaView.java:18: error: cannot find symbol
import com.alexvasilkov.gestures.R;
                                ^
  symbol:   class R
  location: package com.alexvasilkov.gestures
/tmp/rdisk/2705/src/GestureViews-master/library/src/main/java/com/alexvasilkov/gestures/commons/CropAreaView.java:20: error: package com.alexvasilkov.gestures.internal does not exist
import com.alexvasilkov.gestures.internal.AnimationEngine;
                                         ^
/tmp/rdisk/2705/src/GestureViews-master/library/src/main/java/com/alexvasilkov/gestures/commons/CropAreaView.java:21: error: package com.alexvasilkov.gestures.internal does not exist
import com.alexvasilkov.gestures.internal.UnitsUtils;
                                         ^
/tmp/rdisk/2705/src/GestureViews-master/library/src/main/java/com/alexvasilkov/gestures/commons/CropAreaView.java:70: error: cannot find symbol
    private final AnimationEngine animationEngine = new LocalAnimationEngine();
                  ^
  symbol:   class AnimationEngine
  location: class CropAreaView
/tmp/rdisk/2705/src/GestureViews-master/library/src/main/java/com/alexvasilkov/gestures/commons/CropAreaView.java:393: error: cannot find symbol
    private class LocalAnimationEngine extends AnimationEngine {
                                               ^
  symbol:   class AnimationEngine
  location: class CropAreaView
/tmp/rdisk/2705/src/GestureViews-master/library/src/main/java/com/alexvasilkov/gestures/animation/ViewPositionAnimator.java:770: error: cannot find symbol
    private class LocalAnimationEngine extends AnimationEngine {
                                               ^
  symbol:   class AnimationEngine
  location: class ViewPositionAnimator
/tmp/rdisk/2705/src/GestureViews-master/library/src/main/java/com/alexvasilkov/gestures/GestureController.java:788: error: cannot find symbol
    private class LocalAnimationEngine extends AnimationEngine {
                                               ^
  symbol:   class AnimationEngine
  location: class GestureController
/tmp/rdisk/2705/src/GestureViews-master/library/src/main/java/com/alexvasilkov/gestures/GestureController.java:987: error: package RotationGestureDetector does not exist
            RotationGestureDetector.OnRotationGestureListener {
                                   ^
/tmp/rdisk/2705/src/GestureViews-master/library/src/main/java/com/alexvasilkov/gestures/GestureController.java:1037: error: cannot find symbol
        public boolean onRotate(@NonNull RotationGestureDetector detector) {
                                         ^
  symbol:   class RotationGestureDetector
  location: class GestureController.InternalGesturesListener
/tmp/rdisk/2705/src/GestureViews-master/library/src/main/java/com/alexvasilkov/gestures/GestureController.java:1042: error: cannot find symbol
        public boolean onRotationBegin(@NonNull RotationGestureDetector detector) {
                                                ^
  symbol:   class RotationGestureDetector
  location: class GestureController.InternalGesturesListener
/tmp/rdisk/2705/src/GestureViews-master/library/src/main/java/com/alexvasilkov/gestures/GestureController.java:1047: error: cannot find symbol
        public void onRotationEnd(@NonNull RotationGestureDetector detector) {
                                           ^
  symbol:   class RotationGestureDetector
  location: class GestureController.InternalGesturesListener

48 warnings
:library:javadocsJar
:library:sourcesJar
:library:signArchives SKIPPED
:library:assemble
:library:build

BUILD SUCCESSFUL in 20s
51 actionable tasks: 51 executed

2018-05-11 09:08:07,793 INFO  ProjectTaskService - Detecting possible tasks...
2018-05-11 09:08:07,794 INFO  SysUtils - Execute command: [/tmp/rdisk/2705/src/GestureViews-master/gradlew, -b, /tmp/rdisk/2705/src/GestureViews-master/sample/build.gradle, -Dorg.gradle.daemon=false, -Dorg.gradle.daemon.performance.enable-monitoring=false, -Dorg.gradle.configureondemand=true, tasks]
2018-05-11 09:08:20,434 INFO  ProjectTaskService - Detected possible tasks: 75
2018-05-11 09:08:20,435 INFO  ProjectTaskService - Excluded tasks (20): lintDebug mockableAndroidJar deviceCheck lint testReleaseUnitTest uninstallRelease deviceAndroidTest uninstallDebugAndroidTest installRelease installDebugAndroidTest connectedCheck connectedDebugAndroidTest uninstallAll test check testDebugUnitTest connectedAndroidTest installDebug lintRelease uninstallDebug
2018-05-11 09:08:20,435 INFO  SysUtils - Execute command: [/tmp/rdisk/2705/src/GestureViews-master/gradlew, -b, /tmp/rdisk/2705/src/GestureViews-master/sample/build.gradle, -Dorg.gradle.daemon=false, -Dorg.gradle.daemon.performance.enable-monitoring=false, -Dorg.gradle.configureondemand=true, --stacktrace, -x, lintDebug, -x, mockableAndroidJar, -x, deviceCheck, -x, lint, -x, testReleaseUnitTest, -x, uninstallRelease, -x, deviceAndroidTest, -x, uninstallDebugAndroidTest, -x, installRelease, -x, installDebugAndroidTest, -x, connectedCheck, -x, connectedDebugAndroidTest, -x, uninstallAll, -x, test, -x, check, -x, testDebugUnitTest, -x, connectedAndroidTest, -x, installDebug, -x, lintRelease, -x, uninstallDebug, build]
2018-05-11 09:09:16,289 ERROR SysUtils - Could not process external command
org.apache.commons.exec.ExecuteException: Process exited with an error: 1 (Exit value: 1)
	at org.apache.commons.exec.DefaultExecutor.executeInternal(DefaultExecutor.java:404)
	at org.apache.commons.exec.DefaultExecutor.execute(DefaultExecutor.java:166)
	at com.github.vbauer.apkmaster.util.SysUtils.execute(SysUtils.java:67)
	at com.github.vbauer.apkmaster.util.SysUtils.executeSimple(SysUtils.java:43)
	at com.github.vbauer.apkmaster.service.assembly.ProjectBuildService.buildProject(ProjectBuildService.java:78)
	at com.github.vbauer.apkmaster.service.assembly.ProjectBuildService.buildProject(ProjectBuildService.java:64)
	at com.github.vbauer.apkmaster.service.assembly.ProjectBuildService.buildProject(ProjectBuildService.java:43)
	at com.github.vbauer.apkmaster.service.FullProcessService.build(FullProcessService.java:84)
	at com.github.vbauer.apkmaster.service.FullProcessService.process(FullProcessService.java:34)
	at com.github.vbauer.apkmaster.app.MainApplication.process(MainApplication.java:38)
	at com.github.vbauer.apkmaster.app.MainApplication.main(MainApplication.java:20)
	at sun.reflect.NativeMethodAccessorImpl.invoke0(Native Method)
	at sun.reflect.NativeMethodAccessorImpl.invoke(NativeMethodAccessorImpl.java:62)
	at sun.reflect.DelegatingMethodAccessorImpl.invoke(DelegatingMethodAccessorImpl.java:43)
	at java.lang.reflect.Method.invoke(Method.java:498)
	at com.android.arsenal.util.ReflectionUtils.invoke(ReflectionUtils.java:42)
	at com.android.arsenal.util.ApkMasterUtils.main(ApkMasterUtils.java:30)
	at com.android.arsenal.service.processor.impl.BuildProcessorServiceImpl.buildProject(BuildProcessorServiceImpl.java:197)
	at com.android.arsenal.service.processor.impl.BuildProcessorServiceImpl.build(BuildProcessorServiceImpl.java:131)
	at com.android.arsenal.service.processor.impl.BuildProcessorServiceImpl.lambda$null$1(BuildProcessorServiceImpl.java:114)
	at java.util.concurrent.FutureTask.run(FutureTask.java:266)
	at java.util.concurrent.Executors$RunnableAdapter.call(Executors.java:511)
	at java.util.concurrent.FutureTask.run(FutureTask.java:266)
	at java.util.concurrent.ThreadPoolExecutor.runWorker(ThreadPoolExecutor.java:1149)
	at java.util.concurrent.ThreadPoolExecutor$Worker.run(ThreadPoolExecutor.java:624)
	at java.lang.Thread.run(Thread.java:748)
2018-05-11 09:09:16,289 INFO  SysUtils - Configuration on demand is an incubating feature.
VERSION: BASE NAME = 2.5.2
VERSION: BASE CODE = 205020000
VERSION: BUILD = 485
:library:preBuild UP-TO-DATE
:library:preDebugBuild UP-TO-DATE
:library:compileDebugAidl UP-TO-DATE
:library:compileDebugRenderscript UP-TO-DATE
:library:checkDebugManifest UP-TO-DATE
:library:generateDebugBuildConfig UP-TO-DATE
:library:generateDebugResValues UP-TO-DATE
:library:generateDebugResources UP-TO-DATE
:library:packageDebugResources UP-TO-DATE
:library:platformAttrExtractor UP-TO-DATE
:library:processDebugManifest UP-TO-DATE
:library:generateDebugRFile UP-TO-DATE
:library:prepareLintJar UP-TO-DATE
:library:generateDebugSources UP-TO-DATE
:library:javaPreCompileDebug UP-TO-DATE
:library:compileDebugJavaWithJavac UP-TO-DATE
:library:processDebugJavaRes NO-SOURCE
:library:transformClassesAndResourcesWithPrepareIntermediateJarsForDebug
:sample:preBuild UP-TO-DATE
:sample:preDebugBuild
:sample:compileDebugAidl
:library:packageDebugRenderscript NO-SOURCE
:sample:compileDebugRenderscript
:sample:checkDebugManifest
:sample:generateDebugBuildConfig
:sample:prepareLintJar
:sample:mainApkListPersistenceDebug
:sample:generateDebugResValues
:sample:generateDebugResources
:sample:mergeDebugResources
:sample:createDebugCompatibleScreenManifests
:sample:processDebugManifest
:sample:splitsDiscoveryTaskDebug
:sample:processDebugResources
:sample:generateDebugSources
:sample:javaPreCompileDebug
:sample:compileDebugJavaWithJavac
:sample:compileDebugNdk NO-SOURCE
:sample:compileDebugSources
:library:mergeDebugShaders UP-TO-DATE
:library:compileDebugShaders UP-TO-DATE
:library:generateDebugAssets UP-TO-DATE
:library:packageDebugAssets UP-TO-DATE
:sample:mergeDebugShaders
:sample:compileDebugShaders
:sample:generateDebugAssets
:sample:mergeDebugAssets
:sample:extractTryWithResourcesSupportJarDebug
:sample:transformClassesWithStackFramesFixerForDebug
:sample:transformClassesWithDesugarForDebug
:sample:transformClassesWithDexBuilderForDebug
:sample:transformDexArchiveWithExternalLibsDexMergerForDebug
:sample:transformDexArchiveWithDexMergerForDebug
:library:compileDebugNdk NO-SOURCE
:library:mergeDebugJniLibFolders UP-TO-DATE
:library:transformNativeLibsWithMergeJniLibsForDebug UP-TO-DATE
:library:transformNativeLibsWithStripDebugSymbolForDebug UP-TO-DATE
:library:transformNativeLibsWithIntermediateJniLibsForDebug
:sample:mergeDebugJniLibFolders
:sample:transformNativeLibsWithMergeJniLibsForDebug
:sample:transformNativeLibsWithStripDebugSymbolForDebug
:sample:processDebugJavaRes NO-SOURCE
:sample:transformResourcesWithMergeJavaResForDebug
:sample:validateSigningDebug
:sample:packageDebug
:sample:assembleDebug
:library:preReleaseBuild UP-TO-DATE
:library:compileReleaseAidl UP-TO-DATE
:library:compileReleaseRenderscript UP-TO-DATE
:library:checkReleaseManifest UP-TO-DATE
:library:generateReleaseBuildConfig UP-TO-DATE
:library:generateReleaseResValues UP-TO-DATE
:library:generateReleaseResources UP-TO-DATE
:library:packageReleaseResources UP-TO-DATE
:library:processReleaseManifest UP-TO-DATE
:library:generateReleaseRFile UP-TO-DATE
:library:generateReleaseSources UP-TO-DATE
:library:javaPreCompileRelease UP-TO-DATE
:library:compileReleaseJavaWithJavac UP-TO-DATE
:library:processReleaseJavaRes NO-SOURCE
:library:transformClassesAndResourcesWithPrepareIntermediateJarsForRelease
:sample:preReleaseBuild
:sample:compileReleaseAidl
:library:packageReleaseRenderscript NO-SOURCE
:sample:compileReleaseRenderscript
:sample:checkReleaseManifest
:sample:generateReleaseBuildConfig
:sample:mainApkListPersistenceRelease
:sample:generateReleaseResValues
:sample:generateReleaseResources
:sample:mergeReleaseResources
:sample:createReleaseCompatibleScreenManifests
:sample:processReleaseManifest
:sample:splitsDiscoveryTaskRelease
:sample:processReleaseResources
:sample:generateReleaseSources
:sample:javaPreCompileRelease
:sample:compileReleaseJavaWithJavac
:sample:compileReleaseNdk NO-SOURCE
:sample:compileReleaseSources
:sample:lintVitalRelease
:sample:decryptUploadKeystore
Decrypt upload keystore
:library:mergeReleaseShaders UP-TO-DATE
:library:compileReleaseShaders UP-TO-DATE
:library:generateReleaseAssets UP-TO-DATE
:library:packageReleaseAssets UP-TO-DATE
:sample:mergeReleaseShaders
:sample:compileReleaseShaders
:sample:generateReleaseAssets
:sample:mergeReleaseAssets
:sample:extractTryWithResourcesSupportJarRelease
:sample:transformClassesWithStackFramesFixerForRelease
:sample:transformClassesWithDesugarForRelease
:sample:transformClassesWithDexBuilderForRelease
:sample:transformDexArchiveWithExternalLibsDexMergerForRelease
:sample:transformDexArchiveWithDexMergerForRelease
:library:compileReleaseNdk NO-SOURCE
:library:mergeReleaseJniLibFolders UP-TO-DATE
:library:transformNativeLibsWithMergeJniLibsForRelease UP-TO-DATE
:library:transformNativeLibsWithStripDebugSymbolForRelease UP-TO-DATE
:library:transformNativeLibsWithIntermediateJniLibsForRelease
:sample:mergeReleaseJniLibFolders
:sample:transformNativeLibsWithMergeJniLibsForRelease
:sample:transformNativeLibsWithStripDebugSymbolForRelease
:sample:processReleaseJavaRes NO-SOURCE
:sample:transformResourcesWithMergeJavaResForRelease
:sample:validateSigningRelease FAILED

FAILURE: Build failed with an exception.

* What went wrong:
Execution failed for task ':sample:validateSigningRelease'.
> Keystore file '/tmp/rdisk/2705/src/GestureViews-master/sample/signing/upload.jks' not found for signing config 'upload'.

* Try:
Run with --info or --debug option to get more log output. Run with --scan to get full insights.

* Exception is:
org.gradle.api.tasks.TaskExecutionException: Execution failed for task ':sample:validateSigningRelease'.
	at org.gradle.api.internal.tasks.execution.ExecuteActionsTaskExecuter.executeActions(ExecuteActionsTaskExecuter.java:100)
	at org.gradle.api.internal.tasks.execution.ExecuteActionsTaskExecuter.execute(ExecuteActionsTaskExecuter.java:70)
	at org.gradle.api.internal.tasks.execution.OutputDirectoryCreatingTaskExecuter.execute(OutputDirectoryCreatingTaskExecuter.java:51)
	at org.gradle.api.internal.tasks.execution.SkipUpToDateTaskExecuter.execute(SkipUpToDateTaskExecuter.java:62)
	at org.gradle.api.internal.tasks.execution.ResolveTaskOutputCachingStateExecuter.execute(ResolveTaskOutputCachingStateExecuter.java:54)
	at org.gradle.api.internal.tasks.execution.ValidatingTaskExecuter.execute(ValidatingTaskExecuter.java:60)
	at org.gradle.api.internal.tasks.execution.SkipEmptySourceFilesTaskExecuter.execute(SkipEmptySourceFilesTaskExecuter.java:97)
	at org.gradle.api.internal.tasks.execution.CleanupStaleOutputsExecuter.execute(CleanupStaleOutputsExecuter.java:87)
	at org.gradle.api.internal.tasks.execution.ResolveTaskArtifactStateTaskExecuter.execute(ResolveTaskArtifactStateTaskExecuter.java:52)
	at org.gradle.api.internal.tasks.execution.SkipTaskWithNoActionsExecuter.execute(SkipTaskWithNoActionsExecuter.java:52)
	at org.gradle.api.internal.tasks.execution.SkipOnlyIfTaskExecuter.execute(SkipOnlyIfTaskExecuter.java:54)
	at org.gradle.api.internal.tasks.execution.ExecuteAtMostOnceTaskExecuter.execute(ExecuteAtMostOnceTaskExecuter.java:43)
	at org.gradle.api.internal.tasks.execution.CatchExceptionTaskExecuter.execute(CatchExceptionTaskExecuter.java:34)
	at org.gradle.execution.taskgraph.DefaultTaskGraphExecuter$EventFiringTaskWorker$1.run(DefaultTaskGraphExecuter.java:248)
	at org.gradle.internal.progress.DefaultBuildOperationExecutor$RunnableBuildOperationWorker.execute(DefaultBuildOperationExecutor.java:336)
	at org.gradle.internal.progress.DefaultBuildOperationExecutor$RunnableBuildOperationWorker.execute(DefaultBuildOperationExecutor.java:328)
	at org.gradle.internal.progress.DefaultBuildOperationExecutor.execute(DefaultBuildOperationExecutor.java:199)
	at org.gradle.internal.progress.DefaultBuildOperationExecutor.run(DefaultBuildOperationExecutor.java:110)
	at org.gradle.execution.taskgraph.DefaultTaskGraphExecuter$EventFiringTaskWorker.execute(DefaultTaskGraphExecuter.java:241)
	at org.gradle.execution.taskgraph.DefaultTaskGraphExecuter$EventFiringTaskWorker.execute(DefaultTaskGraphExecuter.java:230)
	at org.gradle.execution.taskgraph.DefaultTaskPlanExecutor$TaskExecutorWorker.processTask(DefaultTaskPlanExecutor.java:123)
	at org.gradle.execution.taskgraph.DefaultTaskPlanExecutor$TaskExecutorWorker.access$200(DefaultTaskPlanExecutor.java:79)
	at org.gradle.execution.taskgraph.DefaultTaskPlanExecutor$TaskExecutorWorker$1.execute(DefaultTaskPlanExecutor.java:104)
	at org.gradle.execution.taskgraph.DefaultTaskPlanExecutor$TaskExecutorWorker$1.execute(DefaultTaskPlanExecutor.java:98)
	at org.gradle.execution.taskgraph.DefaultTaskExecutionPlan.execute(DefaultTaskExecutionPlan.java:626)
	at org.gradle.execution.taskgraph.DefaultTaskExecutionPlan.executeWithTask(DefaultTaskExecutionPlan.java:581)
	at org.gradle.execution.taskgraph.DefaultTaskPlanExecutor$TaskExecutorWorker.run(DefaultTaskPlanExecutor.java:98)
	at org.gradle.internal.concurrent.ExecutorPolicy$CatchAndRecordFailures.onExecute(ExecutorPolicy.java:63)
	at org.gradle.internal.concurrent.ManagedExecutorImpl$1.run(ManagedExecutorImpl.java:46)
	at org.gradle.internal.concurrent.ThreadFactoryImpl$ManagedThreadRunnable.run(ThreadFactoryImpl.java:55)
Caused by: org.gradle.api.InvalidUserDataException: Keystore file '/tmp/rdisk/2705/src/GestureViews-master/sample/signing/upload.jks' not found for signing config 'upload'.
	at com.android.build.gradle.internal.tasks.ValidateSigningTask.validate(ValidateSigningTask.kt:71)
	at org.gradle.internal.reflect.JavaMethod.invoke(JavaMethod.java:73)
	at org.gradle.api.internal.project.taskfactory.StandardTaskAction.doExecute(StandardTaskAction.java:46)
	at org.gradle.api.internal.project.taskfactory.StandardTaskAction.execute(StandardTaskAction.java:39)
	at org.gradle.api.internal.project.taskfactory.StandardTaskAction.execute(StandardTaskAction.java:26)
	at org.gradle.api.internal.AbstractTask$TaskActionWrapper.execute(AbstractTask.java:780)
	at org.gradle.api.internal.AbstractTask$TaskActionWrapper.execute(AbstractTask.java:747)
	at org.gradle.api.internal.tasks.execution.ExecuteActionsTaskExecuter$1.run(ExecuteActionsTaskExecuter.java:121)
	at org.gradle.internal.progress.DefaultBuildOperationExecutor$RunnableBuildOperationWorker.execute(DefaultBuildOperationExecutor.java:336)
	at org.gradle.internal.progress.DefaultBuildOperationExecutor$RunnableBuildOperationWorker.execute(DefaultBuildOperationExecutor.java:328)
	at org.gradle.internal.progress.DefaultBuildOperationExecutor.execute(DefaultBuildOperationExecutor.java:199)
	at org.gradle.internal.progress.DefaultBuildOperationExecutor.run(DefaultBuildOperationExecutor.java:110)
	at org.gradle.api.internal.tasks.execution.ExecuteActionsTaskExecuter.executeAction(ExecuteActionsTaskExecuter.java:110)
	at org.gradle.api.internal.tasks.execution.ExecuteActionsTaskExecuter.executeActions(ExecuteActionsTaskExecuter.java:92)
	... 29 more


* Get more help at https://help.gradle.org

BUILD FAILED in 55s
98 actionable tasks: 64 executed, 34 up-to-date

2018-05-11 09:09:16,392 INFO  FullProcessService - Found APK file: /tmp/rdisk/2705/src/GestureViews-master/sample/build/outputs/apk/debug/gesture-views-debug-2.5.2.apk
