2018-04-01 20:20:32,599 INFO  DownloadService - Downloading "https://github.com/IvBaranov/MaterialLetterIcon/archive/master.zip", attempt 3
2018-04-01 20:21:33,097 INFO  GithubDownloadService - Could not find ZIP archive for master branch
2018-04-01 20:21:33,799 INFO  GithubDownloadService - Default branch of this repository: master
2018-04-01 20:21:33,799 INFO  DownloadService - Downloading "https://github.com/IvBaranov/MaterialLetterIcon/archive/master.zip", attempt 3
2018-04-01 20:22:35,043 DEBUG FullProcessService - Repository https://github.com/IvBaranov/MaterialLetterIcon available: true
2018-04-01 20:22:35,043 INFO  FullProcessService - Could not download ZIP file from Github, lets clone it
2018-04-01 20:22:35,043 INFO  SysUtils - Execute command: [git, clone, -q, --single-branch, --depth, 1, https://github.com/IvBaranov/MaterialLetterIcon, /tmp/rdisk/2633/src]
2018-04-01 20:22:39,075 INFO  SysUtils - 
2018-04-01 20:22:39,090 INFO  GitService - Deleted "/tmp/rdisk/2633/src/.git": true
2018-04-01 20:22:39,092 INFO  FullProcessService - Size of directory with sources: 557 KB
2018-04-01 20:22:39,092 INFO  SysUtils - Execute command: [git, init, /tmp/rdisk/2633/src]
2018-04-01 20:22:39,098 INFO  SysUtils - Initialized empty Git repository in /tmp/rdisk/2633/src/.git/

2018-04-01 20:22:39,101 INFO  ProjectBuildService - Gradle wrapper(s): /tmp/rdisk/2633/src/gradlew
2018-04-01 20:22:39,104 INFO  ProjectBuildService - Build script(s): /tmp/rdisk/2633/src/app/build.gradle /tmp/rdisk/2633/src/materiallettericon/build.gradle /tmp/rdisk/2633/src/build.gradle
2018-04-01 20:22:39,106 INFO  ProjectBuildService - All script(s): /tmp/rdisk/2633/src/settings.gradle /tmp/rdisk/2633/src/materiallettericon/build.gradle /tmp/rdisk/2633/src/build.gradle /tmp/rdisk/2633/src/app/build.gradle
2018-04-01 20:22:39,107 INFO  DownloadService - Downloading "https://raw.github.com/chrisbanes/gradle-mvn-push/master/gradle-mvn-push.gradle", attempt 3
2018-04-01 20:22:39,631 INFO  DownloadService - Downloaded https://raw.github.com/chrisbanes/gradle-mvn-push/master/gradle-mvn-push.gradle, attempt 3
2018-04-01 20:22:39,631 INFO  ProjectBuildService - Remote scripts: https://raw.github.com/chrisbanes/gradle-mvn-push/master/gradle-mvn-push.gradle
2018-04-01 20:22:39,631 INFO  ProjectFixService - Fixing project...
2018-04-01 20:22:39,645 INFO  LocalPropertiesFixService - Created fake /tmp/rdisk/2633/src/app/local.properties
2018-04-01 20:22:39,647 INFO  ProjectFixService - Build info for "/tmp/rdisk/2633/src/app/build.gradle": [buildToolsVersion=<null>,compileSdkVersion=<null>,minSdkVersion=<null>,targetSdkVersion=<null>]
2018-04-01 20:22:39,647 INFO  ProjectFixService - Fixed build info for "/tmp/rdisk/2633/src/app/build.gradle": [buildToolsVersion=28.0.0-rc1,compileSdkVersion=27,minSdkVersion=27,targetSdkVersion=27]
2018-04-01 20:22:39,648 INFO  LocalPropertiesFixService - Created fake /tmp/rdisk/2633/src/materiallettericon/local.properties
2018-04-01 20:22:39,649 INFO  ProjectFixService - Build info for "/tmp/rdisk/2633/src/materiallettericon/build.gradle": [buildToolsVersion=<null>,compileSdkVersion=<null>,minSdkVersion=<null>,targetSdkVersion=<null>]
2018-04-01 20:22:39,649 INFO  ProjectFixService - Fixed build info for "/tmp/rdisk/2633/src/materiallettericon/build.gradle": [buildToolsVersion=28.0.0-rc1,compileSdkVersion=27,minSdkVersion=27,targetSdkVersion=27]
2018-04-01 20:22:39,650 INFO  LocalPropertiesFixService - Created fake /tmp/rdisk/2633/src/local.properties
2018-04-01 20:22:39,650 INFO  WrapperPropertiesFixService - Gradle wrapper: https://services.gradle.org/distributions/gradle-4.1-all.zip
2018-04-01 20:22:39,650 INFO  WrapperPropertiesFixService - Gradle wrapper was changed from "-all.zip" to "-bin.zip" (https://services.gradle.org/distributions/gradle-4.1-bin.zip)
2018-04-01 20:22:39,651 INFO  ProjectFixService - Build info for "/tmp/rdisk/2633/src/build.gradle": [buildToolsVersion=<null>,compileSdkVersion=<null>,minSdkVersion=<null>,targetSdkVersion=<null>]
2018-04-01 20:22:39,652 INFO  ProjectFixService - Fixed build info for "/tmp/rdisk/2633/src/build.gradle": [buildToolsVersion=28.0.0-rc1,compileSdkVersion=27,minSdkVersion=27,targetSdkVersion=27]
2018-04-01 20:22:39,652 INFO  ProjectFixService - Project was maybe fixed
2018-04-01 20:22:39,652 INFO  ProjectTaskService - Detecting possible tasks...
2018-04-01 20:22:39,652 INFO  SysUtils - Execute command: [/tmp/rdisk/2633/src/gradlew, -b, /tmp/rdisk/2633/src/app/build.gradle, -Dorg.gradle.daemon=false, -Dorg.gradle.daemon.performance.enable-monitoring=false, -Dorg.gradle.configureondemand=true, tasks]
2018-04-01 20:22:47,525 INFO  ProjectTaskService - Detected possible tasks: 70
2018-04-01 20:22:47,525 INFO  ProjectTaskService - Excluded tasks (22): lintDebug mockableAndroidJar androidJavadocs deviceCheck lint androidSourcesJar testReleaseUnitTest uninstallRelease deviceAndroidTest uninstallDebugAndroidTest installDebugAndroidTest connectedCheck connectedDebugAndroidTest uninstallAll androidJavadocsJar test check testDebugUnitTest connectedAndroidTest installDebug lintRelease uninstallDebug
2018-04-01 20:22:47,525 INFO  SysUtils - Execute command: [/tmp/rdisk/2633/src/gradlew, -b, /tmp/rdisk/2633/src/app/build.gradle, -Dorg.gradle.daemon=false, -Dorg.gradle.daemon.performance.enable-monitoring=false, -Dorg.gradle.configureondemand=true, --stacktrace, -x, lintDebug, -x, mockableAndroidJar, -x, androidJavadocs, -x, deviceCheck, -x, lint, -x, androidSourcesJar, -x, testReleaseUnitTest, -x, uninstallRelease, -x, deviceAndroidTest, -x, uninstallDebugAndroidTest, -x, installDebugAndroidTest, -x, connectedCheck, -x, connectedDebugAndroidTest, -x, uninstallAll, -x, androidJavadocsJar, -x, test, -x, check, -x, testDebugUnitTest, -x, connectedAndroidTest, -x, installDebug, -x, lintRelease, -x, uninstallDebug, build]
2018-04-01 20:22:54,526 ERROR SysUtils - Could not process external command
org.apache.commons.exec.ExecuteException: Process exited with an error: 1 (Exit value: 1)
	at org.apache.commons.exec.DefaultExecutor.executeInternal(DefaultExecutor.java:404)
	at org.apache.commons.exec.DefaultExecutor.execute(DefaultExecutor.java:166)
	at com.github.vbauer.apkmaster.util.SysUtils.execute(SysUtils.java:67)
	at com.github.vbauer.apkmaster.util.SysUtils.executeSimple(SysUtils.java:43)
	at com.github.vbauer.apkmaster.service.assembly.ProjectBuildService.buildProject(ProjectBuildService.java:78)
	at com.github.vbauer.apkmaster.service.assembly.ProjectBuildService.buildProject(ProjectBuildService.java:64)
	at com.github.vbauer.apkmaster.service.assembly.ProjectBuildService.buildProject(ProjectBuildService.java:43)
	at com.github.vbauer.apkmaster.service.FullProcessService.build(FullProcessService.java:84)
	at com.github.vbauer.apkmaster.service.FullProcessService.process(FullProcessService.java:34)
	at com.github.vbauer.apkmaster.app.MainApplication.process(MainApplication.java:38)
	at com.github.vbauer.apkmaster.app.MainApplication.main(MainApplication.java:20)
	at sun.reflect.GeneratedMethodAccessor9.invoke(Unknown Source)
	at sun.reflect.DelegatingMethodAccessorImpl.invoke(DelegatingMethodAccessorImpl.java:43)
	at java.lang.reflect.Method.invoke(Method.java:498)
	at com.android.arsenal.util.ReflectionUtils.invoke(ReflectionUtils.java:42)
	at com.android.arsenal.util.ApkMasterUtils.main(ApkMasterUtils.java:30)
	at com.android.arsenal.service.processor.impl.BuildProcessorServiceImpl.buildProject(BuildProcessorServiceImpl.java:197)
	at com.android.arsenal.service.processor.impl.BuildProcessorServiceImpl.build(BuildProcessorServiceImpl.java:131)
	at com.android.arsenal.service.processor.impl.BuildProcessorServiceImpl.lambda$null$1(BuildProcessorServiceImpl.java:114)
	at java.util.concurrent.FutureTask.run(FutureTask.java:266)
	at java.util.concurrent.Executors$RunnableAdapter.call(Executors.java:511)
	at java.util.concurrent.FutureTask.run(FutureTask.java:266)
	at java.util.concurrent.ThreadPoolExecutor.runWorker(ThreadPoolExecutor.java:1149)
	at java.util.concurrent.ThreadPoolExecutor$Worker.run(ThreadPoolExecutor.java:624)
	at java.lang.Thread.run(Thread.java:748)
2018-04-01 20:22:54,527 INFO  SysUtils - Configuration on demand is an incubating feature.
Configuration 'compile' in project ':app' is deprecated. Use 'implementation' instead.

FAILURE: Build failed with an exception.

* What went wrong:
Task 'androidJavadocs' not found in project ':app'.

* Try:
Run gradlew tasks to get a list of available tasks. Run with --info or --debug option to get more log output.

* Exception is:
org.gradle.execution.TaskSelectionException: Task 'androidJavadocs' not found in project ':app'.
	at org.gradle.execution.TaskSelector.getSelection(TaskSelector.java:116)
	at org.gradle.execution.TaskSelector.getFilter(TaskSelector.java:66)
	at org.gradle.execution.ExcludedTaskFilteringBuildConfigurationAction.configure(ExcludedTaskFilteringBuildConfigurationAction.java:42)
	at org.gradle.execution.DefaultBuildConfigurationActionExecuter.configure(DefaultBuildConfigurationActionExecuter.java:48)
	at org.gradle.execution.DefaultBuildConfigurationActionExecuter.select(DefaultBuildConfigurationActionExecuter.java:36)
	at org.gradle.initialization.DefaultGradleLauncher$CalculateTaskGraph.run(DefaultGradleLauncher.java:265)
	at org.gradle.internal.progress.DefaultBuildOperationExecutor$RunnableBuildOperationWorker.execute(DefaultBuildOperationExecutor.java:336)
	at org.gradle.internal.progress.DefaultBuildOperationExecutor$RunnableBuildOperationWorker.execute(DefaultBuildOperationExecutor.java:328)
	at org.gradle.internal.progress.DefaultBuildOperationExecutor.execute(DefaultBuildOperationExecutor.java:197)
	at org.gradle.internal.progress.DefaultBuildOperationExecutor.run(DefaultBuildOperationExecutor.java:107)
	at org.gradle.initialization.DefaultGradleLauncher.constructTaskGraph(DefaultGradleLauncher.java:173)
	at org.gradle.initialization.DefaultGradleLauncher.doBuildStages(DefaultGradleLauncher.java:128)
	at org.gradle.initialization.DefaultGradleLauncher.executeTasks(DefaultGradleLauncher.java:107)
	at org.gradle.internal.invocation.GradleBuildController$1.call(GradleBuildController.java:78)
	at org.gradle.internal.invocation.GradleBuildController$1.call(GradleBuildController.java:75)
	at org.gradle.internal.work.DefaultWorkerLeaseService.withLocks(DefaultWorkerLeaseService.java:152)
	at org.gradle.internal.invocation.GradleBuildController.doBuild(GradleBuildController.java:100)
	at org.gradle.internal.invocation.GradleBuildController.run(GradleBuildController.java:75)
	at org.gradle.tooling.internal.provider.ExecuteBuildActionRunner.run(ExecuteBuildActionRunner.java:28)
	at org.gradle.launcher.exec.ChainingBuildActionRunner.run(ChainingBuildActionRunner.java:35)
	at org.gradle.tooling.internal.provider.ValidatingBuildActionRunner.run(ValidatingBuildActionRunner.java:32)
	at org.gradle.launcher.exec.RunAsBuildOperationBuildActionRunner$1.run(RunAsBuildOperationBuildActionRunner.java:43)
	at org.gradle.internal.progress.DefaultBuildOperationExecutor$RunnableBuildOperationWorker.execute(DefaultBuildOperationExecutor.java:336)
	at org.gradle.internal.progress.DefaultBuildOperationExecutor$RunnableBuildOperationWorker.execute(DefaultBuildOperationExecutor.java:328)
	at org.gradle.internal.progress.DefaultBuildOperationExecutor.execute(DefaultBuildOperationExecutor.java:197)
	at org.gradle.internal.progress.DefaultBuildOperationExecutor.run(DefaultBuildOperationExecutor.java:107)
	at org.gradle.launcher.exec.RunAsBuildOperationBuildActionRunner.run(RunAsBuildOperationBuildActionRunner.java:40)
	at org.gradle.tooling.internal.provider.SubscribableBuildActionRunner.run(SubscribableBuildActionRunner.java:51)
	at org.gradle.launcher.exec.InProcessBuildActionExecuter.execute(InProcessBuildActionExecuter.java:45)
	at org.gradle.launcher.exec.InProcessBuildActionExecuter.execute(InProcessBuildActionExecuter.java:29)
	at org.gradle.launcher.exec.BuildTreeScopeBuildActionExecuter.execute(BuildTreeScopeBuildActionExecuter.java:39)
	at org.gradle.launcher.exec.BuildTreeScopeBuildActionExecuter.execute(BuildTreeScopeBuildActionExecuter.java:25)
	at org.gradle.tooling.internal.provider.ContinuousBuildActionExecuter.execute(ContinuousBuildActionExecuter.java:71)
	at org.gradle.tooling.internal.provider.ContinuousBuildActionExecuter.execute(ContinuousBuildActionExecuter.java:45)
	at org.gradle.tooling.internal.provider.ServicesSetupBuildActionExecuter.execute(ServicesSetupBuildActionExecuter.java:51)
	at org.gradle.tooling.internal.provider.ServicesSetupBuildActionExecuter.execute(ServicesSetupBuildActionExecuter.java:32)
	at org.gradle.tooling.internal.provider.GradleThreadBuildActionExecuter.execute(GradleThreadBuildActionExecuter.java:36)
	at org.gradle.tooling.internal.provider.GradleThreadBuildActionExecuter.execute(GradleThreadBuildActionExecuter.java:25)
	at org.gradle.tooling.internal.provider.ParallelismConfigurationBuildActionExecuter.execute(ParallelismConfigurationBuildActionExecuter.java:43)
	at org.gradle.tooling.internal.provider.ParallelismConfigurationBuildActionExecuter.execute(ParallelismConfigurationBuildActionExecuter.java:29)
	at org.gradle.tooling.internal.provider.StartParamsValidatingActionExecuter.execute(StartParamsValidatingActionExecuter.java:64)
	at org.gradle.tooling.internal.provider.StartParamsValidatingActionExecuter.execute(StartParamsValidatingActionExecuter.java:29)
	at org.gradle.tooling.internal.provider.SessionFailureReportingActionExecuter.execute(SessionFailureReportingActionExecuter.java:55)
	at org.gradle.tooling.internal.provider.SessionFailureReportingActionExecuter.execute(SessionFailureReportingActionExecuter.java:42)
	at org.gradle.tooling.internal.provider.SetupLoggingActionExecuter.execute(SetupLoggingActionExecuter.java:58)
	at org.gradle.tooling.internal.provider.SetupLoggingActionExecuter.execute(SetupLoggingActionExecuter.java:33)
	at org.gradle.launcher.cli.RunBuildAction.run(RunBuildAction.java:51)
	at org.gradle.internal.Actions$RunnableActionAdapter.execute(Actions.java:173)
	at org.gradle.launcher.cli.CommandLineActionFactory$ParseAndBuildAction.execute(CommandLineActionFactory.java:287)
	at org.gradle.launcher.cli.CommandLineActionFactory$ParseAndBuildAction.execute(CommandLineActionFactory.java:260)
	at org.gradle.launcher.cli.JavaRuntimeValidationAction.execute(JavaRuntimeValidationAction.java:33)
	at org.gradle.launcher.cli.JavaRuntimeValidationAction.execute(JavaRuntimeValidationAction.java:24)
	at org.gradle.launcher.cli.ExceptionReportingAction.execute(ExceptionReportingAction.java:33)
	at org.gradle.launcher.cli.ExceptionReportingAction.execute(ExceptionReportingAction.java:22)
	at org.gradle.launcher.cli.CommandLineActionFactory$WithLogging.execute(CommandLineActionFactory.java:253)
	at org.gradle.launcher.cli.CommandLineActionFactory$WithLogging.execute(CommandLineActionFactory.java:182)
	at org.gradle.launcher.Main.doAction(Main.java:33)
	at org.gradle.launcher.bootstrap.EntryPoint.run(EntryPoint.java:45)
	at org.gradle.launcher.bootstrap.ProcessBootstrap.runNoExit(ProcessBootstrap.java:60)
	at org.gradle.launcher.bootstrap.ProcessBootstrap.run(ProcessBootstrap.java:37)
	at org.gradle.launcher.GradleMain.main(GradleMain.java:23)
	at org.gradle.wrapper.BootstrapMainStarter.start(BootstrapMainStarter.java:33)
	at org.gradle.wrapper.WrapperExecutor.execute(WrapperExecutor.java:130)
	at org.gradle.wrapper.GradleWrapperMain.main(GradleWrapperMain.java:48)


* Get more help at https://help.gradle.org

BUILD FAILED in 6s

2018-04-01 20:22:54,527 ERROR ProjectBuildService - Excluded tasks were detected wrong
2018-04-01 20:22:54,527 INFO  SysUtils - Execute command: [/tmp/rdisk/2633/src/gradlew, -b, /tmp/rdisk/2633/src/app/build.gradle, -Dorg.gradle.daemon=false, -Dorg.gradle.daemon.performance.enable-monitoring=false, -Dorg.gradle.configureondemand=true, --stacktrace, build]
2018-04-01 20:23:37,554 INFO  SysUtils - Configuration on demand is an incubating feature.
Configuration 'compile' in project ':app' is deprecated. Use 'implementation' instead.
:app:preBuild UP-TO-DATE
:materiallettericon:preBuild UP-TO-DATE
:materiallettericon:preDebugBuild UP-TO-DATE
:materiallettericon:checkDebugManifest
:materiallettericon:processDebugManifest
:app:preDebugBuild
:materiallettericon:compileDebugAidl
:app:compileDebugAidl
:materiallettericon:packageDebugRenderscript NO-SOURCE
:app:compileDebugRenderscript
:app:checkDebugManifest
:app:generateDebugBuildConfig
:app:prepareLintJar
:app:generateDebugResValues
:app:generateDebugResources
:materiallettericon:compileDebugRenderscript
:materiallettericon:generateDebugResValues
:materiallettericon:generateDebugResources
:materiallettericon:packageDebugResources
:app:mergeDebugResources
:app:createDebugCompatibleScreenManifests
:app:processDebugManifest
:app:splitsDiscoveryTaskDebug
:materiallettericon:platformAttrExtractor
:materiallettericon:generateDebugBuildConfig
:materiallettericon:prepareLintJar
:materiallettericon:javaPreCompileDebug
:materiallettericon:processDebugJavaRes NO-SOURCE
:app:compileDebugNdk NO-SOURCE
:app:mergeDebugShaders
:app:compileDebugShaders
:app:generateDebugAssets
:materiallettericon:mergeDebugShaders
:materiallettericon:compileDebugShaders
:materiallettericon:generateDebugAssets
:materiallettericon:mergeDebugAssets
:app:mergeDebugAssets
:materiallettericon:processDebugResources
:app:processDebugResources
:app:generateDebugSources
:materiallettericon:generateDebugSources
:materiallettericon:compileDebugJavaWithJavac
:materiallettericon:transformClassesAndResourcesWithPrepareIntermediateJarsForDebug
:app:javaPreCompileDebug
:app:compileDebugJavaWithJavac
:app:compileDebugSources
:app:transformClassesWithDexBuilderForDebug
:app:transformDexArchiveWithExternalLibsDexMergerForDebug
:app:transformDexArchiveWithDexMergerForDebug
:app:mergeDebugJniLibFolders
:materiallettericon:compileDebugNdk NO-SOURCE
:materiallettericon:mergeDebugJniLibFolders
:materiallettericon:transformNativeLibsWithMergeJniLibsForDebug
:materiallettericon:transformNativeLibsWithStripDebugSymbolForDebug
:materiallettericon:transformNativeLibsWithIntermediateJniLibsForDebug
:app:transformNativeLibsWithMergeJniLibsForDebug
:app:transformNativeLibsWithStripDebugSymbolForDebug
:app:processDebugJavaRes NO-SOURCE
:app:transformResourcesWithMergeJavaResForDebug
:app:validateSigningDebug
:app:packageDebug
:app:assembleDebug
:materiallettericon:preReleaseBuild UP-TO-DATE
:materiallettericon:checkReleaseManifest
:materiallettericon:processReleaseManifest
:app:preReleaseBuild
:materiallettericon:compileReleaseAidl
:app:compileReleaseAidl
:materiallettericon:packageReleaseRenderscript NO-SOURCE
:app:compileReleaseRenderscript
:app:checkReleaseManifest
:app:generateReleaseBuildConfig
:app:generateReleaseResValues
:app:generateReleaseResources
:materiallettericon:compileReleaseRenderscript
:materiallettericon:generateReleaseResValues
:materiallettericon:generateReleaseResources
:materiallettericon:packageReleaseResources
:app:mergeReleaseResources
:app:createReleaseCompatibleScreenManifests
:app:processReleaseManifest
:app:splitsDiscoveryTaskRelease
:materiallettericon:processReleaseResources
:app:processReleaseResources
:app:generateReleaseSources
:materiallettericon:generateReleaseBuildConfig
:materiallettericon:generateReleaseSources
:materiallettericon:javaPreCompileRelease
:materiallettericon:compileReleaseJavaWithJavac
:materiallettericon:processReleaseJavaRes NO-SOURCE
:materiallettericon:transformClassesAndResourcesWithPrepareIntermediateJarsForRelease
:app:javaPreCompileRelease
:app:compileReleaseJavaWithJavac
:app:compileReleaseNdk NO-SOURCE
:app:compileReleaseSources
:app:mergeReleaseShaders
:app:compileReleaseShaders
:app:generateReleaseAssets
:materiallettericon:mergeReleaseShaders
:materiallettericon:compileReleaseShaders
:materiallettericon:generateReleaseAssets
:materiallettericon:mergeReleaseAssets
:app:mergeReleaseAssets
:app:transformClassesWithPreDexForRelease
:app:transformDexWithDexForRelease
:app:mergeReleaseJniLibFolders
:materiallettericon:compileReleaseNdk NO-SOURCE
:materiallettericon:mergeReleaseJniLibFolders
:materiallettericon:transformNativeLibsWithMergeJniLibsForRelease
:materiallettericon:transformNativeLibsWithStripDebugSymbolForRelease
:materiallettericon:transformNativeLibsWithIntermediateJniLibsForRelease
:app:transformNativeLibsWithMergeJniLibsForRelease
:app:transformNativeLibsWithStripDebugSymbolForRelease
:app:processReleaseJavaRes NO-SOURCE
:app:transformResourcesWithMergeJavaResForRelease
:app:packageRelease
:app:lintVitalRelease SKIPPED
:app:assembleRelease
:app:assemble
:app:lint
Ran lint on variant debug: 7 issues found
Ran lint on variant release: 7 issues found
Wrote HTML report to file:///tmp/rdisk/2633/src/app/build/reports/lint-results.html
Wrote XML report to file:///tmp/rdisk/2633/src/app/build/reports/lint-results.xml
:app:preDebugUnitTestBuild UP-TO-DATE
:app:javaPreCompileDebugUnitTest
:app:compileDebugUnitTestJavaWithJavac NO-SOURCE
:app:mockableAndroidJar
:app:processDebugUnitTestJavaRes NO-SOURCE
:app:testDebugUnitTest NO-SOURCE
:app:preReleaseUnitTestBuild UP-TO-DATE
:app:javaPreCompileReleaseUnitTest
:app:compileReleaseUnitTestJavaWithJavac NO-SOURCE
:app:processReleaseUnitTestJavaRes NO-SOURCE
:app:testReleaseUnitTest NO-SOURCE
:app:test UP-TO-DATE
:app:check
:app:build

BUILD SUCCESSFUL in 42s
91 actionable tasks: 91 executed

2018-04-01 20:23:37,607 INFO  FullProcessService - Found APK file: /tmp/rdisk/2633/src/app/build/outputs/apk/debug/app-debug.apk
