2018-04-01 20:32:35,630 INFO  DownloadService - Downloading "https://github.com/shikato/info-dumper/archive/master.zip", attempt 3
2018-04-01 20:33:36,163 INFO  GithubDownloadService - Could not find ZIP archive for master branch
2018-04-01 20:33:36,840 INFO  GithubDownloadService - Default branch of this repository: master
2018-04-01 20:33:36,840 INFO  DownloadService - Downloading "https://github.com/shikato/info-dumper/archive/master.zip", attempt 3
2018-04-01 20:34:38,132 DEBUG FullProcessService - Repository https://github.com/shikato/info-dumper available: true
2018-04-01 20:34:38,132 INFO  FullProcessService - Could not download ZIP file from Github, lets clone it
2018-04-01 20:34:38,132 INFO  SysUtils - Execute command: [git, clone, -q, --single-branch, --depth, 1, https://github.com/shikato/info-dumper, /tmp/rdisk/2629/src]
2018-04-01 20:34:40,453 INFO  SysUtils - 
2018-04-01 20:34:40,469 INFO  GitService - Deleted "/tmp/rdisk/2629/src/.git": true
2018-04-01 20:34:40,471 INFO  FullProcessService - Size of directory with sources: 124 KB
2018-04-01 20:34:40,472 INFO  SysUtils - Execute command: [git, init, /tmp/rdisk/2629/src]
2018-04-01 20:34:40,476 INFO  SysUtils - Initialized empty Git repository in /tmp/rdisk/2629/src/.git/

2018-04-01 20:34:40,479 INFO  ProjectBuildService - Gradle wrapper(s): /tmp/rdisk/2629/src/gradlew
2018-04-01 20:34:40,481 INFO  ProjectBuildService - Build script(s): /tmp/rdisk/2629/src/library/build.gradle /tmp/rdisk/2629/src/sample/build.gradle /tmp/rdisk/2629/src/build.gradle
2018-04-01 20:34:40,484 INFO  ProjectBuildService - All script(s): /tmp/rdisk/2629/src/settings.gradle /tmp/rdisk/2629/src/sample/build.gradle /tmp/rdisk/2629/src/library/build.gradle /tmp/rdisk/2629/src/build.gradle
2018-04-01 20:34:40,484 INFO  ProjectBuildService - Remote scripts: none
2018-04-01 20:34:40,484 INFO  ProjectFixService - Fixing project...
2018-04-01 20:34:40,490 INFO  LocalPropertiesFixService - Created fake /tmp/rdisk/2629/src/library/local.properties
2018-04-01 20:34:40,491 INFO  ProjectFixService - Build info for "/tmp/rdisk/2629/src/library/build.gradle": [buildToolsVersion=22.0.1,compileSdkVersion=22,minSdkVersion=9,targetSdkVersion=22]
2018-04-01 20:34:40,491 INFO  LocalPropertiesFixService - Created fake /tmp/rdisk/2629/src/sample/local.properties
2018-04-01 20:34:40,491 INFO  ProjectFixService - Build info for "/tmp/rdisk/2629/src/sample/build.gradle": [buildToolsVersion=22.0.1,compileSdkVersion=22,minSdkVersion=15,targetSdkVersion=22]
2018-04-01 20:34:40,491 INFO  LocalPropertiesFixService - Created fake /tmp/rdisk/2629/src/local.properties
2018-04-01 20:34:40,492 INFO  WrapperPropertiesFixService - Gradle wrapper: https://services.gradle.org/distributions/gradle-2.2.1-all.zip
2018-04-01 20:34:40,492 INFO  WrapperPropertiesFixService - Gradle wrapper was changed from "-all.zip" to "-bin.zip" (https://services.gradle.org/distributions/gradle-2.2.1-bin.zip)
2018-04-01 20:34:40,493 INFO  ProjectFixService - Build info for "/tmp/rdisk/2629/src/build.gradle": [buildToolsVersion=22.0.1,compileSdkVersion=22,minSdkVersion=15,targetSdkVersion=22]
2018-04-01 20:34:40,493 INFO  ProjectFixService - Project was maybe fixed
2018-04-01 20:34:40,493 INFO  ProjectTaskService - Detecting possible tasks...
2018-04-01 20:34:40,493 INFO  SysUtils - Execute command: [/tmp/rdisk/2629/src/gradlew, -b, /tmp/rdisk/2629/src/library/build.gradle, -Dorg.gradle.daemon=false, -Dorg.gradle.daemon.performance.enable-monitoring=false, -Dorg.gradle.configureondemand=true, tasks]
2018-04-01 20:34:49,209 ERROR ProjectTaskService - Could not detect possible Gradle tasks: Process exited with an error: 1 (Exit value: 1)
2018-04-01 20:34:49,209 INFO  ProjectTaskService - Detected possible tasks: 0
2018-04-01 20:34:49,209 INFO  ProjectTaskService - Excluded tasks (0): none
2018-04-01 20:34:49,209 INFO  SysUtils - Execute command: [/tmp/rdisk/2629/src/gradlew, -b, /tmp/rdisk/2629/src/library/build.gradle, -Dorg.gradle.daemon=false, -Dorg.gradle.daemon.performance.enable-monitoring=false, -Dorg.gradle.configureondemand=true, --stacktrace, build]
2018-04-01 20:35:01,906 ERROR SysUtils - Could not process external command
org.apache.commons.exec.ExecuteException: Process exited with an error: 1 (Exit value: 1)
	at org.apache.commons.exec.DefaultExecutor.executeInternal(DefaultExecutor.java:404)
	at org.apache.commons.exec.DefaultExecutor.execute(DefaultExecutor.java:166)
	at com.github.vbauer.apkmaster.util.SysUtils.execute(SysUtils.java:67)
	at com.github.vbauer.apkmaster.util.SysUtils.executeSimple(SysUtils.java:43)
	at com.github.vbauer.apkmaster.service.assembly.ProjectBuildService.buildProject(ProjectBuildService.java:78)
	at com.github.vbauer.apkmaster.service.assembly.ProjectBuildService.buildProject(ProjectBuildService.java:64)
	at com.github.vbauer.apkmaster.service.assembly.ProjectBuildService.buildProject(ProjectBuildService.java:43)
	at com.github.vbauer.apkmaster.service.FullProcessService.build(FullProcessService.java:84)
	at com.github.vbauer.apkmaster.service.FullProcessService.process(FullProcessService.java:34)
	at com.github.vbauer.apkmaster.app.MainApplication.process(MainApplication.java:38)
	at com.github.vbauer.apkmaster.app.MainApplication.main(MainApplication.java:20)
	at sun.reflect.GeneratedMethodAccessor9.invoke(Unknown Source)
	at sun.reflect.DelegatingMethodAccessorImpl.invoke(DelegatingMethodAccessorImpl.java:43)
	at java.lang.reflect.Method.invoke(Method.java:498)
	at com.android.arsenal.util.ReflectionUtils.invoke(ReflectionUtils.java:42)
	at com.android.arsenal.util.ApkMasterUtils.main(ApkMasterUtils.java:30)
	at com.android.arsenal.service.processor.impl.BuildProcessorServiceImpl.buildProject(BuildProcessorServiceImpl.java:197)
	at com.android.arsenal.service.processor.impl.BuildProcessorServiceImpl.build(BuildProcessorServiceImpl.java:131)
	at com.android.arsenal.service.processor.impl.BuildProcessorServiceImpl.lambda$null$1(BuildProcessorServiceImpl.java:114)
	at java.util.concurrent.FutureTask.run(FutureTask.java:266)
	at java.util.concurrent.Executors$RunnableAdapter.call(Executors.java:511)
	at java.util.concurrent.FutureTask.run(FutureTask.java:266)
	at java.util.concurrent.ThreadPoolExecutor.runWorker(ThreadPoolExecutor.java:1149)
	at java.util.concurrent.ThreadPoolExecutor$Worker.run(ThreadPoolExecutor.java:624)
	at java.lang.Thread.run(Thread.java:748)
2018-04-01 20:35:01,906 INFO  SysUtils - Configuration on demand is an incubating feature.
:library:preBuild UP-TO-DATE
:library:preDebugBuild UP-TO-DATE
:library:compileDebugNdk UP-TO-DATE
:library:compileLint
:library:copyDebugLint UP-TO-DATE
:library:checkDebugManifest
:library:preDebugAndroidTestBuild UP-TO-DATE
:library:preDebugUnitTestBuild UP-TO-DATE
:library:preReleaseBuild UP-TO-DATE
:library:preReleaseUnitTestBuild UP-TO-DATE
:library:prepareComAndroidSupportSupportV42300Library
:library:prepareComGoogleAndroidGmsPlayServicesAds840Library
:library:prepareComGoogleAndroidGmsPlayServicesBasement840Library
:library:prepareDebugDependencies
:library:compileDebugAidl
:library:compileDebugRenderscript
:library:generateDebugBuildConfig
:library:generateDebugAssets UP-TO-DATE
:library:mergeDebugAssets
:library:generateDebugResValues
:library:generateDebugResources
:library:mergeDebugResources
:library:processDebugManifest
:library:processDebugResources
:library:generateDebugSources
:library:compileDebugJavaWithJavac
:library:extractDebugAnnotations
:library:mergeDebugProguardFiles
:library:packageDebugRenderscript UP-TO-DATE
:library:packageDebugResources
:library:processDebugJavaRes UP-TO-DATE
:library:transformResourcesWithMergeJavaResForDebug
:library:transformClassesAndResourcesWithSyncLibJarsForDebug
:library:mergeDebugJniLibFolders
:library:transformNative_libsWithMergeJniLibsForDebug
:library:transformNative_libsWithSyncJniLibsForDebug
:library:bundleDebug
:library:compileDebugSources
:library:assembleDebug
:library:compileReleaseNdk UP-TO-DATE
:library:copyReleaseLint UP-TO-DATE
:library:checkReleaseManifest
:library:prepareReleaseDependencies
:library:compileReleaseAidl
:library:compileReleaseRenderscript
:library:generateReleaseBuildConfig
:library:generateReleaseAssets UP-TO-DATE
:library:mergeReleaseAssets
:library:generateReleaseResValues
:library:generateReleaseResources
:library:mergeReleaseResources
:library:processReleaseManifest
:library:processReleaseResources
:library:generateReleaseSources
:library:compileReleaseJavaWithJavac
:library:extractReleaseAnnotations
:library:mergeReleaseProguardFiles
:library:packageReleaseRenderscript UP-TO-DATE
:library:packageReleaseResources
:library:processReleaseJavaRes UP-TO-DATE
:library:transformResourcesWithMergeJavaResForRelease
:library:transformClassesAndResourcesWithSyncLibJarsForRelease
:library:mergeReleaseJniLibFolders
:library:transformNative_libsWithMergeJniLibsForRelease
:library:transformNative_libsWithSyncJniLibsForRelease
:library:bundleRelease
:library:compileReleaseSources
:library:assembleRelease
:library:assemble
:library:lint
Wrote HTML report to file:///tmp/rdisk/2629/src/library/build/outputs/lint-results.html
Wrote XML report to file:///tmp/rdisk/2629/src/library/build/outputs/lint-results.xml
Lint found 4 errors and 3 warnings
:library:lint FAILED

FAILURE: Build failed with an exception.

* What went wrong:
Execution failed for task ':library:lint'.
> Lint found errors in the project; aborting build.
  
  Fix the issues identified by lint, or add the following to your build script to proceed with errors:
  ...
  android {
      lintOptions {
          abortOnError false
      }
  }
  ...

* Try:
Run with --info or --debug option to get more log output.

* Exception is:
org.gradle.api.tasks.TaskExecutionException: Execution failed for task ':library:lint'.
	at org.gradle.api.internal.tasks.execution.ExecuteActionsTaskExecuter.executeActions(ExecuteActionsTaskExecuter.java:69)
	at org.gradle.api.internal.tasks.execution.ExecuteActionsTaskExecuter.execute(ExecuteActionsTaskExecuter.java:46)
	at org.gradle.api.internal.tasks.execution.PostExecutionAnalysisTaskExecuter.execute(PostExecutionAnalysisTaskExecuter.java:35)
	at org.gradle.api.internal.tasks.execution.SkipUpToDateTaskExecuter.execute(SkipUpToDateTaskExecuter.java:64)
	at org.gradle.api.internal.tasks.execution.ValidatingTaskExecuter.execute(ValidatingTaskExecuter.java:58)
	at org.gradle.api.internal.tasks.execution.SkipEmptySourceFilesTaskExecuter.execute(SkipEmptySourceFilesTaskExecuter.java:42)
	at org.gradle.api.internal.tasks.execution.SkipTaskWithNoActionsExecuter.execute(SkipTaskWithNoActionsExecuter.java:52)
	at org.gradle.api.internal.tasks.execution.SkipOnlyIfTaskExecuter.execute(SkipOnlyIfTaskExecuter.java:53)
	at org.gradle.api.internal.tasks.execution.ExecuteAtMostOnceTaskExecuter.execute(ExecuteAtMostOnceTaskExecuter.java:43)
	at org.gradle.api.internal.AbstractTask.executeWithoutThrowingTaskFailure(AbstractTask.java:305)
	at org.gradle.execution.taskgraph.AbstractTaskPlanExecutor$TaskExecutorWorker.executeTask(AbstractTaskPlanExecutor.java:79)
	at org.gradle.execution.taskgraph.AbstractTaskPlanExecutor$TaskExecutorWorker.processTask(AbstractTaskPlanExecutor.java:63)
	at org.gradle.execution.taskgraph.AbstractTaskPlanExecutor$TaskExecutorWorker.run(AbstractTaskPlanExecutor.java:51)
	at org.gradle.execution.taskgraph.DefaultTaskPlanExecutor.process(DefaultTaskPlanExecutor.java:23)
	at org.gradle.execution.taskgraph.DefaultTaskGraphExecuter.execute(DefaultTaskGraphExecuter.java:88)
	at org.gradle.execution.SelectedTaskExecutionAction.execute(SelectedTaskExecutionAction.java:29)
	at org.gradle.execution.DefaultBuildExecuter.execute(DefaultBuildExecuter.java:62)
	at org.gradle.execution.DefaultBuildExecuter.access$200(DefaultBuildExecuter.java:23)
	at org.gradle.execution.DefaultBuildExecuter$2.proceed(DefaultBuildExecuter.java:68)
	at org.gradle.execution.DryRunBuildExecutionAction.execute(DryRunBuildExecutionAction.java:32)
	at org.gradle.execution.DefaultBuildExecuter.execute(DefaultBuildExecuter.java:62)
	at org.gradle.execution.DefaultBuildExecuter.execute(DefaultBuildExecuter.java:55)
	at org.gradle.initialization.DefaultGradleLauncher.doBuildStages(DefaultGradleLauncher.java:149)
	at org.gradle.initialization.DefaultGradleLauncher.doBuild(DefaultGradleLauncher.java:106)
	at org.gradle.initialization.DefaultGradleLauncher.run(DefaultGradleLauncher.java:86)
	at org.gradle.launcher.exec.InProcessBuildActionExecuter$DefaultBuildController.run(InProcessBuildActionExecuter.java:80)
	at org.gradle.launcher.cli.ExecuteBuildAction.run(ExecuteBuildAction.java:33)
	at org.gradle.launcher.cli.ExecuteBuildAction.run(ExecuteBuildAction.java:24)
	at org.gradle.launcher.exec.InProcessBuildActionExecuter.execute(InProcessBuildActionExecuter.java:36)
	at org.gradle.launcher.exec.InProcessBuildActionExecuter.execute(InProcessBuildActionExecuter.java:26)
	at org.gradle.launcher.cli.RunBuildAction.run(RunBuildAction.java:51)
	at org.gradle.internal.Actions$RunnableActionAdapter.execute(Actions.java:171)
	at org.gradle.launcher.cli.CommandLineActionFactory$ParseAndBuildAction.execute(CommandLineActionFactory.java:237)
	at org.gradle.launcher.cli.CommandLineActionFactory$ParseAndBuildAction.execute(CommandLineActionFactory.java:210)
	at org.gradle.launcher.cli.JavaRuntimeValidationAction.execute(JavaRuntimeValidationAction.java:35)
	at org.gradle.launcher.cli.JavaRuntimeValidationAction.execute(JavaRuntimeValidationAction.java:24)
	at org.gradle.launcher.cli.CommandLineActionFactory$WithLogging.execute(CommandLineActionFactory.java:206)
	at org.gradle.launcher.cli.CommandLineActionFactory$WithLogging.execute(CommandLineActionFactory.java:169)
	at org.gradle.launcher.cli.ExceptionReportingAction.execute(ExceptionReportingAction.java:33)
	at org.gradle.launcher.cli.ExceptionReportingAction.execute(ExceptionReportingAction.java:22)
	at org.gradle.launcher.Main.doAction(Main.java:33)
	at org.gradle.launcher.bootstrap.EntryPoint.run(EntryPoint.java:45)
	at org.gradle.launcher.bootstrap.ProcessBootstrap.runNoExit(ProcessBootstrap.java:54)
	at org.gradle.launcher.bootstrap.ProcessBootstrap.run(ProcessBootstrap.java:35)
	at org.gradle.launcher.GradleMain.main(GradleMain.java:23)
	at org.gradle.wrapper.BootstrapMainStarter.start(BootstrapMainStarter.java:33)
	at org.gradle.wrapper.WrapperExecutor.execute(WrapperExecutor.java:130)
	at org.gradle.wrapper.GradleWrapperMain.main(GradleWrapperMain.java:48)
Caused by: org.gradle.api.GradleException: Lint found errors in the project; aborting build.

Fix the issues identified by lint, or add the following to your build script to proceed with errors:
...
android {
    lintOptions {
        abortOnError false
    }
}
...
	at com.android.build.gradle.tasks.Lint.abort(Lint.groovy:164)
	at com.android.build.gradle.tasks.Lint.runLint(Lint.groovy:202)
	at com.android.build.gradle.tasks.Lint.this$6$runLint(Lint.groovy)
	at com.android.build.gradle.tasks.Lint$this$6$runLint$4.callCurrent(Unknown Source)
	at com.android.build.gradle.tasks.Lint.lintSingleVariant(Lint.groovy:171)
	at com.android.build.gradle.tasks.Lint$lintSingleVariant$3.callCurrent(Unknown Source)
	at com.android.build.gradle.tasks.Lint.lint(Lint.groovy:73)
	at org.gradle.internal.reflect.JavaMethod.invoke(JavaMethod.java:63)
	at org.gradle.api.internal.project.taskfactory.AnnotationProcessingTaskFactory$StandardTaskAction.doExecute(AnnotationProcessingTaskFactory.java:218)
	at org.gradle.api.internal.project.taskfactory.AnnotationProcessingTaskFactory$StandardTaskAction.execute(AnnotationProcessingTaskFactory.java:211)
	at org.gradle.api.internal.project.taskfactory.AnnotationProcessingTaskFactory$StandardTaskAction.execute(AnnotationProcessingTaskFactory.java:200)
	at org.gradle.api.internal.AbstractTask$TaskActionWrapper.execute(AbstractTask.java:579)
	at org.gradle.api.internal.AbstractTask$TaskActionWrapper.execute(AbstractTask.java:562)
	at org.gradle.api.internal.tasks.execution.ExecuteActionsTaskExecuter.executeAction(ExecuteActionsTaskExecuter.java:80)
	at org.gradle.api.internal.tasks.execution.ExecuteActionsTaskExecuter.executeActions(ExecuteActionsTaskExecuter.java:61)
	... 47 more


BUILD FAILED

Total time: 12.254 secs

2018-04-01 20:35:01,927 INFO  ProjectTaskService - Detecting possible tasks...
2018-04-01 20:35:01,927 INFO  SysUtils - Execute command: [/tmp/rdisk/2629/src/gradlew, -b, /tmp/rdisk/2629/src/sample/build.gradle, -Dorg.gradle.daemon=false, -Dorg.gradle.daemon.performance.enable-monitoring=false, -Dorg.gradle.configureondemand=true, tasks]
2018-04-01 20:35:08,358 INFO  ProjectTaskService - Detected possible tasks: 66
2018-04-01 20:35:08,358 INFO  ProjectTaskService - Excluded tasks (19): lintDebug mockableAndroidJar deviceCheck lint testReleaseUnitTest uninstallRelease deviceAndroidTest uninstallDebugAndroidTest installDebugAndroidTest connectedCheck connectedDebugAndroidTest uninstallAll test check testDebugUnitTest connectedAndroidTest installDebug lintRelease uninstallDebug
2018-04-01 20:35:08,358 INFO  SysUtils - Execute command: [/tmp/rdisk/2629/src/gradlew, -b, /tmp/rdisk/2629/src/sample/build.gradle, -Dorg.gradle.daemon=false, -Dorg.gradle.daemon.performance.enable-monitoring=false, -Dorg.gradle.configureondemand=true, --stacktrace, -x, lintDebug, -x, mockableAndroidJar, -x, deviceCheck, -x, lint, -x, testReleaseUnitTest, -x, uninstallRelease, -x, deviceAndroidTest, -x, uninstallDebugAndroidTest, -x, installDebugAndroidTest, -x, connectedCheck, -x, connectedDebugAndroidTest, -x, uninstallAll, -x, test, -x, check, -x, testDebugUnitTest, -x, connectedAndroidTest, -x, installDebug, -x, lintRelease, -x, uninstallDebug, build]
2018-04-01 20:35:47,940 INFO  SysUtils - Configuration on demand is an incubating feature.
:library:preBuild UP-TO-DATE
:library:preDebugBuild UP-TO-DATE
:library:compileDebugNdk UP-TO-DATE
:library:compileLint
:library:copyDebugLint UP-TO-DATE
:library:checkDebugManifest
:library:preDebugAndroidTestBuild UP-TO-DATE
:library:preDebugUnitTestBuild UP-TO-DATE
:library:preReleaseBuild UP-TO-DATE
:library:preReleaseUnitTestBuild UP-TO-DATE
:library:prepareComAndroidSupportSupportV42300Library UP-TO-DATE
:library:prepareComGoogleAndroidGmsPlayServicesAds840Library UP-TO-DATE
:library:prepareComGoogleAndroidGmsPlayServicesBasement840Library UP-TO-DATE
:library:prepareDebugDependencies
:library:compileDebugAidl UP-TO-DATE
:library:compileDebugRenderscript UP-TO-DATE
:library:generateDebugBuildConfig UP-TO-DATE
:library:generateDebugAssets UP-TO-DATE
:library:mergeDebugAssets UP-TO-DATE
:library:generateDebugResValues UP-TO-DATE
:library:generateDebugResources UP-TO-DATE
:library:mergeDebugResources UP-TO-DATE
:library:processDebugManifest UP-TO-DATE
:library:processDebugResources UP-TO-DATE
:library:generateDebugSources UP-TO-DATE
:library:compileDebugJavaWithJavac UP-TO-DATE
:library:extractDebugAnnotations UP-TO-DATE
:library:mergeDebugProguardFiles UP-TO-DATE
:library:packageDebugRenderscript UP-TO-DATE
:library:packageDebugResources UP-TO-DATE
:library:processDebugJavaRes UP-TO-DATE
:library:transformResourcesWithMergeJavaResForDebug UP-TO-DATE
:library:transformClassesAndResourcesWithSyncLibJarsForDebug UP-TO-DATE
:library:mergeDebugJniLibFolders UP-TO-DATE
:library:transformNative_libsWithMergeJniLibsForDebug UP-TO-DATE
:library:transformNative_libsWithSyncJniLibsForDebug UP-TO-DATE
:library:bundleDebug UP-TO-DATE
:sample:preBuild UP-TO-DATE
:sample:preDebugBuild UP-TO-DATE
:sample:checkDebugManifest
:sample:preReleaseBuild UP-TO-DATE
:sample:prepareComAndroidSupportAppcompatV72221Library
:sample:prepareComAndroidSupportSupportV42300Library
:sample:prepareComGoogleAndroidGmsPlayServicesAds840Library
:sample:prepareComGoogleAndroidGmsPlayServicesBasement840Library
:sample:prepareSrcLibraryUnspecifiedDebugLibrary
:sample:prepareDebugDependencies
:sample:compileDebugAidl
:sample:compileDebugRenderscript
:sample:generateDebugBuildConfig
:sample:generateDebugAssets UP-TO-DATE
:sample:mergeDebugAssets
:sample:generateDebugResValues
:sample:generateDebugResources
:sample:mergeDebugResources
:sample:processDebugManifest
:sample:processDebugResources
:sample:generateDebugSources
:sample:compileDebugJavaWithJavac
:sample:compileDebugNdk UP-TO-DATE
:sample:compileDebugSources
:sample:transformClassesWithDexForDebug
:sample:mergeDebugJniLibFolders
:sample:transformNative_libsWithMergeJniLibsForDebug
:sample:processDebugJavaRes UP-TO-DATE
:sample:transformResourcesWithMergeJavaResForDebug
:sample:validateDebugSigning
:sample:packageDebug
:sample:zipalignDebug
:sample:assembleDebug
:sample:checkReleaseManifest
:sample:prepareOrgShikatoInfodumperInfoDumper004Library
:sample:prepareReleaseDependencies
:sample:compileReleaseAidl
:sample:compileReleaseRenderscript
:sample:generateReleaseBuildConfig
:sample:generateReleaseAssets UP-TO-DATE
:sample:mergeReleaseAssets
:sample:generateReleaseResValues
:sample:generateReleaseResources
:sample:mergeReleaseResources
:sample:processReleaseManifest
:sample:processReleaseResources
:sample:generateReleaseSources
:sample:compileReleaseJavaWithJavac
:sample:compileReleaseNdk UP-TO-DATE
:sample:compileReleaseSources
:sample:lintVitalRelease
:sample:transformClassesWithDexForRelease
:sample:mergeReleaseJniLibFolders
:sample:transformNative_libsWithMergeJniLibsForRelease
:sample:processReleaseJavaRes UP-TO-DATE
:sample:transformResourcesWithMergeJavaResForRelease
:sample:packageRelease
:sample:assembleRelease
:sample:assemble
:sample:build

BUILD SUCCESSFUL

Total time: 39.132 secs

2018-04-01 20:35:48,005 INFO  FullProcessService - Found APK file: /tmp/rdisk/2629/src/sample/build/outputs/apk/sample-release-unsigned.apk
