2018-04-02 01:41:52,767 INFO  DownloadService - Downloading "https://github.com/shamanland/floating-action-button/archive/master.zip", attempt 3
2018-04-02 01:42:53,206 INFO  GithubDownloadService - Could not find ZIP archive for master branch
2018-04-02 01:42:53,869 INFO  GithubDownloadService - Default branch of this repository: master
2018-04-02 01:42:53,869 INFO  DownloadService - Downloading "https://github.com/shamanland/floating-action-button/archive/master.zip", attempt 3
2018-04-02 01:43:55,210 DEBUG FullProcessService - Repository https://github.com/shamanland/floating-action-button available: true
2018-04-02 01:43:55,211 INFO  FullProcessService - Could not download ZIP file from Github, lets clone it
2018-04-02 01:43:55,211 INFO  SysUtils - Execute command: [git, clone, -q, --single-branch, --depth, 1, https://github.com/shamanland/floating-action-button, /tmp/rdisk/2520/src]
2018-04-02 01:43:56,626 INFO  SysUtils - 
2018-04-02 01:43:56,643 INFO  GitService - Deleted "/tmp/rdisk/2520/src/.git": true
2018-04-02 01:43:56,646 INFO  FullProcessService - Size of directory with sources: 159 KB
2018-04-02 01:43:56,646 INFO  SysUtils - Execute command: [git, init, /tmp/rdisk/2520/src]
2018-04-02 01:43:56,650 INFO  SysUtils - Initialized empty Git repository in /tmp/rdisk/2520/src/.git/

2018-04-02 01:43:56,655 INFO  ProjectBuildService - Gradle wrapper(s): /tmp/rdisk/2520/src/gradlew
2018-04-02 01:43:56,658 INFO  ProjectBuildService - Build script(s): /tmp/rdisk/2520/src/build.gradle /tmp/rdisk/2520/src/app/build.gradle /tmp/rdisk/2520/src/lib/build.gradle
2018-04-02 01:43:56,660 INFO  ProjectBuildService - All script(s): /tmp/rdisk/2520/src/settings.gradle /tmp/rdisk/2520/src/lib/build.gradle /tmp/rdisk/2520/src/build.gradle /tmp/rdisk/2520/src/app/build.gradle
2018-04-02 01:43:56,660 INFO  ProjectBuildService - Remote scripts: none
2018-04-02 01:43:56,660 INFO  ProjectFixService - Fixing project...
2018-04-02 01:43:56,666 INFO  LocalPropertiesFixService - Created fake /tmp/rdisk/2520/src/local.properties
2018-04-02 01:43:56,667 INFO  WrapperPropertiesFixService - Gradle wrapper: http://services.gradle.org/distributions/gradle-2.2.1-all.zip
2018-04-02 01:43:56,667 INFO  WrapperPropertiesFixService - Gradle wrapper was changed from "-all.zip" to "-bin.zip" (http://services.gradle.org/distributions/gradle-2.2.1-bin.zip)
2018-04-02 01:43:56,668 INFO  ProjectFixService - Build info for "/tmp/rdisk/2520/src/build.gradle": [buildToolsVersion=<null>,compileSdkVersion=<null>,minSdkVersion=<null>,targetSdkVersion=<null>]
2018-04-02 01:43:56,668 INFO  ProjectFixService - Fixed build info for "/tmp/rdisk/2520/src/build.gradle": [buildToolsVersion=28.0.0-rc1,compileSdkVersion=27,minSdkVersion=27,targetSdkVersion=27]
2018-04-02 01:43:56,669 INFO  LocalPropertiesFixService - Created fake /tmp/rdisk/2520/src/app/local.properties
2018-04-02 01:43:56,670 INFO  ProjectFixService - Build info for "/tmp/rdisk/2520/src/app/build.gradle": [buildToolsVersion=<null>,compileSdkVersion=<null>,minSdkVersion=<null>,targetSdkVersion=<null>]
2018-04-02 01:43:56,670 INFO  ProjectFixService - Fixed build info for "/tmp/rdisk/2520/src/app/build.gradle": [buildToolsVersion=28.0.0-rc1,compileSdkVersion=27,minSdkVersion=27,targetSdkVersion=27]
2018-04-02 01:43:56,670 INFO  LocalPropertiesFixService - Created fake /tmp/rdisk/2520/src/lib/local.properties
2018-04-02 01:43:56,672 INFO  ProjectFixService - Build info for "/tmp/rdisk/2520/src/lib/build.gradle": [buildToolsVersion=<null>,compileSdkVersion=<null>,minSdkVersion=<null>,targetSdkVersion=<null>]
2018-04-02 01:43:56,672 INFO  ProjectFixService - Fixed build info for "/tmp/rdisk/2520/src/lib/build.gradle": [buildToolsVersion=28.0.0-rc1,compileSdkVersion=27,minSdkVersion=27,targetSdkVersion=27]
2018-04-02 01:43:56,672 INFO  ProjectFixService - Project was maybe fixed
2018-04-02 01:43:56,674 INFO  ProjectTaskService - Detecting possible tasks...
2018-04-02 01:43:56,674 INFO  SysUtils - Execute command: [/tmp/rdisk/2520/src/gradlew, -b, /tmp/rdisk/2520/src/build.gradle, -Dorg.gradle.daemon=false, -Dorg.gradle.daemon.performance.enable-monitoring=false, -Dorg.gradle.configureondemand=true, tasks]
2018-04-02 01:44:09,007 INFO  ProjectTaskService - Detected possible tasks: 57
2018-04-02 01:44:09,007 INFO  ProjectTaskService - Excluded tasks (11): lintDebug deviceCheck lint uninstallRelease connectedCheck uninstallAll check connectedAndroidTest installDebug lintRelease uninstallDebug
2018-04-02 01:44:09,007 INFO  SysUtils - Execute command: [/tmp/rdisk/2520/src/gradlew, -b, /tmp/rdisk/2520/src/build.gradle, -Dorg.gradle.daemon=false, -Dorg.gradle.daemon.performance.enable-monitoring=false, -Dorg.gradle.configureondemand=true, --stacktrace, -x, lintDebug, -x, deviceCheck, -x, lint, -x, uninstallRelease, -x, connectedCheck, -x, uninstallAll, -x, check, -x, connectedAndroidTest, -x, installDebug, -x, lintRelease, -x, uninstallDebug, build]
2018-04-02 01:44:23,210 INFO  SysUtils - Configuration on demand is an incubating feature.
:app:preBuild
:app:compileDebugNdk
:app:preDebugBuild
:app:checkDebugManifest
:app:preReleaseBuild
:lib:compileLint
:lib:copyReleaseLint UP-TO-DATE
:lib:mergeReleaseProguardFiles
:lib:preBuild
:lib:preReleaseBuild
:lib:checkReleaseManifest
:lib:prepareReleaseDependencies
:lib:compileReleaseAidl
:lib:compileReleaseRenderscript
:lib:generateReleaseBuildConfig
:lib:generateReleaseAssets UP-TO-DATE
:lib:mergeReleaseAssets
:lib:generateReleaseResValues
:lib:generateReleaseResources
:lib:packageReleaseResources
:lib:processReleaseManifest
:lib:processReleaseResources
:lib:generateReleaseSources
:lib:compileReleaseJavaNote: Some input files use or override a deprecated API.
Note: Recompile with -Xlint:deprecation for details.

:lib:processReleaseJavaRes UP-TO-DATE
:lib:packageReleaseJar
:lib:compileReleaseNdk
:lib:packageReleaseJniLibs UP-TO-DATE
:lib:packageReleaseLocalJar UP-TO-DATE
:lib:packageReleaseRenderscript UP-TO-DATE
:lib:bundleRelease
:app:prepareComShamanlandLib009SNAPSHOTLibrary
:app:prepareDebugDependencies
:app:compileDebugAidl
:app:compileDebugRenderscript
:app:generateDebugBuildConfig
:app:generateDebugAssets UP-TO-DATE
:app:mergeDebugAssets
:app:generateDebugResValues
:app:generateDebugResources
:app:mergeDebugResources
:app:processDebugManifest
:app:processDebugResources
:app:generateDebugSources
:app:compileDebugJava
:app:preDexDebug
:app:dexDebug
:app:processDebugJavaRes UP-TO-DATE
:app:validateDebugSigning
:app:packageDebug
:app:zipalignDebug
:app:assembleDebug
:app:checkReleaseManifest
:app:prepareReleaseDependencies
:app:compileReleaseAidl
:app:compileReleaseRenderscript
:app:generateReleaseBuildConfig
:app:generateReleaseAssets UP-TO-DATE
:app:mergeReleaseAssets
:app:generateReleaseResValues
:app:generateReleaseResources
:app:mergeReleaseResources
:app:processReleaseManifest
:app:processReleaseResources
:app:generateReleaseSources
:app:compileReleaseJava
:app:lintVitalRelease
:app:compileReleaseNdk
:app:preDexRelease
:app:dexRelease
:app:processReleaseJavaRes UP-TO-DATE
:app:packageRelease
:app:assembleRelease
:app:assemble
:app:build
:lib:androidJavadocs/tmp/rdisk/2520/src/lib/src/main/java/com/shamanland/fab/FloatingActionButton.java:95: error: self-closing element not allowed
     * <p/>
       ^
/tmp/rdisk/2520/src/lib/src/main/java/com/shamanland/fab/FloatingActionButton.java:121: error: self-closing element not allowed
     * <p/>
       ^
/tmp/rdisk/2520/src/lib/src/main/java/com/shamanland/fab/FloatingActionButton.java:123: error: self-closing element not allowed
     * <p/>
       ^
/tmp/rdisk/2520/src/lib/src/main/java/com/shamanland/fab/FloatingActionButton.java:178: error: self-closing element not allowed
     * <p/>
       ^
/tmp/rdisk/2520/src/lib/src/main/java/com/shamanland/fab/FloatingActionButton.java:273: error: self-closing element not allowed
     * <p/>
       ^
/tmp/rdisk/2520/src/lib/src/main/java/com/shamanland/fab/FloatingActionButton.java:361: error: bad use of '>'
     * @return calculated radius, always >= 1
                                         ^
/tmp/rdisk/2520/src/lib/src/main/java/com/shamanland/fab/FloatingActionButton.java:19: error: self-closing element not allowed
 * <p/>
   ^
/tmp/rdisk/2520/src/lib/src/main/java/com/shamanland/fab/FloatingActionButton.java:22: error: self-closing element not allowed
 * <p/>
   ^
/tmp/rdisk/2520/src/lib/src/main/java/com/shamanland/fab/FloatingActionButton.java:25: error: self-closing element not allowed
 * <p/>
   ^
/tmp/rdisk/2520/src/lib/src/main/java/com/shamanland/fab/FloatingActionButton.java:27: error: self-closing element not allowed
 * <p/>
   ^
/tmp/rdisk/2520/src/lib/src/main/java/com/shamanland/fab/FloatingActionButton.java:40: error: self-closing element not allowed
 * <p/>
   ^
/tmp/rdisk/2520/src/lib/src/main/java/com/shamanland/fab/FloatingActionButton.java:51: error: self-closing element not allowed
 * <p/>
   ^
/tmp/rdisk/2520/src/lib/src/main/java/com/shamanland/fab/ShowHideOnScroll.java:17: error: reference not found
     * Construct object with defaults animations {@link R.anim#floating_action_button_show} and {@link R.anim#floating_action_button_hide}.
                                                        ^
/tmp/rdisk/2520/src/lib/src/main/java/com/shamanland/fab/ShowHideOnScroll.java:17: error: reference not found
     * Construct object with defaults animations {@link R.anim#floating_action_button_show} and {@link R.anim#floating_action_button_hide}.
                                                                                                       ^

14 errors
:lib:androidJavadocsJar
:lib:androidSourcesJar
:lib:copyDebugLint UP-TO-DATE
:lib:mergeDebugProguardFiles
:lib:preDebugBuild
:lib:checkDebugManifest
:lib:prepareDebugDependencies
:lib:compileDebugAidl
:lib:compileDebugRenderscript
:lib:generateDebugBuildConfig
:lib:generateDebugAssets UP-TO-DATE
:lib:mergeDebugAssets
:lib:generateDebugResValues
:lib:generateDebugResources
:lib:packageDebugResources
:lib:processDebugManifest
:lib:processDebugResources
:lib:generateDebugSources
:lib:compileDebugJavaNote: Some input files use or override a deprecated API.
Note: Recompile with -Xlint:deprecation for details.

:lib:processDebugJavaRes UP-TO-DATE
:lib:packageDebugJar
:lib:compileDebugNdk
:lib:packageDebugJniLibs UP-TO-DATE
:lib:packageDebugLocalJar UP-TO-DATE
:lib:packageDebugRenderscript UP-TO-DATE
:lib:bundleDebug
:lib:assembleDebug
:lib:assembleRelease
:lib:signArchives SKIPPED
:lib:assemble
:lib:build

BUILD SUCCESSFUL

Total time: 13.775 secs

2018-04-02 01:44:23,224 INFO  FullProcessService - Found APK file: /tmp/rdisk/2520/src/app/build/outputs/apk/app-debug.apk
