2018-05-27 10:43:44,356 INFO  DownloadService - Downloading "https://github.com/tbruyelle/RxPermissions/archive/master.zip", attempt 3
2018-05-27 10:44:45,046 INFO  GithubDownloadService - Could not find ZIP archive for master branch
2018-05-27 10:44:45,903 INFO  GithubDownloadService - Default branch of this repository: master
2018-05-27 10:44:45,903 INFO  DownloadService - Downloading "https://github.com/tbruyelle/RxPermissions/archive/master.zip", attempt 3
2018-05-27 10:45:47,413 DEBUG FullProcessService - Repository https://github.com/tbruyelle/RxPermissions available: true
2018-05-27 10:45:47,413 INFO  FullProcessService - Could not download ZIP file from Github, lets clone it
2018-05-27 10:45:47,413 INFO  SysUtils - Execute command: [git, clone, -q, --single-branch, --depth, 1, https://github.com/tbruyelle/RxPermissions, /tmp/rdisk/2579/src]
2018-05-27 10:45:49,122 INFO  SysUtils - 
2018-05-27 10:45:49,133 INFO  GitService - Deleted "/tmp/rdisk/2579/src/.git": true
2018-05-27 10:45:49,135 INFO  FullProcessService - Size of directory with sources: 154 KB
2018-05-27 10:45:49,135 INFO  SysUtils - Execute command: [git, init, /tmp/rdisk/2579/src]
2018-05-27 10:45:49,140 INFO  SysUtils - Initialized empty Git repository in /tmp/rdisk/2579/src/.git/

2018-05-27 10:45:49,142 INFO  ProjectBuildService - Gradle wrapper(s): /tmp/rdisk/2579/src/gradlew
2018-05-27 10:45:49,144 INFO  ProjectBuildService - Build script(s): /tmp/rdisk/2579/src/lib/build.gradle /tmp/rdisk/2579/src/sample/build.gradle /tmp/rdisk/2579/src/build.gradle
2018-05-27 10:45:49,146 INFO  ProjectBuildService - All script(s): /tmp/rdisk/2579/src/settings.gradle /tmp/rdisk/2579/src/sample/build.gradle /tmp/rdisk/2579/src/lib/install.gradle /tmp/rdisk/2579/src/lib/build.gradle /tmp/rdisk/2579/src/lib/bintray.gradle /tmp/rdisk/2579/src/build.gradle
2018-05-27 10:45:49,146 INFO  ProjectBuildService - Remote scripts: none
2018-05-27 10:45:49,146 INFO  ProjectFixService - Fixing project...
2018-05-27 10:45:49,152 INFO  LocalPropertiesFixService - Created fake /tmp/rdisk/2579/src/lib/local.properties
2018-05-27 10:45:49,154 INFO  ProjectFixService - Build info for "/tmp/rdisk/2579/src/lib/build.gradle": [buildToolsVersion=25.0.2,compileSdkVersion=25,minSdkVersion=14,targetSdkVersion=<null>]
2018-05-27 10:45:49,154 INFO  ProjectFixService - Fixed build info for "/tmp/rdisk/2579/src/lib/build.gradle": [buildToolsVersion=25.0.2,compileSdkVersion=25,minSdkVersion=14,targetSdkVersion=27]
2018-05-27 10:45:49,155 INFO  LocalPropertiesFixService - Created fake /tmp/rdisk/2579/src/sample/local.properties
2018-05-27 10:45:49,157 INFO  ProjectFixService - Build info for "/tmp/rdisk/2579/src/sample/build.gradle": [buildToolsVersion=25.0.2,compileSdkVersion=25,minSdkVersion=14,targetSdkVersion=<null>]
2018-05-27 10:45:49,157 INFO  ProjectFixService - Fixed build info for "/tmp/rdisk/2579/src/sample/build.gradle": [buildToolsVersion=25.0.2,compileSdkVersion=25,minSdkVersion=14,targetSdkVersion=27]
2018-05-27 10:45:49,157 INFO  LocalPropertiesFixService - Created fake /tmp/rdisk/2579/src/local.properties
2018-05-27 10:45:49,157 INFO  WrapperPropertiesFixService - Gradle wrapper: https://services.gradle.org/distributions/gradle-3.4-all.zip
2018-05-27 10:45:49,158 INFO  WrapperPropertiesFixService - Gradle wrapper was changed from "-all.zip" to "-bin.zip" (https://services.gradle.org/distributions/gradle-3.4-bin.zip)
2018-05-27 10:45:49,159 INFO  ProjectFixService - Build info for "/tmp/rdisk/2579/src/build.gradle": [buildToolsVersion=25.0.2,compileSdkVersion=25,minSdkVersion=11,targetSdkVersion=<null>]
2018-05-27 10:45:49,159 INFO  ProjectFixService - Fixed build info for "/tmp/rdisk/2579/src/build.gradle": [buildToolsVersion=25.0.2,compileSdkVersion=25,minSdkVersion=11,targetSdkVersion=27]
2018-05-27 10:45:49,159 INFO  ProjectFixService - Project was maybe fixed
2018-05-27 10:45:49,159 INFO  ProjectTaskService - Detecting possible tasks...
2018-05-27 10:45:49,159 INFO  SysUtils - Execute command: [/tmp/rdisk/2579/src/gradlew, -b, /tmp/rdisk/2579/src/lib/build.gradle, -Dorg.gradle.daemon=false, -Dorg.gradle.daemon.performance.enable-monitoring=false, -Dorg.gradle.configureondemand=true, tasks]
2018-05-27 10:46:00,910 INFO  ProjectTaskService - Detected possible tasks: 67
2018-05-27 10:46:00,911 INFO  ProjectTaskService - Excluded tasks (16): lintDebug mockableAndroidJar deviceCheck lint testReleaseUnitTest deviceAndroidTest uninstallDebugAndroidTest installDebugAndroidTest connectedCheck connectedDebugAndroidTest uninstallAll test check testDebugUnitTest connectedAndroidTest lintRelease
2018-05-27 10:46:00,911 INFO  SysUtils - Execute command: [/tmp/rdisk/2579/src/gradlew, -b, /tmp/rdisk/2579/src/lib/build.gradle, -Dorg.gradle.daemon=false, -Dorg.gradle.daemon.performance.enable-monitoring=false, -Dorg.gradle.configureondemand=true, --stacktrace, -x, lintDebug, -x, mockableAndroidJar, -x, deviceCheck, -x, lint, -x, testReleaseUnitTest, -x, deviceAndroidTest, -x, uninstallDebugAndroidTest, -x, installDebugAndroidTest, -x, connectedCheck, -x, connectedDebugAndroidTest, -x, uninstallAll, -x, test, -x, check, -x, testDebugUnitTest, -x, connectedAndroidTest, -x, lintRelease, build]
2018-05-27 10:46:13,746 INFO  SysUtils - Configuration on demand is an incubating feature.
:rxpermissions:preBuild UP-TO-DATE
:rxpermissions:preDebugBuild UP-TO-DATE
:rxpermissions:checkDebugManifest
:rxpermissions:prepareDebugDependencies
:rxpermissions:compileDebugAidl
:rxpermissions:compileDebugNdk NO-SOURCE
:rxpermissions:compileLint
:rxpermissions:copyDebugLint NO-SOURCE
:rxpermissions:compileDebugRenderscript
:rxpermissions:generateDebugBuildConfig
:rxpermissions:generateDebugResValues
:rxpermissions:generateDebugResources
:rxpermissions:packageDebugResources
:rxpermissions:processDebugManifest
:rxpermissions:processDebugResources
:rxpermissions:generateDebugSources
:rxpermissions:incrementalDebugJavaCompilationSafeguard
:rxpermissions:javaPreCompileDebug
:rxpermissions:compileDebugJavaWithJavac
:rxpermissions:compileDebugJavaWithJavac - is not incremental (e.g. outputs have changed, no previous execution, etc.).
:rxpermissions:extractDebugAnnotations
:rxpermissions:mergeDebugShaders
:rxpermissions:compileDebugShaders
:rxpermissions:generateDebugAssets
:rxpermissions:mergeDebugAssets
:rxpermissions:mergeDebugProguardFiles
:rxpermissions:packageDebugRenderscript NO-SOURCE
:rxpermissions:processDebugJavaRes NO-SOURCE
:rxpermissions:transformResourcesWithMergeJavaResForDebug
:rxpermissions:transformClassesAndResourcesWithSyncLibJarsForDebug
:rxpermissions:mergeDebugJniLibFolders
:rxpermissions:transformNativeLibsWithMergeJniLibsForDebug
:rxpermissions:transformNativeLibsWithStripDebugSymbolForDebug
:rxpermissions:transformNativeLibsWithSyncJniLibsForDebug
:rxpermissions:bundleDebug
:rxpermissions:compileDebugSources
:rxpermissions:assembleDebug
:rxpermissions:preReleaseBuild UP-TO-DATE
:rxpermissions:checkReleaseManifest
:rxpermissions:prepareReleaseDependencies
:rxpermissions:compileReleaseAidl
:rxpermissions:compileReleaseNdk NO-SOURCE
:rxpermissions:copyReleaseLint NO-SOURCE
:rxpermissions:compileReleaseRenderscript
:rxpermissions:generateReleaseBuildConfig
:rxpermissions:generateReleaseResValues
:rxpermissions:generateReleaseResources
:rxpermissions:packageReleaseResources
:rxpermissions:processReleaseManifest
:rxpermissions:processReleaseResources
:rxpermissions:generateReleaseSources
:rxpermissions:incrementalReleaseJavaCompilationSafeguard
:rxpermissions:javaPreCompileRelease
:rxpermissions:compileReleaseJavaWithJavac
:rxpermissions:compileReleaseJavaWithJavac - is not incremental (e.g. outputs have changed, no previous execution, etc.).
:rxpermissions:extractReleaseAnnotations
:rxpermissions:mergeReleaseShaders
:rxpermissions:compileReleaseShaders
:rxpermissions:generateReleaseAssets
:rxpermissions:mergeReleaseAssets
:rxpermissions:mergeReleaseProguardFiles
:rxpermissions:packageReleaseRenderscript NO-SOURCE
:rxpermissions:processReleaseJavaRes NO-SOURCE
:rxpermissions:transformResourcesWithMergeJavaResForRelease
:rxpermissions:transformClassesAndResourcesWithSyncLibJarsForRelease
:rxpermissions:mergeReleaseJniLibFolders
:rxpermissions:transformNativeLibsWithMergeJniLibsForRelease
:rxpermissions:transformNativeLibsWithStripDebugSymbolForRelease
:rxpermissions:transformNativeLibsWithSyncJniLibsForRelease
:rxpermissions:bundleRelease
:rxpermissions:compileReleaseSources
:rxpermissions:assembleRelease
:rxpermissions:javadoc/tmp/rdisk/2579/src/lib/src/main/java/com/tbruyelle/rxpermissions2/RxPermissionsFragment.java:8: error: package android.support.annotation does not exist
import android.support.annotation.NonNull;
                                 ^
/tmp/rdisk/2579/src/lib/src/main/java/com/tbruyelle/rxpermissions2/RxPermissionsFragment.java:10: error: package io.reactivex.subjects does not exist
import io.reactivex.subjects.PublishSubject;
                            ^
/tmp/rdisk/2579/src/lib/src/main/java/com/tbruyelle/rxpermissions2/RxPermissionsFragment.java:20: error: cannot find symbol
    private Map<String, PublishSubject<Permission>> mSubjects = new HashMap<>();
                        ^
  symbol:   class PublishSubject
  location: class RxPermissionsFragment
/tmp/rdisk/2579/src/lib/src/main/java/com/tbruyelle/rxpermissions2/Permission.java:5: error: package io.reactivex does not exist
import io.reactivex.Observable;
                   ^
/tmp/rdisk/2579/src/lib/src/main/java/com/tbruyelle/rxpermissions2/Permission.java:6: error: package io.reactivex.functions does not exist
import io.reactivex.functions.BiConsumer;
                             ^
/tmp/rdisk/2579/src/lib/src/main/java/com/tbruyelle/rxpermissions2/Permission.java:7: error: package io.reactivex.functions does not exist
import io.reactivex.functions.Function;
                             ^
/tmp/rdisk/2579/src/lib/src/main/java/com/tbruyelle/rxpermissions2/Permission.java:8: error: package io.reactivex.functions does not exist
import io.reactivex.functions.Predicate;
                             ^
/tmp/rdisk/2579/src/lib/src/main/java/com/tbruyelle/rxpermissions2/RxPermissionsFragment.java:83: error: cannot find symbol
    public PublishSubject<Permission> getSubjectByPermission(@NonNull String permission) {
           ^
  symbol:   class PublishSubject
  location: class RxPermissionsFragment
/tmp/rdisk/2579/src/lib/src/main/java/com/tbruyelle/rxpermissions2/RxPermissionsFragment.java:91: error: cannot find symbol
    public PublishSubject<Permission> setSubjectForPermission(@NonNull String permission, @NonNull PublishSubject<Permission> subject) {
                                                                                                   ^
  symbol:   class PublishSubject
  location: class RxPermissionsFragment
/tmp/rdisk/2579/src/lib/src/main/java/com/tbruyelle/rxpermissions2/RxPermissionsFragment.java:91: error: cannot find symbol
    public PublishSubject<Permission> setSubjectForPermission(@NonNull String permission, @NonNull PublishSubject<Permission> subject) {
           ^
  symbol:   class PublishSubject
  location: class RxPermissionsFragment
/tmp/rdisk/2579/src/lib/src/main/java/com/tbruyelle/rxpermissions2/RxPermissions.java:21: error: package android.support.annotation does not exist
import android.support.annotation.NonNull;
                                 ^
/tmp/rdisk/2579/src/lib/src/main/java/com/tbruyelle/rxpermissions2/RxPermissions.java:27: error: package io.reactivex does not exist
import io.reactivex.Observable;
                   ^
/tmp/rdisk/2579/src/lib/src/main/java/com/tbruyelle/rxpermissions2/RxPermissions.java:28: error: package io.reactivex does not exist
import io.reactivex.ObservableSource;
                   ^
/tmp/rdisk/2579/src/lib/src/main/java/com/tbruyelle/rxpermissions2/RxPermissions.java:29: error: package io.reactivex does not exist
import io.reactivex.ObservableTransformer;
                   ^
/tmp/rdisk/2579/src/lib/src/main/java/com/tbruyelle/rxpermissions2/RxPermissions.java:30: error: package io.reactivex does not exist
import io.reactivex.Single;
                   ^
/tmp/rdisk/2579/src/lib/src/main/java/com/tbruyelle/rxpermissions2/RxPermissions.java:31: error: package io.reactivex does not exist
import io.reactivex.SingleSource;
                   ^
/tmp/rdisk/2579/src/lib/src/main/java/com/tbruyelle/rxpermissions2/RxPermissions.java:32: error: package io.reactivex does not exist
import io.reactivex.SingleTransformer;
                   ^
/tmp/rdisk/2579/src/lib/src/main/java/com/tbruyelle/rxpermissions2/RxPermissions.java:33: error: package io.reactivex.functions does not exist
import io.reactivex.functions.Function;
                             ^
/tmp/rdisk/2579/src/lib/src/main/java/com/tbruyelle/rxpermissions2/RxPermissions.java:34: error: package io.reactivex.subjects does not exist
import io.reactivex.subjects.PublishSubject;
                            ^
/tmp/rdisk/2579/src/lib/src/main/java/com/tbruyelle/rxpermissions2/RxPermissions.java:78: error: cannot find symbol
    public <T> ObservableTransformer<T, Boolean> ensure(final String... permissions) {
               ^
  symbol:   class ObservableTransformer
  location: class RxPermissions
/tmp/rdisk/2579/src/lib/src/main/java/com/tbruyelle/rxpermissions2/RxPermissions.java:115: error: cannot find symbol
    public <T> ObservableTransformer<T, Permission> ensureEach(final String... permissions) {
               ^
  symbol:   class ObservableTransformer
  location: class RxPermissions
/tmp/rdisk/2579/src/lib/src/main/java/com/tbruyelle/rxpermissions2/RxPermissions.java:131: error: cannot find symbol
    public <T> ObservableTransformer<T, Permission> ensureEachCombined(final String... permissions) {
               ^
  symbol:   class ObservableTransformer
  location: class RxPermissions
/tmp/rdisk/2579/src/lib/src/main/java/com/tbruyelle/rxpermissions2/RxPermissions.java:155: error: cannot find symbol
    public Observable<Boolean> request(final String... permissions) {
           ^
  symbol:   class Observable
  location: class RxPermissions
/tmp/rdisk/2579/src/lib/src/main/java/com/tbruyelle/rxpermissions2/RxPermissions.java:164: error: cannot find symbol
    public Observable<Permission> requestEach(final String... permissions) {
           ^
  symbol:   class Observable
  location: class RxPermissions
/tmp/rdisk/2579/src/lib/src/main/java/com/tbruyelle/rxpermissions2/RxPermissions.java:172: error: cannot find symbol
    public Observable<Permission> requestEachCombined(final String... permissions){
           ^
  symbol:   class Observable
  location: class RxPermissions
/tmp/rdisk/2579/src/lib/src/main/java/com/tbruyelle/rxpermissions2/RxPermissions.java:176: error: cannot find symbol
    Observable<Permission> request(final Observable<?> trigger, final String... permissions) {
                                         ^
  symbol:   class Observable
  location: class RxPermissions
/tmp/rdisk/2579/src/lib/src/main/java/com/tbruyelle/rxpermissions2/RxPermissions.java:176: error: cannot find symbol
    Observable<Permission> request(final Observable<?> trigger, final String... permissions) {
    ^
  symbol:   class Observable
  location: class RxPermissions
/tmp/rdisk/2579/src/lib/src/main/java/com/tbruyelle/rxpermissions2/RxPermissions.java:189: error: cannot find symbol
    private Observable<?> pending(final String... permissions) {
            ^
  symbol:   class Observable
  location: class RxPermissions
/tmp/rdisk/2579/src/lib/src/main/java/com/tbruyelle/rxpermissions2/RxPermissions.java:198: error: cannot find symbol
    private Observable<?> oneOf(Observable<?> trigger, Observable<?> pending) {
                                ^
  symbol:   class Observable
  location: class RxPermissions
/tmp/rdisk/2579/src/lib/src/main/java/com/tbruyelle/rxpermissions2/RxPermissions.java:198: error: cannot find symbol
    private Observable<?> oneOf(Observable<?> trigger, Observable<?> pending) {
                                                       ^
  symbol:   class Observable
  location: class RxPermissions
/tmp/rdisk/2579/src/lib/src/main/java/com/tbruyelle/rxpermissions2/RxPermissions.java:198: error: cannot find symbol
    private Observable<?> oneOf(Observable<?> trigger, Observable<?> pending) {
            ^
  symbol:   class Observable
  location: class RxPermissions
/tmp/rdisk/2579/src/lib/src/main/java/com/tbruyelle/rxpermissions2/RxPermissions.java:206: error: cannot find symbol
    Observable<Permission> requestImplementation(final String... permissions) {
    ^
  symbol:   class Observable
  location: class RxPermissions
/tmp/rdisk/2579/src/lib/src/main/java/com/tbruyelle/rxpermissions2/RxPermissions.java:258: error: cannot find symbol
    public Observable<Boolean> shouldShowRequestPermissionRationale(final Activity activity, final String... permissions) {
           ^
  symbol:   class Observable
  location: class RxPermissions
/tmp/rdisk/2579/src/lib/src/main/java/com/tbruyelle/rxpermissions2/RxPermissionsFragment.java:33: error: cannot find symbol
    void requestPermissions(@NonNull String[] permissions) {
                             ^
  symbol:   class NonNull
  location: class RxPermissionsFragment
/tmp/rdisk/2579/src/lib/src/main/java/com/tbruyelle/rxpermissions2/RxPermissionsFragment.java:38: error: cannot find symbol
    public void onRequestPermissionsResult(int requestCode, @NonNull String permissions[], @NonNull int[] grantResults) {
                                                             ^
  symbol:   class NonNull
  location: class RxPermissionsFragment
/tmp/rdisk/2579/src/lib/src/main/java/com/tbruyelle/rxpermissions2/RxPermissionsFragment.java:38: error: cannot find symbol
    public void onRequestPermissionsResult(int requestCode, @NonNull String permissions[], @NonNull int[] grantResults) {
                                                                                            ^
  symbol:   class NonNull
  location: class RxPermissionsFragment
/tmp/rdisk/2579/src/lib/src/main/java/com/tbruyelle/rxpermissions2/RxPermissionsFragment.java:83: error: cannot find symbol
    public PublishSubject<Permission> getSubjectByPermission(@NonNull String permission) {
                                                              ^
  symbol:   class NonNull
  location: class RxPermissionsFragment
/tmp/rdisk/2579/src/lib/src/main/java/com/tbruyelle/rxpermissions2/RxPermissionsFragment.java:87: error: cannot find symbol
    public boolean containsByPermission(@NonNull String permission) {
                                         ^
  symbol:   class NonNull
  location: class RxPermissionsFragment
/tmp/rdisk/2579/src/lib/src/main/java/com/tbruyelle/rxpermissions2/RxPermissionsFragment.java:91: error: cannot find symbol
    public PublishSubject<Permission> setSubjectForPermission(@NonNull String permission, @NonNull PublishSubject<Permission> subject) {
                                                               ^
  symbol:   class NonNull
  location: class RxPermissionsFragment
/tmp/rdisk/2579/src/lib/src/main/java/com/tbruyelle/rxpermissions2/RxPermissionsFragment.java:91: error: cannot find symbol
    public PublishSubject<Permission> setSubjectForPermission(@NonNull String permission, @NonNull PublishSubject<Permission> subject) {
                                                                                           ^
  symbol:   class NonNull
  location: class RxPermissionsFragment
/tmp/rdisk/2579/src/lib/src/main/java/com/tbruyelle/rxpermissions2/RxPermissions.java:43: error: cannot find symbol
    public RxPermissions(@NonNull Activity activity) {
                          ^
  symbol:   class NonNull
  location: class RxPermissions
/tmp/rdisk/2579/src/lib/src/main/java/com/tbruyelle/rxpermissions2/RxPermissions.java:78: warning: no @param for <T>
    public <T> ObservableTransformer<T, Boolean> ensure(final String... permissions) {
                                                 ^
/tmp/rdisk/2579/src/lib/src/main/java/com/tbruyelle/rxpermissions2/RxPermissions.java:78: warning: no @param for permissions
    public <T> ObservableTransformer<T, Boolean> ensure(final String... permissions) {
                                                 ^
/tmp/rdisk/2579/src/lib/src/main/java/com/tbruyelle/rxpermissions2/RxPermissions.java:115: warning: no @param for <T>
    public <T> ObservableTransformer<T, Permission> ensureEach(final String... permissions) {
                                                    ^
/tmp/rdisk/2579/src/lib/src/main/java/com/tbruyelle/rxpermissions2/RxPermissions.java:115: warning: no @param for permissions
    public <T> ObservableTransformer<T, Permission> ensureEach(final String... permissions) {
                                                    ^
/tmp/rdisk/2579/src/lib/src/main/java/com/tbruyelle/rxpermissions2/RxPermissions.java:131: warning: no @param for <T>
    public <T> ObservableTransformer<T, Permission> ensureEachCombined(final String... permissions) {
                                                    ^
/tmp/rdisk/2579/src/lib/src/main/java/com/tbruyelle/rxpermissions2/RxPermissions.java:131: warning: no @param for permissions
    public <T> ObservableTransformer<T, Permission> ensureEachCombined(final String... permissions) {
                                                    ^
/tmp/rdisk/2579/src/lib/src/main/java/com/tbruyelle/rxpermissions2/RxPermissions.java:155: warning: no @param for permissions
    public Observable<Boolean> request(final String... permissions) {
                               ^
/tmp/rdisk/2579/src/lib/src/main/java/com/tbruyelle/rxpermissions2/RxPermissions.java:164: warning: no @param for permissions
    public Observable<Permission> requestEach(final String... permissions) {
                                  ^
/tmp/rdisk/2579/src/lib/src/main/java/com/tbruyelle/rxpermissions2/RxPermissions.java:172: warning: no @param for permissions
    public Observable<Permission> requestEachCombined(final String... permissions){
                                  ^
/tmp/rdisk/2579/src/lib/src/main/java/com/tbruyelle/rxpermissions2/RxPermissions.java:258: warning: no @param for activity
    public Observable<Boolean> shouldShowRequestPermissionRationale(final Activity activity, final String... permissions) {
                               ^
/tmp/rdisk/2579/src/lib/src/main/java/com/tbruyelle/rxpermissions2/RxPermissions.java:258: warning: no @param for permissions
    public Observable<Boolean> shouldShowRequestPermissionRationale(final Activity activity, final String... permissions) {
                               ^
/tmp/rdisk/2579/src/lib/src/main/java/com/tbruyelle/rxpermissions2/RxPermissions.java:287: warning: no @param for permission
    public boolean isGranted(String permission) {
                   ^
/tmp/rdisk/2579/src/lib/src/main/java/com/tbruyelle/rxpermissions2/RxPermissions.java:287: warning: no @return
    public boolean isGranted(String permission) {
                   ^
/tmp/rdisk/2579/src/lib/src/main/java/com/tbruyelle/rxpermissions2/RxPermissions.java:297: warning: no @param for permission
    public boolean isRevoked(String permission) {
                   ^
/tmp/rdisk/2579/src/lib/src/main/java/com/tbruyelle/rxpermissions2/RxPermissions.java:297: warning: no @return
    public boolean isRevoked(String permission) {
                   ^
javadoc: warning - Class NonNull not found.
javadoc: warning - Class NonNull not found.
javadoc: warning - Class NonNull not found.
javadoc: warning - Class NonNull not found.
javadoc: warning - Class NonNull not found.
javadoc: warning - Class NonNull not found.
javadoc: warning - Class NonNull not found.

63 warnings
:rxpermissions:javadocJar
:rxpermissions:sourcesJar
:rxpermissions:assemble
:rxpermissions:build

BUILD SUCCESSFUL

Total time: 12.571 secs

2018-05-27 10:46:13,754 INFO  ProjectTaskService - Detecting possible tasks...
2018-05-27 10:46:13,754 INFO  SysUtils - Execute command: [/tmp/rdisk/2579/src/gradlew, -b, /tmp/rdisk/2579/src/sample/build.gradle, -Dorg.gradle.daemon=false, -Dorg.gradle.daemon.performance.enable-monitoring=false, -Dorg.gradle.configureondemand=true, tasks]
2018-05-27 10:46:21,694 INFO  ProjectTaskService - Detected possible tasks: 65
2018-05-27 10:46:21,695 INFO  ProjectTaskService - Excluded tasks (19): lintDebug mockableAndroidJar deviceCheck lint testReleaseUnitTest uninstallRelease deviceAndroidTest uninstallDebugAndroidTest installDebugAndroidTest connectedCheck connectedDebugAndroidTest uninstallAll test check testDebugUnitTest connectedAndroidTest installDebug lintRelease uninstallDebug
2018-05-27 10:46:21,695 INFO  SysUtils - Execute command: [/tmp/rdisk/2579/src/gradlew, -b, /tmp/rdisk/2579/src/sample/build.gradle, -Dorg.gradle.daemon=false, -Dorg.gradle.daemon.performance.enable-monitoring=false, -Dorg.gradle.configureondemand=true, --stacktrace, -x, lintDebug, -x, mockableAndroidJar, -x, deviceCheck, -x, lint, -x, testReleaseUnitTest, -x, uninstallRelease, -x, deviceAndroidTest, -x, uninstallDebugAndroidTest, -x, installDebugAndroidTest, -x, connectedCheck, -x, connectedDebugAndroidTest, -x, uninstallAll, -x, test, -x, check, -x, testDebugUnitTest, -x, connectedAndroidTest, -x, installDebug, -x, lintRelease, -x, uninstallDebug, build]
2018-05-27 10:46:48,146 INFO  SysUtils - Configuration on demand is an incubating feature.
:rxpermissions:preBuild UP-TO-DATE
:rxpermissions:preReleaseBuild UP-TO-DATE
:rxpermissions:checkReleaseManifest
:rxpermissions:prepareReleaseDependencies
:rxpermissions:compileReleaseAidl UP-TO-DATE
:rxpermissions:compileReleaseNdk NO-SOURCE
:rxpermissions:compileLint UP-TO-DATE
:rxpermissions:copyReleaseLint NO-SOURCE
:rxpermissions:compileReleaseRenderscript UP-TO-DATE
:rxpermissions:generateReleaseBuildConfig UP-TO-DATE
:rxpermissions:generateReleaseResValues UP-TO-DATE
:rxpermissions:generateReleaseResources UP-TO-DATE
:rxpermissions:packageReleaseResources UP-TO-DATE
:rxpermissions:processReleaseManifest UP-TO-DATE
:rxpermissions:processReleaseResources UP-TO-DATE
:rxpermissions:generateReleaseSources UP-TO-DATE
:rxpermissions:incrementalReleaseJavaCompilationSafeguard UP-TO-DATE
:rxpermissions:javaPreCompileRelease
:rxpermissions:compileReleaseJavaWithJavac UP-TO-DATE
:rxpermissions:extractReleaseAnnotations UP-TO-DATE
:rxpermissions:mergeReleaseShaders UP-TO-DATE
:rxpermissions:compileReleaseShaders UP-TO-DATE
:rxpermissions:generateReleaseAssets UP-TO-DATE
:rxpermissions:mergeReleaseAssets UP-TO-DATE
:rxpermissions:mergeReleaseProguardFiles UP-TO-DATE
:rxpermissions:packageReleaseRenderscript NO-SOURCE
:rxpermissions:processReleaseJavaRes NO-SOURCE
:rxpermissions:transformResourcesWithMergeJavaResForRelease UP-TO-DATE
:rxpermissions:transformClassesAndResourcesWithSyncLibJarsForRelease UP-TO-DATE
:rxpermissions:mergeReleaseJniLibFolders UP-TO-DATE
:rxpermissions:transformNativeLibsWithMergeJniLibsForRelease UP-TO-DATE
:rxpermissions:transformNativeLibsWithStripDebugSymbolForRelease UP-TO-DATE
:rxpermissions:transformNativeLibsWithSyncJniLibsForRelease UP-TO-DATE
:rxpermissions:bundleRelease UP-TO-DATE
:sample:preBuild UP-TO-DATE
:sample:preDebugBuild UP-TO-DATE
:sample:checkDebugManifest
:sample:preReleaseBuild UP-TO-DATE
:sample:prepareComAndroidSupportAnimatedVectorDrawable2520Library
:sample:prepareComAndroidSupportAppcompatV72520Library
:sample:prepareComAndroidSupportSupportCompat2520Library
:sample:prepareComAndroidSupportSupportCoreUi2520Library
:sample:prepareComAndroidSupportSupportCoreUtils2520Library
:sample:prepareComAndroidSupportSupportFragment2520Library
:sample:prepareComAndroidSupportSupportMediaCompat2520Library
:sample:prepareComAndroidSupportSupportV42520Library
:sample:prepareComAndroidSupportSupportVectorDrawable2520Library
:sample:prepareComJakewhartonRxbindingRxbinding040Library
:sample:prepareIoReactivexRxandroid110Library
:sample:prepareDebugDependencies
:sample:compileDebugAidl
:sample:compileDebugRenderscript
:sample:generateDebugBuildConfig
:sample:generateDebugResValues
:sample:generateDebugResources
:sample:mergeDebugResources
:sample:processDebugManifest
:sample:processDebugResources
:sample:generateDebugSources
:sample:incrementalDebugJavaCompilationSafeguard
:sample:javaPreCompileDebug
:sample:compileDebugJavaWithJavac
:sample:compileDebugJavaWithJavac - is not incremental (e.g. outputs have changed, no previous execution, etc.).
Note: /tmp/rdisk/2579/src/sample/src/main/java/com/tbruyelle/rxpermissions2/sample/MainActivity.java uses or overrides a deprecated API.
Note: Recompile with -Xlint:deprecation for details.
:sample:compileDebugNdk NO-SOURCE
:sample:compileDebugSources
:sample:mergeDebugShaders
:sample:compileDebugShaders
:sample:generateDebugAssets
:sample:mergeDebugAssets
:sample:transformClassesWithDexForDebug
:sample:mergeDebugJniLibFolders
:sample:transformNativeLibsWithMergeJniLibsForDebug
:sample:transformNativeLibsWithStripDebugSymbolForDebug
:sample:processDebugJavaRes NO-SOURCE
:sample:transformResourcesWithMergeJavaResForDebug
:sample:validateSigningDebug
:sample:packageDebug
:sample:assembleDebug
:sample:checkReleaseManifest
:sample:prepareReleaseDependencies
:sample:compileReleaseAidl
:sample:compileReleaseRenderscript
:sample:generateReleaseBuildConfig
:sample:generateReleaseResValues
:sample:generateReleaseResources
:sample:mergeReleaseResources
:sample:processReleaseManifest
:sample:processReleaseResources
:sample:generateReleaseSources
:sample:incrementalReleaseJavaCompilationSafeguard
:sample:javaPreCompileRelease
:sample:compileReleaseJavaWithJavac
:sample:compileReleaseJavaWithJavac - is not incremental (e.g. outputs have changed, no previous execution, etc.).
Note: /tmp/rdisk/2579/src/sample/src/main/java/com/tbruyelle/rxpermissions2/sample/MainActivity.java uses or overrides a deprecated API.
Note: Recompile with -Xlint:deprecation for details.
:sample:compileReleaseNdk NO-SOURCE
:sample:compileReleaseSources
:sample:lintVitalRelease
:sample:mergeReleaseShaders
:sample:compileReleaseShaders
:sample:generateReleaseAssets
:sample:mergeReleaseAssets
:sample:transformClassesWithDexForRelease
:sample:mergeReleaseJniLibFolders
:sample:transformNativeLibsWithMergeJniLibsForRelease
:sample:transformNativeLibsWithStripDebugSymbolForRelease
:sample:processReleaseJavaRes NO-SOURCE
:sample:transformResourcesWithMergeJavaResForRelease
:sample:packageRelease
:sample:assembleRelease
:sample:assemble
:sample:build

BUILD SUCCESSFUL

Total time: 26.161 secs

2018-05-27 10:46:48,196 INFO  FullProcessService - Found APK file: /tmp/rdisk/2579/src/sample/build/outputs/apk/sample-release-unsigned.apk
