2018-05-20 22:41:00,608 INFO  DownloadService - Downloading "https://github.com/victorhaggqvist/AboutIt/archive/master.zip", attempt 3
2018-05-20 22:42:01,316 INFO  GithubDownloadService - Could not find ZIP archive for master branch
2018-05-20 22:42:02,033 INFO  GithubDownloadService - Default branch of this repository: master
2018-05-20 22:42:02,034 INFO  DownloadService - Downloading "https://github.com/victorhaggqvist/AboutIt/archive/master.zip", attempt 3
2018-05-20 22:43:03,403 DEBUG FullProcessService - Repository https://github.com/victorhaggqvist/AboutIt available: true
2018-05-20 22:43:03,404 INFO  FullProcessService - Could not download ZIP file from Github, lets clone it
2018-05-20 22:43:03,404 INFO  SysUtils - Execute command: [git, clone, -q, --single-branch, --depth, 1, https://github.com/victorhaggqvist/AboutIt, /tmp/rdisk/2503/src]
2018-05-20 22:43:05,691 INFO  SysUtils - 
2018-05-20 22:43:05,696 INFO  GitService - Deleted "/tmp/rdisk/2503/src/.git": true
2018-05-20 22:43:05,707 INFO  FullProcessService - Size of directory with sources: 475 KB
2018-05-20 22:43:05,707 INFO  SysUtils - Execute command: [git, init, /tmp/rdisk/2503/src]
2018-05-20 22:43:05,711 INFO  SysUtils - Initialized empty Git repository in /tmp/rdisk/2503/src/.git/

2018-05-20 22:43:05,715 INFO  ProjectBuildService - Gradle wrapper(s): /tmp/rdisk/2503/src/gradlew
2018-05-20 22:43:05,718 INFO  ProjectBuildService - Build script(s): /tmp/rdisk/2503/src/aboutit-meta/build.gradle /tmp/rdisk/2503/src/aboutit-sample/build.gradle /tmp/rdisk/2503/src/aboutit/build.gradle /tmp/rdisk/2503/src/build.gradle
2018-05-20 22:43:05,721 INFO  ProjectBuildService - All script(s): /tmp/rdisk/2503/src/settings.gradle /tmp/rdisk/2503/src/build.gradle /tmp/rdisk/2503/src/aboutit/build.gradle /tmp/rdisk/2503/src/aboutit-sample/build.gradle /tmp/rdisk/2503/src/aboutit-meta/build.gradle
2018-05-20 22:43:05,721 INFO  ProjectBuildService - Remote scripts: none
2018-05-20 22:43:05,721 INFO  ProjectFixService - Fixing project...
2018-05-20 22:43:05,728 INFO  LocalPropertiesFixService - Created fake /tmp/rdisk/2503/src/aboutit-meta/local.properties
2018-05-20 22:43:05,728 INFO  ProjectFixService - Build info for "/tmp/rdisk/2503/src/aboutit-meta/build.gradle": [buildToolsVersion=23.0.1,compileSdkVersion=23,minSdkVersion=14,targetSdkVersion=23]
2018-05-20 22:43:05,729 INFO  LocalPropertiesFixService - Created fake /tmp/rdisk/2503/src/aboutit-sample/local.properties
2018-05-20 22:43:05,729 INFO  ProjectFixService - Build info for "/tmp/rdisk/2503/src/aboutit-sample/build.gradle": [buildToolsVersion=23.0.1,compileSdkVersion=23,minSdkVersion=14,targetSdkVersion=23]
2018-05-20 22:43:05,729 INFO  LocalPropertiesFixService - Created fake /tmp/rdisk/2503/src/aboutit/local.properties
2018-05-20 22:43:05,729 INFO  ProjectFixService - Build info for "/tmp/rdisk/2503/src/aboutit/build.gradle": [buildToolsVersion=23.0.1,compileSdkVersion=23,minSdkVersion=14,targetSdkVersion=23]
2018-05-20 22:43:05,730 INFO  LocalPropertiesFixService - Created fake /tmp/rdisk/2503/src/local.properties
2018-05-20 22:43:05,730 INFO  WrapperPropertiesFixService - Gradle wrapper: https://services.gradle.org/distributions/gradle-2.2.1-all.zip
2018-05-20 22:43:05,730 INFO  WrapperPropertiesFixService - Gradle wrapper was changed from "-all.zip" to "-bin.zip" (https://services.gradle.org/distributions/gradle-2.2.1-bin.zip)
2018-05-20 22:43:05,731 INFO  ProjectFixService - Build info for "/tmp/rdisk/2503/src/build.gradle": [buildToolsVersion=23.0.1,compileSdkVersion=23,minSdkVersion=14,targetSdkVersion=23]
2018-05-20 22:43:05,731 INFO  ProjectFixService - Project was maybe fixed
2018-05-20 22:43:05,731 INFO  ProjectTaskService - Detecting possible tasks...
2018-05-20 22:43:05,731 INFO  SysUtils - Execute command: [/tmp/rdisk/2503/src/gradlew, -b, /tmp/rdisk/2503/src/aboutit-meta/build.gradle, -Dorg.gradle.daemon=false, -Dorg.gradle.daemon.performance.enable-monitoring=false, -Dorg.gradle.configureondemand=true, tasks]
2018-05-20 22:43:05,824 ERROR ProjectTaskService - Could not detect possible Gradle tasks: Process exited with an error: 1 (Exit value: 1)
2018-05-20 22:43:05,824 INFO  ProjectTaskService - Detected possible tasks: 0
2018-05-20 22:43:05,824 INFO  ProjectTaskService - Excluded tasks (0): none
2018-05-20 22:43:05,825 INFO  SysUtils - Execute command: [/tmp/rdisk/2503/src/gradlew, -b, /tmp/rdisk/2503/src/aboutit-meta/build.gradle, -Dorg.gradle.daemon=false, -Dorg.gradle.daemon.performance.enable-monitoring=false, -Dorg.gradle.configureondemand=true, --stacktrace, build]
2018-05-20 22:43:05,928 ERROR SysUtils - Could not process external command
org.apache.commons.exec.ExecuteException: Process exited with an error: 1 (Exit value: 1)
	at org.apache.commons.exec.DefaultExecutor.executeInternal(DefaultExecutor.java:404)
	at org.apache.commons.exec.DefaultExecutor.execute(DefaultExecutor.java:166)
	at com.github.vbauer.apkmaster.util.SysUtils.execute(SysUtils.java:67)
	at com.github.vbauer.apkmaster.util.SysUtils.executeSimple(SysUtils.java:43)
	at com.github.vbauer.apkmaster.service.assembly.ProjectBuildService.buildProject(ProjectBuildService.java:78)
	at com.github.vbauer.apkmaster.service.assembly.ProjectBuildService.buildProject(ProjectBuildService.java:64)
	at com.github.vbauer.apkmaster.service.assembly.ProjectBuildService.buildProject(ProjectBuildService.java:43)
	at com.github.vbauer.apkmaster.service.FullProcessService.build(FullProcessService.java:84)
	at com.github.vbauer.apkmaster.service.FullProcessService.process(FullProcessService.java:34)
	at com.github.vbauer.apkmaster.app.MainApplication.process(MainApplication.java:38)
	at com.github.vbauer.apkmaster.app.MainApplication.main(MainApplication.java:20)
	at sun.reflect.GeneratedMethodAccessor8.invoke(Unknown Source)
	at sun.reflect.DelegatingMethodAccessorImpl.invoke(DelegatingMethodAccessorImpl.java:43)
	at java.lang.reflect.Method.invoke(Method.java:498)
	at com.android.arsenal.util.ReflectionUtils.invoke(ReflectionUtils.java:42)
	at com.android.arsenal.util.ApkMasterUtils.main(ApkMasterUtils.java:30)
	at com.android.arsenal.service.processor.impl.BuildProcessorServiceImpl.buildProject(BuildProcessorServiceImpl.java:197)
	at com.android.arsenal.service.processor.impl.BuildProcessorServiceImpl.build(BuildProcessorServiceImpl.java:131)
	at com.android.arsenal.service.processor.impl.BuildProcessorServiceImpl.lambda$null$1(BuildProcessorServiceImpl.java:114)
	at java.util.concurrent.FutureTask.run(FutureTask.java:266)
	at java.util.concurrent.Executors$RunnableAdapter.call(Executors.java:511)
	at java.util.concurrent.FutureTask.run(FutureTask.java:266)
	at java.util.concurrent.ThreadPoolExecutor.runWorker(ThreadPoolExecutor.java:1149)
	at java.util.concurrent.ThreadPoolExecutor$Worker.run(ThreadPoolExecutor.java:624)
	at java.lang.Thread.run(Thread.java:748)
2018-05-20 22:43:05,928 INFO  SysUtils - Error: Could not find or load main class org.gradle.wrapper.GradleWrapperMain

2018-05-20 22:43:05,931 INFO  ProjectTaskService - Detecting possible tasks...
2018-05-20 22:43:05,931 INFO  SysUtils - Execute command: [/tmp/rdisk/2503/src/gradlew, -b, /tmp/rdisk/2503/src/aboutit-sample/build.gradle, -Dorg.gradle.daemon=false, -Dorg.gradle.daemon.performance.enable-monitoring=false, -Dorg.gradle.configureondemand=true, tasks]
2018-05-20 22:43:06,028 ERROR ProjectTaskService - Could not detect possible Gradle tasks: Process exited with an error: 1 (Exit value: 1)
2018-05-20 22:43:06,028 INFO  ProjectTaskService - Detected possible tasks: 0
2018-05-20 22:43:06,028 INFO  ProjectTaskService - Excluded tasks (0): none
2018-05-20 22:43:06,028 INFO  SysUtils - Execute command: [/tmp/rdisk/2503/src/gradlew, -b, /tmp/rdisk/2503/src/aboutit-sample/build.gradle, -Dorg.gradle.daemon=false, -Dorg.gradle.daemon.performance.enable-monitoring=false, -Dorg.gradle.configureondemand=true, --stacktrace, build]
2018-05-20 22:43:06,120 ERROR SysUtils - Could not process external command
org.apache.commons.exec.ExecuteException: Process exited with an error: 1 (Exit value: 1)
	at org.apache.commons.exec.DefaultExecutor.executeInternal(DefaultExecutor.java:404)
	at org.apache.commons.exec.DefaultExecutor.execute(DefaultExecutor.java:166)
	at com.github.vbauer.apkmaster.util.SysUtils.execute(SysUtils.java:67)
	at com.github.vbauer.apkmaster.util.SysUtils.executeSimple(SysUtils.java:43)
	at com.github.vbauer.apkmaster.service.assembly.ProjectBuildService.buildProject(ProjectBuildService.java:78)
	at com.github.vbauer.apkmaster.service.assembly.ProjectBuildService.buildProject(ProjectBuildService.java:64)
	at com.github.vbauer.apkmaster.service.assembly.ProjectBuildService.buildProject(ProjectBuildService.java:43)
	at com.github.vbauer.apkmaster.service.FullProcessService.build(FullProcessService.java:84)
	at com.github.vbauer.apkmaster.service.FullProcessService.process(FullProcessService.java:34)
	at com.github.vbauer.apkmaster.app.MainApplication.process(MainApplication.java:38)
	at com.github.vbauer.apkmaster.app.MainApplication.main(MainApplication.java:20)
	at sun.reflect.GeneratedMethodAccessor8.invoke(Unknown Source)
	at sun.reflect.DelegatingMethodAccessorImpl.invoke(DelegatingMethodAccessorImpl.java:43)
	at java.lang.reflect.Method.invoke(Method.java:498)
	at com.android.arsenal.util.ReflectionUtils.invoke(ReflectionUtils.java:42)
	at com.android.arsenal.util.ApkMasterUtils.main(ApkMasterUtils.java:30)
	at com.android.arsenal.service.processor.impl.BuildProcessorServiceImpl.buildProject(BuildProcessorServiceImpl.java:197)
	at com.android.arsenal.service.processor.impl.BuildProcessorServiceImpl.build(BuildProcessorServiceImpl.java:131)
	at com.android.arsenal.service.processor.impl.BuildProcessorServiceImpl.lambda$null$1(BuildProcessorServiceImpl.java:114)
	at java.util.concurrent.FutureTask.run(FutureTask.java:266)
	at java.util.concurrent.Executors$RunnableAdapter.call(Executors.java:511)
	at java.util.concurrent.FutureTask.run(FutureTask.java:266)
	at java.util.concurrent.ThreadPoolExecutor.runWorker(ThreadPoolExecutor.java:1149)
	at java.util.concurrent.ThreadPoolExecutor$Worker.run(ThreadPoolExecutor.java:624)
	at java.lang.Thread.run(Thread.java:748)
2018-05-20 22:43:06,120 INFO  SysUtils - Error: Could not find or load main class org.gradle.wrapper.GradleWrapperMain

2018-05-20 22:43:06,123 INFO  ProjectTaskService - Detecting possible tasks...
2018-05-20 22:43:06,123 INFO  SysUtils - Execute command: [/tmp/rdisk/2503/src/gradlew, -b, /tmp/rdisk/2503/src/aboutit/build.gradle, -Dorg.gradle.daemon=false, -Dorg.gradle.daemon.performance.enable-monitoring=false, -Dorg.gradle.configureondemand=true, tasks]
2018-05-20 22:43:06,217 ERROR ProjectTaskService - Could not detect possible Gradle tasks: Process exited with an error: 1 (Exit value: 1)
2018-05-20 22:43:06,217 INFO  ProjectTaskService - Detected possible tasks: 0
2018-05-20 22:43:06,217 INFO  ProjectTaskService - Excluded tasks (0): none
2018-05-20 22:43:06,217 INFO  SysUtils - Execute command: [/tmp/rdisk/2503/src/gradlew, -b, /tmp/rdisk/2503/src/aboutit/build.gradle, -Dorg.gradle.daemon=false, -Dorg.gradle.daemon.performance.enable-monitoring=false, -Dorg.gradle.configureondemand=true, --stacktrace, build]
2018-05-20 22:43:06,310 ERROR SysUtils - Could not process external command
org.apache.commons.exec.ExecuteException: Process exited with an error: 1 (Exit value: 1)
	at org.apache.commons.exec.DefaultExecutor.executeInternal(DefaultExecutor.java:404)
	at org.apache.commons.exec.DefaultExecutor.execute(DefaultExecutor.java:166)
	at com.github.vbauer.apkmaster.util.SysUtils.execute(SysUtils.java:67)
	at com.github.vbauer.apkmaster.util.SysUtils.executeSimple(SysUtils.java:43)
	at com.github.vbauer.apkmaster.service.assembly.ProjectBuildService.buildProject(ProjectBuildService.java:78)
	at com.github.vbauer.apkmaster.service.assembly.ProjectBuildService.buildProject(ProjectBuildService.java:64)
	at com.github.vbauer.apkmaster.service.assembly.ProjectBuildService.buildProject(ProjectBuildService.java:43)
	at com.github.vbauer.apkmaster.service.FullProcessService.build(FullProcessService.java:84)
	at com.github.vbauer.apkmaster.service.FullProcessService.process(FullProcessService.java:34)
	at com.github.vbauer.apkmaster.app.MainApplication.process(MainApplication.java:38)
	at com.github.vbauer.apkmaster.app.MainApplication.main(MainApplication.java:20)
	at sun.reflect.GeneratedMethodAccessor8.invoke(Unknown Source)
	at sun.reflect.DelegatingMethodAccessorImpl.invoke(DelegatingMethodAccessorImpl.java:43)
	at java.lang.reflect.Method.invoke(Method.java:498)
	at com.android.arsenal.util.ReflectionUtils.invoke(ReflectionUtils.java:42)
	at com.android.arsenal.util.ApkMasterUtils.main(ApkMasterUtils.java:30)
	at com.android.arsenal.service.processor.impl.BuildProcessorServiceImpl.buildProject(BuildProcessorServiceImpl.java:197)
	at com.android.arsenal.service.processor.impl.BuildProcessorServiceImpl.build(BuildProcessorServiceImpl.java:131)
	at com.android.arsenal.service.processor.impl.BuildProcessorServiceImpl.lambda$null$1(BuildProcessorServiceImpl.java:114)
	at java.util.concurrent.FutureTask.run(FutureTask.java:266)
	at java.util.concurrent.Executors$RunnableAdapter.call(Executors.java:511)
	at java.util.concurrent.FutureTask.run(FutureTask.java:266)
	at java.util.concurrent.ThreadPoolExecutor.runWorker(ThreadPoolExecutor.java:1149)
	at java.util.concurrent.ThreadPoolExecutor$Worker.run(ThreadPoolExecutor.java:624)
	at java.lang.Thread.run(Thread.java:748)
2018-05-20 22:43:06,310 INFO  SysUtils - Error: Could not find or load main class org.gradle.wrapper.GradleWrapperMain

2018-05-20 22:43:06,313 INFO  ProjectTaskService - Detecting possible tasks...
2018-05-20 22:43:06,314 INFO  SysUtils - Execute command: [/tmp/rdisk/2503/src/gradlew, -b, /tmp/rdisk/2503/src/build.gradle, -Dorg.gradle.daemon=false, -Dorg.gradle.daemon.performance.enable-monitoring=false, -Dorg.gradle.configureondemand=true, tasks]
2018-05-20 22:43:06,413 ERROR ProjectTaskService - Could not detect possible Gradle tasks: Process exited with an error: 1 (Exit value: 1)
2018-05-20 22:43:06,413 INFO  ProjectTaskService - Detected possible tasks: 0
2018-05-20 22:43:06,413 INFO  ProjectTaskService - Excluded tasks (0): none
2018-05-20 22:43:06,413 INFO  SysUtils - Execute command: [/tmp/rdisk/2503/src/gradlew, -b, /tmp/rdisk/2503/src/build.gradle, -Dorg.gradle.daemon=false, -Dorg.gradle.daemon.performance.enable-monitoring=false, -Dorg.gradle.configureondemand=true, --stacktrace, build]
2018-05-20 22:43:06,507 ERROR SysUtils - Could not process external command
org.apache.commons.exec.ExecuteException: Process exited with an error: 1 (Exit value: 1)
	at org.apache.commons.exec.DefaultExecutor.executeInternal(DefaultExecutor.java:404)
	at org.apache.commons.exec.DefaultExecutor.execute(DefaultExecutor.java:166)
	at com.github.vbauer.apkmaster.util.SysUtils.execute(SysUtils.java:67)
	at com.github.vbauer.apkmaster.util.SysUtils.executeSimple(SysUtils.java:43)
	at com.github.vbauer.apkmaster.service.assembly.ProjectBuildService.buildProject(ProjectBuildService.java:78)
	at com.github.vbauer.apkmaster.service.assembly.ProjectBuildService.buildProject(ProjectBuildService.java:64)
	at com.github.vbauer.apkmaster.service.assembly.ProjectBuildService.buildProject(ProjectBuildService.java:43)
	at com.github.vbauer.apkmaster.service.FullProcessService.build(FullProcessService.java:84)
	at com.github.vbauer.apkmaster.service.FullProcessService.process(FullProcessService.java:34)
	at com.github.vbauer.apkmaster.app.MainApplication.process(MainApplication.java:38)
	at com.github.vbauer.apkmaster.app.MainApplication.main(MainApplication.java:20)
	at sun.reflect.GeneratedMethodAccessor8.invoke(Unknown Source)
	at sun.reflect.DelegatingMethodAccessorImpl.invoke(DelegatingMethodAccessorImpl.java:43)
	at java.lang.reflect.Method.invoke(Method.java:498)
	at com.android.arsenal.util.ReflectionUtils.invoke(ReflectionUtils.java:42)
	at com.android.arsenal.util.ApkMasterUtils.main(ApkMasterUtils.java:30)
	at com.android.arsenal.service.processor.impl.BuildProcessorServiceImpl.buildProject(BuildProcessorServiceImpl.java:197)
	at com.android.arsenal.service.processor.impl.BuildProcessorServiceImpl.build(BuildProcessorServiceImpl.java:131)
	at com.android.arsenal.service.processor.impl.BuildProcessorServiceImpl.lambda$null$1(BuildProcessorServiceImpl.java:114)
	at java.util.concurrent.FutureTask.run(FutureTask.java:266)
	at java.util.concurrent.Executors$RunnableAdapter.call(Executors.java:511)
	at java.util.concurrent.FutureTask.run(FutureTask.java:266)
	at java.util.concurrent.ThreadPoolExecutor.runWorker(ThreadPoolExecutor.java:1149)
	at java.util.concurrent.ThreadPoolExecutor$Worker.run(ThreadPoolExecutor.java:624)
	at java.lang.Thread.run(Thread.java:748)
2018-05-20 22:43:06,508 INFO  SysUtils - Error: Could not find or load main class org.gradle.wrapper.GradleWrapperMain

2018-05-20 22:43:06,510 ERROR FullProcessService - Project build has not produced APK file
2018-05-20 22:43:06,513 ERROR FullProcessService - Could not find generated or existed APK file
