2018-04-01 23:34:47,997 INFO  DownloadService - Downloading "https://github.com/henrytao-me/smooth-app-bar-layout/archive/master.zip", attempt 3
2018-04-01 23:35:48,527 INFO  GithubDownloadService - Could not find ZIP archive for master branch
2018-04-01 23:35:49,235 INFO  GithubDownloadService - Default branch of this repository: master
2018-04-01 23:35:49,235 INFO  DownloadService - Downloading "https://github.com/henrytao-me/smooth-app-bar-layout/archive/master.zip", attempt 3
2018-04-01 23:36:50,564 DEBUG FullProcessService - Repository https://github.com/henrytao-me/smooth-app-bar-layout available: true
2018-04-01 23:36:50,564 INFO  FullProcessService - Could not download ZIP file from Github, lets clone it
2018-04-01 23:36:50,564 INFO  SysUtils - Execute command: [git, clone, -q, --single-branch, --depth, 1, https://github.com/henrytao-me/smooth-app-bar-layout, /tmp/rdisk/2565/src]
2018-04-01 23:36:52,424 INFO  SysUtils - 
2018-04-01 23:36:52,430 INFO  GitService - Deleted "/tmp/rdisk/2565/src/.git": true
2018-04-01 23:36:52,435 INFO  FullProcessService - Size of directory with sources: 777 KB
2018-04-01 23:36:52,435 INFO  SysUtils - Execute command: [git, init, /tmp/rdisk/2565/src]
2018-04-01 23:36:52,440 INFO  SysUtils - Initialized empty Git repository in /tmp/rdisk/2565/src/.git/

2018-04-01 23:36:52,444 INFO  ProjectBuildService - Gradle wrapper(s): /tmp/rdisk/2565/src/gradlew
2018-04-01 23:36:52,448 INFO  ProjectBuildService - Build script(s): /tmp/rdisk/2565/src/sample/build.gradle /tmp/rdisk/2565/src/smooth-app-bar-layout/build.gradle /tmp/rdisk/2565/src/build.gradle
2018-04-01 23:36:52,452 INFO  ProjectBuildService - All script(s): /tmp/rdisk/2565/src/smooth-app-bar-layout/build.gradle /tmp/rdisk/2565/src/settings.gradle /tmp/rdisk/2565/src/sample/build.gradle /tmp/rdisk/2565/src/config.gradle /tmp/rdisk/2565/src/build.gradle
2018-04-01 23:36:52,452 INFO  DownloadService - Downloading "https://raw.githubusercontent.com/henrytao-me/bintray/master/bintrayv1.gradle", attempt 3
2018-04-01 23:36:52,833 INFO  DownloadService - Downloaded https://raw.githubusercontent.com/henrytao-me/bintray/master/bintrayv1.gradle, attempt 3
2018-04-01 23:36:52,833 INFO  DownloadService - Downloading "https://raw.githubusercontent.com/henrytao-me/bintray/master/installv1.gradle", attempt 3
2018-04-01 23:36:53,001 INFO  DownloadService - Downloaded https://raw.githubusercontent.com/henrytao-me/bintray/master/installv1.gradle, attempt 3
2018-04-01 23:36:53,001 INFO  ProjectBuildService - Remote scripts: https://raw.githubusercontent.com/henrytao-me/bintray/master/bintrayv1.gradle https://raw.githubusercontent.com/henrytao-me/bintray/master/installv1.gradle
2018-04-01 23:36:53,001 INFO  ProjectFixService - Fixing project...
2018-04-01 23:36:53,011 INFO  LocalPropertiesFixService - Created fake /tmp/rdisk/2565/src/sample/local.properties
2018-04-01 23:36:53,014 INFO  ProjectFixService - Build info for "/tmp/rdisk/2565/src/sample/build.gradle": [buildToolsVersion=<null>,compileSdkVersion=<null>,minSdkVersion=<null>,targetSdkVersion=<null>]
2018-04-01 23:36:53,014 INFO  ProjectFixService - Fixed build info for "/tmp/rdisk/2565/src/sample/build.gradle": [buildToolsVersion=28.0.0-rc1,compileSdkVersion=27,minSdkVersion=27,targetSdkVersion=27]
2018-04-01 23:36:53,015 INFO  LocalPropertiesFixService - Created fake /tmp/rdisk/2565/src/smooth-app-bar-layout/local.properties
2018-04-01 23:36:53,017 INFO  ProjectFixService - Build info for "/tmp/rdisk/2565/src/smooth-app-bar-layout/build.gradle": [buildToolsVersion=<null>,compileSdkVersion=<null>,minSdkVersion=<null>,targetSdkVersion=<null>]
2018-04-01 23:36:53,018 INFO  ProjectFixService - Fixed build info for "/tmp/rdisk/2565/src/smooth-app-bar-layout/build.gradle": [buildToolsVersion=28.0.0-rc1,compileSdkVersion=27,minSdkVersion=27,targetSdkVersion=27]
2018-04-01 23:36:53,018 INFO  LocalPropertiesFixService - Created fake /tmp/rdisk/2565/src/local.properties
2018-04-01 23:36:53,018 INFO  WrapperPropertiesFixService - Gradle wrapper: https://services.gradle.org/distributions/gradle-2.14.1-all.zip
2018-04-01 23:36:53,018 INFO  WrapperPropertiesFixService - Gradle wrapper was changed from "-all.zip" to "-bin.zip" (https://services.gradle.org/distributions/gradle-2.14.1-bin.zip)
2018-04-01 23:36:53,021 INFO  ProjectFixService - Build info for "/tmp/rdisk/2565/src/build.gradle": [buildToolsVersion=<null>,compileSdkVersion=<null>,minSdkVersion=<null>,targetSdkVersion=<null>]
2018-04-01 23:36:53,021 INFO  ProjectFixService - Fixed build info for "/tmp/rdisk/2565/src/build.gradle": [buildToolsVersion=28.0.0-rc1,compileSdkVersion=27,minSdkVersion=27,targetSdkVersion=27]
2018-04-01 23:36:53,021 INFO  ProjectFixService - Project was maybe fixed
2018-04-01 23:36:53,021 INFO  ProjectTaskService - Detecting possible tasks...
2018-04-01 23:36:53,022 INFO  SysUtils - Execute command: [/tmp/rdisk/2565/src/gradlew, -b, /tmp/rdisk/2565/src/sample/build.gradle, -Dorg.gradle.daemon=false, -Dorg.gradle.daemon.performance.enable-monitoring=false, -Dorg.gradle.configureondemand=true, tasks]
2018-04-01 23:37:02,843 INFO  ProjectTaskService - Detected possible tasks: 72
2018-04-01 23:37:02,843 INFO  ProjectTaskService - Excluded tasks (22): lintDebug mockableAndroidJar javadocJar deviceCheck lint testReleaseUnitTest javadoc uninstallRelease deviceAndroidTest uninstallDebugAndroidTest installDebugAndroidTest connectedCheck connectedDebugAndroidTest uninstallAll sourcesJar test check testDebugUnitTest connectedAndroidTest installDebug lintRelease uninstallDebug
2018-04-01 23:37:02,843 INFO  SysUtils - Execute command: [/tmp/rdisk/2565/src/gradlew, -b, /tmp/rdisk/2565/src/sample/build.gradle, -Dorg.gradle.daemon=false, -Dorg.gradle.daemon.performance.enable-monitoring=false, -Dorg.gradle.configureondemand=true, --stacktrace, -x, lintDebug, -x, mockableAndroidJar, -x, javadocJar, -x, deviceCheck, -x, lint, -x, testReleaseUnitTest, -x, javadoc, -x, uninstallRelease, -x, deviceAndroidTest, -x, uninstallDebugAndroidTest, -x, installDebugAndroidTest, -x, connectedCheck, -x, connectedDebugAndroidTest, -x, uninstallAll, -x, sourcesJar, -x, test, -x, check, -x, testDebugUnitTest, -x, connectedAndroidTest, -x, installDebug, -x, lintRelease, -x, uninstallDebug, build]
2018-04-01 23:37:11,399 ERROR SysUtils - Could not process external command
org.apache.commons.exec.ExecuteException: Process exited with an error: 1 (Exit value: 1)
	at org.apache.commons.exec.DefaultExecutor.executeInternal(DefaultExecutor.java:404)
	at org.apache.commons.exec.DefaultExecutor.execute(DefaultExecutor.java:166)
	at com.github.vbauer.apkmaster.util.SysUtils.execute(SysUtils.java:67)
	at com.github.vbauer.apkmaster.util.SysUtils.executeSimple(SysUtils.java:43)
	at com.github.vbauer.apkmaster.service.assembly.ProjectBuildService.buildProject(ProjectBuildService.java:78)
	at com.github.vbauer.apkmaster.service.assembly.ProjectBuildService.buildProject(ProjectBuildService.java:64)
	at com.github.vbauer.apkmaster.service.assembly.ProjectBuildService.buildProject(ProjectBuildService.java:43)
	at com.github.vbauer.apkmaster.service.FullProcessService.build(FullProcessService.java:84)
	at com.github.vbauer.apkmaster.service.FullProcessService.process(FullProcessService.java:34)
	at com.github.vbauer.apkmaster.app.MainApplication.process(MainApplication.java:38)
	at com.github.vbauer.apkmaster.app.MainApplication.main(MainApplication.java:20)
	at sun.reflect.GeneratedMethodAccessor9.invoke(Unknown Source)
	at sun.reflect.DelegatingMethodAccessorImpl.invoke(DelegatingMethodAccessorImpl.java:43)
	at java.lang.reflect.Method.invoke(Method.java:498)
	at com.android.arsenal.util.ReflectionUtils.invoke(ReflectionUtils.java:42)
	at com.android.arsenal.util.ApkMasterUtils.main(ApkMasterUtils.java:30)
	at com.android.arsenal.service.processor.impl.BuildProcessorServiceImpl.buildProject(BuildProcessorServiceImpl.java:197)
	at com.android.arsenal.service.processor.impl.BuildProcessorServiceImpl.build(BuildProcessorServiceImpl.java:131)
	at com.android.arsenal.service.processor.impl.BuildProcessorServiceImpl.lambda$null$1(BuildProcessorServiceImpl.java:114)
	at java.util.concurrent.FutureTask.run(FutureTask.java:266)
	at java.util.concurrent.Executors$RunnableAdapter.call(Executors.java:511)
	at java.util.concurrent.FutureTask.run(FutureTask.java:266)
	at java.util.concurrent.ThreadPoolExecutor.runWorker(ThreadPoolExecutor.java:1149)
	at java.util.concurrent.ThreadPoolExecutor$Worker.run(ThreadPoolExecutor.java:624)
	at java.lang.Thread.run(Thread.java:748)
2018-04-01 23:37:11,399 INFO  SysUtils - Configuration on demand is an incubating feature.
Incremental java compilation is an incubating feature.

FAILURE: Build failed with an exception.

* What went wrong:
Task 'javadocJar' not found in project ':sample'.

* Try:
Run gradlew tasks to get a list of available tasks. Run with --info or --debug option to get more log output.

* Exception is:
org.gradle.execution.TaskSelectionException: Task 'javadocJar' not found in project ':sample'.
	at org.gradle.execution.TaskSelector.getSelection(TaskSelector.java:100)
	at org.gradle.execution.TaskSelector.getFilter(TaskSelector.java:63)
	at org.gradle.execution.ExcludedTaskFilteringBuildConfigurationAction.configure(ExcludedTaskFilteringBuildConfigurationAction.java:42)
	at org.gradle.execution.DefaultBuildConfigurationActionExecuter.configure(DefaultBuildConfigurationActionExecuter.java:48)
	at org.gradle.execution.DefaultBuildConfigurationActionExecuter.select(DefaultBuildConfigurationActionExecuter.java:36)
	at org.gradle.initialization.DefaultGradleLauncher$3.run(DefaultGradleLauncher.java:142)
	at org.gradle.internal.Factories$1.create(Factories.java:22)
	at org.gradle.internal.progress.DefaultBuildOperationExecutor.run(DefaultBuildOperationExecutor.java:91)
	at org.gradle.internal.progress.DefaultBuildOperationExecutor.run(DefaultBuildOperationExecutor.java:53)
	at org.gradle.initialization.DefaultGradleLauncher.doBuildStages(DefaultGradleLauncher.java:139)
	at org.gradle.initialization.DefaultGradleLauncher.access$200(DefaultGradleLauncher.java:32)
	at org.gradle.initialization.DefaultGradleLauncher$1.create(DefaultGradleLauncher.java:98)
	at org.gradle.initialization.DefaultGradleLauncher$1.create(DefaultGradleLauncher.java:92)
	at org.gradle.internal.progress.DefaultBuildOperationExecutor.run(DefaultBuildOperationExecutor.java:91)
	at org.gradle.internal.progress.DefaultBuildOperationExecutor.run(DefaultBuildOperationExecutor.java:63)
	at org.gradle.initialization.DefaultGradleLauncher.doBuild(DefaultGradleLauncher.java:92)
	at org.gradle.initialization.DefaultGradleLauncher.run(DefaultGradleLauncher.java:83)
	at org.gradle.launcher.exec.InProcessBuildActionExecuter$DefaultBuildController.run(InProcessBuildActionExecuter.java:99)
	at org.gradle.tooling.internal.provider.ExecuteBuildActionRunner.run(ExecuteBuildActionRunner.java:28)
	at org.gradle.launcher.exec.ChainingBuildActionRunner.run(ChainingBuildActionRunner.java:35)
	at org.gradle.launcher.exec.InProcessBuildActionExecuter.execute(InProcessBuildActionExecuter.java:48)
	at org.gradle.launcher.exec.InProcessBuildActionExecuter.execute(InProcessBuildActionExecuter.java:30)
	at org.gradle.launcher.exec.ContinuousBuildActionExecuter.execute(ContinuousBuildActionExecuter.java:81)
	at org.gradle.launcher.exec.ContinuousBuildActionExecuter.execute(ContinuousBuildActionExecuter.java:46)
	at org.gradle.launcher.exec.DaemonUsageSuggestingBuildActionExecuter.execute(DaemonUsageSuggestingBuildActionExecuter.java:51)
	at org.gradle.launcher.exec.DaemonUsageSuggestingBuildActionExecuter.execute(DaemonUsageSuggestingBuildActionExecuter.java:28)
	at org.gradle.launcher.cli.RunBuildAction.run(RunBuildAction.java:43)
	at org.gradle.internal.Actions$RunnableActionAdapter.execute(Actions.java:173)
	at org.gradle.launcher.cli.CommandLineActionFactory$ParseAndBuildAction.execute(CommandLineActionFactory.java:239)
	at org.gradle.launcher.cli.CommandLineActionFactory$ParseAndBuildAction.execute(CommandLineActionFactory.java:212)
	at org.gradle.launcher.cli.JavaRuntimeValidationAction.execute(JavaRuntimeValidationAction.java:35)
	at org.gradle.launcher.cli.JavaRuntimeValidationAction.execute(JavaRuntimeValidationAction.java:24)
	at org.gradle.launcher.cli.ExceptionReportingAction.execute(ExceptionReportingAction.java:33)
	at org.gradle.launcher.cli.ExceptionReportingAction.execute(ExceptionReportingAction.java:22)
	at org.gradle.launcher.cli.CommandLineActionFactory$WithLogging.execute(CommandLineActionFactory.java:205)
	at org.gradle.launcher.cli.CommandLineActionFactory$WithLogging.execute(CommandLineActionFactory.java:169)
	at org.gradle.launcher.Main.doAction(Main.java:33)
	at org.gradle.launcher.bootstrap.EntryPoint.run(EntryPoint.java:45)
	at org.gradle.launcher.bootstrap.ProcessBootstrap.runNoExit(ProcessBootstrap.java:55)
	at org.gradle.launcher.bootstrap.ProcessBootstrap.run(ProcessBootstrap.java:36)
	at org.gradle.launcher.GradleMain.main(GradleMain.java:23)
	at org.gradle.wrapper.BootstrapMainStarter.start(BootstrapMainStarter.java:33)
	at org.gradle.wrapper.WrapperExecutor.execute(WrapperExecutor.java:130)
	at org.gradle.wrapper.GradleWrapperMain.main(GradleWrapperMain.java:48)


BUILD FAILED

Total time: 7.989 secs

2018-04-01 23:37:11,399 ERROR ProjectBuildService - Excluded tasks were detected wrong
2018-04-01 23:37:11,399 INFO  SysUtils - Execute command: [/tmp/rdisk/2565/src/gradlew, -b, /tmp/rdisk/2565/src/sample/build.gradle, -Dorg.gradle.daemon=false, -Dorg.gradle.daemon.performance.enable-monitoring=false, -Dorg.gradle.configureondemand=true, --stacktrace, build]
2018-04-01 23:38:03,492 INFO  SysUtils - Configuration on demand is an incubating feature.
Incremental java compilation is an incubating feature.
:sample:preBuild UP-TO-DATE
:sample:preDebugBuild UP-TO-DATE
:sample:checkDebugManifest
:sample:extractProguardFiles
:sample:preReleaseBuild
:smooth-app-bar-layout:preBuild UP-TO-DATE
:smooth-app-bar-layout:preReleaseBuild UP-TO-DATE
:smooth-app-bar-layout:checkReleaseManifest
:smooth-app-bar-layout:preDebugAndroidTestBuild UP-TO-DATE
:smooth-app-bar-layout:preDebugBuild UP-TO-DATE
:smooth-app-bar-layout:preDebugUnitTestBuild UP-TO-DATE
:smooth-app-bar-layout:preReleaseUnitTestBuild UP-TO-DATE
:smooth-app-bar-layout:prepareComAndroidSupportAnimatedVectorDrawable2510Library
:smooth-app-bar-layout:prepareComAndroidSupportAppcompatV72510Library
:smooth-app-bar-layout:prepareComAndroidSupportDesign2510Library
:smooth-app-bar-layout:prepareComAndroidSupportRecyclerviewV72510Library
:smooth-app-bar-layout:prepareComAndroidSupportSupportCompat2510Library
:smooth-app-bar-layout:prepareComAndroidSupportSupportCoreUi2510Library
:smooth-app-bar-layout:prepareComAndroidSupportSupportCoreUtils2510Library
:smooth-app-bar-layout:prepareComAndroidSupportSupportFragment2510Library
:smooth-app-bar-layout:prepareComAndroidSupportSupportMediaCompat2510Library
:smooth-app-bar-layout:prepareComAndroidSupportSupportV42510Library
:smooth-app-bar-layout:prepareComAndroidSupportSupportVectorDrawable2510Library
:smooth-app-bar-layout:prepareComAndroidSupportTransition2510Library
:smooth-app-bar-layout:prepareReleaseDependencies
:smooth-app-bar-layout:compileReleaseAidl
:smooth-app-bar-layout:compileReleaseNdk UP-TO-DATE
:smooth-app-bar-layout:compileLint
:smooth-app-bar-layout:copyReleaseLint UP-TO-DATE
:smooth-app-bar-layout:compileReleaseRenderscript
:smooth-app-bar-layout:generateReleaseBuildConfig
:smooth-app-bar-layout:generateReleaseResValues
:smooth-app-bar-layout:generateReleaseResources
:smooth-app-bar-layout:mergeReleaseResources
:smooth-app-bar-layout:processReleaseManifest
:smooth-app-bar-layout:processReleaseResources
:smooth-app-bar-layout:generateReleaseSources
:smooth-app-bar-layout:incrementalReleaseJavaCompilationSafeguard
:smooth-app-bar-layout:compileReleaseJavaWithJavac
:smooth-app-bar-layout:compileReleaseJavaWithJavac - is not incremental (e.g. outputs have changed, no previous execution, etc.).
Note: /tmp/rdisk/2565/src/smooth-app-bar-layout/src/main/java/me/henrytao/smoothappbarlayout/SmoothAppBarLayout.java uses unchecked or unsafe operations.
Note: Recompile with -Xlint:unchecked for details.
:smooth-app-bar-layout:extractReleaseAnnotations
:smooth-app-bar-layout:mergeReleaseShaders
:smooth-app-bar-layout:compileReleaseShaders
:smooth-app-bar-layout:generateReleaseAssets
:smooth-app-bar-layout:mergeReleaseAssets
:smooth-app-bar-layout:mergeReleaseProguardFiles
:smooth-app-bar-layout:packageReleaseRenderscript UP-TO-DATE
:smooth-app-bar-layout:packageReleaseResources
:smooth-app-bar-layout:processReleaseJavaRes UP-TO-DATE
:smooth-app-bar-layout:transformResourcesWithMergeJavaResForRelease
:smooth-app-bar-layout:transformClassesAndResourcesWithSyncLibJarsForRelease
:smooth-app-bar-layout:mergeReleaseJniLibFolders
:smooth-app-bar-layout:transformNative_libsWithMergeJniLibsForRelease
:smooth-app-bar-layout:transformNative_libsWithSyncJniLibsForRelease
:smooth-app-bar-layout:bundleRelease
:sample:prepareComAndroidSupportAnimatedVectorDrawable2510Library
:sample:prepareComAndroidSupportAppcompatV72510Library
:sample:prepareComAndroidSupportCardviewV72510Library
:sample:prepareComAndroidSupportDesign2510Library
:sample:prepareComAndroidSupportRecyclerviewV72510Library
:sample:prepareComAndroidSupportSupportCompat2510Library
:sample:prepareComAndroidSupportSupportCoreUi2510Library
:sample:prepareComAndroidSupportSupportCoreUtils2510Library
:sample:prepareComAndroidSupportSupportFragment2510Library
:sample:prepareComAndroidSupportSupportMediaCompat2510Library
:sample:prepareComAndroidSupportSupportV42510Library
:sample:prepareComAndroidSupportSupportVectorDrawable2510Library
:sample:prepareComAndroidSupportTransition2510Library
:sample:prepareMeHenrytaoMdcore2321Library
:sample:prepareMeHenrytaoRecyclerview2330Library
:sample:prepareMeHenrytaoSmoothAppBarLayout25100Library
:sample:prepareDebugDependencies
:sample:compileDebugAidl
:sample:compileDebugRenderscript
:sample:generateDebugBuildConfig
:sample:generateDebugResValues
:sample:generateDebugResources
:sample:mergeDebugResources
:sample:processDebugManifest
:sample:processDebugResources
:sample:generateDebugSources
:sample:incrementalDebugJavaCompilationSafeguard
:sample:compileDebugJavaWithJavac
:sample:compileDebugJavaWithJavac - is not incremental (e.g. outputs have changed, no previous execution, etc.).
Note: Some input files use unchecked or unsafe operations.
Note: Recompile with -Xlint:unchecked for details.
:sample:compileDebugNdk UP-TO-DATE
:sample:compileDebugSources
:sample:mergeDebugShaders
:sample:compileDebugShaders
:sample:generateDebugAssets
:sample:mergeDebugAssets
:sample:transformClassesWithDexForDebug
:sample:mergeDebugJniLibFolders
:sample:transformNative_libsWithMergeJniLibsForDebug
:sample:processDebugJavaRes UP-TO-DATE
:sample:transformResourcesWithMergeJavaResForDebug
:sample:validateSigningDebug
:sample:packageDebug
:sample:assembleDebug
:sample:checkReleaseManifest
:sample:prepareReleaseDependencies
:sample:compileReleaseAidl
:sample:compileReleaseRenderscript
:sample:generateReleaseBuildConfig
:sample:generateReleaseResValues
:sample:generateReleaseResources
:sample:mergeReleaseResources
:sample:processReleaseManifest
:sample:processReleaseResources
:sample:generateReleaseSources
:sample:incrementalReleaseJavaCompilationSafeguard
:sample:compileReleaseJavaWithJavac
:sample:compileReleaseJavaWithJavac - is not incremental (e.g. outputs have changed, no previous execution, etc.).
Note: Some input files use unchecked or unsafe operations.
Note: Recompile with -Xlint:unchecked for details.
:sample:compileReleaseNdk UP-TO-DATE
:sample:compileReleaseSources
:sample:lintVitalReleaseWarning: Configuration file /tmp/rdisk/2565/src/sample/lint.xml does not exist

:sample:mergeReleaseShaders
:sample:compileReleaseShaders
:sample:generateReleaseAssets
:sample:mergeReleaseAssets
:sample:processReleaseJavaRes UP-TO-DATE
:sample:transformResourcesWithMergeJavaResForRelease
:sample:transformClassesAndResourcesWithProguardForRelease
ProGuard, version 5.2.1
Reading input...
Reading program jar [/tmp/rdisk/2565/src/sample/build/intermediates/exploded-aar/com.android.support/recyclerview-v7/25.1.0/jars/classes.jar] (filtered)
Reading program jar [/tmp/rdisk/2565/src/sample/build/intermediates/exploded-aar/com.android.support/support-core-ui/25.1.0/jars/classes.jar] (filtered)
Reading program jar [/tmp/rdisk/2565/src/sample/build/intermediates/exploded-aar/com.android.support/support-v4/25.1.0/jars/classes.jar] (filtered)
Reading program jar [/tmp/rdisk/2565/src/sample/build/intermediates/exploded-aar/com.android.support/support-media-compat/25.1.0/jars/classes.jar] (filtered)
Reading program jar [/tmp/rdisk/2565/src/sample/build/intermediates/exploded-aar/com.android.support/cardview-v7/25.1.0/jars/classes.jar] (filtered)
Reading program jar [/root/Applications/android-sdk/extras/android/m2repository/com/android/support/support-annotations/25.1.0/support-annotations-25.1.0.jar] (filtered)
Reading program jar [/tmp/rdisk/2565/src/sample/build/intermediates/exploded-aar/com.android.support/support-compat/25.1.0/jars/classes.jar] (filtered)
Reading program jar [/tmp/rdisk/2565/src/sample/build/intermediates/exploded-aar/com.android.support/support-core-utils/25.1.0/jars/classes.jar] (filtered)
Reading program jar [/root/.gradle/caches/modules-2/files-2.1/com.jakewharton/butterknife/7.0.1/d5d13ea991eab0252e3710e5df3d6a9d4b21d461/butterknife-7.0.1.jar] (filtered)
Reading program jar [/tmp/rdisk/2565/src/sample/build/intermediates/exploded-aar/com.android.support/support-vector-drawable/25.1.0/jars/classes.jar] (filtered)
Reading program jar [/tmp/rdisk/2565/src/sample/build/intermediates/exploded-aar/com.android.support/animated-vector-drawable/25.1.0/jars/classes.jar] (filtered)
Reading program jar [/tmp/rdisk/2565/src/sample/build/intermediates/exploded-aar/com.android.support/appcompat-v7/25.1.0/jars/classes.jar] (filtered)
Reading program jar [/tmp/rdisk/2565/src/sample/build/intermediates/exploded-aar/me.henrytao/mdcore/23.2.1/jars/classes.jar] (filtered)
Reading program jar [/tmp/rdisk/2565/src/sample/build/intermediates/exploded-aar/com.android.support/support-fragment/25.1.0/jars/classes.jar] (filtered)
Reading program jar [/tmp/rdisk/2565/src/sample/build/intermediates/exploded-aar/com.android.support/design/25.1.0/jars/classes.jar] (filtered)
Reading program jar [/tmp/rdisk/2565/src/sample/build/intermediates/exploded-aar/me.henrytao/recyclerview/23.3.0/jars/classes.jar] (filtered)
Reading program jar [/tmp/rdisk/2565/src/sample/build/intermediates/exploded-aar/com.android.support/transition/25.1.0/jars/classes.jar] (filtered)
Reading program jar [/tmp/rdisk/2565/src/sample/build/intermediates/exploded-aar/me.henrytao/smooth-app-bar-layout/25.1.0.0/jars/classes.jar] (filtered)
Reading program directory [/tmp/rdisk/2565/src/sample/build/intermediates/classes/release] (filtered)
Reading library jar [/root/Applications/android-sdk/platforms/android-25/android.jar]
Reading library jar [/root/Applications/android-sdk/platforms/android-25/optional/org.apache.http.legacy.jar]
Note: duplicate definition of library class [android.net.http.HttpResponseCache]
Note: duplicate definition of library class [android.net.http.SslCertificate$DName]
Note: duplicate definition of library class [android.net.http.SslError]
Note: duplicate definition of library class [android.net.http.SslCertificate]
Note: duplicate definition of library class [org.apache.http.params.CoreConnectionPNames]
Note: duplicate definition of library class [org.apache.http.params.HttpConnectionParams]
Note: duplicate definition of library class [org.apache.http.params.HttpParams]
Note: duplicate definition of library class [org.apache.http.conn.scheme.SocketFactory]
Note: duplicate definition of library class [org.apache.http.conn.scheme.LayeredSocketFactory]
Note: duplicate definition of library class [org.apache.http.conn.scheme.HostNameResolver]
Note: duplicate definition of library class [org.apache.http.conn.ConnectTimeoutException]
Note: there were 11 duplicate class definitions.
      (http://proguard.sourceforge.net/manual/troubleshooting.html#duplicateclass)
Initializing...
Ignoring unused library classes...
  Original number of library classes: 4237
  Final number of library classes:    996
Printing kept classes, fields, and methods...
Shrinking...
Printing usage to [/tmp/rdisk/2565/src/sample/build/outputs/mapping/release/usage.txt]...
Removing unused program classes and class elements...
  Original number of program classes: 2414
  Final number of program classes:    1300
Obfuscating...
Printing mapping to [/tmp/rdisk/2565/src/sample/build/outputs/mapping/release/mapping.txt]...
Writing output...
Preparing output jar [/tmp/rdisk/2565/src/sample/build/intermediates/transforms/proguard/release/jars/3/1f/main.jar]
  Copying resources from program jar [/tmp/rdisk/2565/src/sample/build/intermediates/exploded-aar/com.android.support/recyclerview-v7/25.1.0/jars/classes.jar] (filtered)
  Copying resources from program jar [/tmp/rdisk/2565/src/sample/build/intermediates/exploded-aar/com.android.support/support-core-ui/25.1.0/jars/classes.jar] (filtered)
  Copying resources from program jar [/tmp/rdisk/2565/src/sample/build/intermediates/exploded-aar/com.android.support/support-v4/25.1.0/jars/classes.jar] (filtered)
  Copying resources from program jar [/tmp/rdisk/2565/src/sample/build/intermediates/exploded-aar/com.android.support/support-media-compat/25.1.0/jars/classes.jar] (filtered)
  Copying resources from program jar [/tmp/rdisk/2565/src/sample/build/intermediates/exploded-aar/com.android.support/cardview-v7/25.1.0/jars/classes.jar] (filtered)
  Copying resources from program jar [/root/Applications/android-sdk/extras/android/m2repository/com/android/support/support-annotations/25.1.0/support-annotations-25.1.0.jar] (filtered)
  Copying resources from program jar [/tmp/rdisk/2565/src/sample/build/intermediates/exploded-aar/com.android.support/support-compat/25.1.0/jars/classes.jar] (filtered)
  Copying resources from program jar [/tmp/rdisk/2565/src/sample/build/intermediates/exploded-aar/com.android.support/support-core-utils/25.1.0/jars/classes.jar] (filtered)
  Copying resources from program jar [/root/.gradle/caches/modules-2/files-2.1/com.jakewharton/butterknife/7.0.1/d5d13ea991eab0252e3710e5df3d6a9d4b21d461/butterknife-7.0.1.jar] (filtered)
  Copying resources from program jar [/tmp/rdisk/2565/src/sample/build/intermediates/exploded-aar/com.android.support/support-vector-drawable/25.1.0/jars/classes.jar] (filtered)
  Copying resources from program jar [/tmp/rdisk/2565/src/sample/build/intermediates/exploded-aar/com.android.support/animated-vector-drawable/25.1.0/jars/classes.jar] (filtered)
  Copying resources from program jar [/tmp/rdisk/2565/src/sample/build/intermediates/exploded-aar/com.android.support/appcompat-v7/25.1.0/jars/classes.jar] (filtered)
  Copying resources from program jar [/tmp/rdisk/2565/src/sample/build/intermediates/exploded-aar/me.henrytao/mdcore/23.2.1/jars/classes.jar] (filtered)
  Copying resources from program jar [/tmp/rdisk/2565/src/sample/build/intermediates/exploded-aar/com.android.support/support-fragment/25.1.0/jars/classes.jar] (filtered)
  Copying resources from program jar [/tmp/rdisk/2565/src/sample/build/intermediates/exploded-aar/com.android.support/design/25.1.0/jars/classes.jar] (filtered)
  Copying resources from program jar [/tmp/rdisk/2565/src/sample/build/intermediates/exploded-aar/me.henrytao/recyclerview/23.3.0/jars/classes.jar] (filtered)
  Copying resources from program jar [/tmp/rdisk/2565/src/sample/build/intermediates/exploded-aar/com.android.support/transition/25.1.0/jars/classes.jar] (filtered)
  Copying resources from program jar [/tmp/rdisk/2565/src/sample/build/intermediates/exploded-aar/me.henrytao/smooth-app-bar-layout/25.1.0.0/jars/classes.jar] (filtered)
  Copying resources from program directory [/tmp/rdisk/2565/src/sample/build/intermediates/classes/release] (filtered)
Printing classes to [/tmp/rdisk/2565/src/sample/build/outputs/mapping/release/dump.txt]...
:sample:transformClassesWithDexForRelease
:sample:transformClassesWithShrinkResForRelease
Removed unused resources: Binary resource data reduced from 880KB to 834KB: Removed 5%
:sample:mergeReleaseJniLibFolders
:sample:transformNative_libsWithMergeJniLibsForRelease
:sample:packageRelease
:sample:assembleRelease
:sample:assemble
:sample:lint
Ran lint on variant release: 56 issues found
Ran lint on variant debug: 56 issues found
Wrote HTML report to file:///tmp/rdisk/2565/src/sample/build/outputs/lint-results-debug.html
Wrote XML report to file:///tmp/rdisk/2565/src/sample/build/outputs/lint-results-debug.xml
:sample:incrementalDebugUnitTestJavaCompilationSafeguard UP-TO-DATE
:sample:preDebugUnitTestBuild UP-TO-DATE
:sample:prepareDebugUnitTestDependencies
:sample:compileDebugUnitTestJavaWithJavac UP-TO-DATE
:sample:processDebugUnitTestJavaRes UP-TO-DATE
:sample:compileDebugUnitTestSources UP-TO-DATE
:sample:mockableAndroidJar
:sample:assembleDebugUnitTest
:sample:testDebugUnitTest UP-TO-DATE
:sample:incrementalReleaseUnitTestJavaCompilationSafeguard UP-TO-DATE
:sample:preReleaseUnitTestBuild
:sample:prepareReleaseUnitTestDependencies
:sample:compileReleaseUnitTestJavaWithJavac UP-TO-DATE
:sample:processReleaseUnitTestJavaRes UP-TO-DATE
:sample:compileReleaseUnitTestSources UP-TO-DATE
:sample:assembleReleaseUnitTest
:sample:testReleaseUnitTest UP-TO-DATE
:sample:test UP-TO-DATE
:sample:check
:sample:build

BUILD SUCCESSFUL

Total time: 51.513 secs

2018-04-01 23:38:03,606 INFO  FullProcessService - Found APK file: /tmp/rdisk/2565/src/sample/build/outputs/apk/sample-release-unsigned.apk
