2018-04-01 21:41:14,740 INFO  DownloadService - Downloading "https://github.com/fafaldo/BlurZoomGallery/archive/master.zip", attempt 3
2018-04-01 21:42:15,234 INFO  GithubDownloadService - Could not find ZIP archive for master branch
2018-04-01 21:42:15,936 INFO  GithubDownloadService - Default branch of this repository: master
2018-04-01 21:42:15,936 INFO  DownloadService - Downloading "https://github.com/fafaldo/BlurZoomGallery/archive/master.zip", attempt 3
2018-04-01 21:43:17,203 DEBUG FullProcessService - Repository https://github.com/fafaldo/BlurZoomGallery available: true
2018-04-01 21:43:17,203 INFO  FullProcessService - Could not download ZIP file from Github, lets clone it
2018-04-01 21:43:17,203 INFO  SysUtils - Execute command: [git, clone, -q, --single-branch, --depth, 1, https://github.com/fafaldo/BlurZoomGallery, /tmp/rdisk/2604/src]
2018-04-01 21:43:19,911 INFO  SysUtils - 
2018-04-01 21:43:19,916 INFO  GitService - Deleted "/tmp/rdisk/2604/src/.git": true
2018-04-01 21:43:19,920 INFO  FullProcessService - Size of directory with sources: 11 MB
2018-04-01 21:43:19,920 INFO  SysUtils - Execute command: [git, init, /tmp/rdisk/2604/src]
2018-04-01 21:43:19,924 INFO  SysUtils - Initialized empty Git repository in /tmp/rdisk/2604/src/.git/

2018-04-01 21:43:19,927 INFO  ProjectBuildService - Gradle wrapper(s): /tmp/rdisk/2604/src/BlurZoomGallery/gradlew
2018-04-01 21:43:19,930 INFO  ProjectBuildService - Build script(s): /tmp/rdisk/2604/src/BlurZoomGallery/app/build.gradle /tmp/rdisk/2604/src/BlurZoomGallery/library/build.gradle /tmp/rdisk/2604/src/BlurZoomGallery/build.gradle
2018-04-01 21:43:19,939 INFO  ProjectBuildService - All script(s): /tmp/rdisk/2604/src/BlurZoomGallery/settings.gradle /tmp/rdisk/2604/src/BlurZoomGallery/library/build.gradle /tmp/rdisk/2604/src/BlurZoomGallery/build.gradle /tmp/rdisk/2604/src/BlurZoomGallery/app/build.gradle
2018-04-01 21:43:19,939 INFO  DownloadService - Downloading "https://raw.github.com/fafaldo/gradle-mvn-push/master/gradle-mvn-push.gradle", attempt 3
2018-04-01 21:43:20,644 INFO  DownloadService - Downloaded https://raw.github.com/fafaldo/gradle-mvn-push/master/gradle-mvn-push.gradle, attempt 3
2018-04-01 21:43:20,644 INFO  ProjectBuildService - Remote scripts: https://raw.github.com/fafaldo/gradle-mvn-push/master/gradle-mvn-push.gradle
2018-04-01 21:43:20,644 INFO  ProjectFixService - Fixing project...
2018-04-01 21:43:20,652 INFO  LocalPropertiesFixService - Created fake /tmp/rdisk/2604/src/BlurZoomGallery/app/local.properties
2018-04-01 21:43:20,653 INFO  ProjectFixService - Build info for "/tmp/rdisk/2604/src/BlurZoomGallery/app/build.gradle": [buildToolsVersion=23.0.1,compileSdkVersion=23,minSdkVersion=16,targetSdkVersion=23]
2018-04-01 21:43:20,653 INFO  LocalPropertiesFixService - Created fake /tmp/rdisk/2604/src/BlurZoomGallery/library/local.properties
2018-04-01 21:43:20,653 INFO  ProjectFixService - Build info for "/tmp/rdisk/2604/src/BlurZoomGallery/library/build.gradle": [buildToolsVersion=23.0.1,compileSdkVersion=23,minSdkVersion=16,targetSdkVersion=23]
2018-04-01 21:43:20,654 INFO  LocalPropertiesFixService - Created fake /tmp/rdisk/2604/src/BlurZoomGallery/local.properties
2018-04-01 21:43:20,654 INFO  WrapperPropertiesFixService - Gradle wrapper: https://services.gradle.org/distributions/gradle-2.4-all.zip
2018-04-01 21:43:20,654 INFO  WrapperPropertiesFixService - Gradle wrapper was changed from "-all.zip" to "-bin.zip" (https://services.gradle.org/distributions/gradle-2.4-bin.zip)
2018-04-01 21:43:20,655 INFO  ProjectFixService - Build info for "/tmp/rdisk/2604/src/BlurZoomGallery/build.gradle": [buildToolsVersion=23.0.1,compileSdkVersion=23,minSdkVersion=16,targetSdkVersion=23]
2018-04-01 21:43:20,655 INFO  ProjectFixService - Project was maybe fixed
2018-04-01 21:43:20,655 INFO  ProjectTaskService - Detecting possible tasks...
2018-04-01 21:43:20,655 INFO  SysUtils - Execute command: [/tmp/rdisk/2604/src/BlurZoomGallery/gradlew, -b, /tmp/rdisk/2604/src/BlurZoomGallery/app/build.gradle, -Dorg.gradle.daemon=false, -Dorg.gradle.daemon.performance.enable-monitoring=false, -Dorg.gradle.configureondemand=true, tasks]
2018-04-01 21:43:30,866 INFO  ProjectTaskService - Detected possible tasks: 70
2018-04-01 21:43:30,866 INFO  ProjectTaskService - Excluded tasks (22): lintDebug mockableAndroidJar androidJavadocs deviceCheck lint androidSourcesJar testReleaseUnitTest uninstallRelease deviceAndroidTest uninstallDebugAndroidTest installDebugAndroidTest connectedCheck connectedDebugAndroidTest uninstallAll androidJavadocsJar test check testDebugUnitTest connectedAndroidTest installDebug lintRelease uninstallDebug
2018-04-01 21:43:30,867 INFO  SysUtils - Execute command: [/tmp/rdisk/2604/src/BlurZoomGallery/gradlew, -b, /tmp/rdisk/2604/src/BlurZoomGallery/app/build.gradle, -Dorg.gradle.daemon=false, -Dorg.gradle.daemon.performance.enable-monitoring=false, -Dorg.gradle.configureondemand=true, --stacktrace, -x, lintDebug, -x, mockableAndroidJar, -x, androidJavadocs, -x, deviceCheck, -x, lint, -x, androidSourcesJar, -x, testReleaseUnitTest, -x, uninstallRelease, -x, deviceAndroidTest, -x, uninstallDebugAndroidTest, -x, installDebugAndroidTest, -x, connectedCheck, -x, connectedDebugAndroidTest, -x, uninstallAll, -x, androidJavadocsJar, -x, test, -x, check, -x, testDebugUnitTest, -x, connectedAndroidTest, -x, installDebug, -x, lintRelease, -x, uninstallDebug, build]
2018-04-01 21:43:38,054 ERROR SysUtils - Could not process external command
org.apache.commons.exec.ExecuteException: Process exited with an error: 1 (Exit value: 1)
	at org.apache.commons.exec.DefaultExecutor.executeInternal(DefaultExecutor.java:404)
	at org.apache.commons.exec.DefaultExecutor.execute(DefaultExecutor.java:166)
	at com.github.vbauer.apkmaster.util.SysUtils.execute(SysUtils.java:67)
	at com.github.vbauer.apkmaster.util.SysUtils.executeSimple(SysUtils.java:43)
	at com.github.vbauer.apkmaster.service.assembly.ProjectBuildService.buildProject(ProjectBuildService.java:78)
	at com.github.vbauer.apkmaster.service.assembly.ProjectBuildService.buildProject(ProjectBuildService.java:64)
	at com.github.vbauer.apkmaster.service.assembly.ProjectBuildService.buildProject(ProjectBuildService.java:43)
	at com.github.vbauer.apkmaster.service.FullProcessService.build(FullProcessService.java:84)
	at com.github.vbauer.apkmaster.service.FullProcessService.process(FullProcessService.java:34)
	at com.github.vbauer.apkmaster.app.MainApplication.process(MainApplication.java:38)
	at com.github.vbauer.apkmaster.app.MainApplication.main(MainApplication.java:20)
	at sun.reflect.GeneratedMethodAccessor9.invoke(Unknown Source)
	at sun.reflect.DelegatingMethodAccessorImpl.invoke(DelegatingMethodAccessorImpl.java:43)
	at java.lang.reflect.Method.invoke(Method.java:498)
	at com.android.arsenal.util.ReflectionUtils.invoke(ReflectionUtils.java:42)
	at com.android.arsenal.util.ApkMasterUtils.main(ApkMasterUtils.java:30)
	at com.android.arsenal.service.processor.impl.BuildProcessorServiceImpl.buildProject(BuildProcessorServiceImpl.java:197)
	at com.android.arsenal.service.processor.impl.BuildProcessorServiceImpl.build(BuildProcessorServiceImpl.java:131)
	at com.android.arsenal.service.processor.impl.BuildProcessorServiceImpl.lambda$null$1(BuildProcessorServiceImpl.java:114)
	at java.util.concurrent.FutureTask.run(FutureTask.java:266)
	at java.util.concurrent.Executors$RunnableAdapter.call(Executors.java:511)
	at java.util.concurrent.FutureTask.run(FutureTask.java:266)
	at java.util.concurrent.ThreadPoolExecutor.runWorker(ThreadPoolExecutor.java:1149)
	at java.util.concurrent.ThreadPoolExecutor$Worker.run(ThreadPoolExecutor.java:624)
	at java.lang.Thread.run(Thread.java:748)
2018-04-01 21:43:38,054 INFO  SysUtils - Configuration on demand is an incubating feature.

FAILURE: Build failed with an exception.

* What went wrong:
Task 'androidJavadocs' not found in project ':app'.

* Try:
Run gradlew tasks to get a list of available tasks. Run with --info or --debug option to get more log output.

* Exception is:
org.gradle.execution.TaskSelectionException: Task 'androidJavadocs' not found in project ':app'.
	at org.gradle.execution.TaskSelector.getSelection(TaskSelector.java:100)
	at org.gradle.execution.TaskSelector.getFilter(TaskSelector.java:63)
	at org.gradle.execution.ExcludedTaskFilteringBuildConfigurationAction.configure(ExcludedTaskFilteringBuildConfigurationAction.java:42)
	at org.gradle.execution.DefaultBuildExecuter.configure(DefaultBuildExecuter.java:42)
	at org.gradle.execution.DefaultBuildExecuter.access$100(DefaultBuildExecuter.java:23)
	at org.gradle.execution.DefaultBuildExecuter$1.proceed(DefaultBuildExecuter.java:48)
	at org.gradle.execution.DefaultTasksBuildExecutionAction.configure(DefaultTasksBuildExecutionAction.java:44)
	at org.gradle.execution.DefaultBuildExecuter.configure(DefaultBuildExecuter.java:42)
	at org.gradle.execution.DefaultBuildExecuter.select(DefaultBuildExecuter.java:35)
	at org.gradle.initialization.DefaultGradleLauncher.doBuildStages(DefaultGradleLauncher.java:142)
	at org.gradle.initialization.DefaultGradleLauncher.doBuild(DefaultGradleLauncher.java:106)
	at org.gradle.initialization.DefaultGradleLauncher.run(DefaultGradleLauncher.java:86)
	at org.gradle.launcher.exec.InProcessBuildActionExecuter$DefaultBuildController.run(InProcessBuildActionExecuter.java:90)
	at org.gradle.tooling.internal.provider.ExecuteBuildActionRunner.run(ExecuteBuildActionRunner.java:28)
	at org.gradle.launcher.exec.ChainingBuildActionRunner.run(ChainingBuildActionRunner.java:35)
	at org.gradle.launcher.exec.InProcessBuildActionExecuter.execute(InProcessBuildActionExecuter.java:41)
	at org.gradle.launcher.exec.InProcessBuildActionExecuter.execute(InProcessBuildActionExecuter.java:28)
	at org.gradle.launcher.exec.DaemonUsageSuggestingBuildActionExecuter.execute(DaemonUsageSuggestingBuildActionExecuter.java:50)
	at org.gradle.launcher.exec.DaemonUsageSuggestingBuildActionExecuter.execute(DaemonUsageSuggestingBuildActionExecuter.java:27)
	at org.gradle.launcher.cli.RunBuildAction.run(RunBuildAction.java:40)
	at org.gradle.internal.Actions$RunnableActionAdapter.execute(Actions.java:169)
	at org.gradle.launcher.cli.CommandLineActionFactory$ParseAndBuildAction.execute(CommandLineActionFactory.java:237)
	at org.gradle.launcher.cli.CommandLineActionFactory$ParseAndBuildAction.execute(CommandLineActionFactory.java:210)
	at org.gradle.launcher.cli.JavaRuntimeValidationAction.execute(JavaRuntimeValidationAction.java:35)
	at org.gradle.launcher.cli.JavaRuntimeValidationAction.execute(JavaRuntimeValidationAction.java:24)
	at org.gradle.launcher.cli.CommandLineActionFactory$WithLogging.execute(CommandLineActionFactory.java:206)
	at org.gradle.launcher.cli.CommandLineActionFactory$WithLogging.execute(CommandLineActionFactory.java:169)
	at org.gradle.launcher.cli.ExceptionReportingAction.execute(ExceptionReportingAction.java:33)
	at org.gradle.launcher.cli.ExceptionReportingAction.execute(ExceptionReportingAction.java:22)
	at org.gradle.launcher.Main.doAction(Main.java:33)
	at org.gradle.launcher.bootstrap.EntryPoint.run(EntryPoint.java:45)
	at org.gradle.launcher.bootstrap.ProcessBootstrap.runNoExit(ProcessBootstrap.java:54)
	at org.gradle.launcher.bootstrap.ProcessBootstrap.run(ProcessBootstrap.java:35)
	at org.gradle.launcher.GradleMain.main(GradleMain.java:23)
	at org.gradle.wrapper.BootstrapMainStarter.start(BootstrapMainStarter.java:33)
	at org.gradle.wrapper.WrapperExecutor.execute(WrapperExecutor.java:130)
	at org.gradle.wrapper.GradleWrapperMain.main(GradleWrapperMain.java:48)


BUILD FAILED

Total time: 6.724 secs

2018-04-01 21:43:38,054 ERROR ProjectBuildService - Excluded tasks were detected wrong
2018-04-01 21:43:38,055 INFO  SysUtils - Execute command: [/tmp/rdisk/2604/src/BlurZoomGallery/gradlew, -b, /tmp/rdisk/2604/src/BlurZoomGallery/app/build.gradle, -Dorg.gradle.daemon=false, -Dorg.gradle.daemon.performance.enable-monitoring=false, -Dorg.gradle.configureondemand=true, --stacktrace, build]
2018-04-01 21:44:18,682 INFO  SysUtils - Configuration on demand is an incubating feature.
:app:preBuild UP-TO-DATE
:app:preDebugBuild UP-TO-DATE
:app:checkDebugManifest
:app:preReleaseBuild UP-TO-DATE
:library:compileLint
:library:copyReleaseLint UP-TO-DATE
:library:preBuild UP-TO-DATE
:library:preReleaseBuild UP-TO-DATE
:library:checkReleaseManifest
:library:preDebugAndroidTestBuild UP-TO-DATE
:library:preDebugBuild UP-TO-DATE
:library:preDebugUnitTestBuild UP-TO-DATE
:library:preReleaseUnitTestBuild UP-TO-DATE
:library:prepareComAndroidSupportAppcompatV72301Library
:library:prepareComAndroidSupportDesign2301Library
:library:prepareComAndroidSupportSupportV42301Library
:library:prepareReleaseDependencies
:library:compileReleaseAidl
:library:compileReleaseRenderscript
:library:generateReleaseBuildConfig
:library:generateReleaseAssets UP-TO-DATE
:library:mergeReleaseAssets
:library:generateReleaseResValues
:library:generateReleaseResources
:library:mergeReleaseResources
:library:processReleaseManifest
:library:processReleaseResources
:library:generateReleaseSources
:library:processReleaseJavaRes UP-TO-DATE
:library:compileReleaseJavaWithJavacNote: /tmp/rdisk/2604/src/BlurZoomGallery/library/src/main/java/com/github/fafaldo/blurzoomgallery/widget/BlurZoomCoordinatorLayout.java uses unchecked or unsafe operations.
Note: Recompile with -Xlint:unchecked for details.

:library:extractReleaseAnnotations
:library:mergeReleaseProguardFiles
:library:packageReleaseJar
:library:compileReleaseNdk UP-TO-DATE
:library:packageReleaseJniLibs UP-TO-DATE
:library:packageReleaseLocalJar UP-TO-DATE
:library:packageReleaseRenderscript UP-TO-DATE
:library:packageReleaseResources
:library:bundleRelease
:app:prepareBlurZoomGalleryLibraryUnspecifiedLibrary
:app:prepareComAndroidSupportAppcompatV72301Library
:app:prepareComAndroidSupportCardviewV72301Library
:app:prepareComAndroidSupportDesign2301Library
:app:prepareComAndroidSupportSupportV42301Library
:app:prepareDebugDependencies
:app:compileDebugAidl
:app:compileDebugRenderscript
:app:generateDebugBuildConfig
:app:generateDebugAssets UP-TO-DATE
:app:mergeDebugAssets
:app:generateDebugResValues
:app:generateDebugResources
:app:mergeDebugResources
:app:processDebugManifest
:app:processDebugResources
:app:generateDebugSources
:app:processDebugJavaRes UP-TO-DATE
:app:compileDebugJavaWithJavacNote: /tmp/rdisk/2604/src/BlurZoomGallery/app/src/main/java/com/github/fafaldo/blurzoomgallery/sample/ImageFragment.java uses or overrides a deprecated API.
Note: Recompile with -Xlint:deprecation for details.

:app:compileDebugNdk UP-TO-DATE
:app:compileDebugSources
:app:preDexDebug
:app:dexDebug
:app:validateDebugSigning
:app:packageDebug
:app:zipalignDebug
:app:assembleDebug
:app:checkReleaseManifest
:app:prepareReleaseDependencies
:app:compileReleaseAidl
:app:compileReleaseRenderscript
:app:generateReleaseBuildConfig
:app:generateReleaseAssets UP-TO-DATE
:app:mergeReleaseAssets
:app:generateReleaseResValues
:app:generateReleaseResources
:app:mergeReleaseResources
:app:processReleaseManifest
:app:processReleaseResources
:app:generateReleaseSources
:app:processReleaseJavaRes UP-TO-DATE
:app:compileReleaseJavaWithJavacNote: /tmp/rdisk/2604/src/BlurZoomGallery/app/src/main/java/com/github/fafaldo/blurzoomgallery/sample/ImageFragment.java uses or overrides a deprecated API.
Note: Recompile with -Xlint:deprecation for details.

:app:compileReleaseNdk UP-TO-DATE
:app:compileReleaseSources
:app:preDexRelease
:app:dexRelease
:app:packageRelease
:app:assembleRelease
:app:assemble
:app:compileLint
:app:lint
Ran lint on variant debug: 18 issues found
Ran lint on variant release: 18 issues found
Wrote HTML report to file:/tmp/rdisk/2604/src/BlurZoomGallery/app/build/outputs/lint-results.html
Wrote XML report to /tmp/rdisk/2604/src/BlurZoomGallery/app/build/outputs/lint-results.xml
:app:preDebugUnitTestBuild UP-TO-DATE
:app:prepareDebugUnitTestDependencies
:app:processDebugUnitTestJavaRes UP-TO-DATE
:app:compileDebugUnitTestJavaWithJavac UP-TO-DATE
:app:compileDebugUnitTestSources UP-TO-DATE
:app:mockableAndroidJar
:app:assembleDebugUnitTest
:app:testDebugUnitTest
:app:preReleaseUnitTestBuild UP-TO-DATE
:app:prepareReleaseUnitTestDependencies
:app:processReleaseUnitTestJavaRes UP-TO-DATE
:app:compileReleaseUnitTestJavaWithJavac UP-TO-DATE
:app:compileReleaseUnitTestSources UP-TO-DATE
:app:assembleReleaseUnitTest
:app:testReleaseUnitTest
:app:test
:app:check
:app:build

BUILD SUCCESSFUL

Total time: 40.194 secs

2018-04-01 21:44:18,744 INFO  FullProcessService - Found APK file: /tmp/rdisk/2604/src/BlurZoomGallery/app/build/outputs/apk/app-debug.apk
