2018-04-01 10:36:32,458 INFO  DownloadService - Downloading "https://github.com/weefbellington/screenplay/archive/master.zip", attempt 3
2018-04-01 10:37:32,459 INFO  GithubDownloadService - Could not find ZIP archive for master branch
2018-04-01 10:37:33,282 INFO  GithubDownloadService - Default branch of this repository: master
2018-04-01 10:37:33,282 INFO  DownloadService - Downloading "https://github.com/weefbellington/screenplay/archive/master.zip", attempt 3
2018-04-01 10:38:34,108 DEBUG FullProcessService - Repository https://github.com/weefbellington/screenplay available: true
2018-04-01 10:38:34,108 INFO  FullProcessService - Could not download ZIP file from Github, lets clone it
2018-04-01 10:38:34,108 INFO  SysUtils - Execute command: [git, clone, -q, --single-branch, --depth, 1, https://github.com/weefbellington/screenplay, /tmp/rdisk/2709/src]
2018-04-01 10:38:35,622 INFO  SysUtils - 
2018-04-01 10:38:35,627 INFO  GitService - Deleted "/tmp/rdisk/2709/src/.git": true
2018-04-01 10:38:35,632 INFO  FullProcessService - Size of directory with sources: 219 KB
2018-04-01 10:38:35,632 INFO  SysUtils - Execute command: [git, init, /tmp/rdisk/2709/src]
2018-04-01 10:38:35,642 INFO  SysUtils - Initialized empty Git repository in /tmp/rdisk/2709/src/.git/

2018-04-01 10:38:35,646 INFO  ProjectBuildService - Gradle wrapper(s): /tmp/rdisk/2709/src/gradlew
2018-04-01 10:38:35,650 INFO  ProjectBuildService - Build script(s): /tmp/rdisk/2709/src/flow-plugin/build.gradle /tmp/rdisk/2709/src/sample-simple/build.gradle /tmp/rdisk/2709/src/screenplay/build.gradle /tmp/rdisk/2709/src/build.gradle
2018-04-01 10:38:35,654 INFO  ProjectBuildService - All script(s): /tmp/rdisk/2709/src/settings.gradle /tmp/rdisk/2709/src/screenplay/build.gradle /tmp/rdisk/2709/src/sample-simple/build.gradle /tmp/rdisk/2709/src/flow-plugin/build.gradle /tmp/rdisk/2709/src/build.gradle
2018-04-01 10:38:35,655 INFO  DownloadService - Downloading "https://raw.githubusercontent.com/PrashamTrivedi/JCenter/master/bintrayv1.gradle", attempt 3
2018-04-01 10:39:35,656 ERROR RemoteScriptService - Could not download content from "https://raw.githubusercontent.com/PrashamTrivedi/JCenter/master/bintrayv1.gradle"
org.apache.http.conn.ConnectionPoolTimeoutException: Timeout waiting for connection from pool
	at org.apache.http.impl.conn.PoolingHttpClientConnectionManager.leaseConnection(PoolingHttpClientConnectionManager.java:313)
	at org.apache.http.impl.conn.PoolingHttpClientConnectionManager$1.get(PoolingHttpClientConnectionManager.java:279)
	at org.apache.http.impl.execchain.MainClientExec.execute(MainClientExec.java:191)
	at org.apache.http.impl.execchain.ProtocolExec.execute(ProtocolExec.java:185)
	at org.apache.http.impl.execchain.RetryExec.execute(RetryExec.java:89)
	at org.apache.http.impl.execchain.RedirectExec.execute(RedirectExec.java:111)
	at org.apache.http.impl.client.InternalHttpClient.doExecute(InternalHttpClient.java:185)
	at org.apache.http.impl.client.CloseableHttpClient.execute(CloseableHttpClient.java:83)
	at org.apache.http.impl.client.CloseableHttpClient.execute(CloseableHttpClient.java:108)
	at com.github.vbauer.apkmaster.service.network.DownloadService.download(DownloadService.java:112)
	at com.github.vbauer.apkmaster.service.network.DownloadService.downloadContent(DownloadService.java:91)
	at com.github.vbauer.apkmaster.service.assembly.RemoteScriptService.fetchRemoteScript(RemoteScriptService.java:42)
	at com.github.vbauer.apkmaster.service.assembly.RemoteScriptService.detect(RemoteScriptService.java:31)
	at com.github.vbauer.apkmaster.service.assembly.ProjectInfoService.getProjectInfo(ProjectInfoService.java:48)
	at com.github.vbauer.apkmaster.service.FullProcessService.build(FullProcessService.java:77)
	at com.github.vbauer.apkmaster.service.FullProcessService.process(FullProcessService.java:34)
	at com.github.vbauer.apkmaster.app.MainApplication.process(MainApplication.java:38)
	at com.github.vbauer.apkmaster.app.MainApplication.main(MainApplication.java:20)
	at sun.reflect.GeneratedMethodAccessor8.invoke(Unknown Source)
	at sun.reflect.DelegatingMethodAccessorImpl.invoke(DelegatingMethodAccessorImpl.java:43)
	at java.lang.reflect.Method.invoke(Method.java:498)
	at com.android.arsenal.util.ReflectionUtils.invoke(ReflectionUtils.java:42)
	at com.android.arsenal.util.ApkMasterUtils.main(ApkMasterUtils.java:30)
	at com.android.arsenal.service.processor.impl.BuildProcessorServiceImpl.buildProject(BuildProcessorServiceImpl.java:197)
	at com.android.arsenal.service.processor.impl.BuildProcessorServiceImpl.build(BuildProcessorServiceImpl.java:131)
	at com.android.arsenal.service.processor.impl.BuildProcessorServiceImpl.lambda$null$1(BuildProcessorServiceImpl.java:114)
	at java.util.concurrent.FutureTask.run(FutureTask.java:266)
	at java.util.concurrent.Executors$RunnableAdapter.call(Executors.java:511)
	at java.util.concurrent.FutureTask.run(FutureTask.java:266)
	at java.util.concurrent.ThreadPoolExecutor.runWorker(ThreadPoolExecutor.java:1149)
	at java.util.concurrent.ThreadPoolExecutor$Worker.run(ThreadPoolExecutor.java:624)
	at java.lang.Thread.run(Thread.java:748)
2018-04-01 10:39:35,656 INFO  DownloadService - Downloading "https://raw.githubusercontent.com/PrashamTrivedi/JCenter/master/installv1.gradle", attempt 3
2018-04-01 10:40:35,657 ERROR RemoteScriptService - Could not download content from "https://raw.githubusercontent.com/PrashamTrivedi/JCenter/master/installv1.gradle"
org.apache.http.conn.ConnectionPoolTimeoutException: Timeout waiting for connection from pool
	at org.apache.http.impl.conn.PoolingHttpClientConnectionManager.leaseConnection(PoolingHttpClientConnectionManager.java:313)
	at org.apache.http.impl.conn.PoolingHttpClientConnectionManager$1.get(PoolingHttpClientConnectionManager.java:279)
	at org.apache.http.impl.execchain.MainClientExec.execute(MainClientExec.java:191)
	at org.apache.http.impl.execchain.ProtocolExec.execute(ProtocolExec.java:185)
	at org.apache.http.impl.execchain.RetryExec.execute(RetryExec.java:89)
	at org.apache.http.impl.execchain.RedirectExec.execute(RedirectExec.java:111)
	at org.apache.http.impl.client.InternalHttpClient.doExecute(InternalHttpClient.java:185)
	at org.apache.http.impl.client.CloseableHttpClient.execute(CloseableHttpClient.java:83)
	at org.apache.http.impl.client.CloseableHttpClient.execute(CloseableHttpClient.java:108)
	at com.github.vbauer.apkmaster.service.network.DownloadService.download(DownloadService.java:112)
	at com.github.vbauer.apkmaster.service.network.DownloadService.downloadContent(DownloadService.java:91)
	at com.github.vbauer.apkmaster.service.assembly.RemoteScriptService.fetchRemoteScript(RemoteScriptService.java:42)
	at com.github.vbauer.apkmaster.service.assembly.RemoteScriptService.detect(RemoteScriptService.java:31)
	at com.github.vbauer.apkmaster.service.assembly.ProjectInfoService.getProjectInfo(ProjectInfoService.java:48)
	at com.github.vbauer.apkmaster.service.FullProcessService.build(FullProcessService.java:77)
	at com.github.vbauer.apkmaster.service.FullProcessService.process(FullProcessService.java:34)
	at com.github.vbauer.apkmaster.app.MainApplication.process(MainApplication.java:38)
	at com.github.vbauer.apkmaster.app.MainApplication.main(MainApplication.java:20)
	at sun.reflect.GeneratedMethodAccessor8.invoke(Unknown Source)
	at sun.reflect.DelegatingMethodAccessorImpl.invoke(DelegatingMethodAccessorImpl.java:43)
	at java.lang.reflect.Method.invoke(Method.java:498)
	at com.android.arsenal.util.ReflectionUtils.invoke(ReflectionUtils.java:42)
	at com.android.arsenal.util.ApkMasterUtils.main(ApkMasterUtils.java:30)
	at com.android.arsenal.service.processor.impl.BuildProcessorServiceImpl.buildProject(BuildProcessorServiceImpl.java:197)
	at com.android.arsenal.service.processor.impl.BuildProcessorServiceImpl.build(BuildProcessorServiceImpl.java:131)
	at com.android.arsenal.service.processor.impl.BuildProcessorServiceImpl.lambda$null$1(BuildProcessorServiceImpl.java:114)
	at java.util.concurrent.FutureTask.run(FutureTask.java:266)
	at java.util.concurrent.Executors$RunnableAdapter.call(Executors.java:511)
	at java.util.concurrent.FutureTask.run(FutureTask.java:266)
	at java.util.concurrent.ThreadPoolExecutor.runWorker(ThreadPoolExecutor.java:1149)
	at java.util.concurrent.ThreadPoolExecutor$Worker.run(ThreadPoolExecutor.java:624)
	at java.lang.Thread.run(Thread.java:748)
2018-04-01 10:40:35,657 INFO  ProjectBuildService - Remote scripts: none
2018-04-01 10:40:35,657 INFO  ProjectFixService - Fixing project...
2018-04-01 10:40:35,668 INFO  LocalPropertiesFixService - Created fake /tmp/rdisk/2709/src/flow-plugin/local.properties
2018-04-01 10:40:35,668 INFO  ProjectFixService - Build info for "/tmp/rdisk/2709/src/flow-plugin/build.gradle": [buildToolsVersion=23.0.1,compileSdkVersion=23,minSdkVersion=14,targetSdkVersion=23]
2018-04-01 10:40:35,668 INFO  LocalPropertiesFixService - Created fake /tmp/rdisk/2709/src/sample-simple/local.properties
2018-04-01 10:40:35,669 INFO  ProjectFixService - Build info for "/tmp/rdisk/2709/src/sample-simple/build.gradle": [buildToolsVersion=23.0.1,compileSdkVersion=23,minSdkVersion=14,targetSdkVersion=23]
2018-04-01 10:40:35,669 INFO  LocalPropertiesFixService - Created fake /tmp/rdisk/2709/src/screenplay/local.properties
2018-04-01 10:40:35,669 INFO  ProjectFixService - Build info for "/tmp/rdisk/2709/src/screenplay/build.gradle": [buildToolsVersion=23.0.1,compileSdkVersion=23,minSdkVersion=14,targetSdkVersion=23]
2018-04-01 10:40:35,670 INFO  LocalPropertiesFixService - Created fake /tmp/rdisk/2709/src/local.properties
2018-04-01 10:40:35,670 INFO  WrapperPropertiesFixService - Gradle wrapper: https://services.gradle.org/distributions/gradle-2.8-all.zip
2018-04-01 10:40:35,670 INFO  WrapperPropertiesFixService - Gradle wrapper was changed from "-all.zip" to "-bin.zip" (https://services.gradle.org/distributions/gradle-2.8-bin.zip)
2018-04-01 10:40:35,671 INFO  ProjectFixService - Build info for "/tmp/rdisk/2709/src/build.gradle": [buildToolsVersion=23.0.1,compileSdkVersion=23,minSdkVersion=14,targetSdkVersion=23]
2018-04-01 10:40:35,671 INFO  ProjectFixService - Project was maybe fixed
2018-04-01 10:40:35,671 INFO  ProjectTaskService - Detecting possible tasks...
2018-04-01 10:40:35,671 INFO  SysUtils - Execute command: [/tmp/rdisk/2709/src/gradlew, -b, /tmp/rdisk/2709/src/flow-plugin/build.gradle, -Dorg.gradle.daemon=false, -Dorg.gradle.daemon.performance.enable-monitoring=false, -Dorg.gradle.configureondemand=true, tasks]
2018-04-01 10:40:43,659 ERROR ProjectTaskService - Could not detect possible Gradle tasks: Process exited with an error: 1 (Exit value: 1)
2018-04-01 10:40:43,659 INFO  ProjectTaskService - Detected possible tasks: 0
2018-04-01 10:40:43,659 INFO  ProjectTaskService - Excluded tasks (0): none
2018-04-01 10:40:43,659 INFO  SysUtils - Execute command: [/tmp/rdisk/2709/src/gradlew, -b, /tmp/rdisk/2709/src/flow-plugin/build.gradle, -Dorg.gradle.daemon=false, -Dorg.gradle.daemon.performance.enable-monitoring=false, -Dorg.gradle.configureondemand=true, --stacktrace, build]
2018-04-01 10:40:48,559 ERROR SysUtils - Could not process external command
org.apache.commons.exec.ExecuteException: Process exited with an error: 1 (Exit value: 1)
	at org.apache.commons.exec.DefaultExecutor.executeInternal(DefaultExecutor.java:404)
	at org.apache.commons.exec.DefaultExecutor.execute(DefaultExecutor.java:166)
	at com.github.vbauer.apkmaster.util.SysUtils.execute(SysUtils.java:67)
	at com.github.vbauer.apkmaster.util.SysUtils.executeSimple(SysUtils.java:43)
	at com.github.vbauer.apkmaster.service.assembly.ProjectBuildService.buildProject(ProjectBuildService.java:78)
	at com.github.vbauer.apkmaster.service.assembly.ProjectBuildService.buildProject(ProjectBuildService.java:64)
	at com.github.vbauer.apkmaster.service.assembly.ProjectBuildService.buildProject(ProjectBuildService.java:43)
	at com.github.vbauer.apkmaster.service.FullProcessService.build(FullProcessService.java:84)
	at com.github.vbauer.apkmaster.service.FullProcessService.process(FullProcessService.java:34)
	at com.github.vbauer.apkmaster.app.MainApplication.process(MainApplication.java:38)
	at com.github.vbauer.apkmaster.app.MainApplication.main(MainApplication.java:20)
	at sun.reflect.GeneratedMethodAccessor8.invoke(Unknown Source)
	at sun.reflect.DelegatingMethodAccessorImpl.invoke(DelegatingMethodAccessorImpl.java:43)
	at java.lang.reflect.Method.invoke(Method.java:498)
	at com.android.arsenal.util.ReflectionUtils.invoke(ReflectionUtils.java:42)
	at com.android.arsenal.util.ApkMasterUtils.main(ApkMasterUtils.java:30)
	at com.android.arsenal.service.processor.impl.BuildProcessorServiceImpl.buildProject(BuildProcessorServiceImpl.java:197)
	at com.android.arsenal.service.processor.impl.BuildProcessorServiceImpl.build(BuildProcessorServiceImpl.java:131)
	at com.android.arsenal.service.processor.impl.BuildProcessorServiceImpl.lambda$null$1(BuildProcessorServiceImpl.java:114)
	at java.util.concurrent.FutureTask.run(FutureTask.java:266)
	at java.util.concurrent.Executors$RunnableAdapter.call(Executors.java:511)
	at java.util.concurrent.FutureTask.run(FutureTask.java:266)
	at java.util.concurrent.ThreadPoolExecutor.runWorker(ThreadPoolExecutor.java:1149)
	at java.util.concurrent.ThreadPoolExecutor$Worker.run(ThreadPoolExecutor.java:624)
	at java.lang.Thread.run(Thread.java:748)
2018-04-01 10:40:48,559 INFO  SysUtils - Configuration on demand is an incubating feature.
Failed to notify ProjectEvaluationListener.afterEvaluate(), but primary configuration failure takes precedence.
java.lang.IllegalStateException: buildToolsVersion is not specified.
	at com.google.common.base.Preconditions.checkState(Preconditions.java:176)
	at com.android.build.gradle.BasePlugin.createAndroidTasks(BasePlugin.groovy:444)
	at com.android.build.gradle.BasePlugin$_createTasks_closure13_closure17.doCall(BasePlugin.groovy:415)
	at com.android.build.gradle.BasePlugin$_createTasks_closure13_closure17.doCall(BasePlugin.groovy)
	at sun.reflect.NativeMethodAccessorImpl.invoke0(Native Method)
	at sun.reflect.NativeMethodAccessorImpl.invoke(NativeMethodAccessorImpl.java:62)
	at sun.reflect.DelegatingMethodAccessorImpl.invoke(DelegatingMethodAccessorImpl.java:43)
	at java.lang.reflect.Method.invoke(Method.java:498)
	at org.codehaus.groovy.reflection.CachedMethod.invoke(CachedMethod.java:93)
	at groovy.lang.MetaMethod.doMethodInvoke(MetaMethod.java:325)
	at org.codehaus.groovy.runtime.metaclass.ClosureMetaClass.invokeMethod(ClosureMetaClass.java:294)
	at groovy.lang.MetaClassImpl.invokeMethod(MetaClassImpl.java:1019)
	at org.codehaus.groovy.runtime.callsite.PogoMetaClassSite.call(PogoMetaClassSite.java:42)
	at org.codehaus.groovy.runtime.callsite.CallSiteArray.defaultCall(CallSiteArray.java:48)
	at org.codehaus.groovy.runtime.callsite.PogoMetaClassSite.call(PogoMetaClassSite.java:57)
	at org.codehaus.groovy.runtime.callsite.AbstractCallSite.call(AbstractCallSite.java:117)
	at com.android.build.gradle.internal.profile.SpanRecorders$2.call(SpanRecorders.groovy:52)
	at com.android.builder.profile.ThreadRecorder$1.record(ThreadRecorder.java:48)
	at sun.reflect.NativeMethodAccessorImpl.invoke0(Native Method)
	at sun.reflect.NativeMethodAccessorImpl.invoke(NativeMethodAccessorImpl.java:62)
	at sun.reflect.DelegatingMethodAccessorImpl.invoke(DelegatingMethodAccessorImpl.java:43)
	at java.lang.reflect.Method.invoke(Method.java:498)
	at org.codehaus.groovy.runtime.callsite.PojoMetaMethodSite$PojoCachedMethodSite.invoke(PojoMetaMethodSite.java:192)
	at org.codehaus.groovy.runtime.callsite.PojoMetaMethodSite.call(PojoMetaMethodSite.java:56)
	at org.codehaus.groovy.runtime.callsite.AbstractCallSite.call(AbstractCallSite.java:141)
	at com.android.build.gradle.internal.profile.SpanRecorders.record(SpanRecorders.groovy:54)
	at com.android.build.gradle.BasePlugin$_createTasks_closure13.doCall(BasePlugin.groovy:414)
	at sun.reflect.NativeMethodAccessorImpl.invoke0(Native Method)
	at sun.reflect.NativeMethodAccessorImpl.invoke(NativeMethodAccessorImpl.java:62)
	at sun.reflect.DelegatingMethodAccessorImpl.invoke(DelegatingMethodAccessorImpl.java:43)
	at java.lang.reflect.Method.invoke(Method.java:498)
	at org.codehaus.groovy.reflection.CachedMethod.invoke(CachedMethod.java:93)
	at groovy.lang.MetaMethod.doMethodInvoke(MetaMethod.java:325)
	at org.codehaus.groovy.runtime.metaclass.ClosureMetaClass.invokeMethod(ClosureMetaClass.java:294)
	at groovy.lang.MetaClassImpl.invokeMethod(MetaClassImpl.java:1019)
	at groovy.lang.Closure.call(Closure.java:426)
	at org.gradle.listener.ClosureBackedMethodInvocationDispatch.dispatch(ClosureBackedMethodInvocationDispatch.java:40)
	at org.gradle.listener.ClosureBackedMethodInvocationDispatch.dispatch(ClosureBackedMethodInvocationDispatch.java:25)
	at org.gradle.internal.event.AbstractBroadcastDispatch.dispatch(AbstractBroadcastDispatch.java:44)
	at org.gradle.internal.event.BroadcastDispatch.dispatch(BroadcastDispatch.java:79)
	at org.gradle.internal.event.BroadcastDispatch.dispatch(BroadcastDispatch.java:30)
	at org.gradle.messaging.dispatch.ProxyDispatchAdapter$DispatchingInvocationHandler.invoke(ProxyDispatchAdapter.java:93)
	at com.sun.proxy.$Proxy11.afterEvaluate(Unknown Source)
	at org.gradle.configuration.project.LifecycleProjectEvaluator.notifyAfterEvaluate(LifecycleProjectEvaluator.java:67)
	at org.gradle.configuration.project.LifecycleProjectEvaluator.evaluate(LifecycleProjectEvaluator.java:61)
	at org.gradle.api.internal.project.AbstractProject.evaluate(AbstractProject.java:499)
	at org.gradle.api.internal.project.AbstractProject.evaluate(AbstractProject.java:86)
	at org.gradle.execution.TaskPathProjectEvaluator.configureHierarchy(TaskPathProjectEvaluator.java:42)
	at org.gradle.execution.TaskSelector.getSelection(TaskSelector.java:84)
	at org.gradle.execution.TaskSelector.getSelection(TaskSelector.java:75)
	at org.gradle.execution.commandline.CommandLineTaskParser.parseTasks(CommandLineTaskParser.java:42)
	at org.gradle.execution.TaskNameResolvingBuildConfigurationAction.configure(TaskNameResolvingBuildConfigurationAction.java:44)
	at org.gradle.execution.DefaultBuildConfigurationActionExecuter.configure(DefaultBuildConfigurationActionExecuter.java:48)
	at org.gradle.execution.DefaultBuildConfigurationActionExecuter.access$000(DefaultBuildConfigurationActionExecuter.java:25)
	at org.gradle.execution.DefaultBuildConfigurationActionExecuter$1.proceed(DefaultBuildConfigurationActionExecuter.java:54)
	at org.gradle.execution.DefaultTasksBuildExecutionAction.configure(DefaultTasksBuildExecutionAction.java:44)
	at org.gradle.execution.DefaultBuildConfigurationActionExecuter.configure(DefaultBuildConfigurationActionExecuter.java:48)
	at org.gradle.execution.DefaultBuildConfigurationActionExecuter.access$000(DefaultBuildConfigurationActionExecuter.java:25)
	at org.gradle.execution.DefaultBuildConfigurationActionExecuter$1.proceed(DefaultBuildConfigurationActionExecuter.java:54)
	at org.gradle.execution.ExcludedTaskFilteringBuildConfigurationAction.configure(ExcludedTaskFilteringBuildConfigurationAction.java:47)
	at org.gradle.execution.DefaultBuildConfigurationActionExecuter.configure(DefaultBuildConfigurationActionExecuter.java:48)
	at org.gradle.execution.DefaultBuildConfigurationActionExecuter.select(DefaultBuildConfigurationActionExecuter.java:36)
	at org.gradle.initialization.DefaultGradleLauncher$3.run(DefaultGradleLauncher.java:143)
	at org.gradle.internal.Factories$1.create(Factories.java:22)
	at org.gradle.internal.progress.DefaultBuildOperationExecutor.run(DefaultBuildOperationExecutor.java:90)
	at org.gradle.internal.progress.DefaultBuildOperationExecutor.run(DefaultBuildOperationExecutor.java:52)
	at org.gradle.initialization.DefaultGradleLauncher.doBuildStages(DefaultGradleLauncher.java:140)
	at org.gradle.initialization.DefaultGradleLauncher.access$200(DefaultGradleLauncher.java:32)
	at org.gradle.initialization.DefaultGradleLauncher$1.create(DefaultGradleLauncher.java:99)
	at org.gradle.initialization.DefaultGradleLauncher$1.create(DefaultGradleLauncher.java:93)
	at org.gradle.internal.progress.DefaultBuildOperationExecutor.run(DefaultBuildOperationExecutor.java:90)
	at org.gradle.internal.progress.DefaultBuildOperationExecutor.run(DefaultBuildOperationExecutor.java:62)
	at org.gradle.initialization.DefaultGradleLauncher.doBuild(DefaultGradleLauncher.java:93)
	at org.gradle.initialization.DefaultGradleLauncher.run(DefaultGradleLauncher.java:82)
	at org.gradle.launcher.exec.InProcessBuildActionExecuter$DefaultBuildController.run(InProcessBuildActionExecuter.java:94)
	at org.gradle.tooling.internal.provider.ExecuteBuildActionRunner.run(ExecuteBuildActionRunner.java:28)
	at org.gradle.launcher.exec.ChainingBuildActionRunner.run(ChainingBuildActionRunner.java:35)
	at org.gradle.launcher.exec.InProcessBuildActionExecuter.execute(InProcessBuildActionExecuter.java:43)
	at org.gradle.launcher.exec.InProcessBuildActionExecuter.execute(InProcessBuildActionExecuter.java:28)
	at org.gradle.launcher.exec.ContinuousBuildActionExecuter.execute(ContinuousBuildActionExecuter.java:77)
	at org.gradle.launcher.exec.ContinuousBuildActionExecuter.execute(ContinuousBuildActionExecuter.java:47)
	at org.gradle.launcher.exec.DaemonUsageSuggestingBuildActionExecuter.execute(DaemonUsageSuggestingBuildActionExecuter.java:51)
	at org.gradle.launcher.exec.DaemonUsageSuggestingBuildActionExecuter.execute(DaemonUsageSuggestingBuildActionExecuter.java:28)
	at org.gradle.launcher.cli.RunBuildAction.run(RunBuildAction.java:43)
	at org.gradle.internal.Actions$RunnableActionAdapter.execute(Actions.java:170)
	at org.gradle.launcher.cli.CommandLineActionFactory$ParseAndBuildAction.execute(CommandLineActionFactory.java:237)
	at org.gradle.launcher.cli.CommandLineActionFactory$ParseAndBuildAction.execute(CommandLineActionFactory.java:210)
	at org.gradle.launcher.cli.JavaRuntimeValidationAction.execute(JavaRuntimeValidationAction.java:35)
	at org.gradle.launcher.cli.JavaRuntimeValidationAction.execute(JavaRuntimeValidationAction.java:24)
	at org.gradle.launcher.cli.CommandLineActionFactory$WithLogging.execute(CommandLineActionFactory.java:206)
	at org.gradle.launcher.cli.CommandLineActionFactory$WithLogging.execute(CommandLineActionFactory.java:169)
	at org.gradle.launcher.cli.ExceptionReportingAction.execute(ExceptionReportingAction.java:33)
	at org.gradle.launcher.cli.ExceptionReportingAction.execute(ExceptionReportingAction.java:22)
	at org.gradle.launcher.Main.doAction(Main.java:33)
	at org.gradle.launcher.bootstrap.EntryPoint.run(EntryPoint.java:45)
	at sun.reflect.NativeMethodAccessorImpl.invoke0(Native Method)
	at sun.reflect.NativeMethodAccessorImpl.invoke(NativeMethodAccessorImpl.java:62)
	at sun.reflect.DelegatingMethodAccessorImpl.invoke(DelegatingMethodAccessorImpl.java:43)
	at java.lang.reflect.Method.invoke(Method.java:498)
	at org.gradle.launcher.bootstrap.ProcessBootstrap.runNoExit(ProcessBootstrap.java:54)
	at org.gradle.launcher.bootstrap.ProcessBootstrap.run(ProcessBootstrap.java:35)
	at org.gradle.launcher.GradleMain.main(GradleMain.java:23)
	at sun.reflect.NativeMethodAccessorImpl.invoke0(Native Method)
	at sun.reflect.NativeMethodAccessorImpl.invoke(NativeMethodAccessorImpl.java:62)
	at sun.reflect.DelegatingMethodAccessorImpl.invoke(DelegatingMethodAccessorImpl.java:43)
	at java.lang.reflect.Method.invoke(Method.java:498)
	at org.gradle.wrapper.BootstrapMainStarter.start(BootstrapMainStarter.java:30)
	at org.gradle.wrapper.WrapperExecutor.execute(WrapperExecutor.java:127)
	at org.gradle.wrapper.GradleWrapperMain.main(GradleWrapperMain.java:56)

FAILURE: Build failed with an exception.

* Where:
Script 'https://raw.githubusercontent.com/PrashamTrivedi/JCenter/master/installv1.gradle' line: 30

* What went wrong:
A problem occurred evaluating script.
> No such property: DEVELOPER_EMAIL for class: org.gradle.api.publication.maven.internal.pom.CustomModelBuilder

* Try:
Run with --info or --debug option to get more log output.

* Exception is:
org.gradle.api.GradleScriptException: A problem occurred evaluating script.
	at org.gradle.groovy.scripts.internal.DefaultScriptRunnerFactory$ScriptRunnerImpl.run(DefaultScriptRunnerFactory.java:93)
	at org.gradle.configuration.DefaultScriptPluginFactory$ScriptPluginImpl$1.run(DefaultScriptPluginFactory.java:148)
	at org.gradle.configuration.DefaultScriptTarget.addConfiguration(DefaultScriptTarget.java:69)
	at org.gradle.configuration.DefaultScriptPluginFactory$ScriptPluginImpl.apply(DefaultScriptPluginFactory.java:153)
	at org.gradle.api.internal.plugins.DefaultObjectConfigurationAction.applyScript(DefaultObjectConfigurationAction.java:101)
	at org.gradle.api.internal.plugins.DefaultObjectConfigurationAction.access$000(DefaultObjectConfigurationAction.java:35)
	at org.gradle.api.internal.plugins.DefaultObjectConfigurationAction$1.run(DefaultObjectConfigurationAction.java:61)
	at org.gradle.api.internal.plugins.DefaultObjectConfigurationAction.execute(DefaultObjectConfigurationAction.java:135)
	at org.gradle.api.internal.project.AbstractPluginAware.apply(AbstractPluginAware.java:46)
	at org.gradle.api.plugins.PluginAware$apply.call(Unknown Source)
	at org.gradle.api.internal.project.ProjectScript.apply(ProjectScript.groovy:34)
	at org.gradle.api.Script$apply$0.callCurrent(Unknown Source)
	at build_8badakxewbgddki4d8d5c2f6r.run(/tmp/rdisk/2709/src/flow-plugin/build.gradle:2)
	at org.gradle.groovy.scripts.internal.DefaultScriptRunnerFactory$ScriptRunnerImpl.run(DefaultScriptRunnerFactory.java:91)
	at org.gradle.configuration.DefaultScriptPluginFactory$ScriptPluginImpl$1.run(DefaultScriptPluginFactory.java:148)
	at org.gradle.configuration.ProjectScriptTarget.addConfiguration(ProjectScriptTarget.java:72)
	at org.gradle.configuration.DefaultScriptPluginFactory$ScriptPluginImpl.apply(DefaultScriptPluginFactory.java:153)
	at org.gradle.configuration.project.BuildScriptProcessor.execute(BuildScriptProcessor.java:38)
	at org.gradle.configuration.project.BuildScriptProcessor.execute(BuildScriptProcessor.java:25)
	at org.gradle.configuration.project.ConfigureActionsProjectEvaluator.evaluate(ConfigureActionsProjectEvaluator.java:34)
	at org.gradle.configuration.project.LifecycleProjectEvaluator.evaluate(LifecycleProjectEvaluator.java:55)
	at org.gradle.api.internal.project.AbstractProject.evaluate(AbstractProject.java:499)
	at org.gradle.api.internal.project.AbstractProject.evaluate(AbstractProject.java:86)
	at org.gradle.execution.TaskPathProjectEvaluator.configureHierarchy(TaskPathProjectEvaluator.java:42)
	at org.gradle.execution.TaskSelector.getSelection(TaskSelector.java:84)
	at org.gradle.execution.TaskSelector.getSelection(TaskSelector.java:75)
	at org.gradle.execution.commandline.CommandLineTaskParser.parseTasks(CommandLineTaskParser.java:42)
	at org.gradle.execution.TaskNameResolvingBuildConfigurationAction.configure(TaskNameResolvingBuildConfigurationAction.java:44)
	at org.gradle.execution.DefaultBuildConfigurationActionExecuter.configure(DefaultBuildConfigurationActionExecuter.java:48)
	at org.gradle.execution.DefaultBuildConfigurationActionExecuter.access$000(DefaultBuildConfigurationActionExecuter.java:25)
	at org.gradle.execution.DefaultBuildConfigurationActionExecuter$1.proceed(DefaultBuildConfigurationActionExecuter.java:54)
	at org.gradle.execution.DefaultTasksBuildExecutionAction.configure(DefaultTasksBuildExecutionAction.java:44)
	at org.gradle.execution.DefaultBuildConfigurationActionExecuter.configure(DefaultBuildConfigurationActionExecuter.java:48)
	at org.gradle.execution.DefaultBuildConfigurationActionExecuter.access$000(DefaultBuildConfigurationActionExecuter.java:25)
	at org.gradle.execution.DefaultBuildConfigurationActionExecuter$1.proceed(DefaultBuildConfigurationActionExecuter.java:54)
	at org.gradle.execution.ExcludedTaskFilteringBuildConfigurationAction.configure(ExcludedTaskFilteringBuildConfigurationAction.java:47)
	at org.gradle.execution.DefaultBuildConfigurationActionExecuter.configure(DefaultBuildConfigurationActionExecuter.java:48)
	at org.gradle.execution.DefaultBuildConfigurationActionExecuter.select(DefaultBuildConfigurationActionExecuter.java:36)
	at org.gradle.initialization.DefaultGradleLauncher$3.run(DefaultGradleLauncher.java:143)
	at org.gradle.internal.Factories$1.create(Factories.java:22)
	at org.gradle.internal.progress.DefaultBuildOperationExecutor.run(DefaultBuildOperationExecutor.java:90)
	at org.gradle.internal.progress.DefaultBuildOperationExecutor.run(DefaultBuildOperationExecutor.java:52)
	at org.gradle.initialization.DefaultGradleLauncher.doBuildStages(DefaultGradleLauncher.java:140)
	at org.gradle.initialization.DefaultGradleLauncher.access$200(DefaultGradleLauncher.java:32)
	at org.gradle.initialization.DefaultGradleLauncher$1.create(DefaultGradleLauncher.java:99)
	at org.gradle.initialization.DefaultGradleLauncher$1.create(DefaultGradleLauncher.java:93)
	at org.gradle.internal.progress.DefaultBuildOperationExecutor.run(DefaultBuildOperationExecutor.java:90)
	at org.gradle.internal.progress.DefaultBuildOperationExecutor.run(DefaultBuildOperationExecutor.java:62)
	at org.gradle.initialization.DefaultGradleLauncher.doBuild(DefaultGradleLauncher.java:93)
	at org.gradle.initialization.DefaultGradleLauncher.run(DefaultGradleLauncher.java:82)
	at org.gradle.launcher.exec.InProcessBuildActionExecuter$DefaultBuildController.run(InProcessBuildActionExecuter.java:94)
	at org.gradle.tooling.internal.provider.ExecuteBuildActionRunner.run(ExecuteBuildActionRunner.java:28)
	at org.gradle.launcher.exec.ChainingBuildActionRunner.run(ChainingBuildActionRunner.java:35)
	at org.gradle.launcher.exec.InProcessBuildActionExecuter.execute(InProcessBuildActionExecuter.java:43)
	at org.gradle.launcher.exec.InProcessBuildActionExecuter.execute(InProcessBuildActionExecuter.java:28)
	at org.gradle.launcher.exec.ContinuousBuildActionExecuter.execute(ContinuousBuildActionExecuter.java:77)
	at org.gradle.launcher.exec.ContinuousBuildActionExecuter.execute(ContinuousBuildActionExecuter.java:47)
	at org.gradle.launcher.exec.DaemonUsageSuggestingBuildActionExecuter.execute(DaemonUsageSuggestingBuildActionExecuter.java:51)
	at org.gradle.launcher.exec.DaemonUsageSuggestingBuildActionExecuter.execute(DaemonUsageSuggestingBuildActionExecuter.java:28)
	at org.gradle.launcher.cli.RunBuildAction.run(RunBuildAction.java:43)
	at org.gradle.internal.Actions$RunnableActionAdapter.execute(Actions.java:170)
	at org.gradle.launcher.cli.CommandLineActionFactory$ParseAndBuildAction.execute(CommandLineActionFactory.java:237)
	at org.gradle.launcher.cli.CommandLineActionFactory$ParseAndBuildAction.execute(CommandLineActionFactory.java:210)
	at org.gradle.launcher.cli.JavaRuntimeValidationAction.execute(JavaRuntimeValidationAction.java:35)
	at org.gradle.launcher.cli.JavaRuntimeValidationAction.execute(JavaRuntimeValidationAction.java:24)
	at org.gradle.launcher.cli.CommandLineActionFactory$WithLogging.execute(CommandLineActionFactory.java:206)
	at org.gradle.launcher.cli.CommandLineActionFactory$WithLogging.execute(CommandLineActionFactory.java:169)
	at org.gradle.launcher.cli.ExceptionReportingAction.execute(ExceptionReportingAction.java:33)
	at org.gradle.launcher.cli.ExceptionReportingAction.execute(ExceptionReportingAction.java:22)
	at org.gradle.launcher.Main.doAction(Main.java:33)
	at org.gradle.launcher.bootstrap.EntryPoint.run(EntryPoint.java:45)
	at org.gradle.launcher.bootstrap.ProcessBootstrap.runNoExit(ProcessBootstrap.java:54)
	at org.gradle.launcher.bootstrap.ProcessBootstrap.run(ProcessBootstrap.java:35)
	at org.gradle.launcher.GradleMain.main(GradleMain.java:23)
	at org.gradle.wrapper.BootstrapMainStarter.start(BootstrapMainStarter.java:30)
	at org.gradle.wrapper.WrapperExecutor.execute(WrapperExecutor.java:127)
	at org.gradle.wrapper.GradleWrapperMain.main(GradleWrapperMain.java:56)
Caused by: groovy.lang.MissingPropertyException: No such property: DEVELOPER_EMAIL for class: org.gradle.api.publication.maven.internal.pom.CustomModelBuilder
	at installv1_7lkbn0st8x4ancmcgvkqo43j4$_run_closure1$_closure2$_closure3$_closure4$_closure6$_closure9.doCall(https://raw.githubusercontent.com/PrashamTrivedi/JCenter/master/installv1.gradle:30)
	at installv1_7lkbn0st8x4ancmcgvkqo43j4$_run_closure1$_closure2$_closure3$_closure4$_closure6$_closure9.doCall(https://raw.githubusercontent.com/PrashamTrivedi/JCenter/master/installv1.gradle)
	at installv1_7lkbn0st8x4ancmcgvkqo43j4$_run_closure1$_closure2$_closure3$_closure4$_closure6.doCall(https://raw.githubusercontent.com/PrashamTrivedi/JCenter/master/installv1.gradle:27)
	at installv1_7lkbn0st8x4ancmcgvkqo43j4$_run_closure1$_closure2$_closure3$_closure4$_closure6.doCall(https://raw.githubusercontent.com/PrashamTrivedi/JCenter/master/installv1.gradle)
	at installv1_7lkbn0st8x4ancmcgvkqo43j4$_run_closure1$_closure2$_closure3$_closure4.doCall(https://raw.githubusercontent.com/PrashamTrivedi/JCenter/master/installv1.gradle:26)
	at installv1_7lkbn0st8x4ancmcgvkqo43j4$_run_closure1$_closure2$_closure3$_closure4.doCall(https://raw.githubusercontent.com/PrashamTrivedi/JCenter/master/installv1.gradle)
	at org.gradle.api.publication.maven.internal.pom.DefaultMavenPom.project(DefaultMavenPom.java:133)
	at org.gradle.api.publication.maven.internal.pom.DefaultMavenPom.project(DefaultMavenPom.java:44)
	at installv1_7lkbn0st8x4ancmcgvkqo43j4$_run_closure1$_closure2$_closure3.doCall(https://raw.githubusercontent.com/PrashamTrivedi/JCenter/master/installv1.gradle:9)
	at org.gradle.api.internal.ClosureBackedAction.execute(ClosureBackedAction.java:67)
	at org.gradle.util.ConfigureUtil.configure(ConfigureUtil.java:130)
	at org.gradle.util.ConfigureUtil.configure(ConfigureUtil.java:91)
	at org.gradle.api.publication.maven.internal.BasePomFilterContainer.pom(BasePomFilterContainer.java:71)
	at org.gradle.api.publication.maven.internal.deployer.AbstractMavenResolver.pom(AbstractMavenResolver.java:174)
	at org.gradle.api.publication.maven.internal.deployer.BaseMavenInstaller.pom(BaseMavenInstaller.java:28)
	at installv1_7lkbn0st8x4ancmcgvkqo43j4$_run_closure1$_closure2.doCall(https://raw.githubusercontent.com/PrashamTrivedi/JCenter/master/installv1.gradle:8)
	at org.gradle.api.internal.ClosureBackedAction.execute(ClosureBackedAction.java:67)
	at org.gradle.util.ConfigureUtil.configure(ConfigureUtil.java:130)
	at org.gradle.util.ConfigureUtil.configure(ConfigureUtil.java:91)
	at org.gradle.api.internal.DefaultNamedDomainObjectCollection$ContainerElementsDynamicObject.invokeMethod(DefaultNamedDomainObjectCollection.java:341)
	at org.gradle.api.internal.CompositeDynamicObject.invokeMethod(CompositeDynamicObject.java:150)
	at org.gradle.api.internal.CompositeDynamicObject.invokeMethod(CompositeDynamicObject.java:150)
	at org.gradle.api.internal.artifacts.dsl.DefaultRepositoryHandler_Decorated.invokeMethod(Unknown Source)
	at installv1_7lkbn0st8x4ancmcgvkqo43j4$_run_closure1.doCall(https://raw.githubusercontent.com/PrashamTrivedi/JCenter/master/installv1.gradle:6)
	at org.gradle.api.internal.ClosureBackedAction.execute(ClosureBackedAction.java:67)
	at org.gradle.util.ConfigureUtil.configure(ConfigureUtil.java:130)
	at org.gradle.util.ConfigureUtil.configure(ConfigureUtil.java:110)
	at org.gradle.api.internal.AbstractTask.configure(AbstractTask.java:488)
	at org.gradle.api.internal.AbstractTask.configure(AbstractTask.java:58)
	at org.gradle.api.internal.ClosureBackedAction.execute(ClosureBackedAction.java:59)
	at org.gradle.util.ConfigureUtil.configure(ConfigureUtil.java:130)
	at org.gradle.util.ConfigureUtil.configure(ConfigureUtil.java:91)
	at org.gradle.api.internal.DefaultNamedDomainObjectCollection$ContainerElementsDynamicObject.invokeMethod(DefaultNamedDomainObjectCollection.java:341)
	at org.gradle.api.internal.CompositeDynamicObject.invokeMethod(CompositeDynamicObject.java:150)
	at org.gradle.groovy.scripts.BasicScript.methodMissing(BasicScript.java:79)
	at installv1_7lkbn0st8x4ancmcgvkqo43j4.run(https://raw.githubusercontent.com/PrashamTrivedi/JCenter/master/installv1.gradle:5)
	at org.gradle.groovy.scripts.internal.DefaultScriptRunnerFactory$ScriptRunnerImpl.run(DefaultScriptRunnerFactory.java:91)
	... 76 more


BUILD FAILED

Total time: 4.429 secs

2018-04-01 10:40:48,564 INFO  ProjectTaskService - Detecting possible tasks...
2018-04-01 10:40:48,564 INFO  SysUtils - Execute command: [/tmp/rdisk/2709/src/gradlew, -b, /tmp/rdisk/2709/src/sample-simple/build.gradle, -Dorg.gradle.daemon=false, -Dorg.gradle.daemon.performance.enable-monitoring=false, -Dorg.gradle.configureondemand=true, tasks]
2018-04-01 10:40:55,166 ERROR ProjectTaskService - Could not detect possible Gradle tasks: Process exited with an error: 1 (Exit value: 1)
2018-04-01 10:40:55,166 INFO  ProjectTaskService - Detected possible tasks: 0
2018-04-01 10:40:55,166 INFO  ProjectTaskService - Excluded tasks (0): none
2018-04-01 10:40:55,167 INFO  SysUtils - Execute command: [/tmp/rdisk/2709/src/gradlew, -b, /tmp/rdisk/2709/src/sample-simple/build.gradle, -Dorg.gradle.daemon=false, -Dorg.gradle.daemon.performance.enable-monitoring=false, -Dorg.gradle.configureondemand=true, --stacktrace, build]
2018-04-01 10:41:22,749 ERROR SysUtils - Could not process external command
org.apache.commons.exec.ExecuteException: Process exited with an error: 1 (Exit value: 1)
	at org.apache.commons.exec.DefaultExecutor.executeInternal(DefaultExecutor.java:404)
	at org.apache.commons.exec.DefaultExecutor.execute(DefaultExecutor.java:166)
	at com.github.vbauer.apkmaster.util.SysUtils.execute(SysUtils.java:67)
	at com.github.vbauer.apkmaster.util.SysUtils.executeSimple(SysUtils.java:43)
	at com.github.vbauer.apkmaster.service.assembly.ProjectBuildService.buildProject(ProjectBuildService.java:78)
	at com.github.vbauer.apkmaster.service.assembly.ProjectBuildService.buildProject(ProjectBuildService.java:64)
	at com.github.vbauer.apkmaster.service.assembly.ProjectBuildService.buildProject(ProjectBuildService.java:43)
	at com.github.vbauer.apkmaster.service.FullProcessService.build(FullProcessService.java:84)
	at com.github.vbauer.apkmaster.service.FullProcessService.process(FullProcessService.java:34)
	at com.github.vbauer.apkmaster.app.MainApplication.process(MainApplication.java:38)
	at com.github.vbauer.apkmaster.app.MainApplication.main(MainApplication.java:20)
	at sun.reflect.GeneratedMethodAccessor8.invoke(Unknown Source)
	at sun.reflect.DelegatingMethodAccessorImpl.invoke(DelegatingMethodAccessorImpl.java:43)
	at java.lang.reflect.Method.invoke(Method.java:498)
	at com.android.arsenal.util.ReflectionUtils.invoke(ReflectionUtils.java:42)
	at com.android.arsenal.util.ApkMasterUtils.main(ApkMasterUtils.java:30)
	at com.android.arsenal.service.processor.impl.BuildProcessorServiceImpl.buildProject(BuildProcessorServiceImpl.java:197)
	at com.android.arsenal.service.processor.impl.BuildProcessorServiceImpl.build(BuildProcessorServiceImpl.java:131)
	at com.android.arsenal.service.processor.impl.BuildProcessorServiceImpl.lambda$null$1(BuildProcessorServiceImpl.java:114)
	at java.util.concurrent.FutureTask.run(FutureTask.java:266)
	at java.util.concurrent.Executors$RunnableAdapter.call(Executors.java:511)
	at java.util.concurrent.FutureTask.run(FutureTask.java:266)
	at java.util.concurrent.ThreadPoolExecutor.runWorker(ThreadPoolExecutor.java:1149)
	at java.util.concurrent.ThreadPoolExecutor$Worker.run(ThreadPoolExecutor.java:624)
	at java.lang.Thread.run(Thread.java:748)
2018-04-01 10:41:22,749 INFO  SysUtils - Configuration on demand is an incubating feature.
:sample-simple:preBuild UP-TO-DATE
:sample-simple:preDebugBuild UP-TO-DATE
:sample-simple:checkDebugManifest
:sample-simple:preReleaseBuild UP-TO-DATE
:sample-simple:prepareComAndroidSupportAppcompatV72310Library
:sample-simple:prepareComAndroidSupportSupportV42310Library
:sample-simple:prepareComDavidstemmerScreenplayFlowPlugin012Library
:sample-simple:prepareComDavidstemmerScreenplayScreenplay100Library
:sample-simple:prepareDebugDependencies
:sample-simple:compileDebugAidl
:sample-simple:compileDebugRenderscript
:sample-simple:generateDebugBuildConfig
:sample-simple:generateDebugAssets UP-TO-DATE
:sample-simple:mergeDebugAssets
:sample-simple:generateDebugResValues
:sample-simple:generateDebugResources
:sample-simple:mergeDebugResources
:sample-simple:processDebugManifest
:sample-simple:processDebugResources
:sample-simple:generateDebugSources
:sample-simple:processDebugJavaRes UP-TO-DATE
:sample-simple:compileDebugJavaWithJavacNote: /tmp/rdisk/2709/src/sample-simple/src/main/java/com/davidstemmer/screenplay/sample/simple/MainActivity.java uses or overrides a deprecated API.
Note: Recompile with -Xlint:deprecation for details.

:sample-simple:compileDebugNdk UP-TO-DATE
:sample-simple:compileDebugSources
:sample-simple:preDexDebug
:sample-simple:dexDebug
:sample-simple:validateDebugSigning
:sample-simple:packageDebug
:sample-simple:zipalignDebug
:sample-simple:assembleDebug
:sample-simple:checkReleaseManifest
:sample-simple:prepareReleaseDependencies
:sample-simple:compileReleaseAidl
:sample-simple:compileReleaseRenderscript
:sample-simple:generateReleaseBuildConfig
:sample-simple:generateReleaseAssets UP-TO-DATE
:sample-simple:mergeReleaseAssets
:sample-simple:generateReleaseResValues
:sample-simple:generateReleaseResources
:sample-simple:mergeReleaseResources
:sample-simple:processReleaseManifest
:sample-simple:processReleaseResources
:sample-simple:generateReleaseSources
:sample-simple:processReleaseJavaRes UP-TO-DATE
:sample-simple:compileReleaseJavaWithJavacNote: /tmp/rdisk/2709/src/sample-simple/src/main/java/com/davidstemmer/screenplay/sample/simple/MainActivity.java uses or overrides a deprecated API.
Note: Recompile with -Xlint:deprecation for details.

:sample-simple:compileReleaseNdk UP-TO-DATE
:sample-simple:compileReleaseSources
:sample-simple:lintVitalRelease
:sample-simple:preDexRelease
:sample-simple:dexRelease
:sample-simple:packageRelease
:sample-simple:assembleRelease
:sample-simple:assemble
:sample-simple:compileLint
:sample-simple:lint
Ran lint on variant debug: 47 issues found
Ran lint on variant release: 47 issues found
Wrote HTML report to file:/tmp/rdisk/2709/src/sample-simple/build/outputs/lint-results.html
Wrote XML report to /tmp/rdisk/2709/src/sample-simple/build/outputs/lint-results.xml
:sample-simple:lint FAILED

FAILURE: Build failed with an exception.

* What went wrong:
Execution failed for task ':sample-simple:lint'.
> Lint found errors in the project; aborting build.
  
  Fix the issues identified by lint, or add the following to your build script to proceed with errors:
  ...
  android {
      lintOptions {
          abortOnError false
      }
  }
  ...

* Try:
Run with --info or --debug option to get more log output.

* Exception is:
org.gradle.api.tasks.TaskExecutionException: Execution failed for task ':sample-simple:lint'.
	at org.gradle.api.internal.tasks.execution.ExecuteActionsTaskExecuter.executeActions(ExecuteActionsTaskExecuter.java:69)
	at org.gradle.api.internal.tasks.execution.ExecuteActionsTaskExecuter.execute(ExecuteActionsTaskExecuter.java:46)
	at org.gradle.api.internal.tasks.execution.PostExecutionAnalysisTaskExecuter.execute(PostExecutionAnalysisTaskExecuter.java:35)
	at org.gradle.api.internal.tasks.execution.SkipUpToDateTaskExecuter.execute(SkipUpToDateTaskExecuter.java:64)
	at org.gradle.api.internal.tasks.execution.ValidatingTaskExecuter.execute(ValidatingTaskExecuter.java:58)
	at org.gradle.api.internal.tasks.execution.SkipEmptySourceFilesTaskExecuter.execute(SkipEmptySourceFilesTaskExecuter.java:52)
	at org.gradle.api.internal.tasks.execution.SkipTaskWithNoActionsExecuter.execute(SkipTaskWithNoActionsExecuter.java:52)
	at org.gradle.api.internal.tasks.execution.SkipOnlyIfTaskExecuter.execute(SkipOnlyIfTaskExecuter.java:53)
	at org.gradle.api.internal.tasks.execution.ExecuteAtMostOnceTaskExecuter.execute(ExecuteAtMostOnceTaskExecuter.java:43)
	at org.gradle.execution.taskgraph.DefaultTaskGraphExecuter$EventFiringTaskWorker.execute(DefaultTaskGraphExecuter.java:203)
	at org.gradle.execution.taskgraph.DefaultTaskGraphExecuter$EventFiringTaskWorker.execute(DefaultTaskGraphExecuter.java:185)
	at org.gradle.execution.taskgraph.AbstractTaskPlanExecutor$TaskExecutorWorker.processTask(AbstractTaskPlanExecutor.java:62)
	at org.gradle.execution.taskgraph.AbstractTaskPlanExecutor$TaskExecutorWorker.run(AbstractTaskPlanExecutor.java:50)
	at org.gradle.execution.taskgraph.DefaultTaskPlanExecutor.process(DefaultTaskPlanExecutor.java:25)
	at org.gradle.execution.taskgraph.DefaultTaskGraphExecuter.execute(DefaultTaskGraphExecuter.java:110)
	at org.gradle.execution.SelectedTaskExecutionAction.execute(SelectedTaskExecutionAction.java:37)
	at org.gradle.execution.DefaultBuildExecuter.execute(DefaultBuildExecuter.java:37)
	at org.gradle.execution.DefaultBuildExecuter.access$000(DefaultBuildExecuter.java:23)
	at org.gradle.execution.DefaultBuildExecuter$1.proceed(DefaultBuildExecuter.java:43)
	at org.gradle.execution.DryRunBuildExecutionAction.execute(DryRunBuildExecutionAction.java:32)
	at org.gradle.execution.DefaultBuildExecuter.execute(DefaultBuildExecuter.java:37)
	at org.gradle.execution.DefaultBuildExecuter.execute(DefaultBuildExecuter.java:30)
	at org.gradle.initialization.DefaultGradleLauncher$4.run(DefaultGradleLauncher.java:154)
	at org.gradle.internal.Factories$1.create(Factories.java:22)
	at org.gradle.internal.progress.DefaultBuildOperationExecutor.run(DefaultBuildOperationExecutor.java:90)
	at org.gradle.internal.progress.DefaultBuildOperationExecutor.run(DefaultBuildOperationExecutor.java:52)
	at org.gradle.initialization.DefaultGradleLauncher.doBuildStages(DefaultGradleLauncher.java:151)
	at org.gradle.initialization.DefaultGradleLauncher.access$200(DefaultGradleLauncher.java:32)
	at org.gradle.initialization.DefaultGradleLauncher$1.create(DefaultGradleLauncher.java:99)
	at org.gradle.initialization.DefaultGradleLauncher$1.create(DefaultGradleLauncher.java:93)
	at org.gradle.internal.progress.DefaultBuildOperationExecutor.run(DefaultBuildOperationExecutor.java:90)
	at org.gradle.internal.progress.DefaultBuildOperationExecutor.run(DefaultBuildOperationExecutor.java:62)
	at org.gradle.initialization.DefaultGradleLauncher.doBuild(DefaultGradleLauncher.java:93)
	at org.gradle.initialization.DefaultGradleLauncher.run(DefaultGradleLauncher.java:82)
	at org.gradle.launcher.exec.InProcessBuildActionExecuter$DefaultBuildController.run(InProcessBuildActionExecuter.java:94)
	at org.gradle.tooling.internal.provider.ExecuteBuildActionRunner.run(ExecuteBuildActionRunner.java:28)
	at org.gradle.launcher.exec.ChainingBuildActionRunner.run(ChainingBuildActionRunner.java:35)
	at org.gradle.launcher.exec.InProcessBuildActionExecuter.execute(InProcessBuildActionExecuter.java:43)
	at org.gradle.launcher.exec.InProcessBuildActionExecuter.execute(InProcessBuildActionExecuter.java:28)
	at org.gradle.launcher.exec.ContinuousBuildActionExecuter.execute(ContinuousBuildActionExecuter.java:77)
	at org.gradle.launcher.exec.ContinuousBuildActionExecuter.execute(ContinuousBuildActionExecuter.java:47)
	at org.gradle.launcher.exec.DaemonUsageSuggestingBuildActionExecuter.execute(DaemonUsageSuggestingBuildActionExecuter.java:51)
	at org.gradle.launcher.exec.DaemonUsageSuggestingBuildActionExecuter.execute(DaemonUsageSuggestingBuildActionExecuter.java:28)
	at org.gradle.launcher.cli.RunBuildAction.run(RunBuildAction.java:43)
	at org.gradle.internal.Actions$RunnableActionAdapter.execute(Actions.java:170)
	at org.gradle.launcher.cli.CommandLineActionFactory$ParseAndBuildAction.execute(CommandLineActionFactory.java:237)
	at org.gradle.launcher.cli.CommandLineActionFactory$ParseAndBuildAction.execute(CommandLineActionFactory.java:210)
	at org.gradle.launcher.cli.JavaRuntimeValidationAction.execute(JavaRuntimeValidationAction.java:35)
	at org.gradle.launcher.cli.JavaRuntimeValidationAction.execute(JavaRuntimeValidationAction.java:24)
	at org.gradle.launcher.cli.CommandLineActionFactory$WithLogging.execute(CommandLineActionFactory.java:206)
	at org.gradle.launcher.cli.CommandLineActionFactory$WithLogging.execute(CommandLineActionFactory.java:169)
	at org.gradle.launcher.cli.ExceptionReportingAction.execute(ExceptionReportingAction.java:33)
	at org.gradle.launcher.cli.ExceptionReportingAction.execute(ExceptionReportingAction.java:22)
	at org.gradle.launcher.Main.doAction(Main.java:33)
	at org.gradle.launcher.bootstrap.EntryPoint.run(EntryPoint.java:45)
	at org.gradle.launcher.bootstrap.ProcessBootstrap.runNoExit(ProcessBootstrap.java:54)
	at org.gradle.launcher.bootstrap.ProcessBootstrap.run(ProcessBootstrap.java:35)
	at org.gradle.launcher.GradleMain.main(GradleMain.java:23)
	at org.gradle.wrapper.BootstrapMainStarter.start(BootstrapMainStarter.java:30)
	at org.gradle.wrapper.WrapperExecutor.execute(WrapperExecutor.java:127)
	at org.gradle.wrapper.GradleWrapperMain.main(GradleWrapperMain.java:56)
Caused by: org.gradle.api.GradleException: Lint found errors in the project; aborting build.

Fix the issues identified by lint, or add the following to your build script to proceed with errors:
...
android {
    lintOptions {
        abortOnError false
    }
}
...
	at com.android.build.gradle.tasks.Lint.abort(Lint.groovy:171)
	at com.android.build.gradle.tasks.Lint.lintAllVariants(Lint.groovy:136)
	at com.android.build.gradle.tasks.Lint$lintAllVariants$4.callCurrent(Unknown Source)
	at com.android.build.gradle.tasks.Lint.lint(Lint.groovy:82)
	at org.gradle.internal.reflect.JavaMethod.invoke(JavaMethod.java:75)
	at org.gradle.api.internal.project.taskfactory.AnnotationProcessingTaskFactory$StandardTaskAction.doExecute(AnnotationProcessingTaskFactory.java:227)
	at org.gradle.api.internal.project.taskfactory.AnnotationProcessingTaskFactory$StandardTaskAction.execute(AnnotationProcessingTaskFactory.java:220)
	at org.gradle.api.internal.project.taskfactory.AnnotationProcessingTaskFactory$StandardTaskAction.execute(AnnotationProcessingTaskFactory.java:209)
	at org.gradle.api.internal.AbstractTask$TaskActionWrapper.execute(AbstractTask.java:585)
	at org.gradle.api.internal.AbstractTask$TaskActionWrapper.execute(AbstractTask.java:568)
	at org.gradle.api.internal.tasks.execution.ExecuteActionsTaskExecuter.executeAction(ExecuteActionsTaskExecuter.java:80)
	at org.gradle.api.internal.tasks.execution.ExecuteActionsTaskExecuter.executeActions(ExecuteActionsTaskExecuter.java:61)
	... 60 more


BUILD FAILED

Total time: 27.159 secs

2018-04-01 10:41:22,791 INFO  FullProcessService - Found APK file: /tmp/rdisk/2709/src/sample-simple/build/outputs/apk/sample-simple-release-unsigned.apk
