2018-04-01 18:58:20,981 INFO  DownloadService - Downloading "https://github.com/Actinarium/Rhythm/archive/master.zip", attempt 3
2018-04-01 18:59:21,414 INFO  GithubDownloadService - Could not find ZIP archive for master branch
2018-04-01 18:59:22,117 INFO  GithubDownloadService - Default branch of this repository: master
2018-04-01 18:59:22,117 INFO  DownloadService - Downloading "https://github.com/Actinarium/Rhythm/archive/master.zip", attempt 3
2018-04-01 19:00:23,429 DEBUG FullProcessService - Repository https://github.com/Actinarium/Rhythm available: true
2018-04-01 19:00:23,429 INFO  FullProcessService - Could not download ZIP file from Github, lets clone it
2018-04-01 19:00:23,430 INFO  SysUtils - Execute command: [git, clone, -q, --single-branch, --depth, 1, https://github.com/Actinarium/Rhythm, /tmp/rdisk/2664/src]
2018-04-01 19:00:25,476 INFO  SysUtils - 
2018-04-01 19:00:25,481 INFO  GitService - Deleted "/tmp/rdisk/2664/src/.git": true
2018-04-01 19:00:25,490 INFO  FullProcessService - Size of directory with sources: 1 MB
2018-04-01 19:00:25,490 INFO  SysUtils - Execute command: [git, init, /tmp/rdisk/2664/src]
2018-04-01 19:00:25,498 INFO  SysUtils - Initialized empty Git repository in /tmp/rdisk/2664/src/.git/

2018-04-01 19:00:25,501 INFO  ProjectBuildService - Gradle wrapper(s): /tmp/rdisk/2664/src/gradlew
2018-04-01 19:00:25,505 INFO  ProjectBuildService - Build script(s): /tmp/rdisk/2664/src/rhythm-control/build.gradle /tmp/rdisk/2664/src/rhythm/build.gradle /tmp/rdisk/2664/src/sample/build.gradle /tmp/rdisk/2664/src/build.gradle
2018-04-01 19:00:25,508 INFO  ProjectBuildService - All script(s): /tmp/rdisk/2664/src/settings.gradle /tmp/rdisk/2664/src/sample/build.gradle /tmp/rdisk/2664/src/rhythm/build.gradle /tmp/rdisk/2664/src/rhythm-control/build.gradle /tmp/rdisk/2664/src/build.gradle
2018-04-01 19:00:25,509 INFO  ProjectBuildService - Remote scripts: none
2018-04-01 19:00:25,509 INFO  ProjectFixService - Fixing project...
2018-04-01 19:00:25,541 INFO  LocalPropertiesFixService - Created fake /tmp/rdisk/2664/src/rhythm-control/local.properties
2018-04-01 19:00:25,542 INFO  ProjectFixService - Build info for "/tmp/rdisk/2664/src/rhythm-control/build.gradle": [buildToolsVersion=23.0.3,compileSdkVersion=23,minSdkVersion=8,targetSdkVersion=23]
2018-04-01 19:00:25,542 INFO  LocalPropertiesFixService - Created fake /tmp/rdisk/2664/src/rhythm/local.properties
2018-04-01 19:00:25,542 INFO  ProjectFixService - Build info for "/tmp/rdisk/2664/src/rhythm/build.gradle": [buildToolsVersion=23.0.3,compileSdkVersion=23,minSdkVersion=8,targetSdkVersion=23]
2018-04-01 19:00:25,543 INFO  LocalPropertiesFixService - Created fake /tmp/rdisk/2664/src/sample/local.properties
2018-04-01 19:00:25,543 INFO  ProjectFixService - Build info for "/tmp/rdisk/2664/src/sample/build.gradle": [buildToolsVersion=23.0.3,compileSdkVersion=23,minSdkVersion=8,targetSdkVersion=23]
2018-04-01 19:00:25,543 INFO  LocalPropertiesFixService - Created fake /tmp/rdisk/2664/src/local.properties
2018-04-01 19:00:25,544 INFO  WrapperPropertiesFixService - Gradle wrapper: https://services.gradle.org/distributions/gradle-2.10-all.zip
2018-04-01 19:00:25,544 INFO  WrapperPropertiesFixService - Gradle wrapper was changed from "-all.zip" to "-bin.zip" (https://services.gradle.org/distributions/gradle-2.10-bin.zip)
2018-04-01 19:00:25,545 INFO  ProjectFixService - Build info for "/tmp/rdisk/2664/src/build.gradle": [buildToolsVersion=23.0.3,compileSdkVersion=23,minSdkVersion=8,targetSdkVersion=23]
2018-04-01 19:00:25,545 INFO  ProjectFixService - Project was maybe fixed
2018-04-01 19:00:25,546 INFO  ProjectTaskService - Detecting possible tasks...
2018-04-01 19:00:25,546 INFO  SysUtils - Execute command: [/tmp/rdisk/2664/src/gradlew, -b, /tmp/rdisk/2664/src/rhythm-control/build.gradle, -Dorg.gradle.daemon=false, -Dorg.gradle.daemon.performance.enable-monitoring=false, -Dorg.gradle.configureondemand=true, tasks]
2018-04-01 19:00:34,832 ERROR ProjectTaskService - Could not detect possible Gradle tasks: Process exited with an error: 1 (Exit value: 1)
2018-04-01 19:00:34,832 INFO  ProjectTaskService - Detected possible tasks: 0
2018-04-01 19:00:34,832 INFO  ProjectTaskService - Excluded tasks (0): none
2018-04-01 19:00:34,833 INFO  SysUtils - Execute command: [/tmp/rdisk/2664/src/gradlew, -b, /tmp/rdisk/2664/src/rhythm-control/build.gradle, -Dorg.gradle.daemon=false, -Dorg.gradle.daemon.performance.enable-monitoring=false, -Dorg.gradle.configureondemand=true, --stacktrace, build]
2018-04-01 19:00:47,356 ERROR SysUtils - Could not process external command
org.apache.commons.exec.ExecuteException: Process exited with an error: 1 (Exit value: 1)
	at org.apache.commons.exec.DefaultExecutor.executeInternal(DefaultExecutor.java:404)
	at org.apache.commons.exec.DefaultExecutor.execute(DefaultExecutor.java:166)
	at com.github.vbauer.apkmaster.util.SysUtils.execute(SysUtils.java:67)
	at com.github.vbauer.apkmaster.util.SysUtils.executeSimple(SysUtils.java:43)
	at com.github.vbauer.apkmaster.service.assembly.ProjectBuildService.buildProject(ProjectBuildService.java:78)
	at com.github.vbauer.apkmaster.service.assembly.ProjectBuildService.buildProject(ProjectBuildService.java:64)
	at com.github.vbauer.apkmaster.service.assembly.ProjectBuildService.buildProject(ProjectBuildService.java:43)
	at com.github.vbauer.apkmaster.service.FullProcessService.build(FullProcessService.java:84)
	at com.github.vbauer.apkmaster.service.FullProcessService.process(FullProcessService.java:34)
	at com.github.vbauer.apkmaster.app.MainApplication.process(MainApplication.java:38)
	at com.github.vbauer.apkmaster.app.MainApplication.main(MainApplication.java:20)
	at sun.reflect.GeneratedMethodAccessor9.invoke(Unknown Source)
	at sun.reflect.DelegatingMethodAccessorImpl.invoke(DelegatingMethodAccessorImpl.java:43)
	at java.lang.reflect.Method.invoke(Method.java:498)
	at com.android.arsenal.util.ReflectionUtils.invoke(ReflectionUtils.java:42)
	at com.android.arsenal.util.ApkMasterUtils.main(ApkMasterUtils.java:30)
	at com.android.arsenal.service.processor.impl.BuildProcessorServiceImpl.buildProject(BuildProcessorServiceImpl.java:197)
	at com.android.arsenal.service.processor.impl.BuildProcessorServiceImpl.build(BuildProcessorServiceImpl.java:131)
	at com.android.arsenal.service.processor.impl.BuildProcessorServiceImpl.lambda$null$1(BuildProcessorServiceImpl.java:114)
	at java.util.concurrent.FutureTask.run(FutureTask.java:266)
	at java.util.concurrent.Executors$RunnableAdapter.call(Executors.java:511)
	at java.util.concurrent.FutureTask.run(FutureTask.java:266)
	at java.util.concurrent.ThreadPoolExecutor.runWorker(ThreadPoolExecutor.java:1149)
	at java.util.concurrent.ThreadPoolExecutor$Worker.run(ThreadPoolExecutor.java:624)
	at java.lang.Thread.run(Thread.java:748)
2018-04-01 19:00:47,356 INFO  SysUtils - Configuration on demand is an incubating feature.
Incremental java compilation is an incubating feature.
:rhythm:preBuild UP-TO-DATE
:rhythm:preReleaseBuild UP-TO-DATE
:rhythm:compileReleaseNdk UP-TO-DATE
:rhythm:compileLint
:rhythm:copyReleaseLint UP-TO-DATE
:rhythm:checkReleaseManifest
:rhythm:prepareReleaseDependencies
:rhythm:compileReleaseAidl
:rhythm:compileReleaseRenderscript
:rhythm:generateReleaseBuildConfig
:rhythm:mergeReleaseShaders
:rhythm:compileReleaseShaders
:rhythm:generateReleaseAssets
:rhythm:mergeReleaseAssets
:rhythm:generateReleaseResValues
:rhythm:generateReleaseResources
:rhythm:packageReleaseResources
:rhythm:processReleaseManifest
:rhythm:processReleaseResources
:rhythm:generateReleaseSources
:rhythm:incrementalReleaseJavaCompilationSafeguard
:rhythm:compileReleaseJavaWithJavac
:rhythm:compileReleaseJavaWithJavac - is not incremental (e.g. outputs have changed, no previous execution, etc.).
:rhythm:extractReleaseAnnotations
:rhythm:mergeReleaseProguardFiles
:rhythm:packageReleaseRenderscript UP-TO-DATE
:rhythm:processReleaseJavaRes UP-TO-DATE
:rhythm:transformResourcesWithMergeJavaResForRelease
:rhythm:transformClassesAndResourcesWithSyncLibJarsForRelease
:rhythm:mergeReleaseJniLibFolders
:rhythm:transformNative_libsWithMergeJniLibsForRelease
:rhythm:transformNative_libsWithSyncJniLibsForRelease
:rhythm:bundleRelease
:rhythm-control:androidJavadocs/tmp/rdisk/2664/src/rhythm-control/src/main/java/com/actinarium/rhythm/control/RhythmNotificationService.java:28: error: package android.support.v4.app does not exist
import android.support.v4.app.NotificationCompat;
                             ^
/tmp/rdisk/2664/src/rhythm-control/src/main/java/com/actinarium/rhythm/control/RhythmNotificationService.java:29: error: cannot find symbol
import com.actinarium.rhythm.RhythmOverlay;
                            ^
  symbol:   class RhythmOverlay
  location: package com.actinarium.rhythm
/tmp/rdisk/2664/src/rhythm-control/src/main/java/com/actinarium/rhythm/control/RhythmNotificationService.java:145: error: package NotificationCompat does not exist
    private NotificationCompat.Builder makeCommonNotification(String text) {
                              ^
/tmp/rdisk/2664/src/rhythm-control/src/main/java/com/actinarium/rhythm/control/RhythmGroup.java:22: error: cannot find symbol
import com.actinarium.rhythm.RhythmDrawable;
                            ^
  symbol:   class RhythmDrawable
  location: package com.actinarium.rhythm
/tmp/rdisk/2664/src/rhythm-control/src/main/java/com/actinarium/rhythm/control/RhythmGroup.java:23: error: cannot find symbol
import com.actinarium.rhythm.RhythmOverlay;
                            ^
  symbol:   class RhythmOverlay
  location: package com.actinarium.rhythm
/tmp/rdisk/2664/src/rhythm-control/src/main/java/com/actinarium/rhythm/control/RhythmGroup.java:54: error: cannot find symbol
    private List<WeakReference<RhythmDrawable>> mDrawables;
                               ^
  symbol:   class RhythmDrawable
  location: class RhythmGroup
/tmp/rdisk/2664/src/rhythm-control/src/main/java/com/actinarium/rhythm/control/RhythmGroup.java:55: error: cannot find symbol
    private List<RhythmOverlay> mOverlays;
                 ^
  symbol:   class RhythmOverlay
  location: class RhythmGroup
/tmp/rdisk/2664/src/rhythm-control/src/main/java/com/actinarium/rhythm/control/RhythmGroup.java:95: error: cannot find symbol
    public RhythmGroup addOverlay(RhythmOverlay overlay) {
                                  ^
  symbol:   class RhythmOverlay
  location: class RhythmGroup
/tmp/rdisk/2664/src/rhythm-control/src/main/java/com/actinarium/rhythm/control/RhythmGroup.java:109: error: cannot find symbol
    public RhythmGroup addOverlays(Collection<RhythmOverlay> overlays) {
                                              ^
  symbol:   class RhythmOverlay
  location: class RhythmGroup
/tmp/rdisk/2664/src/rhythm-control/src/main/java/com/actinarium/rhythm/control/RhythmGroup.java:124: error: cannot find symbol
    public RhythmDrawable makeDrawable() {
           ^
  symbol:   class RhythmDrawable
  location: class RhythmGroup
/tmp/rdisk/2664/src/rhythm-control/src/main/java/com/actinarium/rhythm/control/RhythmGroup.java:185: error: cannot find symbol
    public RhythmOverlay getCurrentOverlay() {
           ^
  symbol:   class RhythmOverlay
  location: class RhythmGroup
/tmp/rdisk/2664/src/rhythm-control/src/main/java/com/actinarium/rhythm/control/RhythmGroup.java:241: error: cannot find symbol
    private void doSetOverlay(RhythmOverlay overlay) {
                              ^
  symbol:   class RhythmOverlay
  location: class RhythmGroup
/tmp/rdisk/2664/src/rhythm-control/src/main/java/com/actinarium/rhythm/control/RhythmFrameLayout.java:30: error: cannot find symbol
import com.actinarium.rhythm.RhythmDrawable;
                            ^
  symbol:   class RhythmDrawable
  location: package com.actinarium.rhythm
/tmp/rdisk/2664/src/rhythm-control/src/main/java/com/actinarium/rhythm/control/RhythmFrameLayout.java:31: error: cannot find symbol
import com.actinarium.rhythm.RhythmOverlay;
                            ^
  symbol:   class RhythmOverlay
  location: package com.actinarium.rhythm
/tmp/rdisk/2664/src/rhythm-control/src/main/java/com/actinarium/rhythm/control/RhythmFrameLayout.java:85: error: cannot find symbol
    protected RhythmDrawable mRhythmDrawable;
              ^
  symbol:   class RhythmDrawable
  location: class RhythmFrameLayout
/tmp/rdisk/2664/src/rhythm-control/src/main/java/com/actinarium/rhythm/control/RhythmFrameLayout.java:202: error: cannot find symbol
    public RhythmDrawable getRhythmDrawable() {
           ^
  symbol:   class RhythmDrawable
  location: class RhythmFrameLayout
/tmp/rdisk/2664/src/rhythm-control/src/main/java/com/actinarium/rhythm/control/RhythmFrameLayout.java:211: error: cannot find symbol
    public void setRhythmDrawable(@Nullable RhythmDrawable drawable) {
                                            ^
  symbol:   class RhythmDrawable
  location: class RhythmFrameLayout
/tmp/rdisk/2664/src/rhythm-control/src/main/java/com/actinarium/rhythm/control/RhythmFrameLayout.java:289: error: cannot find symbol
    private void doSetRhythmDrawable(@Nullable RhythmDrawable drawable) {
                                               ^
  symbol:   class RhythmDrawable
  location: class RhythmFrameLayout
/tmp/rdisk/2664/src/rhythm-control/src/main/java/com/actinarium/rhythm/control/RhythmFrameLayout.java:207: error: reference not found
     * Set a different {@link RhythmDrawable} to this view.
                              ^
/tmp/rdisk/2664/src/rhythm-control/src/main/java/com/actinarium/rhythm/control/RhythmFrameLayout.java:82: error: reference not found
     * Obtained from {@link RhythmGroup}, which then controls this drawable, telling it what {@link RhythmOverlay} to
                                                                                                    ^
/tmp/rdisk/2664/src/rhythm-control/src/main/java/com/actinarium/rhythm/control/RhythmFrameLayout.java:75: error: reference not found
     * Index of the group this view should get its {@link RhythmDrawable} from, or {@link #NO_GROUP}.
                                                          ^
/tmp/rdisk/2664/src/rhythm-control/src/main/java/com/actinarium/rhythm/control/RhythmGroup.java:118: error: reference not found
     * Make a new {@link RhythmDrawable} that will draw the group’s active {@link RhythmOverlay} and can be used as any
                         ^
/tmp/rdisk/2664/src/rhythm-control/src/main/java/com/actinarium/rhythm/control/RhythmGroup.java:118: error: reference not found
     * Make a new {@link RhythmDrawable} that will draw the group’s active {@link RhythmOverlay} and can be used as any
                                                                                  ^
/tmp/rdisk/2664/src/rhythm-control/src/main/java/com/actinarium/rhythm/control/RhythmGroup.java:122: error: reference not found
     * @return A new {@link RhythmDrawable} controlled by this group.
                            ^
/tmp/rdisk/2664/src/rhythm-control/src/main/java/com/actinarium/rhythm/control/RhythmGroup.java:131: error: reference not found
     * <p>A handy method that will decorate provided views with {@link RhythmDrawable}s controlled by this group.</p>
                                                                       ^
/tmp/rdisk/2664/src/rhythm-control/src/main/java/com/actinarium/rhythm/control/RhythmGroup.java:134: error: reference not found
     * RhythmDrawable#getDecorated() view.getBackground().getDecorated()}.</p>
       ^
/tmp/rdisk/2664/src/rhythm-control/src/main/java/com/actinarium/rhythm/control/RhythmGroup.java:151: error: reference not found
     * <code>decorate(View...)</code>, wraps and replaces existing foreground drawable with {@link RhythmDrawable}.
                                                                                                   ^
/tmp/rdisk/2664/src/rhythm-control/src/main/java/com/actinarium/rhythm/control/RhythmGroup.java:33: error: reference not found
 * <p>Controls a group of {@link RhythmDrawable}s, namely propagates the same {@link RhythmOverlay} for all registered
                                 ^
/tmp/rdisk/2664/src/rhythm-control/src/main/java/com/actinarium/rhythm/control/RhythmGroup.java:33: error: reference not found
 * <p>Controls a group of {@link RhythmDrawable}s, namely propagates the same {@link RhythmOverlay} for all registered
                                                                                     ^

11 errors
18 warnings
:rhythm-control:androidJavadocs FAILED

FAILURE: Build failed with an exception.

* What went wrong:
Execution failed for task ':rhythm-control:androidJavadocs'.
> Javadoc generation failed. Generated Javadoc options file (useful for troubleshooting): '/tmp/rdisk/2664/src/rhythm-control/build/tmp/androidJavadocs/javadoc.options'

* Try:
Run with --info or --debug option to get more log output.

* Exception is:
org.gradle.api.tasks.TaskExecutionException: Execution failed for task ':rhythm-control:androidJavadocs'.
	at org.gradle.api.internal.tasks.execution.ExecuteActionsTaskExecuter.executeActions(ExecuteActionsTaskExecuter.java:69)
	at org.gradle.api.internal.tasks.execution.ExecuteActionsTaskExecuter.execute(ExecuteActionsTaskExecuter.java:46)
	at org.gradle.api.internal.tasks.execution.PostExecutionAnalysisTaskExecuter.execute(PostExecutionAnalysisTaskExecuter.java:35)
	at org.gradle.api.internal.tasks.execution.SkipUpToDateTaskExecuter.execute(SkipUpToDateTaskExecuter.java:64)
	at org.gradle.api.internal.tasks.execution.ValidatingTaskExecuter.execute(ValidatingTaskExecuter.java:58)
	at org.gradle.api.internal.tasks.execution.SkipEmptySourceFilesTaskExecuter.execute(SkipEmptySourceFilesTaskExecuter.java:52)
	at org.gradle.api.internal.tasks.execution.SkipTaskWithNoActionsExecuter.execute(SkipTaskWithNoActionsExecuter.java:52)
	at org.gradle.api.internal.tasks.execution.SkipOnlyIfTaskExecuter.execute(SkipOnlyIfTaskExecuter.java:53)
	at org.gradle.api.internal.tasks.execution.ExecuteAtMostOnceTaskExecuter.execute(ExecuteAtMostOnceTaskExecuter.java:43)
	at org.gradle.execution.taskgraph.DefaultTaskGraphExecuter$EventFiringTaskWorker.execute(DefaultTaskGraphExecuter.java:203)
	at org.gradle.execution.taskgraph.DefaultTaskGraphExecuter$EventFiringTaskWorker.execute(DefaultTaskGraphExecuter.java:185)
	at org.gradle.execution.taskgraph.AbstractTaskPlanExecutor$TaskExecutorWorker.processTask(AbstractTaskPlanExecutor.java:66)
	at org.gradle.execution.taskgraph.AbstractTaskPlanExecutor$TaskExecutorWorker.run(AbstractTaskPlanExecutor.java:50)
	at org.gradle.execution.taskgraph.DefaultTaskPlanExecutor.process(DefaultTaskPlanExecutor.java:25)
	at org.gradle.execution.taskgraph.DefaultTaskGraphExecuter.execute(DefaultTaskGraphExecuter.java:110)
	at org.gradle.execution.SelectedTaskExecutionAction.execute(SelectedTaskExecutionAction.java:37)
	at org.gradle.execution.DefaultBuildExecuter.execute(DefaultBuildExecuter.java:37)
	at org.gradle.execution.DefaultBuildExecuter.access$000(DefaultBuildExecuter.java:23)
	at org.gradle.execution.DefaultBuildExecuter$1.proceed(DefaultBuildExecuter.java:43)
	at org.gradle.execution.DryRunBuildExecutionAction.execute(DryRunBuildExecutionAction.java:32)
	at org.gradle.execution.DefaultBuildExecuter.execute(DefaultBuildExecuter.java:37)
	at org.gradle.execution.DefaultBuildExecuter.execute(DefaultBuildExecuter.java:30)
	at org.gradle.initialization.DefaultGradleLauncher$4.run(DefaultGradleLauncher.java:154)
	at org.gradle.internal.Factories$1.create(Factories.java:22)
	at org.gradle.internal.progress.DefaultBuildOperationExecutor.run(DefaultBuildOperationExecutor.java:90)
	at org.gradle.internal.progress.DefaultBuildOperationExecutor.run(DefaultBuildOperationExecutor.java:52)
	at org.gradle.initialization.DefaultGradleLauncher.doBuildStages(DefaultGradleLauncher.java:151)
	at org.gradle.initialization.DefaultGradleLauncher.access$200(DefaultGradleLauncher.java:32)
	at org.gradle.initialization.DefaultGradleLauncher$1.create(DefaultGradleLauncher.java:99)
	at org.gradle.initialization.DefaultGradleLauncher$1.create(DefaultGradleLauncher.java:93)
	at org.gradle.internal.progress.DefaultBuildOperationExecutor.run(DefaultBuildOperationExecutor.java:90)
	at org.gradle.internal.progress.DefaultBuildOperationExecutor.run(DefaultBuildOperationExecutor.java:62)
	at org.gradle.initialization.DefaultGradleLauncher.doBuild(DefaultGradleLauncher.java:93)
	at org.gradle.initialization.DefaultGradleLauncher.run(DefaultGradleLauncher.java:82)
	at org.gradle.launcher.exec.InProcessBuildActionExecuter$DefaultBuildController.run(InProcessBuildActionExecuter.java:94)
	at org.gradle.tooling.internal.provider.ExecuteBuildActionRunner.run(ExecuteBuildActionRunner.java:28)
	at org.gradle.launcher.exec.ChainingBuildActionRunner.run(ChainingBuildActionRunner.java:35)
	at org.gradle.launcher.exec.InProcessBuildActionExecuter.execute(InProcessBuildActionExecuter.java:43)
	at org.gradle.launcher.exec.InProcessBuildActionExecuter.execute(InProcessBuildActionExecuter.java:28)
	at org.gradle.launcher.exec.ContinuousBuildActionExecuter.execute(ContinuousBuildActionExecuter.java:78)
	at org.gradle.launcher.exec.ContinuousBuildActionExecuter.execute(ContinuousBuildActionExecuter.java:48)
	at org.gradle.launcher.exec.DaemonUsageSuggestingBuildActionExecuter.execute(DaemonUsageSuggestingBuildActionExecuter.java:51)
	at org.gradle.launcher.exec.DaemonUsageSuggestingBuildActionExecuter.execute(DaemonUsageSuggestingBuildActionExecuter.java:28)
	at org.gradle.launcher.cli.RunBuildAction.run(RunBuildAction.java:43)
	at org.gradle.internal.Actions$RunnableActionAdapter.execute(Actions.java:170)
	at org.gradle.launcher.cli.CommandLineActionFactory$ParseAndBuildAction.execute(CommandLineActionFactory.java:237)
	at org.gradle.launcher.cli.CommandLineActionFactory$ParseAndBuildAction.execute(CommandLineActionFactory.java:210)
	at org.gradle.launcher.cli.JavaRuntimeValidationAction.execute(JavaRuntimeValidationAction.java:35)
	at org.gradle.launcher.cli.JavaRuntimeValidationAction.execute(JavaRuntimeValidationAction.java:24)
	at org.gradle.launcher.cli.CommandLineActionFactory$WithLogging.execute(CommandLineActionFactory.java:206)
	at org.gradle.launcher.cli.CommandLineActionFactory$WithLogging.execute(CommandLineActionFactory.java:169)
	at org.gradle.launcher.cli.ExceptionReportingAction.execute(ExceptionReportingAction.java:33)
	at org.gradle.launcher.cli.ExceptionReportingAction.execute(ExceptionReportingAction.java:22)
	at org.gradle.launcher.Main.doAction(Main.java:33)
	at org.gradle.launcher.bootstrap.EntryPoint.run(EntryPoint.java:45)
	at org.gradle.launcher.bootstrap.ProcessBootstrap.runNoExit(ProcessBootstrap.java:54)
	at org.gradle.launcher.bootstrap.ProcessBootstrap.run(ProcessBootstrap.java:35)
	at org.gradle.launcher.GradleMain.main(GradleMain.java:23)
	at org.gradle.wrapper.BootstrapMainStarter.start(BootstrapMainStarter.java:33)
	at org.gradle.wrapper.WrapperExecutor.execute(WrapperExecutor.java:130)
	at org.gradle.wrapper.GradleWrapperMain.main(GradleWrapperMain.java:48)
Caused by: org.gradle.api.GradleException: Javadoc generation failed. Generated Javadoc options file (useful for troubleshooting): '/tmp/rdisk/2664/src/rhythm-control/build/tmp/androidJavadocs/javadoc.options'
	at org.gradle.api.tasks.javadoc.internal.JavadocGenerator.execute(JavadocGenerator.java:57)
	at org.gradle.api.tasks.javadoc.internal.JavadocGenerator.execute(JavadocGenerator.java:31)
	at org.gradle.api.tasks.javadoc.Javadoc.executeExternalJavadoc(Javadoc.java:143)
	at org.gradle.api.tasks.javadoc.Javadoc.generate(Javadoc.java:131)
	at org.gradle.internal.reflect.JavaMethod.invoke(JavaMethod.java:75)
	at org.gradle.api.internal.project.taskfactory.AnnotationProcessingTaskFactory$StandardTaskAction.doExecute(AnnotationProcessingTaskFactory.java:227)
	at org.gradle.api.internal.project.taskfactory.AnnotationProcessingTaskFactory$StandardTaskAction.execute(AnnotationProcessingTaskFactory.java:220)
	at org.gradle.api.internal.project.taskfactory.AnnotationProcessingTaskFactory$StandardTaskAction.execute(AnnotationProcessingTaskFactory.java:209)
	at org.gradle.api.internal.AbstractTask$TaskActionWrapper.execute(AbstractTask.java:585)
	at org.gradle.api.internal.AbstractTask$TaskActionWrapper.execute(AbstractTask.java:568)
	at org.gradle.api.internal.tasks.execution.ExecuteActionsTaskExecuter.executeAction(ExecuteActionsTaskExecuter.java:80)
	at org.gradle.api.internal.tasks.execution.ExecuteActionsTaskExecuter.executeActions(ExecuteActionsTaskExecuter.java:61)
	... 60 more
Caused by: org.gradle.process.internal.ExecException: Process 'command '/usr/lib/jvm/java-8-oracle/bin/javadoc'' finished with non-zero exit value 1
	at org.gradle.process.internal.DefaultExecHandle$ExecResultImpl.assertNormalExitValue(DefaultExecHandle.java:367)
	at org.gradle.process.internal.DefaultExecAction.execute(DefaultExecAction.java:31)
	at org.gradle.api.tasks.javadoc.internal.JavadocGenerator.execute(JavadocGenerator.java:52)
	... 71 more


BUILD FAILED

Total time: 12.086 secs

2018-04-01 19:00:47,369 INFO  FullProcessService - Found APK file: /tmp/rdisk/2664/src/sample/sample-release.apk
